# TPCDS-Q77
# start query 77 in stream 0 using template query77.tpl using seed 2110227960
with ss as
 (select s_store_sk,
         sum(ss_ext_sales_price) as sales,
         sum(ss_net_profit) as profit
 from store_sales,
      date_dim,
      store
 where ss_sold_date_sk = d_date_sk
       and d_date between cast('2001-08-27' as date)
                  and (cast('2001-08-27' as date) +  interval 30 days)
       and ss_store_sk = s_store_sk
 group by s_store_sk)
 ,
 sr as
 (select s_store_sk,
         sum(sr_return_amt) as `returns`,
         sum(sr_net_loss) as profit_loss
 from store_returns,
      date_dim,
      store
 where sr_returned_date_sk = d_date_sk
       and d_date between cast('2001-08-27' as date)
                  and (cast('2001-08-27' as date) +  interval 30 days)
       and sr_store_sk = s_store_sk
 group by s_store_sk),
 cs as
 (select cs_call_center_sk,
        sum(cs_ext_sales_price) as sales,
        sum(cs_net_profit) as profit
 from catalog_sales,
      date_dim
 where cs_sold_date_sk = d_date_sk
       and d_date between cast('2001-08-27' as date)
                  and (cast('2001-08-27' as date) +  interval 30 days)
 group by cs_call_center_sk
 ),
 cr as
 (select cr_call_center_sk,
         sum(cr_return_amount) as `returns`,
         sum(cr_net_loss) as profit_loss
 from catalog_returns,
      date_dim
 where cr_returned_date_sk = d_date_sk
       and d_date between cast('2001-08-27' as date)
                  and (cast('2001-08-27' as date) +  interval 30 days)
 group by cr_call_center_sk
 ),
 ws as
 ( select wp_web_page_sk,
        sum(ws_ext_sales_price) as sales,
        sum(ws_net_profit) as profit
 from web_sales,
      date_dim,
      web_page
 where ws_sold_date_sk = d_date_sk
       and d_date between cast('2001-08-27' as date)
                  and (cast('2001-08-27' as date) +  interval 30 days)
       and ws_web_page_sk = wp_web_page_sk
 group by wp_web_page_sk),
 wr as
 (select wp_web_page_sk,
        sum(wr_return_amt) as `returns`,
        sum(wr_net_loss) as profit_loss
 from web_returns,
      date_dim,
      web_page
 where wr_returned_date_sk = d_date_sk
       and d_date between cast('2001-08-27' as date)
                  and (cast('2001-08-27' as date) +  interval 30 days)
       and wr_web_page_sk = wp_web_page_sk
 group by wp_web_page_sk)
  select  channel
        , id
        , sum(sales) as sales
        , sum(`returns`) as `returns`
        , sum(profit) as profit
 from
 (select 'store channel' as channel
        , ss.s_store_sk as id
        , sales
        , coalesce(`returns`, 0) as `returns`
        , (profit - coalesce(profit_loss,0)) as profit
 from   ss left join sr
        on  ss.s_store_sk = sr.s_store_sk
 union all
 select 'catalog channel' as channel
        , cs_call_center_sk as id
        , sales
        , `returns`
        , (profit - profit_loss) as profit
 from  cs
       , cr
 union all
 select 'web channel' as channel
        , ws.wp_web_page_sk as id
        , sales
        , coalesce(`returns`, 0) `returns`
        , (profit - coalesce(profit_loss,0)) as profit
 from   ws left join wr
        on  ws.wp_web_page_sk = wr.wp_web_page_sk
 ) x
 group by rollup (channel, id)
 order by channel
         ,id
 limit 100;

# end query 77 in stream 0 using template query77.tpl
---- PLAN
Max Per-Host Resource Reservation: Memory=36.88MB Threads=1
Per-Host Resource Estimates: Memory=144MB
F00:PLAN FRAGMENT [UNPARTITIONED] hosts=1 instances=1
|  Per-Instance Resources: mem-estimate=143.75MB mem-reservation=36.88MB thread-reservation=1 runtime-filters-memory=10.00MB
|  max-parallelism=1 segment-costs=[43426132786, 4433898058, 17439566470, 1838022174, 10742198581, 1171060733, 226528, 43362, 200, 500]
PLAN-ROOT SINK
|  output exprs: CASE valid_tid(32,30,31) WHEN 30 THEN channel WHEN 31 THEN channel WHEN 32 THEN NULL END, CASE valid_tid(32,30,31) WHEN 30 THEN id WHEN 31 THEN NULL WHEN 32 THEN NULL END, aggif(valid_tid(32,30,31) IN (30, 31, 32), CASE valid_tid(32,30,31) WHEN 30 THEN sum(sales) WHEN 31 THEN sum(sales) WHEN 32 THEN sum(sales) END), aggif(valid_tid(32,30,31) IN (30, 31, 32), CASE valid_tid(32,30,31) WHEN 30 THEN sum(`returns`) WHEN 31 THEN sum(`returns`) WHEN 32 THEN sum(`returns`) END), aggif(valid_tid(32,30,31) IN (30, 31, 32), CASE valid_tid(32,30,31) WHEN 30 THEN sum(profit) WHEN 31 THEN sum(profit) WHEN 32 THEN sum(profit) END)
|  mem-estimate=4.00MB mem-reservation=4.00MB spill-buffer=2.00MB thread-reservation=0 cost=500
|
38:TOP-N [LIMIT=100]
|  order by: CASE valid_tid(32,30,31) WHEN 30 THEN channel WHEN 31 THEN channel WHEN 32 THEN NULL END ASC, CASE valid_tid(32,30,31) WHEN 30 THEN id WHEN 31 THEN NULL WHEN 32 THEN NULL END ASC
|  mem-estimate=6.25KB mem-reservation=0B thread-reservation=0
|  tuple-ids=34 row-size=64B cardinality=100 cost=200
|  in pipelines: 38(GETNEXT), 37(OPEN)
|
37:AGGREGATE [FINALIZE]
|  output: aggif(valid_tid(32,30,31) IN (CAST(30 AS INT), CAST(31 AS INT), CAST(32 AS INT)), CASE valid_tid(32,30,31) WHEN CAST(30 AS INT) THEN sum(sales) WHEN CAST(31 AS INT) THEN sum(sales) WHEN CAST(32 AS INT) THEN sum(sales) END), aggif(valid_tid(32,30,31) IN (CAST(30 AS INT), CAST(31 AS INT), CAST(32 AS INT)), CASE valid_tid(32,30,31) WHEN CAST(30 AS INT) THEN sum(`returns`) WHEN CAST(31 AS INT) THEN sum(`returns`) WHEN CAST(32 AS INT) THEN sum(`returns`) END), aggif(valid_tid(32,30,31) IN (CAST(30 AS INT), CAST(31 AS INT), CAST(32 AS INT)), CASE valid_tid(32,30,31) WHEN CAST(30 AS INT) THEN sum(profit) WHEN CAST(31 AS INT) THEN sum(profit) WHEN CAST(32 AS INT) THEN sum(profit) END)
|  group by: CASE valid_tid(32,30,31) WHEN CAST(30 AS INT) THEN channel WHEN CAST(31 AS INT) THEN channel WHEN CAST(32 AS INT) THEN NULL END, CASE valid_tid(32,30,31) WHEN CAST(30 AS INT) THEN id WHEN CAST(31 AS INT) THEN NULL WHEN CAST(32 AS INT) THEN NULL END, CASE valid_tid(32,30,31) WHEN CAST(30 AS INT) THEN CAST(30 AS INT) WHEN CAST(31 AS INT) THEN CAST(31 AS INT) WHEN CAST(32 AS INT) THEN CAST(32 AS INT) END
|  mem-estimate=10.00MB mem-reservation=1.94MB spill-buffer=64.00KB thread-reservation=0
|  tuple-ids=33 row-size=68B cardinality=7.23K cost=43362
|  in pipelines: 37(GETNEXT), 36(OPEN)
|
36:AGGREGATE [FINALIZE]
|  Class 0
|    output: sum(sales), sum(returns), sum(profit)
|    group by: channel, id
|  Class 1
|    output: sum(sales), sum(returns), sum(profit)
|    group by: channel, NULL
|  Class 2
|    output: sum(sales), sum(returns), sum(profit)
|    group by: NULL, NULL
|  mem-estimate=30.00MB mem-reservation=6.75MB thread-reservation=0
|  tuple-ids=30N,31N,32N row-size=192B cardinality=7.23K cost=108345
|  in pipelines: 36(GETNEXT), 06(OPEN), 17(OPEN), 28(OPEN)
|
00:UNION
|  mem-estimate=0B mem-reservation=0B thread-reservation=0
|  tuple-ids=28 row-size=64B cardinality=7.22K cost=108345
|  in pipelines: 06(GETNEXT), 17(GETNEXT), 28(GETNEXT)
|
|--35:HASH JOIN [LEFT OUTER JOIN]
|  |  hash predicates: wp_web_page_sk = wp_web_page_sk
|  |  fk/pk conjuncts: wp_web_page_sk = wp_web_page_sk
|  |  mem-estimate=1.94MB mem-reservation=1.94MB spill-buffer=64.00KB thread-reservation=0
|  |  tuple-ids=21,26N row-size=72B cardinality=3.60K cost=7200
|  |  in pipelines: 28(GETNEXT), 34(OPEN)
|  |
|  |--34:AGGREGATE [FINALIZE]
|  |  |  output: sum(wr_return_amt), sum(wr_net_loss)
|  |  |  group by: wp_web_page_sk
|  |  |  mem-estimate=10.00MB mem-reservation=1.94MB spill-buffer=64.00KB thread-reservation=0
|  |  |  tuple-ids=26 row-size=36B cardinality=3.60K cost=637036864
|  |  |  in pipelines: 34(GETNEXT), 29(OPEN)
|  |  |
|  |  33:HASH JOIN [INNER JOIN]
|  |  |  hash predicates: wr_returned_date_sk = d_date_sk
|  |  |  fk/pk conjuncts: wr_returned_date_sk = d_date_sk
|  |  |  runtime filters: RF016[bloom] <- d_date_sk
|  |  |  mem-estimate=1.94MB mem-reservation=1.94MB spill-buffer=64.00KB thread-reservation=0
|  |  |  tuple-ids=23,25,24 row-size=28B cardinality=212.35M cost=212352921
|  |  |  in pipelines: 29(GETNEXT), 30(OPEN)
|  |  |
|  |  |--30:SCAN HDFS [tpcds_partitioned_parquet_snap.date_dim]
|  |  |     HDFS partitions=1/1 files=1 size=2.17MB
|  |  |     predicates: d_date <= DATE '2001-09-26', d_date >= DATE '2001-08-27'
|  |  |     stored statistics:
|  |  |       table: rows=73.05K size=2.17MB
|  |  |       columns: all
|  |  |     extrapolated-rows=disabled max-scan-range-rows=73.05K
|  |  |     parquet statistics predicates: d_date <= DATE '2001-09-26', d_date >= DATE '2001-08-27'
|  |  |     parquet dictionary predicates: d_date <= DATE '2001-09-26', d_date >= DATE '2001-08-27'
|  |  |     mem-estimate=16.00MB mem-reservation=1.00MB thread-reservation=0
|  |  |     tuple-ids=24 row-size=8B cardinality=7.30K cost=196669
|  |  |     in pipelines: 30(GETNEXT)
|  |  |
|  |  32:HASH JOIN [INNER JOIN]
|  |  |  hash predicates: wr_web_page_sk = wp_web_page_sk
|  |  |  fk/pk conjuncts: wr_web_page_sk = wp_web_page_sk
|  |  |  runtime filters: RF018[bloom] <- wp_web_page_sk, RF019[min_max] <- wp_web_page_sk
|  |  |  mem-estimate=1.94MB mem-reservation=1.94MB spill-buffer=64.00KB thread-reservation=0
|  |  |  tuple-ids=23,25 row-size=20B cardinality=212.35M cost=212349216
|  |  |  in pipelines: 29(GETNEXT), 31(OPEN)
|  |  |
|  |  |--31:SCAN HDFS [tpcds_partitioned_parquet_snap.web_page]
|  |  |     HDFS partitions=1/1 files=1 size=5.45KB
|  |  |     stored statistics:
|  |  |       table: rows=3.60K size=72.76KB
|  |  |       columns: all
|  |  |     extrapolated-rows=disabled max-scan-range-rows=3.60K
|  |  |     mem-estimate=16.00MB mem-reservation=8.00KB thread-reservation=0
|  |  |     tuple-ids=25 row-size=4B cardinality=3.60K cost=50015
|  |  |     in pipelines: 31(GETNEXT)
|  |  |
|  |  29:SCAN HDFS [tpcds_partitioned_parquet_snap.web_returns]
|  |     HDFS partitions=2114/2114 files=2114 size=20.70MB
|  |     runtime filters: RF019[min_max] -> wr_web_page_sk, RF018[bloom] -> wr_web_page_sk, RF016[bloom] -> wr_returned_date_sk
|  |     stored statistics:
|  |       table: rows=216.00M size=16.74GB
|  |       partitions: 2114/2114 rows=216.00M
|  |       columns: all
|  |     extrapolated-rows=disabled max-scan-range-rows=9.41M
|  |     mem-estimate=16.00MB mem-reservation=256.00KB thread-reservation=0
|  |     tuple-ids=23 row-size=16B cardinality=212.35M(filtered from 216.00M) cost=109075048
|  |     in pipelines: 29(GETNEXT)
|  |
|  28:AGGREGATE [FINALIZE]
|  |  output: sum(ws_ext_sales_price), sum(ws_net_profit)
|  |  group by: wp_web_page_sk
|  |  mem-estimate=10.00MB mem-reservation=1.94MB spill-buffer=64.00KB thread-reservation=0
|  |  tuple-ids=21 row-size=36B cardinality=3.60K cost=6370194944
|  |  in pipelines: 28(GETNEXT), 23(OPEN)
|  |
|  27:HASH JOIN [INNER JOIN]
|  |  hash predicates: ws_sold_date_sk = d_date_sk
|  |  fk/pk conjuncts: ws_sold_date_sk = d_date_sk
|  |  runtime filters: RF012[bloom] <- d_date_sk
|  |  mem-estimate=1.94MB mem-reservation=1.94MB spill-buffer=64.00KB thread-reservation=0
|  |  tuple-ids=18,20,19 row-size=28B cardinality=2.12G cost=2123405577
|  |  in pipelines: 23(GETNEXT), 24(OPEN)
|  |
|  |--24:SCAN HDFS [tpcds_partitioned_parquet_snap.date_dim]
|  |     HDFS partitions=1/1 files=1 size=2.17MB
|  |     predicates: d_date <= DATE '2001-09-26', d_date >= DATE '2001-08-27'
|  |     stored statistics:
|  |       table: rows=73.05K size=2.17MB
|  |       columns: all
|  |     extrapolated-rows=disabled max-scan-range-rows=73.05K
|  |     parquet statistics predicates: d_date <= DATE '2001-09-26', d_date >= DATE '2001-08-27'
|  |     parquet dictionary predicates: d_date <= DATE '2001-09-26', d_date >= DATE '2001-08-27'
|  |     mem-estimate=16.00MB mem-reservation=1.00MB thread-reservation=0
|  |     tuple-ids=19 row-size=8B cardinality=7.30K cost=196669
|  |     in pipelines: 24(GETNEXT)
|  |
|  26:HASH JOIN [INNER JOIN]
|  |  hash predicates: ws_web_page_sk = wp_web_page_sk
|  |  fk/pk conjuncts: ws_web_page_sk = wp_web_page_sk
|  |  runtime filters: RF014[bloom] <- wp_web_page_sk, RF015[min_max] <- wp_web_page_sk
|  |  mem-estimate=1.94MB mem-reservation=1.94MB spill-buffer=64.00KB thread-reservation=0
|  |  tuple-ids=18,20 row-size=20B cardinality=2.12G cost=2123401872
|  |  in pipelines: 23(GETNEXT), 25(OPEN)
|  |
|  |--25:SCAN HDFS [tpcds_partitioned_parquet_snap.web_page]
|  |     HDFS partitions=1/1 files=1 size=5.45KB
|  |     stored statistics:
|  |       table: rows=3.60K size=72.76KB
|  |       columns: all
|  |     extrapolated-rows=disabled max-scan-range-rows=3.60K
|  |     mem-estimate=16.00MB mem-reservation=8.00KB thread-reservation=0
|  |     tuple-ids=20 row-size=4B cardinality=3.60K cost=50015
|  |     in pipelines: 25(GETNEXT)
|  |
|  23:SCAN HDFS [tpcds_partitioned_parquet_snap.web_sales]
|     HDFS partitions=1824/1824 files=1824 size=84.18MB
|     runtime filters: RF015[min_max] -> ws_web_page_sk, RF014[bloom] -> ws_web_page_sk, RF012[bloom] -> ws_sold_date_sk
|     stored statistics:
|       table: rows=2.16G size=145.75GB
|       partitions: 1824/1824 rows=2.16G
|       columns: all
|     extrapolated-rows=disabled max-scan-range-rows=3.37M
|     mem-estimate=16.00MB mem-reservation=128.00KB thread-reservation=0
|     tuple-ids=18 row-size=16B cardinality=2.12G(filtered from 2.16G) cost=124949504
|     in pipelines: 23(GETNEXT)
|
|--22:NESTED LOOP JOIN [CROSS JOIN]
|  |  mem-estimate=1.69KB mem-reservation=0B thread-reservation=0
|  |  tuple-ids=12,16 row-size=72B cardinality=2.30K cost=0
|  |  in pipelines: 17(GETNEXT), 21(OPEN)
|  |
|  |--21:AGGREGATE [FINALIZE]
|  |  |  output: sum(cr_return_amount), sum(cr_net_loss)
|  |  |  group by: cr_call_center_sk
|  |  |  mem-estimate=10.00MB mem-reservation=1.94MB spill-buffer=64.00KB thread-reservation=0
|  |  |  tuple-ids=16 row-size=36B cardinality=48 cost=1296050944
|  |  |  in pipelines: 21(GETNEXT), 18(OPEN)
|  |  |
|  |  20:HASH JOIN [INNER JOIN]
|  |  |  hash predicates: cr_returned_date_sk = d_date_sk
|  |  |  fk/pk conjuncts: cr_returned_date_sk = d_date_sk
|  |  |  runtime filters: RF010[bloom] <- d_date_sk
|  |  |  mem-estimate=1.94MB mem-reservation=1.94MB spill-buffer=64.00KB thread-reservation=0
|  |  |  tuple-ids=14,15 row-size=24B cardinality=432.02M cost=432024297
|  |  |  in pipelines: 18(GETNEXT), 19(OPEN)
|  |  |
|  |  |--19:SCAN HDFS [tpcds_partitioned_parquet_snap.date_dim]
|  |  |     HDFS partitions=1/1 files=1 size=2.17MB
|  |  |     predicates: d_date <= DATE '2001-09-26', d_date >= DATE '2001-08-27'
|  |  |     stored statistics:
|  |  |       table: rows=73.05K size=2.17MB
|  |  |       columns: all
|  |  |     extrapolated-rows=disabled max-scan-range-rows=73.05K
|  |  |     parquet statistics predicates: d_date <= DATE '2001-09-26', d_date >= DATE '2001-08-27'
|  |  |     parquet dictionary predicates: d_date <= DATE '2001-09-26', d_date >= DATE '2001-08-27'
|  |  |     mem-estimate=16.00MB mem-reservation=1.00MB thread-reservation=0
|  |  |     tuple-ids=15 row-size=8B cardinality=7.30K cost=196669
|  |  |     in pipelines: 19(GETNEXT)
|  |  |
|  |  18:SCAN HDFS [tpcds_partitioned_parquet_snap.catalog_returns]
|  |     HDFS partitions=2060/2060 files=2060 size=30.47MB
|  |     runtime filters: RF010[bloom] -> cr_returned_date_sk
|  |     stored statistics:
|  |       table: rows=432.02M size=32.77GB
|  |       partitions: 2060/2060 rows=432.02M
|  |       columns: all
|  |     extrapolated-rows=disabled max-scan-range-rows=416.82K
|  |     mem-estimate=16.00MB mem-reservation=32.00KB thread-reservation=0
|  |     tuple-ids=14 row-size=16B cardinality=432.02M cost=109750264
|  |     in pipelines: 18(GETNEXT)
|  |
|  17:AGGREGATE [FINALIZE]
|  |  output: sum(cs_ext_sales_price), sum(cs_net_profit)
|  |  group by: cs_call_center_sk
|  |  mem-estimate=10.00MB mem-reservation=1.94MB spill-buffer=64.00KB thread-reservation=0
|  |  tuple-ids=12 row-size=36B cardinality=48 cost=12960233472
|  |  in pipelines: 17(GETNEXT), 14(OPEN)
|  |
|  16:HASH JOIN [INNER JOIN]
|  |  hash predicates: cs_sold_date_sk = d_date_sk
|  |  fk/pk conjuncts: cs_sold_date_sk = d_date_sk
|  |  runtime filters: RF008[bloom] <- d_date_sk
|  |  mem-estimate=1.94MB mem-reservation=1.94MB spill-buffer=64.00KB thread-reservation=0
|  |  tuple-ids=10,11 row-size=24B cardinality=4.32G cost=4320085129
|  |  in pipelines: 14(GETNEXT), 15(OPEN)
|  |
|  |--15:SCAN HDFS [tpcds_partitioned_parquet_snap.date_dim]
|  |     HDFS partitions=1/1 files=1 size=2.17MB
|  |     predicates: d_date <= DATE '2001-09-26', d_date >= DATE '2001-08-27'
|  |     stored statistics:
|  |       table: rows=73.05K size=2.17MB
|  |       columns: all
|  |     extrapolated-rows=disabled max-scan-range-rows=73.05K
|  |     parquet statistics predicates: d_date <= DATE '2001-09-26', d_date >= DATE '2001-08-27'
|  |     parquet dictionary predicates: d_date <= DATE '2001-09-26', d_date >= DATE '2001-08-27'
|  |     mem-estimate=16.00MB mem-reservation=1.00MB thread-reservation=0
|  |     tuple-ids=11 row-size=8B cardinality=7.30K cost=196669
|  |     in pipelines: 15(GETNEXT)
|  |
|  14:SCAN HDFS [tpcds_partitioned_parquet_snap.catalog_sales]
|     HDFS partitions=1831/1831 files=1831 size=150.82MB
|     runtime filters: RF008[bloom] -> cs_sold_date_sk
|     stored statistics:
|       table: rows=4.32G size=280.96GB
|       partitions: 1831/1831 rows=4.32G
|       columns: all
|     extrapolated-rows=disabled max-scan-range-rows=21.52M
|     mem-estimate=16.00MB mem-reservation=1.00MB thread-reservation=0
|     tuple-ids=10 row-size=16B cardinality=4.32G cost=159051200
|     in pipelines: 14(GETNEXT)
|
13:HASH JOIN [LEFT OUTER JOIN]
|  hash predicates: s_store_sk = s_store_sk
|  fk/pk conjuncts: s_store_sk = s_store_sk
|  mem-estimate=1.94MB mem-reservation=1.94MB spill-buffer=64.00KB thread-reservation=0
|  tuple-ids=3,8N row-size=72B cardinality=1.32K cost=2638
|  in pipelines: 06(GETNEXT), 12(OPEN)
|
|--12:AGGREGATE [FINALIZE]
|  |  output: sum(sr_return_amt), sum(sr_net_loss)
|  |  group by: s_store_sk
|  |  mem-estimate=10.00MB mem-reservation=1.94MB spill-buffer=64.00KB thread-reservation=0
|  |  tuple-ids=8 row-size=36B cardinality=1.32K cost=2591965696
|  |  in pipelines: 12(GETNEXT), 07(OPEN)
|  |
|  11:HASH JOIN [INNER JOIN]
|  |  hash predicates: sr_store_sk = s_store_sk
|  |  fk/pk conjuncts: sr_store_sk = s_store_sk
|  |  runtime filters: RF004[bloom] <- s_store_sk, RF005[min_max] <- s_store_sk
|  |  mem-estimate=1.94MB mem-reservation=1.94MB spill-buffer=64.00KB thread-reservation=0
|  |  tuple-ids=5,6,7 row-size=28B cardinality=863.99M cost=863989958
|  |  in pipelines: 07(GETNEXT), 09(OPEN)
|  |
|  |--09:SCAN HDFS [tpcds_partitioned_parquet_snap.store]
|  |     HDFS partitions=1/1 files=1 size=9.81KB
|  |     stored statistics:
|  |       table: rows=1.35K size=119.76KB
|  |       columns: all
|  |     extrapolated-rows=disabled max-scan-range-rows=1.35K
|  |     mem-estimate=16.00MB mem-reservation=16.00KB thread-reservation=0
|  |     tuple-ids=7 row-size=4B cardinality=1.35K cost=50006
|  |     in pipelines: 09(GETNEXT)
|  |
|  10:HASH JOIN [INNER JOIN]
|  |  hash predicates: sr_returned_date_sk = d_date_sk
|  |  fk/pk conjuncts: sr_returned_date_sk = d_date_sk
|  |  runtime filters: RF006[bloom] <- d_date_sk
|  |  mem-estimate=1.94MB mem-reservation=1.94MB spill-buffer=64.00KB thread-reservation=0
|  |  tuple-ids=5,6 row-size=24B cardinality=863.99M cost=863995913
|  |  in pipelines: 07(GETNEXT), 08(OPEN)
|  |
|  |--08:SCAN HDFS [tpcds_partitioned_parquet_snap.date_dim]
|  |     HDFS partitions=1/1 files=1 size=2.17MB
|  |     predicates: d_date <= DATE '2001-09-26', d_date >= DATE '2001-08-27'
|  |     stored statistics:
|  |       table: rows=73.05K size=2.17MB
|  |       columns: all
|  |     extrapolated-rows=disabled max-scan-range-rows=73.05K
|  |     parquet statistics predicates: d_date <= DATE '2001-09-26', d_date >= DATE '2001-08-27'
|  |     parquet dictionary predicates: d_date <= DATE '2001-09-26', d_date >= DATE '2001-08-27'
|  |     mem-estimate=16.00MB mem-reservation=1.00MB thread-reservation=0
|  |     tuple-ids=6 row-size=8B cardinality=7.30K cost=196669
|  |     in pipelines: 08(GETNEXT)
|  |
|  07:SCAN HDFS [tpcds_partitioned_parquet_snap.store_returns]
|     HDFS partitions=2004/2004 files=2004 size=33.63MB
|     runtime filters: RF005[min_max] -> sr_store_sk, RF004[bloom] -> sr_store_sk, RF006[bloom] -> sr_returned_date_sk
|     stored statistics:
|       table: rows=863.99M size=48.14GB
|       partitions: 2004/2004 rows=863.99M
|       columns: all
|     extrapolated-rows=disabled max-scan-range-rows=30.09M
|     mem-estimate=16.00MB mem-reservation=512.00KB thread-reservation=0
|     tuple-ids=5 row-size=16B cardinality=863.99M cost=113699816
|     in pipelines: 07(GETNEXT)
|
06:AGGREGATE [FINALIZE]
|  output: sum(ss_ext_sales_price), sum(ss_net_profit)
|  group by: s_store_sk
|  mem-estimate=10.00MB mem-reservation=1.94MB spill-buffer=64.00KB thread-reservation=0
|  tuple-ids=3 row-size=36B cardinality=1.32K cost=25919807488
|  in pipelines: 06(GETNEXT), 01(OPEN)
|
05:HASH JOIN [INNER JOIN]
|  hash predicates: ss_store_sk = s_store_sk
|  fk/pk conjuncts: ss_store_sk = s_store_sk
|  runtime filters: RF000[bloom] <- s_store_sk, RF001[min_max] <- s_store_sk
|  mem-estimate=1.94MB mem-reservation=1.94MB spill-buffer=64.00KB thread-reservation=0
|  tuple-ids=0,1,2 row-size=28B cardinality=8.64G cost=8639936838
|  in pipelines: 01(GETNEXT), 03(OPEN)
|
|--03:SCAN HDFS [tpcds_partitioned_parquet_snap.store]
|     HDFS partitions=1/1 files=1 size=9.81KB
|     stored statistics:
|       table: rows=1.35K size=119.76KB
|       columns: all
|     extrapolated-rows=disabled max-scan-range-rows=1.35K
|     mem-estimate=16.00MB mem-reservation=16.00KB thread-reservation=0
|     tuple-ids=2 row-size=4B cardinality=1.35K cost=50006
|     in pipelines: 03(GETNEXT)
|
04:HASH JOIN [INNER JOIN]
|  hash predicates: ss_sold_date_sk = d_date_sk
|  fk/pk conjuncts: ss_sold_date_sk = d_date_sk
|  runtime filters: RF002[bloom] <- d_date_sk
|  mem-estimate=1.94MB mem-reservation=1.94MB spill-buffer=64.00KB thread-reservation=0
|  tuple-ids=0,1 row-size=24B cardinality=8.64G cost=8639942793
|  in pipelines: 01(GETNEXT), 02(OPEN)
|
|--02:SCAN HDFS [tpcds_partitioned_parquet_snap.date_dim]
|     HDFS partitions=1/1 files=1 size=2.17MB
|     predicates: d_date <= DATE '2001-09-26', d_date >= DATE '2001-08-27'
|     stored statistics:
|       table: rows=73.05K size=2.17MB
|       columns: all
|     extrapolated-rows=disabled max-scan-range-rows=73.05K
|     parquet statistics predicates: d_date <= DATE '2001-09-26', d_date >= DATE '2001-08-27'
|     parquet dictionary predicates: d_date <= DATE '2001-09-26', d_date >= DATE '2001-08-27'
|     mem-estimate=16.00MB mem-reservation=1.00MB thread-reservation=0
|     tuple-ids=1 row-size=8B cardinality=7.30K cost=196669
|     in pipelines: 02(GETNEXT)
|
01:SCAN HDFS [tpcds_partitioned_parquet_snap.store_sales]
   HDFS partitions=1824/1824 files=1824 size=199.33MB
   runtime filters: RF001[min_max] -> ss_store_sk, RF000[bloom] -> ss_store_sk, RF002[bloom] -> ss_sold_date_sk
   stored statistics:
     table: rows=8.64G size=389.90GB
     partitions: 1824/1824 rows=8.64G
     columns: all
   extrapolated-rows=disabled max-scan-range-rows=390.22M
   mem-estimate=16.00MB mem-reservation=8.00MB thread-reservation=0
   tuple-ids=0 row-size=16B cardinality=8.64G cost=226198992
   in pipelines: 01(GETNEXT)
---- DISTRIBUTEDPLAN
Max Per-Host Resource Reservation: Memory=723.36MB Threads=132
Per-Host Resource Estimates: Memory=4.38GB
F24:PLAN FRAGMENT [UNPARTITIONED] hosts=1 instances=1
|  Per-Instance Resources: mem-estimate=4.07MB mem-reservation=4.00MB thread-reservation=1
|  max-parallelism=1 segment-costs=[507] cpu-comparison-result=720 [max(1 (self) vs 720 (sum children))]
PLAN-ROOT SINK
|  output exprs: CASE valid_tid(32,30,31) WHEN 30 THEN channel WHEN 31 THEN channel WHEN 32 THEN NULL END, CASE valid_tid(32,30,31) WHEN 30 THEN id WHEN 31 THEN NULL WHEN 32 THEN NULL END, aggif(valid_tid(32,30,31) IN (30, 31, 32), CASE valid_tid(32,30,31) WHEN 30 THEN sum(sales) WHEN 31 THEN sum(sales) WHEN 32 THEN sum(sales) END), aggif(valid_tid(32,30,31) IN (30, 31, 32), CASE valid_tid(32,30,31) WHEN 30 THEN sum(`returns`) WHEN 31 THEN sum(`returns`) WHEN 32 THEN sum(`returns`) END), aggif(valid_tid(32,30,31) IN (30, 31, 32), CASE valid_tid(32,30,31) WHEN 30 THEN sum(profit) WHEN 31 THEN sum(profit) WHEN 32 THEN sum(profit) END)
|  mem-estimate=4.00MB mem-reservation=4.00MB spill-buffer=2.00MB thread-reservation=0 cost=500
|
64:MERGING-EXCHANGE [UNPARTITIONED]
|  order by: CASE valid_tid(32,30,31) WHEN 30 THEN channel WHEN 31 THEN channel WHEN 32 THEN NULL END ASC, CASE valid_tid(32,30,31) WHEN 30 THEN id WHEN 31 THEN NULL WHEN 32 THEN NULL END ASC
|  limit: 100
|  mem-estimate=67.03KB mem-reservation=0B thread-reservation=0
|  tuple-ids=34 row-size=64B cardinality=100 cost=7
|  in pipelines: 38(GETNEXT)
|
F23:PLAN FRAGMENT [HASH(CASE valid_tid(32,30,31) WHEN 30 THEN murmur_hash(channel) WHEN 31 THEN murmur_hash(channel) WHEN 32 THEN murmur_hash(NULL) END,CASE valid_tid(32,30,31) WHEN 30 THEN murmur_hash(id) WHEN 31 THEN murmur_hash(NULL) WHEN 32 THEN murmur_hash(NULL) END)] hosts=10 instances=10 (adjusted from 120)
Per-Instance Resources: mem-estimate=54.04MB mem-reservation=7.75MB thread-reservation=1
max-parallelism=10 segment-costs=[37575, 43362, 200, 7] cpu-comparison-result=720 [max(10 (self) vs 720 (sum children))]
38:TOP-N [LIMIT=100]
|  order by: CASE valid_tid(32,30,31) WHEN 30 THEN channel WHEN 31 THEN channel WHEN 32 THEN NULL END ASC, CASE valid_tid(32,30,31) WHEN 30 THEN id WHEN 31 THEN NULL WHEN 32 THEN NULL END ASC
|  mem-estimate=6.25KB mem-reservation=0B thread-reservation=0
|  tuple-ids=34 row-size=64B cardinality=100 cost=200
|  in pipelines: 38(GETNEXT), 37(OPEN)
|
37:AGGREGATE [FINALIZE]
|  output: aggif(valid_tid(32,30,31) IN (CAST(30 AS INT), CAST(31 AS INT), CAST(32 AS INT)), CASE valid_tid(32,30,31) WHEN CAST(30 AS INT) THEN sum(sales) WHEN CAST(31 AS INT) THEN sum(sales) WHEN CAST(32 AS INT) THEN sum(sales) END), aggif(valid_tid(32,30,31) IN (CAST(30 AS INT), CAST(31 AS INT), CAST(32 AS INT)), CASE valid_tid(32,30,31) WHEN CAST(30 AS INT) THEN sum(`returns`) WHEN CAST(31 AS INT) THEN sum(`returns`) WHEN CAST(32 AS INT) THEN sum(`returns`) END), aggif(valid_tid(32,30,31) IN (CAST(30 AS INT), CAST(31 AS INT), CAST(32 AS INT)), CASE valid_tid(32,30,31) WHEN CAST(30 AS INT) THEN sum(profit) WHEN CAST(31 AS INT) THEN sum(profit) WHEN CAST(32 AS INT) THEN sum(profit) END)
|  group by: CASE valid_tid(32,30,31) WHEN CAST(30 AS INT) THEN channel WHEN CAST(31 AS INT) THEN channel WHEN CAST(32 AS INT) THEN NULL END, CASE valid_tid(32,30,31) WHEN CAST(30 AS INT) THEN id WHEN CAST(31 AS INT) THEN NULL WHEN CAST(32 AS INT) THEN NULL END, CASE valid_tid(32,30,31) WHEN CAST(30 AS INT) THEN CAST(30 AS INT) WHEN CAST(31 AS INT) THEN CAST(31 AS INT) WHEN CAST(32 AS INT) THEN CAST(32 AS INT) END
|  mem-estimate=10.00MB mem-reservation=1.94MB spill-buffer=64.00KB thread-reservation=0
|  tuple-ids=33 row-size=68B cardinality=7.23K cost=43362
|  in pipelines: 37(GETNEXT), 63(OPEN)
|
63:AGGREGATE [FINALIZE]
|  Class 0
|    output: sum:merge(sales), sum:merge(`returns`), sum:merge(profit)
|    group by: channel, id
|  Class 1
|    output: sum:merge(sales), sum:merge(`returns`), sum:merge(profit)
|    group by: channel, NULL
|  Class 2
|    output: sum:merge(sales), sum:merge(`returns`), sum:merge(profit)
|    group by: NULL, NULL
|  mem-estimate=30.00MB mem-reservation=5.81MB thread-reservation=0
|  tuple-ids=30N,31N,32N row-size=192B cardinality=7.23K cost=36135
|  in pipelines: 63(GETNEXT), 42(OPEN), 49(OPEN), 57(OPEN)
|
62:EXCHANGE [HASH(CASE valid_tid(32,30,31) WHEN 30 THEN murmur_hash(channel) WHEN 31 THEN murmur_hash(channel) WHEN 32 THEN murmur_hash(NULL) END,CASE valid_tid(32,30,31) WHEN 30 THEN murmur_hash(id) WHEN 31 THEN murmur_hash(NULL) WHEN 32 THEN murmur_hash(NULL) END)]
|  mem-estimate=24.04MB mem-reservation=0B thread-reservation=0
|  tuple-ids=30N,31N,32N row-size=192B cardinality=7.23K cost=1440
|  in pipelines: 42(GETNEXT), 49(GETNEXT), 57(GETNEXT)
|
F22:PLAN FRAGMENT [RANDOM] hosts=10 instances=120
Per-Instance Resources: mem-estimate=52.67MB mem-reservation=7.94MB thread-reservation=1
max-parallelism=120 segment-costs=[4009, 146, 10941, 221609, 1440] cpu-comparison-result=720 [max(120 (self) vs 720 (sum children))]
36:AGGREGATE [STREAMING]
|  Class 0
|    output: sum(sales), sum(returns), sum(profit)
|    group by: channel, id
|  Class 1
|    output: sum(sales), sum(returns), sum(profit)
|    group by: channel, NULL
|  Class 2
|    output: sum(sales), sum(returns), sum(profit)
|    group by: NULL, NULL
|  mem-estimate=30.00MB mem-reservation=6.00MB thread-reservation=0
|  tuple-ids=30N,31N,32N row-size=192B cardinality=7.23K cost=108345
|  in pipelines: 42(GETNEXT), 49(GETNEXT), 57(GETNEXT)
|
00:UNION
|  mem-estimate=0B mem-reservation=0B thread-reservation=0
|  tuple-ids=28 row-size=64B cardinality=7.22K cost=108345
|  in pipelines: 42(GETNEXT), 49(GETNEXT), 57(GETNEXT)
|
|--35:HASH JOIN [LEFT OUTER JOIN, PARTITIONED]
|  |  hash-table-id=05
|  |  hash predicates: wp_web_page_sk = wp_web_page_sk
|  |  fk/pk conjuncts: wp_web_page_sk = wp_web_page_sk
|  |  mem-estimate=0B mem-reservation=0B spill-buffer=64.00KB thread-reservation=0
|  |  tuple-ids=21,26N row-size=72B cardinality=3.60K cost=3600
|  |  in pipelines: 57(GETNEXT), 61(OPEN)
|  |
|  |--F30:PLAN FRAGMENT [RANDOM] hosts=10 instances=120
|  |  |  Per-Instance Resources: mem-estimate=14.70MB mem-reservation=3.88MB thread-reservation=1
|  |  |  max-parallelism=120 segment-costs=[10941, 3600] cpu-comparison-result=120 [max(120 (self) vs 120 (sum children))]
|  |  JOIN BUILD
|  |  |  join-table-id=05 plan-id=06 cohort-id=01
|  |  |  build expressions: wp_web_page_sk
|  |  |  mem-estimate=1.94MB mem-reservation=1.94MB spill-buffer=64.00KB thread-reservation=0 cost=3600
|  |  |
|  |  61:AGGREGATE [FINALIZE]
|  |  |  output: sum:merge(wr_return_amt), sum:merge(wr_net_loss)
|  |  |  group by: wp_web_page_sk
|  |  |  mem-estimate=10.00MB mem-reservation=1.94MB spill-buffer=64.00KB thread-reservation=0
|  |  |  tuple-ids=26 row-size=36B cardinality=3.60K cost=10800
|  |  |  in pipelines: 61(GETNEXT), 29(OPEN)
|  |  |
|  |  60:EXCHANGE [HASH(wp_web_page_sk)]
|  |  |  mem-estimate=4.70MB mem-reservation=0B thread-reservation=0
|  |  |  tuple-ids=26 row-size=36B cardinality=3.60K cost=141
|  |  |  in pipelines: 29(GETNEXT)
|  |  |
|  |  F18:PLAN FRAGMENT [RANDOM] hosts=10 instances=120
|  |  Per-Host Shared Resources: mem-estimate=2.00MB mem-reservation=2.00MB thread-reservation=0 runtime-filters-memory=2.00MB
|  |  Per-Instance Resources: mem-estimate=44.75MB mem-reservation=2.25MB thread-reservation=1
|  |  max-parallelism=120 segment-costs=[1170803144, 141] cpu-comparison-result=120 [max(120 (self) vs 22 (sum children))]
|  |  34:AGGREGATE [STREAMING]
|  |  |  output: sum(wr_return_amt), sum(wr_net_loss)
|  |  |  group by: wp_web_page_sk
|  |  |  mem-estimate=10.00MB mem-reservation=2.00MB spill-buffer=64.00KB thread-reservation=0
|  |  |  tuple-ids=26 row-size=36B cardinality=3.60K cost=637036864
|  |  |  in pipelines: 29(GETNEXT)
|  |  |
|  |  33:HASH JOIN [INNER JOIN, BROADCAST]
|  |  |  hash-table-id=06
|  |  |  hash predicates: wr_returned_date_sk = d_date_sk
|  |  |  fk/pk conjuncts: wr_returned_date_sk = d_date_sk
|  |  |  mem-estimate=0B mem-reservation=0B spill-buffer=64.00KB thread-reservation=0
|  |  |  tuple-ids=23,25,24 row-size=28B cardinality=212.35M cost=212345616
|  |  |  in pipelines: 29(GETNEXT), 30(OPEN)
|  |  |
|  |  |--F31:PLAN FRAGMENT [RANDOM] hosts=10 instances=10
|  |  |  |  Per-Instance Resources: mem-estimate=24.32MB mem-reservation=24.25MB thread-reservation=1 runtime-filters-memory=1.00MB
|  |  |  |  max-parallelism=10 segment-costs=[8165]
|  |  |  JOIN BUILD
|  |  |  |  join-table-id=06 plan-id=07 cohort-id=04
|  |  |  |  build expressions: d_date_sk
|  |  |  |  runtime filters: RF016[bloom] <- d_date_sk
|  |  |  |  mem-estimate=23.25MB mem-reservation=23.25MB spill-buffer=64.00KB thread-reservation=0 cost=7305
|  |  |  |
|  |  |  59:EXCHANGE [BROADCAST]
|  |  |  |  mem-estimate=69.07KB mem-reservation=0B thread-reservation=0
|  |  |  |  tuple-ids=24 row-size=8B cardinality=7.30K cost=860
|  |  |  |  in pipelines: 30(GETNEXT)
|  |  |  |
|  |  |  F20:PLAN FRAGMENT [RANDOM] hosts=1 instances=1
|  |  |  Per-Instance Resources: mem-estimate=16.05MB mem-reservation=1.00MB thread-reservation=1
|  |  |  max-parallelism=1 segment-costs=[196755]
|  |  |  30:SCAN HDFS [tpcds_partitioned_parquet_snap.date_dim, RANDOM]
|  |  |     HDFS partitions=1/1 files=1 size=2.17MB
|  |  |     predicates: d_date <= DATE '2001-09-26', d_date >= DATE '2001-08-27'
|  |  |     stored statistics:
|  |  |       table: rows=73.05K size=2.17MB
|  |  |       columns: all
|  |  |     extrapolated-rows=disabled max-scan-range-rows=73.05K
|  |  |     parquet statistics predicates: d_date <= DATE '2001-09-26', d_date >= DATE '2001-08-27'
|  |  |     parquet dictionary predicates: d_date <= DATE '2001-09-26', d_date >= DATE '2001-08-27'
|  |  |     mem-estimate=16.00MB mem-reservation=1.00MB thread-reservation=0
|  |  |     tuple-ids=24 row-size=8B cardinality=7.30K cost=196669
|  |  |     in pipelines: 30(GETNEXT)
|  |  |
|  |  32:HASH JOIN [INNER JOIN, BROADCAST]
|  |  |  hash-table-id=07
|  |  |  hash predicates: wr_web_page_sk = wp_web_page_sk
|  |  |  fk/pk conjuncts: wr_web_page_sk = wp_web_page_sk
|  |  |  mem-estimate=0B mem-reservation=0B spill-buffer=64.00KB thread-reservation=0
|  |  |  tuple-ids=23,25 row-size=20B cardinality=212.35M cost=212345616
|  |  |  in pipelines: 29(GETNEXT), 31(OPEN)
|  |  |
|  |  |--F32:PLAN FRAGMENT [RANDOM] hosts=10 instances=10
|  |  |  |  Per-Instance Resources: mem-estimate=24.27MB mem-reservation=24.25MB thread-reservation=1 runtime-filters-memory=1.00MB
|  |  |  |  max-parallelism=10 segment-costs=[3890]
|  |  |  JOIN BUILD
|  |  |  |  join-table-id=07 plan-id=08 cohort-id=04
|  |  |  |  build expressions: wp_web_page_sk
|  |  |  |  runtime filters: RF018[bloom] <- wp_web_page_sk, RF019[min_max] <- wp_web_page_sk
|  |  |  |  mem-estimate=23.25MB mem-reservation=23.25MB spill-buffer=64.00KB thread-reservation=0 cost=3600
|  |  |  |
|  |  |  58:EXCHANGE [BROADCAST]
|  |  |  |  mem-estimate=22.06KB mem-reservation=0B thread-reservation=0
|  |  |  |  tuple-ids=25 row-size=4B cardinality=3.60K cost=290
|  |  |  |  in pipelines: 31(GETNEXT)
|  |  |  |
|  |  |  F19:PLAN FRAGMENT [RANDOM] hosts=1 instances=1
|  |  |  Per-Instance Resources: mem-estimate=16.03MB mem-reservation=8.00KB thread-reservation=1
|  |  |  max-parallelism=1 segment-costs=[50044]
|  |  |  31:SCAN HDFS [tpcds_partitioned_parquet_snap.web_page, RANDOM]
|  |  |     HDFS partitions=1/1 files=1 size=5.45KB
|  |  |     stored statistics:
|  |  |       table: rows=3.60K size=72.76KB
|  |  |       columns: all
|  |  |     extrapolated-rows=disabled max-scan-range-rows=3.60K
|  |  |     mem-estimate=16.00MB mem-reservation=8.00KB thread-reservation=0
|  |  |     tuple-ids=25 row-size=4B cardinality=3.60K cost=50015
|  |  |     in pipelines: 31(GETNEXT)
|  |  |
|  |  29:SCAN HDFS [tpcds_partitioned_parquet_snap.web_returns, RANDOM]
|  |     HDFS partitions=2114/2114 files=2114 size=20.70MB
|  |     runtime filters: RF019[min_max] -> wr_web_page_sk, RF018[bloom] -> wr_web_page_sk, RF016[bloom] -> wr_returned_date_sk
|  |     stored statistics:
|  |       table: rows=216.00M size=16.74GB
|  |       partitions: 2114/2114 rows=216.00M
|  |       columns: all
|  |     extrapolated-rows=disabled max-scan-range-rows=9.41M
|  |     mem-estimate=16.00MB mem-reservation=256.00KB thread-reservation=0
|  |     tuple-ids=23 row-size=16B cardinality=212.35M(filtered from 216.00M) cost=109075048
|  |     in pipelines: 29(GETNEXT)
|  |
|  57:AGGREGATE [FINALIZE]
|  |  output: sum:merge(ws_ext_sales_price), sum:merge(ws_net_profit)
|  |  group by: wp_web_page_sk
|  |  mem-estimate=10.00MB mem-reservation=1.94MB spill-buffer=64.00KB thread-reservation=0
|  |  tuple-ids=21 row-size=36B cardinality=3.60K cost=10800
|  |  in pipelines: 57(GETNEXT), 23(OPEN)
|  |
|  56:EXCHANGE [HASH(wp_web_page_sk)]
|  |  mem-estimate=4.70MB mem-reservation=0B thread-reservation=0
|  |  tuple-ids=21 row-size=36B cardinality=3.60K cost=141
|  |  in pipelines: 23(GETNEXT)
|  |
|  F14:PLAN FRAGMENT [RANDOM] hosts=10 instances=120
|  Per-Host Shared Resources: mem-estimate=2.00MB mem-reservation=2.00MB thread-reservation=0 runtime-filters-memory=2.00MB
|  Per-Instance Resources: mem-estimate=44.75MB mem-reservation=2.12MB thread-reservation=1
|  max-parallelism=1080 segment-costs=[10741940992, 141] cpu-comparison-result=120 [max(120 (self) vs 22 (sum children))]
|  28:AGGREGATE [STREAMING]
|  |  output: sum(ws_ext_sales_price), sum(ws_net_profit)
|  |  group by: wp_web_page_sk
|  |  mem-estimate=10.00MB mem-reservation=2.00MB spill-buffer=64.00KB thread-reservation=0
|  |  tuple-ids=21 row-size=36B cardinality=3.60K cost=6370194944
|  |  in pipelines: 23(GETNEXT)
|  |
|  27:HASH JOIN [INNER JOIN, BROADCAST]
|  |  hash-table-id=11
|  |  hash predicates: ws_sold_date_sk = d_date_sk
|  |  fk/pk conjuncts: ws_sold_date_sk = d_date_sk
|  |  mem-estimate=0B mem-reservation=0B spill-buffer=64.00KB thread-reservation=0
|  |  tuple-ids=18,20,19 row-size=28B cardinality=2.12G cost=2123398272
|  |  in pipelines: 23(GETNEXT), 24(OPEN)
|  |
|  |--F36:PLAN FRAGMENT [RANDOM] hosts=10 instances=10
|  |  |  Per-Instance Resources: mem-estimate=24.32MB mem-reservation=24.25MB thread-reservation=1 runtime-filters-memory=1.00MB
|  |  |  max-parallelism=10 segment-costs=[8165]
|  |  JOIN BUILD
|  |  |  join-table-id=11 plan-id=12 cohort-id=01
|  |  |  build expressions: d_date_sk
|  |  |  runtime filters: RF012[bloom] <- d_date_sk
|  |  |  mem-estimate=23.25MB mem-reservation=23.25MB spill-buffer=64.00KB thread-reservation=0 cost=7305
|  |  |
|  |  55:EXCHANGE [BROADCAST]
|  |  |  mem-estimate=69.07KB mem-reservation=0B thread-reservation=0
|  |  |  tuple-ids=19 row-size=8B cardinality=7.30K cost=860
|  |  |  in pipelines: 24(GETNEXT)
|  |  |
|  |  F16:PLAN FRAGMENT [RANDOM] hosts=1 instances=1
|  |  Per-Instance Resources: mem-estimate=16.05MB mem-reservation=1.00MB thread-reservation=1
|  |  max-parallelism=1 segment-costs=[196755]
|  |  24:SCAN HDFS [tpcds_partitioned_parquet_snap.date_dim, RANDOM]
|  |     HDFS partitions=1/1 files=1 size=2.17MB
|  |     predicates: d_date <= DATE '2001-09-26', d_date >= DATE '2001-08-27'
|  |     stored statistics:
|  |       table: rows=73.05K size=2.17MB
|  |       columns: all
|  |     extrapolated-rows=disabled max-scan-range-rows=73.05K
|  |     parquet statistics predicates: d_date <= DATE '2001-09-26', d_date >= DATE '2001-08-27'
|  |     parquet dictionary predicates: d_date <= DATE '2001-09-26', d_date >= DATE '2001-08-27'
|  |     mem-estimate=16.00MB mem-reservation=1.00MB thread-reservation=0
|  |     tuple-ids=19 row-size=8B cardinality=7.30K cost=196669
|  |     in pipelines: 24(GETNEXT)
|  |
|  26:HASH JOIN [INNER JOIN, BROADCAST]
|  |  hash-table-id=12
|  |  hash predicates: ws_web_page_sk = wp_web_page_sk
|  |  fk/pk conjuncts: ws_web_page_sk = wp_web_page_sk
|  |  mem-estimate=0B mem-reservation=0B spill-buffer=64.00KB thread-reservation=0
|  |  tuple-ids=18,20 row-size=20B cardinality=2.12G cost=2123398272
|  |  in pipelines: 23(GETNEXT), 25(OPEN)
|  |
|  |--F37:PLAN FRAGMENT [RANDOM] hosts=10 instances=10
|  |  |  Per-Instance Resources: mem-estimate=24.27MB mem-reservation=24.25MB thread-reservation=1 runtime-filters-memory=1.00MB
|  |  |  max-parallelism=10 segment-costs=[3890]
|  |  JOIN BUILD
|  |  |  join-table-id=12 plan-id=13 cohort-id=01
|  |  |  build expressions: wp_web_page_sk
|  |  |  runtime filters: RF014[bloom] <- wp_web_page_sk, RF015[min_max] <- wp_web_page_sk
|  |  |  mem-estimate=23.25MB mem-reservation=23.25MB spill-buffer=64.00KB thread-reservation=0 cost=3600
|  |  |
|  |  54:EXCHANGE [BROADCAST]
|  |  |  mem-estimate=22.06KB mem-reservation=0B thread-reservation=0
|  |  |  tuple-ids=20 row-size=4B cardinality=3.60K cost=290
|  |  |  in pipelines: 25(GETNEXT)
|  |  |
|  |  F15:PLAN FRAGMENT [RANDOM] hosts=1 instances=1
|  |  Per-Instance Resources: mem-estimate=16.03MB mem-reservation=8.00KB thread-reservation=1
|  |  max-parallelism=1 segment-costs=[50044]
|  |  25:SCAN HDFS [tpcds_partitioned_parquet_snap.web_page, RANDOM]
|  |     HDFS partitions=1/1 files=1 size=5.45KB
|  |     stored statistics:
|  |       table: rows=3.60K size=72.76KB
|  |       columns: all
|  |     extrapolated-rows=disabled max-scan-range-rows=3.60K
|  |     mem-estimate=16.00MB mem-reservation=8.00KB thread-reservation=0
|  |     tuple-ids=20 row-size=4B cardinality=3.60K cost=50015
|  |     in pipelines: 25(GETNEXT)
|  |
|  23:SCAN HDFS [tpcds_partitioned_parquet_snap.web_sales, RANDOM]
|     HDFS partitions=1824/1824 files=1824 size=84.18MB
|     runtime filters: RF015[min_max] -> ws_web_page_sk, RF014[bloom] -> ws_web_page_sk, RF012[bloom] -> ws_sold_date_sk
|     stored statistics:
|       table: rows=2.16G size=145.75GB
|       partitions: 1824/1824 rows=2.16G
|       columns: all
|     extrapolated-rows=disabled max-scan-range-rows=3.37M
|     mem-estimate=16.00MB mem-reservation=128.00KB thread-reservation=0
|     tuple-ids=18 row-size=16B cardinality=2.12G(filtered from 2.16G) cost=124949504
|     in pipelines: 23(GETNEXT)
|
|--22:NESTED LOOP JOIN [CROSS JOIN, BROADCAST]
|  |  join table id: 03
|  |  mem-estimate=0B mem-reservation=0B thread-reservation=0
|  |  tuple-ids=12,16 row-size=72B cardinality=2.30K cost=0
|  |  in pipelines: 49(GETNEXT), 52(OPEN)
|  |
|  |--F28:PLAN FRAGMENT [RANDOM] hosts=10 instances=10
|  |  |  Per-Instance Resources: mem-estimate=22.12KB mem-reservation=0B thread-reservation=1
|  |  |  max-parallelism=10 segment-costs=[20] cpu-comparison-result=120 [max(10 (self) vs 120 (sum children))]
|  |  JOIN BUILD
|  |  |  join-table-id=03 plan-id=04 cohort-id=01
|  |  |  mem-estimate=1.69KB mem-reservation=0B thread-reservation=0 cost=0
|  |  |
|  |  53:EXCHANGE [BROADCAST]
|  |  |  mem-estimate=20.44KB mem-reservation=0B thread-reservation=0
|  |  |  tuple-ids=16 row-size=36B cardinality=48 cost=20
|  |  |  in pipelines: 52(GETNEXT)
|  |  |
|  |  F13:PLAN FRAGMENT [HASH(cr_call_center_sk)] hosts=10 instances=10 (adjusted from 120)
|  |  Per-Instance Resources: mem-estimate=10.22MB mem-reservation=1.94MB thread-reservation=1
|  |  max-parallelism=10 segment-costs=[146, 2] cpu-comparison-result=120 [max(10 (self) vs 120 (sum children))]
|  |  52:AGGREGATE [FINALIZE]
|  |  |  output: sum:merge(cr_return_amount), sum:merge(cr_net_loss)
|  |  |  group by: cr_call_center_sk
|  |  |  mem-estimate=10.00MB mem-reservation=1.94MB spill-buffer=64.00KB thread-reservation=0
|  |  |  tuple-ids=16 row-size=36B cardinality=48 cost=144
|  |  |  in pipelines: 52(GETNEXT), 18(OPEN)
|  |  |
|  |  51:EXCHANGE [HASH(cr_call_center_sk)]
|  |  |  mem-estimate=225.17KB mem-reservation=0B thread-reservation=0
|  |  |  tuple-ids=16 row-size=36B cardinality=48 cost=2
|  |  |  in pipelines: 18(GETNEXT)
|  |  |
|  |  F11:PLAN FRAGMENT [RANDOM] hosts=10 instances=120
|  |  Per-Host Shared Resources: mem-estimate=1.00MB mem-reservation=1.00MB thread-reservation=0 runtime-filters-memory=1.00MB
|  |  Per-Instance Resources: mem-estimate=27.56MB mem-reservation=2.03MB thread-reservation=1
|  |  max-parallelism=190 segment-costs=[1837818200, 2] cpu-comparison-result=120 [max(120 (self) vs 11 (sum children))]
|  |  21:AGGREGATE [STREAMING]
|  |  |  output: sum(cr_return_amount), sum(cr_net_loss)
|  |  |  group by: cr_call_center_sk
|  |  |  mem-estimate=10.00MB mem-reservation=2.00MB spill-buffer=64.00KB thread-reservation=0
|  |  |  tuple-ids=16 row-size=36B cardinality=48 cost=1296050944
|  |  |  in pipelines: 18(GETNEXT)
|  |  |
|  |  20:HASH JOIN [INNER JOIN, BROADCAST]
|  |  |  hash-table-id=04
|  |  |  hash predicates: cr_returned_date_sk = d_date_sk
|  |  |  fk/pk conjuncts: cr_returned_date_sk = d_date_sk
|  |  |  mem-estimate=0B mem-reservation=0B spill-buffer=64.00KB thread-reservation=0
|  |  |  tuple-ids=14,15 row-size=24B cardinality=432.02M cost=432016992
|  |  |  in pipelines: 18(GETNEXT), 19(OPEN)
|  |  |
|  |  |--F29:PLAN FRAGMENT [RANDOM] hosts=10 instances=10
|  |  |  |  Per-Instance Resources: mem-estimate=24.32MB mem-reservation=24.25MB thread-reservation=1 runtime-filters-memory=1.00MB
|  |  |  |  max-parallelism=10 segment-costs=[8165]
|  |  |  JOIN BUILD
|  |  |  |  join-table-id=04 plan-id=05 cohort-id=03
|  |  |  |  build expressions: d_date_sk
|  |  |  |  runtime filters: RF010[bloom] <- d_date_sk
|  |  |  |  mem-estimate=23.25MB mem-reservation=23.25MB spill-buffer=64.00KB thread-reservation=0 cost=7305
|  |  |  |
|  |  |  50:EXCHANGE [BROADCAST]
|  |  |  |  mem-estimate=69.07KB mem-reservation=0B thread-reservation=0
|  |  |  |  tuple-ids=15 row-size=8B cardinality=7.30K cost=860
|  |  |  |  in pipelines: 19(GETNEXT)
|  |  |  |
|  |  |  F12:PLAN FRAGMENT [RANDOM] hosts=1 instances=1
|  |  |  Per-Instance Resources: mem-estimate=16.05MB mem-reservation=1.00MB thread-reservation=1
|  |  |  max-parallelism=1 segment-costs=[196755]
|  |  |  19:SCAN HDFS [tpcds_partitioned_parquet_snap.date_dim, RANDOM]
|  |  |     HDFS partitions=1/1 files=1 size=2.17MB
|  |  |     predicates: d_date <= DATE '2001-09-26', d_date >= DATE '2001-08-27'
|  |  |     stored statistics:
|  |  |       table: rows=73.05K size=2.17MB
|  |  |       columns: all
|  |  |     extrapolated-rows=disabled max-scan-range-rows=73.05K
|  |  |     parquet statistics predicates: d_date <= DATE '2001-09-26', d_date >= DATE '2001-08-27'
|  |  |     parquet dictionary predicates: d_date <= DATE '2001-09-26', d_date >= DATE '2001-08-27'
|  |  |     mem-estimate=16.00MB mem-reservation=1.00MB thread-reservation=0
|  |  |     tuple-ids=15 row-size=8B cardinality=7.30K cost=196669
|  |  |     in pipelines: 19(GETNEXT)
|  |  |
|  |  18:SCAN HDFS [tpcds_partitioned_parquet_snap.catalog_returns, RANDOM]
|  |     HDFS partitions=2060/2060 files=2060 size=30.47MB
|  |     runtime filters: RF010[bloom] -> cr_returned_date_sk
|  |     stored statistics:
|  |       table: rows=432.02M size=32.77GB
|  |       partitions: 2060/2060 rows=432.02M
|  |       columns: all
|  |     extrapolated-rows=disabled max-scan-range-rows=416.82K
|  |     mem-estimate=16.00MB mem-reservation=32.00KB thread-reservation=0
|  |     tuple-ids=14 row-size=16B cardinality=432.02M cost=109750264
|  |     in pipelines: 18(GETNEXT)
|  |
|  49:AGGREGATE [FINALIZE]
|  |  output: sum:merge(cs_ext_sales_price), sum:merge(cs_net_profit)
|  |  group by: cs_call_center_sk
|  |  mem-estimate=10.00MB mem-reservation=1.94MB spill-buffer=64.00KB thread-reservation=0
|  |  tuple-ids=12 row-size=36B cardinality=48 cost=144
|  |  in pipelines: 49(GETNEXT), 14(OPEN)
|  |
|  48:EXCHANGE [HASH(cs_call_center_sk)]
|  |  mem-estimate=225.17KB mem-reservation=0B thread-reservation=0
|  |  tuple-ids=12 row-size=36B cardinality=48 cost=2
|  |  in pipelines: 14(GETNEXT)
|  |
|  F08:PLAN FRAGMENT [RANDOM] hosts=10 instances=120
|  Per-Host Shared Resources: mem-estimate=1.00MB mem-reservation=1.00MB thread-reservation=0 runtime-filters-memory=1.00MB
|  Per-Instance Resources: mem-estimate=44.75MB mem-reservation=3.00MB thread-reservation=1
|  max-parallelism=1750 segment-costs=[17439362496, 2] cpu-comparison-result=120 [max(120 (self) vs 11 (sum children))]
|  17:AGGREGATE [STREAMING]
|  |  output: sum(cs_ext_sales_price), sum(cs_net_profit)
|  |  group by: cs_call_center_sk
|  |  mem-estimate=10.00MB mem-reservation=2.00MB spill-buffer=64.00KB thread-reservation=0
|  |  tuple-ids=12 row-size=36B cardinality=48 cost=12960233472
|  |  in pipelines: 14(GETNEXT)
|  |
|  16:HASH JOIN [INNER JOIN, BROADCAST]
|  |  hash-table-id=10
|  |  hash predicates: cs_sold_date_sk = d_date_sk
|  |  fk/pk conjuncts: cs_sold_date_sk = d_date_sk
|  |  mem-estimate=0B mem-reservation=0B spill-buffer=64.00KB thread-reservation=0
|  |  tuple-ids=10,11 row-size=24B cardinality=4.32G cost=4320077824
|  |  in pipelines: 14(GETNEXT), 15(OPEN)
|  |
|  |--F35:PLAN FRAGMENT [RANDOM] hosts=10 instances=10
|  |  |  Per-Instance Resources: mem-estimate=24.32MB mem-reservation=24.25MB thread-reservation=1 runtime-filters-memory=1.00MB
|  |  |  max-parallelism=10 segment-costs=[8165]
|  |  JOIN BUILD
|  |  |  join-table-id=10 plan-id=11 cohort-id=01
|  |  |  build expressions: d_date_sk
|  |  |  runtime filters: RF008[bloom] <- d_date_sk
|  |  |  mem-estimate=23.25MB mem-reservation=23.25MB spill-buffer=64.00KB thread-reservation=0 cost=7305
|  |  |
|  |  47:EXCHANGE [BROADCAST]
|  |  |  mem-estimate=69.07KB mem-reservation=0B thread-reservation=0
|  |  |  tuple-ids=11 row-size=8B cardinality=7.30K cost=860
|  |  |  in pipelines: 15(GETNEXT)
|  |  |
|  |  F09:PLAN FRAGMENT [RANDOM] hosts=1 instances=1
|  |  Per-Instance Resources: mem-estimate=16.05MB mem-reservation=1.00MB thread-reservation=1
|  |  max-parallelism=1 segment-costs=[196755]
|  |  15:SCAN HDFS [tpcds_partitioned_parquet_snap.date_dim, RANDOM]
|  |     HDFS partitions=1/1 files=1 size=2.17MB
|  |     predicates: d_date <= DATE '2001-09-26', d_date >= DATE '2001-08-27'
|  |     stored statistics:
|  |       table: rows=73.05K size=2.17MB
|  |       columns: all
|  |     extrapolated-rows=disabled max-scan-range-rows=73.05K
|  |     parquet statistics predicates: d_date <= DATE '2001-09-26', d_date >= DATE '2001-08-27'
|  |     parquet dictionary predicates: d_date <= DATE '2001-09-26', d_date >= DATE '2001-08-27'
|  |     mem-estimate=16.00MB mem-reservation=1.00MB thread-reservation=0
|  |     tuple-ids=11 row-size=8B cardinality=7.30K cost=196669
|  |     in pipelines: 15(GETNEXT)
|  |
|  14:SCAN HDFS [tpcds_partitioned_parquet_snap.catalog_sales, RANDOM]
|     HDFS partitions=1831/1831 files=1831 size=150.82MB
|     runtime filters: RF008[bloom] -> cs_sold_date_sk
|     stored statistics:
|       table: rows=4.32G size=280.96GB
|       partitions: 1831/1831 rows=4.32G
|       columns: all
|     extrapolated-rows=disabled max-scan-range-rows=21.52M
|     mem-estimate=16.00MB mem-reservation=1.00MB thread-reservation=0
|     tuple-ids=10 row-size=16B cardinality=4.32G cost=159051200
|     in pipelines: 14(GETNEXT)
|
13:HASH JOIN [LEFT OUTER JOIN, PARTITIONED]
|  hash-table-id=00
|  hash predicates: s_store_sk = s_store_sk
|  fk/pk conjuncts: s_store_sk = s_store_sk
|  mem-estimate=0B mem-reservation=0B spill-buffer=64.00KB thread-reservation=0
|  tuple-ids=3,8N row-size=72B cardinality=1.32K cost=1319
|  in pipelines: 42(GETNEXT), 46(OPEN)
|
|--F25:PLAN FRAGMENT [RANDOM] hosts=10 instances=120
|  |  Per-Instance Resources: mem-estimate=14.69MB mem-reservation=3.88MB thread-reservation=1
|  |  max-parallelism=120 segment-costs=[4009, 1319] cpu-comparison-result=120 [max(120 (self) vs 120 (sum children))]
|  JOIN BUILD
|  |  join-table-id=00 plan-id=01 cohort-id=01
|  |  build expressions: s_store_sk
|  |  mem-estimate=1.94MB mem-reservation=1.94MB spill-buffer=64.00KB thread-reservation=0 cost=1319
|  |
|  46:AGGREGATE [FINALIZE]
|  |  output: sum:merge(sr_return_amt), sum:merge(sr_net_loss)
|  |  group by: s_store_sk
|  |  mem-estimate=10.00MB mem-reservation=1.94MB spill-buffer=64.00KB thread-reservation=0
|  |  tuple-ids=8 row-size=36B cardinality=1.32K cost=3957
|  |  in pipelines: 46(GETNEXT), 07(OPEN)
|  |
|  45:EXCHANGE [HASH(s_store_sk)]
|  |  mem-estimate=4.69MB mem-reservation=0B thread-reservation=0
|  |  tuple-ids=8 row-size=36B cardinality=1.32K cost=52
|  |  in pipelines: 07(GETNEXT)
|  |
|  F04:PLAN FRAGMENT [RANDOM] hosts=10 instances=120
|  Per-Host Shared Resources: mem-estimate=2.00MB mem-reservation=2.00MB thread-reservation=0 runtime-filters-memory=2.00MB
|  Per-Instance Resources: mem-estimate=44.75MB mem-reservation=2.50MB thread-reservation=1
|  max-parallelism=450 segment-costs=[4433642728, 52] cpu-comparison-result=120 [max(120 (self) vs 22 (sum children))]
|  12:AGGREGATE [STREAMING]
|  |  output: sum(sr_return_amt), sum(sr_net_loss)
|  |  group by: s_store_sk
|  |  mem-estimate=10.00MB mem-reservation=2.00MB spill-buffer=64.00KB thread-reservation=0
|  |  tuple-ids=8 row-size=36B cardinality=1.32K cost=2591965696
|  |  in pipelines: 07(GETNEXT)
|  |
|  11:HASH JOIN [INNER JOIN, BROADCAST]
|  |  hash-table-id=01
|  |  hash predicates: sr_store_sk = s_store_sk
|  |  fk/pk conjuncts: sr_store_sk = s_store_sk
|  |  mem-estimate=0B mem-reservation=0B spill-buffer=64.00KB thread-reservation=0
|  |  tuple-ids=5,6,7 row-size=28B cardinality=863.99M cost=863988608
|  |  in pipelines: 07(GETNEXT), 09(OPEN)
|  |
|  |--F26:PLAN FRAGMENT [RANDOM] hosts=10 instances=10
|  |  |  Per-Instance Resources: mem-estimate=24.27MB mem-reservation=24.25MB thread-reservation=1 runtime-filters-memory=1.00MB
|  |  |  max-parallelism=10 segment-costs=[1460]
|  |  JOIN BUILD
|  |  |  join-table-id=01 plan-id=02 cohort-id=02
|  |  |  build expressions: s_store_sk
|  |  |  runtime filters: RF004[bloom] <- s_store_sk, RF005[min_max] <- s_store_sk
|  |  |  mem-estimate=23.25MB mem-reservation=23.25MB spill-buffer=64.00KB thread-reservation=0 cost=1350
|  |  |
|  |  44:EXCHANGE [BROADCAST]
|  |  |  mem-estimate=16.00KB mem-reservation=0B thread-reservation=0
|  |  |  tuple-ids=7 row-size=4B cardinality=1.35K cost=110
|  |  |  in pipelines: 09(GETNEXT)
|  |  |
|  |  F06:PLAN FRAGMENT [RANDOM] hosts=1 instances=1
|  |  Per-Instance Resources: mem-estimate=16.03MB mem-reservation=16.00KB thread-reservation=1
|  |  max-parallelism=1 segment-costs=[50017]
|  |  09:SCAN HDFS [tpcds_partitioned_parquet_snap.store, RANDOM]
|  |     HDFS partitions=1/1 files=1 size=9.81KB
|  |     stored statistics:
|  |       table: rows=1.35K size=119.76KB
|  |       columns: all
|  |     extrapolated-rows=disabled max-scan-range-rows=1.35K
|  |     mem-estimate=16.00MB mem-reservation=16.00KB thread-reservation=0
|  |     tuple-ids=7 row-size=4B cardinality=1.35K cost=50006
|  |     in pipelines: 09(GETNEXT)
|  |
|  10:HASH JOIN [INNER JOIN, BROADCAST]
|  |  hash-table-id=02
|  |  hash predicates: sr_returned_date_sk = d_date_sk
|  |  fk/pk conjuncts: sr_returned_date_sk = d_date_sk
|  |  mem-estimate=0B mem-reservation=0B spill-buffer=64.00KB thread-reservation=0
|  |  tuple-ids=5,6 row-size=24B cardinality=863.99M cost=863988608
|  |  in pipelines: 07(GETNEXT), 08(OPEN)
|  |
|  |--F27:PLAN FRAGMENT [RANDOM] hosts=10 instances=10
|  |  |  Per-Instance Resources: mem-estimate=24.32MB mem-reservation=24.25MB thread-reservation=1 runtime-filters-memory=1.00MB
|  |  |  max-parallelism=10 segment-costs=[8165]
|  |  JOIN BUILD
|  |  |  join-table-id=02 plan-id=03 cohort-id=02
|  |  |  build expressions: d_date_sk
|  |  |  runtime filters: RF006[bloom] <- d_date_sk
|  |  |  mem-estimate=23.25MB mem-reservation=23.25MB spill-buffer=64.00KB thread-reservation=0 cost=7305
|  |  |
|  |  43:EXCHANGE [BROADCAST]
|  |  |  mem-estimate=69.07KB mem-reservation=0B thread-reservation=0
|  |  |  tuple-ids=6 row-size=8B cardinality=7.30K cost=860
|  |  |  in pipelines: 08(GETNEXT)
|  |  |
|  |  F05:PLAN FRAGMENT [RANDOM] hosts=1 instances=1
|  |  Per-Instance Resources: mem-estimate=16.05MB mem-reservation=1.00MB thread-reservation=1
|  |  max-parallelism=1 segment-costs=[196755]
|  |  08:SCAN HDFS [tpcds_partitioned_parquet_snap.date_dim, RANDOM]
|  |     HDFS partitions=1/1 files=1 size=2.17MB
|  |     predicates: d_date <= DATE '2001-09-26', d_date >= DATE '2001-08-27'
|  |     stored statistics:
|  |       table: rows=73.05K size=2.17MB
|  |       columns: all
|  |     extrapolated-rows=disabled max-scan-range-rows=73.05K
|  |     parquet statistics predicates: d_date <= DATE '2001-09-26', d_date >= DATE '2001-08-27'
|  |     parquet dictionary predicates: d_date <= DATE '2001-09-26', d_date >= DATE '2001-08-27'
|  |     mem-estimate=16.00MB mem-reservation=1.00MB thread-reservation=0
|  |     tuple-ids=6 row-size=8B cardinality=7.30K cost=196669
|  |     in pipelines: 08(GETNEXT)
|  |
|  07:SCAN HDFS [tpcds_partitioned_parquet_snap.store_returns, RANDOM]
|     HDFS partitions=2004/2004 files=2004 size=33.63MB
|     runtime filters: RF005[min_max] -> sr_store_sk, RF004[bloom] -> sr_store_sk, RF006[bloom] -> sr_returned_date_sk
|     stored statistics:
|       table: rows=863.99M size=48.14GB
|       partitions: 2004/2004 rows=863.99M
|       columns: all
|     extrapolated-rows=disabled max-scan-range-rows=30.09M
|     mem-estimate=16.00MB mem-reservation=512.00KB thread-reservation=0
|     tuple-ids=5 row-size=16B cardinality=863.99M cost=113699816
|     in pipelines: 07(GETNEXT)
|
42:AGGREGATE [FINALIZE]
|  output: sum:merge(ss_ext_sales_price), sum:merge(ss_net_profit)
|  group by: s_store_sk
|  mem-estimate=10.00MB mem-reservation=1.94MB spill-buffer=64.00KB thread-reservation=0
|  tuple-ids=3 row-size=36B cardinality=1.32K cost=3957
|  in pipelines: 42(GETNEXT), 01(OPEN)
|
41:EXCHANGE [HASH(s_store_sk)]
|  mem-estimate=4.69MB mem-reservation=0B thread-reservation=0
|  tuple-ids=3 row-size=36B cardinality=1.32K cost=52
|  in pipelines: 01(GETNEXT)
|
F00:PLAN FRAGMENT [RANDOM] hosts=10 instances=120
Per-Host Shared Resources: mem-estimate=2.00MB mem-reservation=2.00MB thread-reservation=0 runtime-filters-memory=2.00MB
Per-Instance Resources: mem-estimate=44.75MB mem-reservation=10.00MB thread-reservation=1
max-parallelism=1824 segment-costs=[43425877456, 52] cpu-comparison-result=120 [max(120 (self) vs 22 (sum children))]
06:AGGREGATE [STREAMING]
|  output: sum(ss_ext_sales_price), sum(ss_net_profit)
|  group by: s_store_sk
|  mem-estimate=10.00MB mem-reservation=2.00MB spill-buffer=64.00KB thread-reservation=0
|  tuple-ids=3 row-size=36B cardinality=1.32K cost=25919807488
|  in pipelines: 01(GETNEXT)
|
05:HASH JOIN [INNER JOIN, BROADCAST]
|  hash-table-id=08
|  hash predicates: ss_store_sk = s_store_sk
|  fk/pk conjuncts: ss_store_sk = s_store_sk
|  mem-estimate=0B mem-reservation=0B spill-buffer=64.00KB thread-reservation=0
|  tuple-ids=0,1,2 row-size=28B cardinality=8.64G cost=8639935488
|  in pipelines: 01(GETNEXT), 03(OPEN)
|
|--F33:PLAN FRAGMENT [RANDOM] hosts=10 instances=10
|  |  Per-Instance Resources: mem-estimate=24.27MB mem-reservation=24.25MB thread-reservation=1 runtime-filters-memory=1.00MB
|  |  max-parallelism=10 segment-costs=[1460]
|  JOIN BUILD
|  |  join-table-id=08 plan-id=09 cohort-id=01
|  |  build expressions: s_store_sk
|  |  runtime filters: RF000[bloom] <- s_store_sk, RF001[min_max] <- s_store_sk
|  |  mem-estimate=23.25MB mem-reservation=23.25MB spill-buffer=64.00KB thread-reservation=0 cost=1350
|  |
|  40:EXCHANGE [BROADCAST]
|  |  mem-estimate=16.00KB mem-reservation=0B thread-reservation=0
|  |  tuple-ids=2 row-size=4B cardinality=1.35K cost=110
|  |  in pipelines: 03(GETNEXT)
|  |
|  F02:PLAN FRAGMENT [RANDOM] hosts=1 instances=1
|  Per-Instance Resources: mem-estimate=16.03MB mem-reservation=16.00KB thread-reservation=1
|  max-parallelism=1 segment-costs=[50017]
|  03:SCAN HDFS [tpcds_partitioned_parquet_snap.store, RANDOM]
|     HDFS partitions=1/1 files=1 size=9.81KB
|     stored statistics:
|       table: rows=1.35K size=119.76KB
|       columns: all
|     extrapolated-rows=disabled max-scan-range-rows=1.35K
|     mem-estimate=16.00MB mem-reservation=16.00KB thread-reservation=0
|     tuple-ids=2 row-size=4B cardinality=1.35K cost=50006
|     in pipelines: 03(GETNEXT)
|
04:HASH JOIN [INNER JOIN, BROADCAST]
|  hash-table-id=09
|  hash predicates: ss_sold_date_sk = d_date_sk
|  fk/pk conjuncts: ss_sold_date_sk = d_date_sk
|  mem-estimate=0B mem-reservation=0B spill-buffer=64.00KB thread-reservation=0
|  tuple-ids=0,1 row-size=24B cardinality=8.64G cost=8639935488
|  in pipelines: 01(GETNEXT), 02(OPEN)
|
|--F34:PLAN FRAGMENT [RANDOM] hosts=10 instances=10
|  |  Per-Instance Resources: mem-estimate=24.32MB mem-reservation=24.25MB thread-reservation=1 runtime-filters-memory=1.00MB
|  |  max-parallelism=10 segment-costs=[8165]
|  JOIN BUILD
|  |  join-table-id=09 plan-id=10 cohort-id=01
|  |  build expressions: d_date_sk
|  |  runtime filters: RF002[bloom] <- d_date_sk
|  |  mem-estimate=23.25MB mem-reservation=23.25MB spill-buffer=64.00KB thread-reservation=0 cost=7305
|  |
|  39:EXCHANGE [BROADCAST]
|  |  mem-estimate=69.07KB mem-reservation=0B thread-reservation=0
|  |  tuple-ids=1 row-size=8B cardinality=7.30K cost=860
|  |  in pipelines: 02(GETNEXT)
|  |
|  F01:PLAN FRAGMENT [RANDOM] hosts=1 instances=1
|  Per-Instance Resources: mem-estimate=16.05MB mem-reservation=1.00MB thread-reservation=1
|  max-parallelism=1 segment-costs=[196755]
|  02:SCAN HDFS [tpcds_partitioned_parquet_snap.date_dim, RANDOM]
|     HDFS partitions=1/1 files=1 size=2.17MB
|     predicates: d_date <= DATE '2001-09-26', d_date >= DATE '2001-08-27'
|     stored statistics:
|       table: rows=73.05K size=2.17MB
|       columns: all
|     extrapolated-rows=disabled max-scan-range-rows=73.05K
|     parquet statistics predicates: d_date <= DATE '2001-09-26', d_date >= DATE '2001-08-27'
|     parquet dictionary predicates: d_date <= DATE '2001-09-26', d_date >= DATE '2001-08-27'
|     mem-estimate=16.00MB mem-reservation=1.00MB thread-reservation=0
|     tuple-ids=1 row-size=8B cardinality=7.30K cost=196669
|     in pipelines: 02(GETNEXT)
|
01:SCAN HDFS [tpcds_partitioned_parquet_snap.store_sales, RANDOM]
   HDFS partitions=1824/1824 files=1824 size=199.33MB
   runtime filters: RF001[min_max] -> ss_store_sk, RF000[bloom] -> ss_store_sk, RF002[bloom] -> ss_sold_date_sk
   stored statistics:
     table: rows=8.64G size=389.90GB
     partitions: 1824/1824 rows=8.64G
     columns: all
   extrapolated-rows=disabled max-scan-range-rows=390.22M
   mem-estimate=16.00MB mem-reservation=8.00MB thread-reservation=0
   tuple-ids=0 row-size=16B cardinality=8.64G cost=226198992
   in pipelines: 01(GETNEXT)
---- PARALLELPLANS
Max Per-Host Resource Reservation: Memory=723.36MB Threads=132
Per-Host Resource Estimates: Memory=4.38GB
F24:PLAN FRAGMENT [UNPARTITIONED] hosts=1 instances=1
|  Per-Instance Resources: mem-estimate=4.07MB mem-reservation=4.00MB thread-reservation=1
|  max-parallelism=1 segment-costs=[507] cpu-comparison-result=720 [max(1 (self) vs 720 (sum children))]
PLAN-ROOT SINK
|  output exprs: CASE valid_tid(32,30,31) WHEN 30 THEN channel WHEN 31 THEN channel WHEN 32 THEN NULL END, CASE valid_tid(32,30,31) WHEN 30 THEN id WHEN 31 THEN NULL WHEN 32 THEN NULL END, aggif(valid_tid(32,30,31) IN (30, 31, 32), CASE valid_tid(32,30,31) WHEN 30 THEN sum(sales) WHEN 31 THEN sum(sales) WHEN 32 THEN sum(sales) END), aggif(valid_tid(32,30,31) IN (30, 31, 32), CASE valid_tid(32,30,31) WHEN 30 THEN sum(`returns`) WHEN 31 THEN sum(`returns`) WHEN 32 THEN sum(`returns`) END), aggif(valid_tid(32,30,31) IN (30, 31, 32), CASE valid_tid(32,30,31) WHEN 30 THEN sum(profit) WHEN 31 THEN sum(profit) WHEN 32 THEN sum(profit) END)
|  mem-estimate=4.00MB mem-reservation=4.00MB spill-buffer=2.00MB thread-reservation=0 cost=500
|
64:MERGING-EXCHANGE [UNPARTITIONED]
|  order by: CASE valid_tid(32,30,31) WHEN 30 THEN channel WHEN 31 THEN channel WHEN 32 THEN NULL END ASC, CASE valid_tid(32,30,31) WHEN 30 THEN id WHEN 31 THEN NULL WHEN 32 THEN NULL END ASC
|  limit: 100
|  mem-estimate=67.03KB mem-reservation=0B thread-reservation=0
|  tuple-ids=34 row-size=64B cardinality=100 cost=7
|  in pipelines: 38(GETNEXT)
|
F23:PLAN FRAGMENT [HASH(CASE valid_tid(32,30,31) WHEN 30 THEN murmur_hash(channel) WHEN 31 THEN murmur_hash(channel) WHEN 32 THEN murmur_hash(NULL) END,CASE valid_tid(32,30,31) WHEN 30 THEN murmur_hash(id) WHEN 31 THEN murmur_hash(NULL) WHEN 32 THEN murmur_hash(NULL) END)] hosts=10 instances=10 (adjusted from 120)
Per-Instance Resources: mem-estimate=54.04MB mem-reservation=7.75MB thread-reservation=1
max-parallelism=10 segment-costs=[37575, 43362, 200, 7] cpu-comparison-result=720 [max(10 (self) vs 720 (sum children))]
38:TOP-N [LIMIT=100]
|  order by: CASE valid_tid(32,30,31) WHEN 30 THEN channel WHEN 31 THEN channel WHEN 32 THEN NULL END ASC, CASE valid_tid(32,30,31) WHEN 30 THEN id WHEN 31 THEN NULL WHEN 32 THEN NULL END ASC
|  mem-estimate=6.25KB mem-reservation=0B thread-reservation=0
|  tuple-ids=34 row-size=64B cardinality=100 cost=200
|  in pipelines: 38(GETNEXT), 37(OPEN)
|
37:AGGREGATE [FINALIZE]
|  output: aggif(valid_tid(32,30,31) IN (CAST(30 AS INT), CAST(31 AS INT), CAST(32 AS INT)), CASE valid_tid(32,30,31) WHEN CAST(30 AS INT) THEN sum(sales) WHEN CAST(31 AS INT) THEN sum(sales) WHEN CAST(32 AS INT) THEN sum(sales) END), aggif(valid_tid(32,30,31) IN (CAST(30 AS INT), CAST(31 AS INT), CAST(32 AS INT)), CASE valid_tid(32,30,31) WHEN CAST(30 AS INT) THEN sum(`returns`) WHEN CAST(31 AS INT) THEN sum(`returns`) WHEN CAST(32 AS INT) THEN sum(`returns`) END), aggif(valid_tid(32,30,31) IN (CAST(30 AS INT), CAST(31 AS INT), CAST(32 AS INT)), CASE valid_tid(32,30,31) WHEN CAST(30 AS INT) THEN sum(profit) WHEN CAST(31 AS INT) THEN sum(profit) WHEN CAST(32 AS INT) THEN sum(profit) END)
|  group by: CASE valid_tid(32,30,31) WHEN CAST(30 AS INT) THEN channel WHEN CAST(31 AS INT) THEN channel WHEN CAST(32 AS INT) THEN NULL END, CASE valid_tid(32,30,31) WHEN CAST(30 AS INT) THEN id WHEN CAST(31 AS INT) THEN NULL WHEN CAST(32 AS INT) THEN NULL END, CASE valid_tid(32,30,31) WHEN CAST(30 AS INT) THEN CAST(30 AS INT) WHEN CAST(31 AS INT) THEN CAST(31 AS INT) WHEN CAST(32 AS INT) THEN CAST(32 AS INT) END
|  mem-estimate=10.00MB mem-reservation=1.94MB spill-buffer=64.00KB thread-reservation=0
|  tuple-ids=33 row-size=68B cardinality=7.23K cost=43362
|  in pipelines: 37(GETNEXT), 63(OPEN)
|
63:AGGREGATE [FINALIZE]
|  Class 0
|    output: sum:merge(sales), sum:merge(`returns`), sum:merge(profit)
|    group by: channel, id
|  Class 1
|    output: sum:merge(sales), sum:merge(`returns`), sum:merge(profit)
|    group by: channel, NULL
|  Class 2
|    output: sum:merge(sales), sum:merge(`returns`), sum:merge(profit)
|    group by: NULL, NULL
|  mem-estimate=30.00MB mem-reservation=5.81MB thread-reservation=0
|  tuple-ids=30N,31N,32N row-size=192B cardinality=7.23K cost=36135
|  in pipelines: 63(GETNEXT), 42(OPEN), 49(OPEN), 57(OPEN)
|
62:EXCHANGE [HASH(CASE valid_tid(32,30,31) WHEN 30 THEN murmur_hash(channel) WHEN 31 THEN murmur_hash(channel) WHEN 32 THEN murmur_hash(NULL) END,CASE valid_tid(32,30,31) WHEN 30 THEN murmur_hash(id) WHEN 31 THEN murmur_hash(NULL) WHEN 32 THEN murmur_hash(NULL) END)]
|  mem-estimate=24.04MB mem-reservation=0B thread-reservation=0
|  tuple-ids=30N,31N,32N row-size=192B cardinality=7.23K cost=1440
|  in pipelines: 42(GETNEXT), 49(GETNEXT), 57(GETNEXT)
|
F22:PLAN FRAGMENT [RANDOM] hosts=10 instances=120
Per-Instance Resources: mem-estimate=52.67MB mem-reservation=7.94MB thread-reservation=1
max-parallelism=120 segment-costs=[4009, 146, 10941, 221609, 1440] cpu-comparison-result=720 [max(120 (self) vs 720 (sum children))]
36:AGGREGATE [STREAMING]
|  Class 0
|    output: sum(sales), sum(returns), sum(profit)
|    group by: channel, id
|  Class 1
|    output: sum(sales), sum(returns), sum(profit)
|    group by: channel, NULL
|  Class 2
|    output: sum(sales), sum(returns), sum(profit)
|    group by: NULL, NULL
|  mem-estimate=30.00MB mem-reservation=6.00MB thread-reservation=0
|  tuple-ids=30N,31N,32N row-size=192B cardinality=7.23K cost=108345
|  in pipelines: 42(GETNEXT), 49(GETNEXT), 57(GETNEXT)
|
00:UNION
|  mem-estimate=0B mem-reservation=0B thread-reservation=0
|  tuple-ids=28 row-size=64B cardinality=7.22K cost=108345
|  in pipelines: 42(GETNEXT), 49(GETNEXT), 57(GETNEXT)
|
|--35:HASH JOIN [LEFT OUTER JOIN, PARTITIONED]
|  |  hash-table-id=05
|  |  hash predicates: wp_web_page_sk = wp_web_page_sk
|  |  fk/pk conjuncts: wp_web_page_sk = wp_web_page_sk
|  |  mem-estimate=0B mem-reservation=0B spill-buffer=64.00KB thread-reservation=0
|  |  tuple-ids=21,26N row-size=72B cardinality=3.60K cost=3600
|  |  in pipelines: 57(GETNEXT), 61(OPEN)
|  |
|  |--F30:PLAN FRAGMENT [RANDOM] hosts=10 instances=120
|  |  |  Per-Instance Resources: mem-estimate=14.70MB mem-reservation=3.88MB thread-reservation=1
|  |  |  max-parallelism=120 segment-costs=[10941, 3600] cpu-comparison-result=120 [max(120 (self) vs 120 (sum children))]
|  |  JOIN BUILD
|  |  |  join-table-id=05 plan-id=06 cohort-id=01
|  |  |  build expressions: wp_web_page_sk
|  |  |  mem-estimate=1.94MB mem-reservation=1.94MB spill-buffer=64.00KB thread-reservation=0 cost=3600
|  |  |
|  |  61:AGGREGATE [FINALIZE]
|  |  |  output: sum:merge(wr_return_amt), sum:merge(wr_net_loss)
|  |  |  group by: wp_web_page_sk
|  |  |  mem-estimate=10.00MB mem-reservation=1.94MB spill-buffer=64.00KB thread-reservation=0
|  |  |  tuple-ids=26 row-size=36B cardinality=3.60K cost=10800
|  |  |  in pipelines: 61(GETNEXT), 29(OPEN)
|  |  |
|  |  60:EXCHANGE [HASH(wp_web_page_sk)]
|  |  |  mem-estimate=4.70MB mem-reservation=0B thread-reservation=0
|  |  |  tuple-ids=26 row-size=36B cardinality=3.60K cost=141
|  |  |  in pipelines: 29(GETNEXT)
|  |  |
|  |  F18:PLAN FRAGMENT [RANDOM] hosts=10 instances=120
|  |  Per-Host Shared Resources: mem-estimate=2.00MB mem-reservation=2.00MB thread-reservation=0 runtime-filters-memory=2.00MB
|  |  Per-Instance Resources: mem-estimate=44.75MB mem-reservation=2.25MB thread-reservation=1
|  |  max-parallelism=120 segment-costs=[1170803144, 141] cpu-comparison-result=120 [max(120 (self) vs 22 (sum children))]
|  |  34:AGGREGATE [STREAMING]
|  |  |  output: sum(wr_return_amt), sum(wr_net_loss)
|  |  |  group by: wp_web_page_sk
|  |  |  mem-estimate=10.00MB mem-reservation=2.00MB spill-buffer=64.00KB thread-reservation=0
|  |  |  tuple-ids=26 row-size=36B cardinality=3.60K cost=637036864
|  |  |  in pipelines: 29(GETNEXT)
|  |  |
|  |  33:HASH JOIN [INNER JOIN, BROADCAST]
|  |  |  hash-table-id=06
|  |  |  hash predicates: wr_returned_date_sk = d_date_sk
|  |  |  fk/pk conjuncts: wr_returned_date_sk = d_date_sk
|  |  |  mem-estimate=0B mem-reservation=0B spill-buffer=64.00KB thread-reservation=0
|  |  |  tuple-ids=23,25,24 row-size=28B cardinality=212.35M cost=212345616
|  |  |  in pipelines: 29(GETNEXT), 30(OPEN)
|  |  |
|  |  |--F31:PLAN FRAGMENT [RANDOM] hosts=10 instances=10
|  |  |  |  Per-Instance Resources: mem-estimate=24.32MB mem-reservation=24.25MB thread-reservation=1 runtime-filters-memory=1.00MB
|  |  |  |  max-parallelism=10 segment-costs=[8165]
|  |  |  JOIN BUILD
|  |  |  |  join-table-id=06 plan-id=07 cohort-id=04
|  |  |  |  build expressions: d_date_sk
|  |  |  |  runtime filters: RF016[bloom] <- d_date_sk
|  |  |  |  mem-estimate=23.25MB mem-reservation=23.25MB spill-buffer=64.00KB thread-reservation=0 cost=7305
|  |  |  |
|  |  |  59:EXCHANGE [BROADCAST]
|  |  |  |  mem-estimate=69.07KB mem-reservation=0B thread-reservation=0
|  |  |  |  tuple-ids=24 row-size=8B cardinality=7.30K cost=860
|  |  |  |  in pipelines: 30(GETNEXT)
|  |  |  |
|  |  |  F20:PLAN FRAGMENT [RANDOM] hosts=1 instances=1
|  |  |  Per-Instance Resources: mem-estimate=16.05MB mem-reservation=1.00MB thread-reservation=1
|  |  |  max-parallelism=1 segment-costs=[196755]
|  |  |  30:SCAN HDFS [tpcds_partitioned_parquet_snap.date_dim, RANDOM]
|  |  |     HDFS partitions=1/1 files=1 size=2.17MB
|  |  |     predicates: d_date <= DATE '2001-09-26', d_date >= DATE '2001-08-27'
|  |  |     stored statistics:
|  |  |       table: rows=73.05K size=2.17MB
|  |  |       columns: all
|  |  |     extrapolated-rows=disabled max-scan-range-rows=73.05K
|  |  |     parquet statistics predicates: d_date <= DATE '2001-09-26', d_date >= DATE '2001-08-27'
|  |  |     parquet dictionary predicates: d_date <= DATE '2001-09-26', d_date >= DATE '2001-08-27'
|  |  |     mem-estimate=16.00MB mem-reservation=1.00MB thread-reservation=0
|  |  |     tuple-ids=24 row-size=8B cardinality=7.30K cost=196669
|  |  |     in pipelines: 30(GETNEXT)
|  |  |
|  |  32:HASH JOIN [INNER JOIN, BROADCAST]
|  |  |  hash-table-id=07
|  |  |  hash predicates: wr_web_page_sk = wp_web_page_sk
|  |  |  fk/pk conjuncts: wr_web_page_sk = wp_web_page_sk
|  |  |  mem-estimate=0B mem-reservation=0B spill-buffer=64.00KB thread-reservation=0
|  |  |  tuple-ids=23,25 row-size=20B cardinality=212.35M cost=212345616
|  |  |  in pipelines: 29(GETNEXT), 31(OPEN)
|  |  |
|  |  |--F32:PLAN FRAGMENT [RANDOM] hosts=10 instances=10
|  |  |  |  Per-Instance Resources: mem-estimate=24.27MB mem-reservation=24.25MB thread-reservation=1 runtime-filters-memory=1.00MB
|  |  |  |  max-parallelism=10 segment-costs=[3890]
|  |  |  JOIN BUILD
|  |  |  |  join-table-id=07 plan-id=08 cohort-id=04
|  |  |  |  build expressions: wp_web_page_sk
|  |  |  |  runtime filters: RF018[bloom] <- wp_web_page_sk, RF019[min_max] <- wp_web_page_sk
|  |  |  |  mem-estimate=23.25MB mem-reservation=23.25MB spill-buffer=64.00KB thread-reservation=0 cost=3600
|  |  |  |
|  |  |  58:EXCHANGE [BROADCAST]
|  |  |  |  mem-estimate=22.06KB mem-reservation=0B thread-reservation=0
|  |  |  |  tuple-ids=25 row-size=4B cardinality=3.60K cost=290
|  |  |  |  in pipelines: 31(GETNEXT)
|  |  |  |
|  |  |  F19:PLAN FRAGMENT [RANDOM] hosts=1 instances=1
|  |  |  Per-Instance Resources: mem-estimate=16.03MB mem-reservation=8.00KB thread-reservation=1
|  |  |  max-parallelism=1 segment-costs=[50044]
|  |  |  31:SCAN HDFS [tpcds_partitioned_parquet_snap.web_page, RANDOM]
|  |  |     HDFS partitions=1/1 files=1 size=5.45KB
|  |  |     stored statistics:
|  |  |       table: rows=3.60K size=72.76KB
|  |  |       columns: all
|  |  |     extrapolated-rows=disabled max-scan-range-rows=3.60K
|  |  |     mem-estimate=16.00MB mem-reservation=8.00KB thread-reservation=0
|  |  |     tuple-ids=25 row-size=4B cardinality=3.60K cost=50015
|  |  |     in pipelines: 31(GETNEXT)
|  |  |
|  |  29:SCAN HDFS [tpcds_partitioned_parquet_snap.web_returns, RANDOM]
|  |     HDFS partitions=2114/2114 files=2114 size=20.70MB
|  |     runtime filters: RF019[min_max] -> wr_web_page_sk, RF018[bloom] -> wr_web_page_sk, RF016[bloom] -> wr_returned_date_sk
|  |     stored statistics:
|  |       table: rows=216.00M size=16.74GB
|  |       partitions: 2114/2114 rows=216.00M
|  |       columns: all
|  |     extrapolated-rows=disabled max-scan-range-rows=9.41M
|  |     mem-estimate=16.00MB mem-reservation=256.00KB thread-reservation=0
|  |     tuple-ids=23 row-size=16B cardinality=212.35M(filtered from 216.00M) cost=109075048
|  |     in pipelines: 29(GETNEXT)
|  |
|  57:AGGREGATE [FINALIZE]
|  |  output: sum:merge(ws_ext_sales_price), sum:merge(ws_net_profit)
|  |  group by: wp_web_page_sk
|  |  mem-estimate=10.00MB mem-reservation=1.94MB spill-buffer=64.00KB thread-reservation=0
|  |  tuple-ids=21 row-size=36B cardinality=3.60K cost=10800
|  |  in pipelines: 57(GETNEXT), 23(OPEN)
|  |
|  56:EXCHANGE [HASH(wp_web_page_sk)]
|  |  mem-estimate=4.70MB mem-reservation=0B thread-reservation=0
|  |  tuple-ids=21 row-size=36B cardinality=3.60K cost=141
|  |  in pipelines: 23(GETNEXT)
|  |
|  F14:PLAN FRAGMENT [RANDOM] hosts=10 instances=120
|  Per-Host Shared Resources: mem-estimate=2.00MB mem-reservation=2.00MB thread-reservation=0 runtime-filters-memory=2.00MB
|  Per-Instance Resources: mem-estimate=44.75MB mem-reservation=2.12MB thread-reservation=1
|  max-parallelism=1080 segment-costs=[10741940992, 141] cpu-comparison-result=120 [max(120 (self) vs 22 (sum children))]
|  28:AGGREGATE [STREAMING]
|  |  output: sum(ws_ext_sales_price), sum(ws_net_profit)
|  |  group by: wp_web_page_sk
|  |  mem-estimate=10.00MB mem-reservation=2.00MB spill-buffer=64.00KB thread-reservation=0
|  |  tuple-ids=21 row-size=36B cardinality=3.60K cost=6370194944
|  |  in pipelines: 23(GETNEXT)
|  |
|  27:HASH JOIN [INNER JOIN, BROADCAST]
|  |  hash-table-id=11
|  |  hash predicates: ws_sold_date_sk = d_date_sk
|  |  fk/pk conjuncts: ws_sold_date_sk = d_date_sk
|  |  mem-estimate=0B mem-reservation=0B spill-buffer=64.00KB thread-reservation=0
|  |  tuple-ids=18,20,19 row-size=28B cardinality=2.12G cost=2123398272
|  |  in pipelines: 23(GETNEXT), 24(OPEN)
|  |
|  |--F36:PLAN FRAGMENT [RANDOM] hosts=10 instances=10
|  |  |  Per-Instance Resources: mem-estimate=24.32MB mem-reservation=24.25MB thread-reservation=1 runtime-filters-memory=1.00MB
|  |  |  max-parallelism=10 segment-costs=[8165]
|  |  JOIN BUILD
|  |  |  join-table-id=11 plan-id=12 cohort-id=01
|  |  |  build expressions: d_date_sk
|  |  |  runtime filters: RF012[bloom] <- d_date_sk
|  |  |  mem-estimate=23.25MB mem-reservation=23.25MB spill-buffer=64.00KB thread-reservation=0 cost=7305
|  |  |
|  |  55:EXCHANGE [BROADCAST]
|  |  |  mem-estimate=69.07KB mem-reservation=0B thread-reservation=0
|  |  |  tuple-ids=19 row-size=8B cardinality=7.30K cost=860
|  |  |  in pipelines: 24(GETNEXT)
|  |  |
|  |  F16:PLAN FRAGMENT [RANDOM] hosts=1 instances=1
|  |  Per-Instance Resources: mem-estimate=16.05MB mem-reservation=1.00MB thread-reservation=1
|  |  max-parallelism=1 segment-costs=[196755]
|  |  24:SCAN HDFS [tpcds_partitioned_parquet_snap.date_dim, RANDOM]
|  |     HDFS partitions=1/1 files=1 size=2.17MB
|  |     predicates: d_date <= DATE '2001-09-26', d_date >= DATE '2001-08-27'
|  |     stored statistics:
|  |       table: rows=73.05K size=2.17MB
|  |       columns: all
|  |     extrapolated-rows=disabled max-scan-range-rows=73.05K
|  |     parquet statistics predicates: d_date <= DATE '2001-09-26', d_date >= DATE '2001-08-27'
|  |     parquet dictionary predicates: d_date <= DATE '2001-09-26', d_date >= DATE '2001-08-27'
|  |     mem-estimate=16.00MB mem-reservation=1.00MB thread-reservation=0
|  |     tuple-ids=19 row-size=8B cardinality=7.30K cost=196669
|  |     in pipelines: 24(GETNEXT)
|  |
|  26:HASH JOIN [INNER JOIN, BROADCAST]
|  |  hash-table-id=12
|  |  hash predicates: ws_web_page_sk = wp_web_page_sk
|  |  fk/pk conjuncts: ws_web_page_sk = wp_web_page_sk
|  |  mem-estimate=0B mem-reservation=0B spill-buffer=64.00KB thread-reservation=0
|  |  tuple-ids=18,20 row-size=20B cardinality=2.12G cost=2123398272
|  |  in pipelines: 23(GETNEXT), 25(OPEN)
|  |
|  |--F37:PLAN FRAGMENT [RANDOM] hosts=10 instances=10
|  |  |  Per-Instance Resources: mem-estimate=24.27MB mem-reservation=24.25MB thread-reservation=1 runtime-filters-memory=1.00MB
|  |  |  max-parallelism=10 segment-costs=[3890]
|  |  JOIN BUILD
|  |  |  join-table-id=12 plan-id=13 cohort-id=01
|  |  |  build expressions: wp_web_page_sk
|  |  |  runtime filters: RF014[bloom] <- wp_web_page_sk, RF015[min_max] <- wp_web_page_sk
|  |  |  mem-estimate=23.25MB mem-reservation=23.25MB spill-buffer=64.00KB thread-reservation=0 cost=3600
|  |  |
|  |  54:EXCHANGE [BROADCAST]
|  |  |  mem-estimate=22.06KB mem-reservation=0B thread-reservation=0
|  |  |  tuple-ids=20 row-size=4B cardinality=3.60K cost=290
|  |  |  in pipelines: 25(GETNEXT)
|  |  |
|  |  F15:PLAN FRAGMENT [RANDOM] hosts=1 instances=1
|  |  Per-Instance Resources: mem-estimate=16.03MB mem-reservation=8.00KB thread-reservation=1
|  |  max-parallelism=1 segment-costs=[50044]
|  |  25:SCAN HDFS [tpcds_partitioned_parquet_snap.web_page, RANDOM]
|  |     HDFS partitions=1/1 files=1 size=5.45KB
|  |     stored statistics:
|  |       table: rows=3.60K size=72.76KB
|  |       columns: all
|  |     extrapolated-rows=disabled max-scan-range-rows=3.60K
|  |     mem-estimate=16.00MB mem-reservation=8.00KB thread-reservation=0
|  |     tuple-ids=20 row-size=4B cardinality=3.60K cost=50015
|  |     in pipelines: 25(GETNEXT)
|  |
|  23:SCAN HDFS [tpcds_partitioned_parquet_snap.web_sales, RANDOM]
|     HDFS partitions=1824/1824 files=1824 size=84.18MB
|     runtime filters: RF015[min_max] -> ws_web_page_sk, RF014[bloom] -> ws_web_page_sk, RF012[bloom] -> ws_sold_date_sk
|     stored statistics:
|       table: rows=2.16G size=145.75GB
|       partitions: 1824/1824 rows=2.16G
|       columns: all
|     extrapolated-rows=disabled max-scan-range-rows=3.37M
|     mem-estimate=16.00MB mem-reservation=128.00KB thread-reservation=0
|     tuple-ids=18 row-size=16B cardinality=2.12G(filtered from 2.16G) cost=124949504
|     in pipelines: 23(GETNEXT)
|
|--22:NESTED LOOP JOIN [CROSS JOIN, BROADCAST]
|  |  join table id: 03
|  |  mem-estimate=0B mem-reservation=0B thread-reservation=0
|  |  tuple-ids=12,16 row-size=72B cardinality=2.30K cost=0
|  |  in pipelines: 49(GETNEXT), 52(OPEN)
|  |
|  |--F28:PLAN FRAGMENT [RANDOM] hosts=10 instances=10
|  |  |  Per-Instance Resources: mem-estimate=22.12KB mem-reservation=0B thread-reservation=1
|  |  |  max-parallelism=10 segment-costs=[20] cpu-comparison-result=120 [max(10 (self) vs 120 (sum children))]
|  |  JOIN BUILD
|  |  |  join-table-id=03 plan-id=04 cohort-id=01
|  |  |  mem-estimate=1.69KB mem-reservation=0B thread-reservation=0 cost=0
|  |  |
|  |  53:EXCHANGE [BROADCAST]
|  |  |  mem-estimate=20.44KB mem-reservation=0B thread-reservation=0
|  |  |  tuple-ids=16 row-size=36B cardinality=48 cost=20
|  |  |  in pipelines: 52(GETNEXT)
|  |  |
|  |  F13:PLAN FRAGMENT [HASH(cr_call_center_sk)] hosts=10 instances=10 (adjusted from 120)
|  |  Per-Instance Resources: mem-estimate=10.22MB mem-reservation=1.94MB thread-reservation=1
|  |  max-parallelism=10 segment-costs=[146, 2] cpu-comparison-result=120 [max(10 (self) vs 120 (sum children))]
|  |  52:AGGREGATE [FINALIZE]
|  |  |  output: sum:merge(cr_return_amount), sum:merge(cr_net_loss)
|  |  |  group by: cr_call_center_sk
|  |  |  mem-estimate=10.00MB mem-reservation=1.94MB spill-buffer=64.00KB thread-reservation=0
|  |  |  tuple-ids=16 row-size=36B cardinality=48 cost=144
|  |  |  in pipelines: 52(GETNEXT), 18(OPEN)
|  |  |
|  |  51:EXCHANGE [HASH(cr_call_center_sk)]
|  |  |  mem-estimate=225.17KB mem-reservation=0B thread-reservation=0
|  |  |  tuple-ids=16 row-size=36B cardinality=48 cost=2
|  |  |  in pipelines: 18(GETNEXT)
|  |  |
|  |  F11:PLAN FRAGMENT [RANDOM] hosts=10 instances=120
|  |  Per-Host Shared Resources: mem-estimate=1.00MB mem-reservation=1.00MB thread-reservation=0 runtime-filters-memory=1.00MB
|  |  Per-Instance Resources: mem-estimate=27.56MB mem-reservation=2.03MB thread-reservation=1
|  |  max-parallelism=190 segment-costs=[1837818200, 2] cpu-comparison-result=120 [max(120 (self) vs 11 (sum children))]
|  |  21:AGGREGATE [STREAMING]
|  |  |  output: sum(cr_return_amount), sum(cr_net_loss)
|  |  |  group by: cr_call_center_sk
|  |  |  mem-estimate=10.00MB mem-reservation=2.00MB spill-buffer=64.00KB thread-reservation=0
|  |  |  tuple-ids=16 row-size=36B cardinality=48 cost=1296050944
|  |  |  in pipelines: 18(GETNEXT)
|  |  |
|  |  20:HASH JOIN [INNER JOIN, BROADCAST]
|  |  |  hash-table-id=04
|  |  |  hash predicates: cr_returned_date_sk = d_date_sk
|  |  |  fk/pk conjuncts: cr_returned_date_sk = d_date_sk
|  |  |  mem-estimate=0B mem-reservation=0B spill-buffer=64.00KB thread-reservation=0
|  |  |  tuple-ids=14,15 row-size=24B cardinality=432.02M cost=432016992
|  |  |  in pipelines: 18(GETNEXT), 19(OPEN)
|  |  |
|  |  |--F29:PLAN FRAGMENT [RANDOM] hosts=10 instances=10
|  |  |  |  Per-Instance Resources: mem-estimate=24.32MB mem-reservation=24.25MB thread-reservation=1 runtime-filters-memory=1.00MB
|  |  |  |  max-parallelism=10 segment-costs=[8165]
|  |  |  JOIN BUILD
|  |  |  |  join-table-id=04 plan-id=05 cohort-id=03
|  |  |  |  build expressions: d_date_sk
|  |  |  |  runtime filters: RF010[bloom] <- d_date_sk
|  |  |  |  mem-estimate=23.25MB mem-reservation=23.25MB spill-buffer=64.00KB thread-reservation=0 cost=7305
|  |  |  |
|  |  |  50:EXCHANGE [BROADCAST]
|  |  |  |  mem-estimate=69.07KB mem-reservation=0B thread-reservation=0
|  |  |  |  tuple-ids=15 row-size=8B cardinality=7.30K cost=860
|  |  |  |  in pipelines: 19(GETNEXT)
|  |  |  |
|  |  |  F12:PLAN FRAGMENT [RANDOM] hosts=1 instances=1
|  |  |  Per-Instance Resources: mem-estimate=16.05MB mem-reservation=1.00MB thread-reservation=1
|  |  |  max-parallelism=1 segment-costs=[196755]
|  |  |  19:SCAN HDFS [tpcds_partitioned_parquet_snap.date_dim, RANDOM]
|  |  |     HDFS partitions=1/1 files=1 size=2.17MB
|  |  |     predicates: d_date <= DATE '2001-09-26', d_date >= DATE '2001-08-27'
|  |  |     stored statistics:
|  |  |       table: rows=73.05K size=2.17MB
|  |  |       columns: all
|  |  |     extrapolated-rows=disabled max-scan-range-rows=73.05K
|  |  |     parquet statistics predicates: d_date <= DATE '2001-09-26', d_date >= DATE '2001-08-27'
|  |  |     parquet dictionary predicates: d_date <= DATE '2001-09-26', d_date >= DATE '2001-08-27'
|  |  |     mem-estimate=16.00MB mem-reservation=1.00MB thread-reservation=0
|  |  |     tuple-ids=15 row-size=8B cardinality=7.30K cost=196669
|  |  |     in pipelines: 19(GETNEXT)
|  |  |
|  |  18:SCAN HDFS [tpcds_partitioned_parquet_snap.catalog_returns, RANDOM]
|  |     HDFS partitions=2060/2060 files=2060 size=30.47MB
|  |     runtime filters: RF010[bloom] -> cr_returned_date_sk
|  |     stored statistics:
|  |       table: rows=432.02M size=32.77GB
|  |       partitions: 2060/2060 rows=432.02M
|  |       columns: all
|  |     extrapolated-rows=disabled max-scan-range-rows=416.82K
|  |     mem-estimate=16.00MB mem-reservation=32.00KB thread-reservation=0
|  |     tuple-ids=14 row-size=16B cardinality=432.02M cost=109750264
|  |     in pipelines: 18(GETNEXT)
|  |
|  49:AGGREGATE [FINALIZE]
|  |  output: sum:merge(cs_ext_sales_price), sum:merge(cs_net_profit)
|  |  group by: cs_call_center_sk
|  |  mem-estimate=10.00MB mem-reservation=1.94MB spill-buffer=64.00KB thread-reservation=0
|  |  tuple-ids=12 row-size=36B cardinality=48 cost=144
|  |  in pipelines: 49(GETNEXT), 14(OPEN)
|  |
|  48:EXCHANGE [HASH(cs_call_center_sk)]
|  |  mem-estimate=225.17KB mem-reservation=0B thread-reservation=0
|  |  tuple-ids=12 row-size=36B cardinality=48 cost=2
|  |  in pipelines: 14(GETNEXT)
|  |
|  F08:PLAN FRAGMENT [RANDOM] hosts=10 instances=120
|  Per-Host Shared Resources: mem-estimate=1.00MB mem-reservation=1.00MB thread-reservation=0 runtime-filters-memory=1.00MB
|  Per-Instance Resources: mem-estimate=44.75MB mem-reservation=3.00MB thread-reservation=1
|  max-parallelism=1750 segment-costs=[17439362496, 2] cpu-comparison-result=120 [max(120 (self) vs 11 (sum children))]
|  17:AGGREGATE [STREAMING]
|  |  output: sum(cs_ext_sales_price), sum(cs_net_profit)
|  |  group by: cs_call_center_sk
|  |  mem-estimate=10.00MB mem-reservation=2.00MB spill-buffer=64.00KB thread-reservation=0
|  |  tuple-ids=12 row-size=36B cardinality=48 cost=12960233472
|  |  in pipelines: 14(GETNEXT)
|  |
|  16:HASH JOIN [INNER JOIN, BROADCAST]
|  |  hash-table-id=10
|  |  hash predicates: cs_sold_date_sk = d_date_sk
|  |  fk/pk conjuncts: cs_sold_date_sk = d_date_sk
|  |  mem-estimate=0B mem-reservation=0B spill-buffer=64.00KB thread-reservation=0
|  |  tuple-ids=10,11 row-size=24B cardinality=4.32G cost=4320077824
|  |  in pipelines: 14(GETNEXT), 15(OPEN)
|  |
|  |--F35:PLAN FRAGMENT [RANDOM] hosts=10 instances=10
|  |  |  Per-Instance Resources: mem-estimate=24.32MB mem-reservation=24.25MB thread-reservation=1 runtime-filters-memory=1.00MB
|  |  |  max-parallelism=10 segment-costs=[8165]
|  |  JOIN BUILD
|  |  |  join-table-id=10 plan-id=11 cohort-id=01
|  |  |  build expressions: d_date_sk
|  |  |  runtime filters: RF008[bloom] <- d_date_sk
|  |  |  mem-estimate=23.25MB mem-reservation=23.25MB spill-buffer=64.00KB thread-reservation=0 cost=7305
|  |  |
|  |  47:EXCHANGE [BROADCAST]
|  |  |  mem-estimate=69.07KB mem-reservation=0B thread-reservation=0
|  |  |  tuple-ids=11 row-size=8B cardinality=7.30K cost=860
|  |  |  in pipelines: 15(GETNEXT)
|  |  |
|  |  F09:PLAN FRAGMENT [RANDOM] hosts=1 instances=1
|  |  Per-Instance Resources: mem-estimate=16.05MB mem-reservation=1.00MB thread-reservation=1
|  |  max-parallelism=1 segment-costs=[196755]
|  |  15:SCAN HDFS [tpcds_partitioned_parquet_snap.date_dim, RANDOM]
|  |     HDFS partitions=1/1 files=1 size=2.17MB
|  |     predicates: d_date <= DATE '2001-09-26', d_date >= DATE '2001-08-27'
|  |     stored statistics:
|  |       table: rows=73.05K size=2.17MB
|  |       columns: all
|  |     extrapolated-rows=disabled max-scan-range-rows=73.05K
|  |     parquet statistics predicates: d_date <= DATE '2001-09-26', d_date >= DATE '2001-08-27'
|  |     parquet dictionary predicates: d_date <= DATE '2001-09-26', d_date >= DATE '2001-08-27'
|  |     mem-estimate=16.00MB mem-reservation=1.00MB thread-reservation=0
|  |     tuple-ids=11 row-size=8B cardinality=7.30K cost=196669
|  |     in pipelines: 15(GETNEXT)
|  |
|  14:SCAN HDFS [tpcds_partitioned_parquet_snap.catalog_sales, RANDOM]
|     HDFS partitions=1831/1831 files=1831 size=150.82MB
|     runtime filters: RF008[bloom] -> cs_sold_date_sk
|     stored statistics:
|       table: rows=4.32G size=280.96GB
|       partitions: 1831/1831 rows=4.32G
|       columns: all
|     extrapolated-rows=disabled max-scan-range-rows=21.52M
|     mem-estimate=16.00MB mem-reservation=1.00MB thread-reservation=0
|     tuple-ids=10 row-size=16B cardinality=4.32G cost=159051200
|     in pipelines: 14(GETNEXT)
|
13:HASH JOIN [LEFT OUTER JOIN, PARTITIONED]
|  hash-table-id=00
|  hash predicates: s_store_sk = s_store_sk
|  fk/pk conjuncts: s_store_sk = s_store_sk
|  mem-estimate=0B mem-reservation=0B spill-buffer=64.00KB thread-reservation=0
|  tuple-ids=3,8N row-size=72B cardinality=1.32K cost=1319
|  in pipelines: 42(GETNEXT), 46(OPEN)
|
|--F25:PLAN FRAGMENT [RANDOM] hosts=10 instances=120
|  |  Per-Instance Resources: mem-estimate=14.69MB mem-reservation=3.88MB thread-reservation=1
|  |  max-parallelism=120 segment-costs=[4009, 1319] cpu-comparison-result=120 [max(120 (self) vs 120 (sum children))]
|  JOIN BUILD
|  |  join-table-id=00 plan-id=01 cohort-id=01
|  |  build expressions: s_store_sk
|  |  mem-estimate=1.94MB mem-reservation=1.94MB spill-buffer=64.00KB thread-reservation=0 cost=1319
|  |
|  46:AGGREGATE [FINALIZE]
|  |  output: sum:merge(sr_return_amt), sum:merge(sr_net_loss)
|  |  group by: s_store_sk
|  |  mem-estimate=10.00MB mem-reservation=1.94MB spill-buffer=64.00KB thread-reservation=0
|  |  tuple-ids=8 row-size=36B cardinality=1.32K cost=3957
|  |  in pipelines: 46(GETNEXT), 07(OPEN)
|  |
|  45:EXCHANGE [HASH(s_store_sk)]
|  |  mem-estimate=4.69MB mem-reservation=0B thread-reservation=0
|  |  tuple-ids=8 row-size=36B cardinality=1.32K cost=52
|  |  in pipelines: 07(GETNEXT)
|  |
|  F04:PLAN FRAGMENT [RANDOM] hosts=10 instances=120
|  Per-Host Shared Resources: mem-estimate=2.00MB mem-reservation=2.00MB thread-reservation=0 runtime-filters-memory=2.00MB
|  Per-Instance Resources: mem-estimate=44.75MB mem-reservation=2.50MB thread-reservation=1
|  max-parallelism=450 segment-costs=[4433642728, 52] cpu-comparison-result=120 [max(120 (self) vs 22 (sum children))]
|  12:AGGREGATE [STREAMING]
|  |  output: sum(sr_return_amt), sum(sr_net_loss)
|  |  group by: s_store_sk
|  |  mem-estimate=10.00MB mem-reservation=2.00MB spill-buffer=64.00KB thread-reservation=0
|  |  tuple-ids=8 row-size=36B cardinality=1.32K cost=2591965696
|  |  in pipelines: 07(GETNEXT)
|  |
|  11:HASH JOIN [INNER JOIN, BROADCAST]
|  |  hash-table-id=01
|  |  hash predicates: sr_store_sk = s_store_sk
|  |  fk/pk conjuncts: sr_store_sk = s_store_sk
|  |  mem-estimate=0B mem-reservation=0B spill-buffer=64.00KB thread-reservation=0
|  |  tuple-ids=5,6,7 row-size=28B cardinality=863.99M cost=863988608
|  |  in pipelines: 07(GETNEXT), 09(OPEN)
|  |
|  |--F26:PLAN FRAGMENT [RANDOM] hosts=10 instances=10
|  |  |  Per-Instance Resources: mem-estimate=24.27MB mem-reservation=24.25MB thread-reservation=1 runtime-filters-memory=1.00MB
|  |  |  max-parallelism=10 segment-costs=[1460]
|  |  JOIN BUILD
|  |  |  join-table-id=01 plan-id=02 cohort-id=02
|  |  |  build expressions: s_store_sk
|  |  |  runtime filters: RF004[bloom] <- s_store_sk, RF005[min_max] <- s_store_sk
|  |  |  mem-estimate=23.25MB mem-reservation=23.25MB spill-buffer=64.00KB thread-reservation=0 cost=1350
|  |  |
|  |  44:EXCHANGE [BROADCAST]
|  |  |  mem-estimate=16.00KB mem-reservation=0B thread-reservation=0
|  |  |  tuple-ids=7 row-size=4B cardinality=1.35K cost=110
|  |  |  in pipelines: 09(GETNEXT)
|  |  |
|  |  F06:PLAN FRAGMENT [RANDOM] hosts=1 instances=1
|  |  Per-Instance Resources: mem-estimate=16.03MB mem-reservation=16.00KB thread-reservation=1
|  |  max-parallelism=1 segment-costs=[50017]
|  |  09:SCAN HDFS [tpcds_partitioned_parquet_snap.store, RANDOM]
|  |     HDFS partitions=1/1 files=1 size=9.81KB
|  |     stored statistics:
|  |       table: rows=1.35K size=119.76KB
|  |       columns: all
|  |     extrapolated-rows=disabled max-scan-range-rows=1.35K
|  |     mem-estimate=16.00MB mem-reservation=16.00KB thread-reservation=0
|  |     tuple-ids=7 row-size=4B cardinality=1.35K cost=50006
|  |     in pipelines: 09(GETNEXT)
|  |
|  10:HASH JOIN [INNER JOIN, BROADCAST]
|  |  hash-table-id=02
|  |  hash predicates: sr_returned_date_sk = d_date_sk
|  |  fk/pk conjuncts: sr_returned_date_sk = d_date_sk
|  |  mem-estimate=0B mem-reservation=0B spill-buffer=64.00KB thread-reservation=0
|  |  tuple-ids=5,6 row-size=24B cardinality=863.99M cost=863988608
|  |  in pipelines: 07(GETNEXT), 08(OPEN)
|  |
|  |--F27:PLAN FRAGMENT [RANDOM] hosts=10 instances=10
|  |  |  Per-Instance Resources: mem-estimate=24.32MB mem-reservation=24.25MB thread-reservation=1 runtime-filters-memory=1.00MB
|  |  |  max-parallelism=10 segment-costs=[8165]
|  |  JOIN BUILD
|  |  |  join-table-id=02 plan-id=03 cohort-id=02
|  |  |  build expressions: d_date_sk
|  |  |  runtime filters: RF006[bloom] <- d_date_sk
|  |  |  mem-estimate=23.25MB mem-reservation=23.25MB spill-buffer=64.00KB thread-reservation=0 cost=7305
|  |  |
|  |  43:EXCHANGE [BROADCAST]
|  |  |  mem-estimate=69.07KB mem-reservation=0B thread-reservation=0
|  |  |  tuple-ids=6 row-size=8B cardinality=7.30K cost=860
|  |  |  in pipelines: 08(GETNEXT)
|  |  |
|  |  F05:PLAN FRAGMENT [RANDOM] hosts=1 instances=1
|  |  Per-Instance Resources: mem-estimate=16.05MB mem-reservation=1.00MB thread-reservation=1
|  |  max-parallelism=1 segment-costs=[196755]
|  |  08:SCAN HDFS [tpcds_partitioned_parquet_snap.date_dim, RANDOM]
|  |     HDFS partitions=1/1 files=1 size=2.17MB
|  |     predicates: d_date <= DATE '2001-09-26', d_date >= DATE '2001-08-27'
|  |     stored statistics:
|  |       table: rows=73.05K size=2.17MB
|  |       columns: all
|  |     extrapolated-rows=disabled max-scan-range-rows=73.05K
|  |     parquet statistics predicates: d_date <= DATE '2001-09-26', d_date >= DATE '2001-08-27'
|  |     parquet dictionary predicates: d_date <= DATE '2001-09-26', d_date >= DATE '2001-08-27'
|  |     mem-estimate=16.00MB mem-reservation=1.00MB thread-reservation=0
|  |     tuple-ids=6 row-size=8B cardinality=7.30K cost=196669
|  |     in pipelines: 08(GETNEXT)
|  |
|  07:SCAN HDFS [tpcds_partitioned_parquet_snap.store_returns, RANDOM]
|     HDFS partitions=2004/2004 files=2004 size=33.63MB
|     runtime filters: RF005[min_max] -> sr_store_sk, RF004[bloom] -> sr_store_sk, RF006[bloom] -> sr_returned_date_sk
|     stored statistics:
|       table: rows=863.99M size=48.14GB
|       partitions: 2004/2004 rows=863.99M
|       columns: all
|     extrapolated-rows=disabled max-scan-range-rows=30.09M
|     mem-estimate=16.00MB mem-reservation=512.00KB thread-reservation=0
|     tuple-ids=5 row-size=16B cardinality=863.99M cost=113699816
|     in pipelines: 07(GETNEXT)
|
42:AGGREGATE [FINALIZE]
|  output: sum:merge(ss_ext_sales_price), sum:merge(ss_net_profit)
|  group by: s_store_sk
|  mem-estimate=10.00MB mem-reservation=1.94MB spill-buffer=64.00KB thread-reservation=0
|  tuple-ids=3 row-size=36B cardinality=1.32K cost=3957
|  in pipelines: 42(GETNEXT), 01(OPEN)
|
41:EXCHANGE [HASH(s_store_sk)]
|  mem-estimate=4.69MB mem-reservation=0B thread-reservation=0
|  tuple-ids=3 row-size=36B cardinality=1.32K cost=52
|  in pipelines: 01(GETNEXT)
|
F00:PLAN FRAGMENT [RANDOM] hosts=10 instances=120
Per-Host Shared Resources: mem-estimate=2.00MB mem-reservation=2.00MB thread-reservation=0 runtime-filters-memory=2.00MB
Per-Instance Resources: mem-estimate=44.75MB mem-reservation=10.00MB thread-reservation=1
max-parallelism=1824 segment-costs=[43425877456, 52] cpu-comparison-result=120 [max(120 (self) vs 22 (sum children))]
06:AGGREGATE [STREAMING]
|  output: sum(ss_ext_sales_price), sum(ss_net_profit)
|  group by: s_store_sk
|  mem-estimate=10.00MB mem-reservation=2.00MB spill-buffer=64.00KB thread-reservation=0
|  tuple-ids=3 row-size=36B cardinality=1.32K cost=25919807488
|  in pipelines: 01(GETNEXT)
|
05:HASH JOIN [INNER JOIN, BROADCAST]
|  hash-table-id=08
|  hash predicates: ss_store_sk = s_store_sk
|  fk/pk conjuncts: ss_store_sk = s_store_sk
|  mem-estimate=0B mem-reservation=0B spill-buffer=64.00KB thread-reservation=0
|  tuple-ids=0,1,2 row-size=28B cardinality=8.64G cost=8639935488
|  in pipelines: 01(GETNEXT), 03(OPEN)
|
|--F33:PLAN FRAGMENT [RANDOM] hosts=10 instances=10
|  |  Per-Instance Resources: mem-estimate=24.27MB mem-reservation=24.25MB thread-reservation=1 runtime-filters-memory=1.00MB
|  |  max-parallelism=10 segment-costs=[1460]
|  JOIN BUILD
|  |  join-table-id=08 plan-id=09 cohort-id=01
|  |  build expressions: s_store_sk
|  |  runtime filters: RF000[bloom] <- s_store_sk, RF001[min_max] <- s_store_sk
|  |  mem-estimate=23.25MB mem-reservation=23.25MB spill-buffer=64.00KB thread-reservation=0 cost=1350
|  |
|  40:EXCHANGE [BROADCAST]
|  |  mem-estimate=16.00KB mem-reservation=0B thread-reservation=0
|  |  tuple-ids=2 row-size=4B cardinality=1.35K cost=110
|  |  in pipelines: 03(GETNEXT)
|  |
|  F02:PLAN FRAGMENT [RANDOM] hosts=1 instances=1
|  Per-Instance Resources: mem-estimate=16.03MB mem-reservation=16.00KB thread-reservation=1
|  max-parallelism=1 segment-costs=[50017]
|  03:SCAN HDFS [tpcds_partitioned_parquet_snap.store, RANDOM]
|     HDFS partitions=1/1 files=1 size=9.81KB
|     stored statistics:
|       table: rows=1.35K size=119.76KB
|       columns: all
|     extrapolated-rows=disabled max-scan-range-rows=1.35K
|     mem-estimate=16.00MB mem-reservation=16.00KB thread-reservation=0
|     tuple-ids=2 row-size=4B cardinality=1.35K cost=50006
|     in pipelines: 03(GETNEXT)
|
04:HASH JOIN [INNER JOIN, BROADCAST]
|  hash-table-id=09
|  hash predicates: ss_sold_date_sk = d_date_sk
|  fk/pk conjuncts: ss_sold_date_sk = d_date_sk
|  mem-estimate=0B mem-reservation=0B spill-buffer=64.00KB thread-reservation=0
|  tuple-ids=0,1 row-size=24B cardinality=8.64G cost=8639935488
|  in pipelines: 01(GETNEXT), 02(OPEN)
|
|--F34:PLAN FRAGMENT [RANDOM] hosts=10 instances=10
|  |  Per-Instance Resources: mem-estimate=24.32MB mem-reservation=24.25MB thread-reservation=1 runtime-filters-memory=1.00MB
|  |  max-parallelism=10 segment-costs=[8165]
|  JOIN BUILD
|  |  join-table-id=09 plan-id=10 cohort-id=01
|  |  build expressions: d_date_sk
|  |  runtime filters: RF002[bloom] <- d_date_sk
|  |  mem-estimate=23.25MB mem-reservation=23.25MB spill-buffer=64.00KB thread-reservation=0 cost=7305
|  |
|  39:EXCHANGE [BROADCAST]
|  |  mem-estimate=69.07KB mem-reservation=0B thread-reservation=0
|  |  tuple-ids=1 row-size=8B cardinality=7.30K cost=860
|  |  in pipelines: 02(GETNEXT)
|  |
|  F01:PLAN FRAGMENT [RANDOM] hosts=1 instances=1
|  Per-Instance Resources: mem-estimate=16.05MB mem-reservation=1.00MB thread-reservation=1
|  max-parallelism=1 segment-costs=[196755]
|  02:SCAN HDFS [tpcds_partitioned_parquet_snap.date_dim, RANDOM]
|     HDFS partitions=1/1 files=1 size=2.17MB
|     predicates: d_date <= DATE '2001-09-26', d_date >= DATE '2001-08-27'
|     stored statistics:
|       table: rows=73.05K size=2.17MB
|       columns: all
|     extrapolated-rows=disabled max-scan-range-rows=73.05K
|     parquet statistics predicates: d_date <= DATE '2001-09-26', d_date >= DATE '2001-08-27'
|     parquet dictionary predicates: d_date <= DATE '2001-09-26', d_date >= DATE '2001-08-27'
|     mem-estimate=16.00MB mem-reservation=1.00MB thread-reservation=0
|     tuple-ids=1 row-size=8B cardinality=7.30K cost=196669
|     in pipelines: 02(GETNEXT)
|
01:SCAN HDFS [tpcds_partitioned_parquet_snap.store_sales, RANDOM]
   HDFS partitions=1824/1824 files=1824 size=199.33MB
   runtime filters: RF001[min_max] -> ss_store_sk, RF000[bloom] -> ss_store_sk, RF002[bloom] -> ss_sold_date_sk
   stored statistics:
     table: rows=8.64G size=389.90GB
     partitions: 1824/1824 rows=8.64G
     columns: all
   extrapolated-rows=disabled max-scan-range-rows=390.22M
   mem-estimate=16.00MB mem-reservation=8.00MB thread-reservation=0
   tuple-ids=0 row-size=16B cardinality=8.64G cost=226198992
   in pipelines: 01(GETNEXT)
====
