# TPCDS-Q20
# start query 20 in stream 0 using template query20.tpl using seed 731363624
select  i_item_id
       ,i_item_desc
       ,i_category
       ,i_class
       ,i_current_price
       ,sum(cs_ext_sales_price) as itemrevenue
       ,sum(cs_ext_sales_price)*100/sum(sum(cs_ext_sales_price)) over
           (partition by i_class) as revenueratio
 from	catalog_sales
     ,item
     ,date_dim
 where cs_item_sk = i_item_sk
   and i_category in ('Books', 'Home', 'Jewelry')
   and cs_sold_date_sk = d_date_sk
 and d_date between cast('1998-05-08' as date)
 				and (cast('1998-05-08' as date) + interval 30 days)
 group by i_item_id
         ,i_item_desc
         ,i_category
         ,i_class
         ,i_current_price
 order by i_category
         ,i_class
         ,i_item_id
         ,i_item_desc
         ,revenueratio
limit 100;

# end query 20 in stream 0 using template query20.tpl
---- PLAN
Max Per-Host Resource Reservation: Memory=76.94MB Threads=1
Per-Host Resource Estimates: Memory=255.55GB
F00:PLAN FRAGMENT [UNPARTITIONED] hosts=1 instances=1
|  Per-Instance Resources: mem-estimate=255.55GB mem-reservation=76.94MB thread-reservation=1 runtime-filters-memory=2.00MB
|  max-parallelism=1 segment-costs=[10506119068, 1295375744, 1295376244, 700]
PLAN-ROOT SINK
|  output exprs: i_item_id, i_item_desc, i_category, i_class, i_current_price, sum(cs_ext_sales_price), sum(cs_ext_sales_price) * CAST(100 AS DECIMAL(3,0)) / sum(sum(cs_ext_sales_price))
|  mem-estimate=4.00MB mem-reservation=4.00MB spill-buffer=2.00MB thread-reservation=0 cost=700
|
08:TOP-N [LIMIT=100]
|  order by: i_category ASC, i_class ASC, i_item_id ASC, i_item_desc ASC, sum(cs_ext_sales_price) * 100 / sum(sum(cs_ext_sales_price)) ASC
|  mem-estimate=20.93KB mem-reservation=0B thread-reservation=0
|  tuple-ids=5 row-size=214B cardinality=100 cost=500
|  in pipelines: 08(GETNEXT), 06(OPEN)
|
07:ANALYTIC
|  functions: sum(sum(cs_ext_sales_price))
|  partition by: i_class
|  mem-estimate=4.00MB mem-reservation=4.00MB spill-buffer=2.00MB thread-reservation=0
|  tuple-ids=10,9 row-size=214B cardinality=1.30G cost=1295375744
|  in pipelines: 06(GETNEXT)
|
06:SORT
|  order by: i_class ASC NULLS LAST
|  mem-estimate=239.22GB mem-reservation=12.00MB spill-buffer=2.00MB thread-reservation=0
|  tuple-ids=10 row-size=198B cardinality=1.30G cost=1295375744
|  in pipelines: 06(GETNEXT), 05(OPEN)
|
05:AGGREGATE [FINALIZE]
|  output: sum(cs_ext_sales_price)
|  group by: i_item_id, i_item_desc, i_category, i_class, i_current_price
|  mem-estimate=16.32GB mem-reservation=34.00MB spill-buffer=2.00MB thread-reservation=0
|  tuple-ids=3 row-size=198B cardinality=1.30G cost=7772254208
|  in pipelines: 05(GETNEXT), 00(OPEN)
|
04:HASH JOIN [INNER JOIN]
|  hash predicates: cs_sold_date_sk = d_date_sk
|  fk/pk conjuncts: cs_sold_date_sk = d_date_sk
|  runtime filters: RF000[bloom] <- d_date_sk
|  mem-estimate=1.94MB mem-reservation=1.94MB spill-buffer=64.00KB thread-reservation=0
|  tuple-ids=0,1,2 row-size=206B cardinality=1.30G cost=1295383049
|  in pipelines: 00(GETNEXT), 02(OPEN)
|
|--02:SCAN HDFS [tpcds_partitioned_parquet_snap.date_dim]
|     HDFS partitions=1/1 files=1 size=2.17MB
|     predicates: d_date <= DATE '1998-06-07', d_date >= DATE '1998-05-08'
|     stored statistics:
|       table: rows=73.05K size=2.17MB
|       columns: all
|     extrapolated-rows=disabled max-scan-range-rows=73.05K
|     parquet statistics predicates: d_date <= DATE '1998-06-07', d_date >= DATE '1998-05-08'
|     parquet dictionary predicates: d_date <= DATE '1998-06-07', d_date >= DATE '1998-05-08'
|     mem-estimate=16.00MB mem-reservation=1.00MB thread-reservation=0
|     tuple-ids=2 row-size=8B cardinality=7.30K cost=196669
|     in pipelines: 02(GETNEXT)
|
03:HASH JOIN [INNER JOIN]
|  hash predicates: cs_item_sk = i_item_sk
|  fk/pk conjuncts: cs_item_sk = i_item_sk
|  runtime filters: RF002[bloom] <- i_item_sk, RF003[min_max] <- i_item_sk
|  mem-estimate=34.00MB mem-reservation=34.00MB spill-buffer=2.00MB thread-reservation=0
|  tuple-ids=0,1 row-size=198B cardinality=1.30G cost=1295483744
|  in pipelines: 00(GETNEXT), 01(OPEN)
|
|--01:SCAN HDFS [tpcds_partitioned_parquet_snap.item]
|     HDFS partitions=1/1 files=1 size=1.73MB
|     predicates: i_category IN ('Books', 'Home', 'Jewelry')
|     stored statistics:
|       table: rows=360.00K size=33.54MB
|       columns: all
|     extrapolated-rows=disabled max-scan-range-rows=101.54K
|     parquet statistics predicates: i_category IN ('Books', 'Home', 'Jewelry')
|     parquet dictionary predicates: i_category IN ('Books', 'Home', 'Jewelry')
|     mem-estimate=16.00MB mem-reservation=512.00KB thread-reservation=0
|     tuple-ids=1 row-size=186B cardinality=108.00K cost=625494
|     in pipelines: 01(GETNEXT)
|
00:SCAN HDFS [tpcds_partitioned_parquet_snap.catalog_sales]
   HDFS partitions=1831/1831 files=1831 size=150.82MB
   runtime filters: RF003[min_max] -> cs_item_sk, RF000[bloom] -> cs_sold_date_sk, RF002[bloom] -> cs_item_sk
   stored statistics:
     table: rows=4.32G size=280.96GB
     partitions: 1831/1831 rows=4.32G
     columns: all
   extrapolated-rows=disabled max-scan-range-rows=21.52M
   mem-estimate=16.00MB mem-reservation=1.00MB thread-reservation=0
   tuple-ids=0 row-size=12B cardinality=1.30G(filtered from 4.32G) cost=142175904
   in pipelines: 00(GETNEXT)
---- DISTRIBUTEDPLAN
Max Per-Host Resource Reservation: Memory=1.43GB Threads=41
Per-Host Resource Estimates: Memory=41.27GB
F05:PLAN FRAGMENT [UNPARTITIONED] hosts=1 instances=1
|  Per-Instance Resources: mem-estimate=6.50MB mem-reservation=4.00MB thread-reservation=1
|  max-parallelism=1 segment-costs=[722] cpu-comparison-result=120 [max(1 (self) vs 120 (sum children))]
PLAN-ROOT SINK
|  output exprs: i_item_id, i_item_desc, i_category, i_class, i_current_price, sum(cs_ext_sales_price), sum(cs_ext_sales_price) * CAST(100 AS DECIMAL(3,0)) / sum(sum(cs_ext_sales_price))
|  mem-estimate=4.00MB mem-reservation=4.00MB spill-buffer=2.00MB thread-reservation=0 cost=700
|
14:MERGING-EXCHANGE [UNPARTITIONED]
|  order by: i_category ASC, i_class ASC, i_item_id ASC, i_item_desc ASC, sum(cs_ext_sales_price) * 100 / sum(sum(cs_ext_sales_price)) ASC
|  limit: 100
|  mem-estimate=2.50MB mem-reservation=0B thread-reservation=0
|  tuple-ids=5 row-size=214B cardinality=100 cost=22
|  in pipelines: 08(GETNEXT)
|
F04:PLAN FRAGMENT [HASH(i_class)] hosts=10 instances=120
Per-Instance Resources: mem-estimate=2.03GB mem-reservation=16.00MB thread-reservation=1
max-parallelism=160 segment-costs=[1551279008, 1295376244, 22] cpu-comparison-result=120 [max(120 (self) vs 120 (sum children))]
08:TOP-N [LIMIT=100]
|  order by: i_category ASC, i_class ASC, i_item_id ASC, i_item_desc ASC, sum(cs_ext_sales_price) * 100 / sum(sum(cs_ext_sales_price)) ASC
|  mem-estimate=20.93KB mem-reservation=0B thread-reservation=0
|  tuple-ids=5 row-size=214B cardinality=100 cost=500
|  in pipelines: 08(GETNEXT), 06(OPEN)
|
07:ANALYTIC
|  functions: sum(sum(cs_ext_sales_price))
|  partition by: i_class
|  mem-estimate=4.00MB mem-reservation=4.00MB spill-buffer=2.00MB thread-reservation=0
|  tuple-ids=10,9 row-size=214B cardinality=1.30G cost=1295375744
|  in pipelines: 06(GETNEXT)
|
06:SORT
|  order by: i_class ASC NULLS LAST
|  mem-estimate=1.99GB mem-reservation=12.00MB spill-buffer=2.00MB thread-reservation=0
|  tuple-ids=10 row-size=198B cardinality=1.30G cost=1295375744
|  in pipelines: 06(GETNEXT), 12(OPEN)
|
13:EXCHANGE [HASH(i_class)]
|  mem-estimate=33.71MB mem-reservation=0B thread-reservation=0
|  tuple-ids=3 row-size=198B cardinality=1.30G cost=255903264
|  in pipelines: 12(GETNEXT)
|
F03:PLAN FRAGMENT [HASH(i_item_id,i_item_desc,i_category,i_class,i_current_price)] hosts=10 instances=120
Per-Instance Resources: mem-estimate=710.13MB mem-reservation=34.00MB thread-reservation=1
max-parallelism=810 segment-costs=[8028157472, 255903264] cpu-comparison-result=120 [max(120 (self) vs 120 (sum children))]
12:AGGREGATE [FINALIZE]
|  output: sum:merge(cs_ext_sales_price)
|  group by: i_item_id, i_item_desc, i_category, i_class, i_current_price
|  mem-estimate=615.31MB mem-reservation=34.00MB spill-buffer=2.00MB thread-reservation=0
|  tuple-ids=3 row-size=198B cardinality=1.30G cost=7772254208
|  in pipelines: 12(GETNEXT), 00(OPEN)
|
11:EXCHANGE [HASH(i_item_id,i_item_desc,i_category,i_class,i_current_price)]
|  mem-estimate=33.71MB mem-reservation=0B thread-reservation=0
|  tuple-ids=3 row-size=198B cardinality=1.30G cost=255903264
|  in pipelines: 00(GETNEXT)
|
F00:PLAN FRAGMENT [RANDOM] hosts=10 instances=120
Per-Host Shared Resources: mem-estimate=2.00MB mem-reservation=2.00MB thread-reservation=0 runtime-filters-memory=2.00MB
Per-Instance Resources: mem-estimate=692.30MB mem-reservation=35.00MB thread-reservation=1
max-parallelism=1060 segment-costs=[10505181600, 255903264] cpu-comparison-result=120 [max(120 (self) vs 25 (sum children))]
05:AGGREGATE [STREAMING]
|  output: sum(cs_ext_sales_price)
|  group by: i_item_id, i_item_desc, i_category, i_class, i_current_price
|  mem-estimate=581.48MB mem-reservation=34.00MB spill-buffer=2.00MB thread-reservation=0
|  tuple-ids=3 row-size=198B cardinality=1.30G cost=7772254208
|  in pipelines: 00(GETNEXT)
|
04:HASH JOIN [INNER JOIN, BROADCAST]
|  hash-table-id=00
|  hash predicates: cs_sold_date_sk = d_date_sk
|  fk/pk conjuncts: cs_sold_date_sk = d_date_sk
|  mem-estimate=0B mem-reservation=0B spill-buffer=64.00KB thread-reservation=0
|  tuple-ids=0,1,2 row-size=206B cardinality=1.30G cost=1295375744
|  in pipelines: 00(GETNEXT), 02(OPEN)
|
|--F06:PLAN FRAGMENT [RANDOM] hosts=10 instances=10
|  |  Per-Instance Resources: mem-estimate=24.32MB mem-reservation=24.25MB thread-reservation=1 runtime-filters-memory=1.00MB
|  |  max-parallelism=10 segment-costs=[8165]
|  JOIN BUILD
|  |  join-table-id=00 plan-id=01 cohort-id=01
|  |  build expressions: d_date_sk
|  |  runtime filters: RF000[bloom] <- d_date_sk
|  |  mem-estimate=23.25MB mem-reservation=23.25MB spill-buffer=64.00KB thread-reservation=0 cost=7305
|  |
|  10:EXCHANGE [BROADCAST]
|  |  mem-estimate=69.07KB mem-reservation=0B thread-reservation=0
|  |  tuple-ids=2 row-size=8B cardinality=7.30K cost=860
|  |  in pipelines: 02(GETNEXT)
|  |
|  F02:PLAN FRAGMENT [RANDOM] hosts=1 instances=1
|  Per-Instance Resources: mem-estimate=16.05MB mem-reservation=1.00MB thread-reservation=1
|  max-parallelism=1 segment-costs=[196755]
|  02:SCAN HDFS [tpcds_partitioned_parquet_snap.date_dim, RANDOM]
|     HDFS partitions=1/1 files=1 size=2.17MB
|     predicates: d_date <= DATE '1998-06-07', d_date >= DATE '1998-05-08'
|     stored statistics:
|       table: rows=73.05K size=2.17MB
|       columns: all
|     extrapolated-rows=disabled max-scan-range-rows=73.05K
|     parquet statistics predicates: d_date <= DATE '1998-06-07', d_date >= DATE '1998-05-08'
|     parquet dictionary predicates: d_date <= DATE '1998-06-07', d_date >= DATE '1998-05-08'
|     mem-estimate=16.00MB mem-reservation=1.00MB thread-reservation=0
|     tuple-ids=2 row-size=8B cardinality=7.30K cost=196669
|     in pipelines: 02(GETNEXT)
|
03:HASH JOIN [INNER JOIN, BROADCAST]
|  hash-table-id=01
|  hash predicates: cs_item_sk = i_item_sk
|  fk/pk conjuncts: cs_item_sk = i_item_sk
|  mem-estimate=0B mem-reservation=0B spill-buffer=2.00MB thread-reservation=0
|  tuple-ids=0,1 row-size=198B cardinality=1.30G cost=1295375744
|  in pipelines: 00(GETNEXT), 01(OPEN)
|
|--F07:PLAN FRAGMENT [RANDOM] hosts=10 instances=10
|  |  Per-Instance Resources: mem-estimate=419.74MB mem-reservation=409.00MB thread-reservation=1 runtime-filters-memory=1.00MB
|  |  max-parallelism=10 segment-costs=[308700]
|  JOIN BUILD
|  |  join-table-id=01 plan-id=02 cohort-id=01
|  |  build expressions: i_item_sk
|  |  runtime filters: RF002[bloom] <- i_item_sk, RF003[min_max] <- i_item_sk
|  |  mem-estimate=408.00MB mem-reservation=408.00MB spill-buffer=2.00MB thread-reservation=0 cost=108000
|  |
|  09:EXCHANGE [BROADCAST]
|  |  mem-estimate=10.74MB mem-reservation=0B thread-reservation=0
|  |  tuple-ids=1 row-size=186B cardinality=108.00K cost=200700
|  |  in pipelines: 01(GETNEXT)
|  |
|  F01:PLAN FRAGMENT [RANDOM] hosts=4 instances=4
|  Per-Instance Resources: mem-estimate=16.74MB mem-reservation=512.00KB thread-reservation=1
|  max-parallelism=4 segment-costs=[645564]
|  01:SCAN HDFS [tpcds_partitioned_parquet_snap.item, RANDOM]
|     HDFS partitions=1/1 files=1 size=1.73MB
|     predicates: i_category IN ('Books', 'Home', 'Jewelry')
|     stored statistics:
|       table: rows=360.00K size=33.54MB
|       columns: all
|     extrapolated-rows=disabled max-scan-range-rows=101.54K
|     parquet statistics predicates: i_category IN ('Books', 'Home', 'Jewelry')
|     parquet dictionary predicates: i_category IN ('Books', 'Home', 'Jewelry')
|     mem-estimate=16.00MB mem-reservation=512.00KB thread-reservation=0
|     tuple-ids=1 row-size=186B cardinality=108.00K cost=625494
|     in pipelines: 01(GETNEXT)
|
00:SCAN HDFS [tpcds_partitioned_parquet_snap.catalog_sales, RANDOM]
   HDFS partitions=1831/1831 files=1831 size=150.82MB
   runtime filters: RF003[min_max] -> cs_item_sk, RF000[bloom] -> cs_sold_date_sk, RF002[bloom] -> cs_item_sk
   stored statistics:
     table: rows=4.32G size=280.96GB
     partitions: 1831/1831 rows=4.32G
     columns: all
   extrapolated-rows=disabled max-scan-range-rows=21.52M
   mem-estimate=16.00MB mem-reservation=1.00MB thread-reservation=0
   tuple-ids=0 row-size=12B cardinality=1.30G(filtered from 4.32G) cost=142175904
   in pipelines: 00(GETNEXT)
---- PARALLELPLANS
Max Per-Host Resource Reservation: Memory=1.43GB Threads=41
Per-Host Resource Estimates: Memory=41.27GB
F05:PLAN FRAGMENT [UNPARTITIONED] hosts=1 instances=1
|  Per-Instance Resources: mem-estimate=6.50MB mem-reservation=4.00MB thread-reservation=1
|  max-parallelism=1 segment-costs=[722] cpu-comparison-result=120 [max(1 (self) vs 120 (sum children))]
PLAN-ROOT SINK
|  output exprs: i_item_id, i_item_desc, i_category, i_class, i_current_price, sum(cs_ext_sales_price), sum(cs_ext_sales_price) * CAST(100 AS DECIMAL(3,0)) / sum(sum(cs_ext_sales_price))
|  mem-estimate=4.00MB mem-reservation=4.00MB spill-buffer=2.00MB thread-reservation=0 cost=700
|
14:MERGING-EXCHANGE [UNPARTITIONED]
|  order by: i_category ASC, i_class ASC, i_item_id ASC, i_item_desc ASC, sum(cs_ext_sales_price) * 100 / sum(sum(cs_ext_sales_price)) ASC
|  limit: 100
|  mem-estimate=2.50MB mem-reservation=0B thread-reservation=0
|  tuple-ids=5 row-size=214B cardinality=100 cost=22
|  in pipelines: 08(GETNEXT)
|
F04:PLAN FRAGMENT [HASH(i_class)] hosts=10 instances=120
Per-Instance Resources: mem-estimate=2.03GB mem-reservation=16.00MB thread-reservation=1
max-parallelism=160 segment-costs=[1551279008, 1295376244, 22] cpu-comparison-result=120 [max(120 (self) vs 120 (sum children))]
08:TOP-N [LIMIT=100]
|  order by: i_category ASC, i_class ASC, i_item_id ASC, i_item_desc ASC, sum(cs_ext_sales_price) * 100 / sum(sum(cs_ext_sales_price)) ASC
|  mem-estimate=20.93KB mem-reservation=0B thread-reservation=0
|  tuple-ids=5 row-size=214B cardinality=100 cost=500
|  in pipelines: 08(GETNEXT), 06(OPEN)
|
07:ANALYTIC
|  functions: sum(sum(cs_ext_sales_price))
|  partition by: i_class
|  mem-estimate=4.00MB mem-reservation=4.00MB spill-buffer=2.00MB thread-reservation=0
|  tuple-ids=10,9 row-size=214B cardinality=1.30G cost=1295375744
|  in pipelines: 06(GETNEXT)
|
06:SORT
|  order by: i_class ASC NULLS LAST
|  mem-estimate=1.99GB mem-reservation=12.00MB spill-buffer=2.00MB thread-reservation=0
|  tuple-ids=10 row-size=198B cardinality=1.30G cost=1295375744
|  in pipelines: 06(GETNEXT), 12(OPEN)
|
13:EXCHANGE [HASH(i_class)]
|  mem-estimate=33.71MB mem-reservation=0B thread-reservation=0
|  tuple-ids=3 row-size=198B cardinality=1.30G cost=255903264
|  in pipelines: 12(GETNEXT)
|
F03:PLAN FRAGMENT [HASH(i_item_id,i_item_desc,i_category,i_class,i_current_price)] hosts=10 instances=120
Per-Instance Resources: mem-estimate=710.13MB mem-reservation=34.00MB thread-reservation=1
max-parallelism=810 segment-costs=[8028157472, 255903264] cpu-comparison-result=120 [max(120 (self) vs 120 (sum children))]
12:AGGREGATE [FINALIZE]
|  output: sum:merge(cs_ext_sales_price)
|  group by: i_item_id, i_item_desc, i_category, i_class, i_current_price
|  mem-estimate=615.31MB mem-reservation=34.00MB spill-buffer=2.00MB thread-reservation=0
|  tuple-ids=3 row-size=198B cardinality=1.30G cost=7772254208
|  in pipelines: 12(GETNEXT), 00(OPEN)
|
11:EXCHANGE [HASH(i_item_id,i_item_desc,i_category,i_class,i_current_price)]
|  mem-estimate=33.71MB mem-reservation=0B thread-reservation=0
|  tuple-ids=3 row-size=198B cardinality=1.30G cost=255903264
|  in pipelines: 00(GETNEXT)
|
F00:PLAN FRAGMENT [RANDOM] hosts=10 instances=120
Per-Host Shared Resources: mem-estimate=2.00MB mem-reservation=2.00MB thread-reservation=0 runtime-filters-memory=2.00MB
Per-Instance Resources: mem-estimate=692.30MB mem-reservation=35.00MB thread-reservation=1
max-parallelism=1060 segment-costs=[10505181600, 255903264] cpu-comparison-result=120 [max(120 (self) vs 25 (sum children))]
05:AGGREGATE [STREAMING]
|  output: sum(cs_ext_sales_price)
|  group by: i_item_id, i_item_desc, i_category, i_class, i_current_price
|  mem-estimate=581.48MB mem-reservation=34.00MB spill-buffer=2.00MB thread-reservation=0
|  tuple-ids=3 row-size=198B cardinality=1.30G cost=7772254208
|  in pipelines: 00(GETNEXT)
|
04:HASH JOIN [INNER JOIN, BROADCAST]
|  hash-table-id=00
|  hash predicates: cs_sold_date_sk = d_date_sk
|  fk/pk conjuncts: cs_sold_date_sk = d_date_sk
|  mem-estimate=0B mem-reservation=0B spill-buffer=64.00KB thread-reservation=0
|  tuple-ids=0,1,2 row-size=206B cardinality=1.30G cost=1295375744
|  in pipelines: 00(GETNEXT), 02(OPEN)
|
|--F06:PLAN FRAGMENT [RANDOM] hosts=10 instances=10
|  |  Per-Instance Resources: mem-estimate=24.32MB mem-reservation=24.25MB thread-reservation=1 runtime-filters-memory=1.00MB
|  |  max-parallelism=10 segment-costs=[8165]
|  JOIN BUILD
|  |  join-table-id=00 plan-id=01 cohort-id=01
|  |  build expressions: d_date_sk
|  |  runtime filters: RF000[bloom] <- d_date_sk
|  |  mem-estimate=23.25MB mem-reservation=23.25MB spill-buffer=64.00KB thread-reservation=0 cost=7305
|  |
|  10:EXCHANGE [BROADCAST]
|  |  mem-estimate=69.07KB mem-reservation=0B thread-reservation=0
|  |  tuple-ids=2 row-size=8B cardinality=7.30K cost=860
|  |  in pipelines: 02(GETNEXT)
|  |
|  F02:PLAN FRAGMENT [RANDOM] hosts=1 instances=1
|  Per-Instance Resources: mem-estimate=16.05MB mem-reservation=1.00MB thread-reservation=1
|  max-parallelism=1 segment-costs=[196755]
|  02:SCAN HDFS [tpcds_partitioned_parquet_snap.date_dim, RANDOM]
|     HDFS partitions=1/1 files=1 size=2.17MB
|     predicates: d_date <= DATE '1998-06-07', d_date >= DATE '1998-05-08'
|     stored statistics:
|       table: rows=73.05K size=2.17MB
|       columns: all
|     extrapolated-rows=disabled max-scan-range-rows=73.05K
|     parquet statistics predicates: d_date <= DATE '1998-06-07', d_date >= DATE '1998-05-08'
|     parquet dictionary predicates: d_date <= DATE '1998-06-07', d_date >= DATE '1998-05-08'
|     mem-estimate=16.00MB mem-reservation=1.00MB thread-reservation=0
|     tuple-ids=2 row-size=8B cardinality=7.30K cost=196669
|     in pipelines: 02(GETNEXT)
|
03:HASH JOIN [INNER JOIN, BROADCAST]
|  hash-table-id=01
|  hash predicates: cs_item_sk = i_item_sk
|  fk/pk conjuncts: cs_item_sk = i_item_sk
|  mem-estimate=0B mem-reservation=0B spill-buffer=2.00MB thread-reservation=0
|  tuple-ids=0,1 row-size=198B cardinality=1.30G cost=1295375744
|  in pipelines: 00(GETNEXT), 01(OPEN)
|
|--F07:PLAN FRAGMENT [RANDOM] hosts=10 instances=10
|  |  Per-Instance Resources: mem-estimate=419.74MB mem-reservation=409.00MB thread-reservation=1 runtime-filters-memory=1.00MB
|  |  max-parallelism=10 segment-costs=[308700]
|  JOIN BUILD
|  |  join-table-id=01 plan-id=02 cohort-id=01
|  |  build expressions: i_item_sk
|  |  runtime filters: RF002[bloom] <- i_item_sk, RF003[min_max] <- i_item_sk
|  |  mem-estimate=408.00MB mem-reservation=408.00MB spill-buffer=2.00MB thread-reservation=0 cost=108000
|  |
|  09:EXCHANGE [BROADCAST]
|  |  mem-estimate=10.74MB mem-reservation=0B thread-reservation=0
|  |  tuple-ids=1 row-size=186B cardinality=108.00K cost=200700
|  |  in pipelines: 01(GETNEXT)
|  |
|  F01:PLAN FRAGMENT [RANDOM] hosts=4 instances=4
|  Per-Instance Resources: mem-estimate=16.74MB mem-reservation=512.00KB thread-reservation=1
|  max-parallelism=4 segment-costs=[645564]
|  01:SCAN HDFS [tpcds_partitioned_parquet_snap.item, RANDOM]
|     HDFS partitions=1/1 files=1 size=1.73MB
|     predicates: i_category IN ('Books', 'Home', 'Jewelry')
|     stored statistics:
|       table: rows=360.00K size=33.54MB
|       columns: all
|     extrapolated-rows=disabled max-scan-range-rows=101.54K
|     parquet statistics predicates: i_category IN ('Books', 'Home', 'Jewelry')
|     parquet dictionary predicates: i_category IN ('Books', 'Home', 'Jewelry')
|     mem-estimate=16.00MB mem-reservation=512.00KB thread-reservation=0
|     tuple-ids=1 row-size=186B cardinality=108.00K cost=625494
|     in pipelines: 01(GETNEXT)
|
00:SCAN HDFS [tpcds_partitioned_parquet_snap.catalog_sales, RANDOM]
   HDFS partitions=1831/1831 files=1831 size=150.82MB
   runtime filters: RF003[min_max] -> cs_item_sk, RF000[bloom] -> cs_sold_date_sk, RF002[bloom] -> cs_item_sk
   stored statistics:
     table: rows=4.32G size=280.96GB
     partitions: 1831/1831 rows=4.32G
     columns: all
   extrapolated-rows=disabled max-scan-range-rows=21.52M
   mem-estimate=16.00MB mem-reservation=1.00MB thread-reservation=0
   tuple-ids=0 row-size=12B cardinality=1.30G(filtered from 4.32G) cost=142175904
   in pipelines: 00(GETNEXT)
====
