# TPCDS-Q50
# start query 50 in stream 0 using template query50.tpl using seed 1521398881
select
   s_store_name
  ,s_company_id
  ,s_street_number
  ,s_street_name
  ,s_street_type
  ,s_suite_number
  ,s_city
  ,s_county
  ,s_state
  ,s_zip
  ,sum(case when (sr_returned_date_sk - ss_sold_date_sk <= 30 ) then 1 else 0 end)  as "30 days"
  ,sum(case when (sr_returned_date_sk - ss_sold_date_sk > 30) and
                 (sr_returned_date_sk - ss_sold_date_sk <= 60) then 1 else 0 end )  as "31-60 days"
  ,sum(case when (sr_returned_date_sk - ss_sold_date_sk > 60) and
                 (sr_returned_date_sk - ss_sold_date_sk <= 90) then 1 else 0 end)  as "61-90 days"
  ,sum(case when (sr_returned_date_sk - ss_sold_date_sk > 90) and
                 (sr_returned_date_sk - ss_sold_date_sk <= 120) then 1 else 0 end)  as "91-120 days"
  ,sum(case when (sr_returned_date_sk - ss_sold_date_sk  > 120) then 1 else 0 end)  as ">120 days"
from
   store_sales
  ,store_returns
  ,store
  ,date_dim d1
  ,date_dim d2
where
    d2.d_year = 1999
and d2.d_moy  = 9
and ss_ticket_number = sr_ticket_number
and ss_item_sk = sr_item_sk
and ss_sold_date_sk   = d1.d_date_sk
and sr_returned_date_sk   = d2.d_date_sk
and ss_customer_sk = sr_customer_sk
and ss_store_sk = s_store_sk
group by
   s_store_name
  ,s_company_id
  ,s_street_number
  ,s_street_name
  ,s_street_type
  ,s_suite_number
  ,s_city
  ,s_county
  ,s_state
  ,s_zip
order by s_store_name
        ,s_company_id
        ,s_street_number
        ,s_street_name
        ,s_street_type
        ,s_suite_number
        ,s_city
        ,s_county
        ,s_state
        ,s_zip
limit 100;

# end query 50 in stream 0 using template query50.tpl
---- PLAN
Max Per-Host Resource Reservation: Memory=118.75MB Threads=1
Per-Host Resource Estimates: Memory=40.78GB
F00:PLAN FRAGMENT [UNPARTITIONED] hosts=1 instances=1
|  Per-Instance Resources: mem-estimate=40.78GB mem-reservation=118.75MB thread-reservation=1 runtime-filters-memory=36.00MB
|  max-parallelism=1 segment-costs=[40419857657, 1000, 1500]
PLAN-ROOT SINK
|  output exprs: s_store_name, s_company_id, s_street_number, s_street_name, s_street_type, s_suite_number, s_city, s_county, s_state, s_zip, sum(CASE WHEN (sr_returned_date_sk - ss_sold_date_sk <= 30) THEN 1 ELSE 0 END), sum(CASE WHEN (sr_returned_date_sk - ss_sold_date_sk > 30) AND (sr_returned_date_sk - ss_sold_date_sk <= 60) THEN 1 ELSE 0 END), sum(CASE WHEN (sr_returned_date_sk - ss_sold_date_sk > 60) AND (sr_returned_date_sk - ss_sold_date_sk <= 90) THEN 1 ELSE 0 END), sum(CASE WHEN (sr_returned_date_sk - ss_sold_date_sk > 90) AND (sr_returned_date_sk - ss_sold_date_sk <= 120) THEN 1 ELSE 0 END), sum(CASE WHEN (sr_returned_date_sk - ss_sold_date_sk > 120) THEN 1 ELSE 0 END)
|  mem-estimate=4.00MB mem-reservation=4.00MB spill-buffer=2.00MB thread-reservation=0 cost=1500
|
10:TOP-N [LIMIT=100]
|  order by: s_store_name ASC, s_company_id ASC, s_street_number ASC, s_street_name ASC, s_street_type ASC, s_suite_number ASC, s_city ASC, s_county ASC, s_state ASC, s_zip ASC
|  mem-estimate=20.47KB mem-reservation=0B thread-reservation=0
|  tuple-ids=6 row-size=210B cardinality=100 cost=1000
|  in pipelines: 10(GETNEXT), 09(OPEN)
|
09:AGGREGATE [FINALIZE]
|  output: sum(CAST(CASE WHEN (CAST(sr_returned_date_sk AS BIGINT) - CAST(ss_sold_date_sk AS BIGINT) <= CAST(30 AS BIGINT)) THEN CAST(1 AS TINYINT) ELSE CAST(0 AS TINYINT) END AS BIGINT)), sum(CAST(CASE WHEN (CAST(sr_returned_date_sk AS BIGINT) - CAST(ss_sold_date_sk AS BIGINT) > CAST(30 AS BIGINT)) AND (CAST(sr_returned_date_sk AS BIGINT) - CAST(ss_sold_date_sk AS BIGINT) <= CAST(60 AS BIGINT)) THEN CAST(1 AS TINYINT) ELSE CAST(0 AS TINYINT) END AS BIGINT)), sum(CAST(CASE WHEN (CAST(sr_returned_date_sk AS BIGINT) - CAST(ss_sold_date_sk AS BIGINT) > CAST(60 AS BIGINT)) AND (CAST(sr_returned_date_sk AS BIGINT) - CAST(ss_sold_date_sk AS BIGINT) <= CAST(90 AS BIGINT)) THEN CAST(1 AS TINYINT) ELSE CAST(0 AS TINYINT) END AS BIGINT)), sum(CAST(CASE WHEN (CAST(sr_returned_date_sk AS BIGINT) - CAST(ss_sold_date_sk AS BIGINT) > CAST(90 AS BIGINT)) AND (CAST(sr_returned_date_sk AS BIGINT) - CAST(ss_sold_date_sk AS BIGINT) <= CAST(120 AS BIGINT)) THEN CAST(1 AS TINYINT) ELSE CAST(0 AS TINYINT) END AS BIGINT)), sum(CAST(CASE WHEN (CAST(sr_returned_date_sk AS BIGINT) - CAST(ss_sold_date_sk AS BIGINT) > CAST(120 AS BIGINT)) THEN CAST(1 AS TINYINT) ELSE CAST(0 AS TINYINT) END AS BIGINT))
|  group by: s_store_name, s_company_id, s_street_number, s_street_name, s_street_type, s_suite_number, s_city, s_county, s_state, s_zip
|  mem-estimate=644.46MB mem-reservation=34.00MB spill-buffer=2.00MB thread-reservation=0
|  tuple-ids=5 row-size=210B cardinality=323.35M cost=4850271232
|  in pipelines: 09(GETNEXT), 00(OPEN)
|
08:HASH JOIN [INNER JOIN]
|  hash predicates: ss_sold_date_sk = d1.d_date_sk
|  fk/pk conjuncts: ss_sold_date_sk = d1.d_date_sk
|  runtime filters: RF000[bloom] <- d1.d_date_sk
|  mem-estimate=2.88MB mem-reservation=2.88MB spill-buffer=128.00KB thread-reservation=0
|  tuple-ids=0,1,4,2,3 row-size=234B cardinality=323.35M cost=323424473
|  in pipelines: 00(GETNEXT), 03(OPEN)
|
|--03:SCAN HDFS [tpcds_partitioned_parquet_snap.date_dim d1]
|     HDFS partitions=1/1 files=1 size=2.17MB
|     stored statistics:
|       table: rows=73.05K size=2.17MB
|       columns: all
|     extrapolated-rows=disabled max-scan-range-rows=73.05K
|     mem-estimate=16.00MB mem-reservation=512.00KB thread-reservation=0
|     tuple-ids=3 row-size=4B cardinality=73.05K cost=50286
|     in pipelines: 03(GETNEXT)
|
07:HASH JOIN [INNER JOIN]
|  hash predicates: ss_store_sk = s_store_sk
|  fk/pk conjuncts: ss_store_sk = s_store_sk
|  runtime filters: RF002[bloom] <- s_store_sk, RF003[min_max] <- s_store_sk
|  mem-estimate=1.94MB mem-reservation=1.94MB spill-buffer=64.00KB thread-reservation=0
|  tuple-ids=0,1,4,2 row-size=230B cardinality=323.35M cost=323352774
|  in pipelines: 00(GETNEXT), 02(OPEN)
|
|--02:SCAN HDFS [tpcds_partitioned_parquet_snap.store]
|     HDFS partitions=1/1 files=1 size=9.81KB
|     stored statistics:
|       table: rows=1.35K size=119.76KB
|       columns: all
|     extrapolated-rows=disabled max-scan-range-rows=1.35K
|     mem-estimate=16.00MB mem-reservation=88.00KB thread-reservation=0
|     tuple-ids=2 row-size=174B cardinality=1.35K cost=50229
|     in pipelines: 02(GETNEXT)
|
06:HASH JOIN [INNER JOIN]
|  hash predicates: sr_returned_date_sk = d2.d_date_sk
|  fk/pk conjuncts: sr_returned_date_sk = d2.d_date_sk
|  runtime filters: RF004[bloom] <- d2.d_date_sk
|  mem-estimate=1.94MB mem-reservation=1.94MB spill-buffer=64.00KB thread-reservation=0
|  tuple-ids=0,1,4 row-size=56B cardinality=323.35M cost=5999965292
|  in pipelines: 00(GETNEXT), 04(OPEN)
|
|--04:SCAN HDFS [tpcds_partitioned_parquet_snap.date_dim d2]
|     HDFS partitions=1/1 files=1 size=2.17MB
|     predicates: d2.d_year = CAST(1999 AS INT), d2.d_moy = CAST(9 AS INT)
|     stored statistics:
|       table: rows=73.05K size=2.17MB
|       columns: all
|     extrapolated-rows=disabled max-scan-range-rows=73.05K
|     parquet statistics predicates: d2.d_year = CAST(1999 AS INT), d2.d_moy = CAST(9 AS INT)
|     parquet dictionary predicates: d2.d_year = CAST(1999 AS INT), d2.d_moy = CAST(9 AS INT)
|     mem-estimate=16.00MB mem-reservation=512.00KB thread-reservation=0
|     tuple-ids=4 row-size=12B cardinality=108 cost=196955
|     in pipelines: 04(GETNEXT)
|
05:HASH JOIN [INNER JOIN]
|  hash predicates: ss_customer_sk = sr_customer_sk, ss_item_sk = sr_item_sk, ss_ticket_number = sr_ticket_number
|  fk/pk conjuncts: ss_customer_sk = sr_customer_sk, ss_item_sk = sr_item_sk, ss_ticket_number = sr_ticket_number
|  runtime filters: RF006[bloom] <- sr_customer_sk, RF007[bloom] <- sr_item_sk, RF008[bloom] <- sr_ticket_number, RF009[min_max] <- sr_customer_sk, RF010[min_max] <- sr_item_sk, RF011[min_max] <- sr_ticket_number
|  mem-estimate=40.09GB mem-reservation=34.00MB spill-buffer=2.00MB thread-reservation=0
|  tuple-ids=0,1 row-size=44B cardinality=6.00G cost=28511773184
|  in pipelines: 00(GETNEXT), 01(OPEN)
|
|--01:SCAN HDFS [tpcds_partitioned_parquet_snap.store_returns]
|     HDFS partitions=2004/2004 files=2004 size=33.63MB
|     runtime filters: RF004[bloom] -> sr_returned_date_sk
|     stored statistics:
|       table: rows=863.99M size=48.14GB
|       partitions: 2004/2004 rows=863.99M
|       columns: all
|     extrapolated-rows=disabled max-scan-range-rows=30.09M
|     mem-estimate=16.00MB mem-reservation=512.00KB thread-reservation=0
|     tuple-ids=1 row-size=20B cardinality=863.99M cost=117074768
|     in pipelines: 01(GETNEXT)
|
00:SCAN HDFS [tpcds_partitioned_parquet_snap.store_sales]
   HDFS partitions=1824/1824 files=1824 size=199.33MB
   runtime filters: RF003[min_max] -> ss_store_sk, RF009[min_max] -> ss_customer_sk, RF010[min_max] -> ss_item_sk, RF011[min_max] -> ss_ticket_number, RF000[bloom] -> ss_sold_date_sk, RF002[bloom] -> ss_store_sk, RF006[bloom] -> ss_customer_sk, RF007[bloom] -> ss_item_sk, RF008[bloom] -> ss_ticket_number
   stored statistics:
     table: rows=8.64G size=389.90GB
     partitions: 1824/1824 rows=8.64G
     columns: all
   extrapolated-rows=disabled max-scan-range-rows=390.22M
   mem-estimate=16.00MB mem-reservation=8.00MB thread-reservation=0
   tuple-ids=0 row-size=24B cardinality=8.64G cost=293698464
   in pipelines: 00(GETNEXT)
---- DISTRIBUTEDPLAN
Max Per-Host Resource Reservation: Memory=1.75GB Threads=51
Per-Host Resource Estimates: Memory=17.64GB
F07:PLAN FRAGMENT [UNPARTITIONED] hosts=1 instances=1
|  Per-Instance Resources: mem-estimate=6.45MB mem-reservation=4.00MB thread-reservation=1
|  max-parallelism=1 segment-costs=[1521] cpu-comparison-result=180 [max(1 (self) vs 180 (sum children))]
PLAN-ROOT SINK
|  output exprs: s_store_name, s_company_id, s_street_number, s_street_name, s_street_type, s_suite_number, s_city, s_county, s_state, s_zip, sum(CASE WHEN (sr_returned_date_sk - ss_sold_date_sk <= 30) THEN 1 ELSE 0 END), sum(CASE WHEN (sr_returned_date_sk - ss_sold_date_sk > 30) AND (sr_returned_date_sk - ss_sold_date_sk <= 60) THEN 1 ELSE 0 END), sum(CASE WHEN (sr_returned_date_sk - ss_sold_date_sk > 60) AND (sr_returned_date_sk - ss_sold_date_sk <= 90) THEN 1 ELSE 0 END), sum(CASE WHEN (sr_returned_date_sk - ss_sold_date_sk > 90) AND (sr_returned_date_sk - ss_sold_date_sk <= 120) THEN 1 ELSE 0 END), sum(CASE WHEN (sr_returned_date_sk - ss_sold_date_sk > 120) THEN 1 ELSE 0 END)
|  mem-estimate=4.00MB mem-reservation=4.00MB spill-buffer=2.00MB thread-reservation=0 cost=1500
|
18:MERGING-EXCHANGE [UNPARTITIONED]
|  order by: s_store_name ASC, s_company_id ASC, s_street_number ASC, s_street_name ASC, s_street_type ASC, s_suite_number ASC, s_city ASC, s_county ASC, s_state ASC, s_zip ASC
|  limit: 100
|  mem-estimate=2.45MB mem-reservation=0B thread-reservation=0
|  tuple-ids=6 row-size=210B cardinality=100 cost=21
|  in pipelines: 10(GETNEXT)
|
F06:PLAN FRAGMENT [HASH(s_store_name,s_company_id,s_street_number,s_street_name,s_street_type,s_suite_number,s_city,s_county,s_state,s_zip)] hosts=10 instances=120
Per-Instance Resources: mem-estimate=547.14MB mem-reservation=34.00MB thread-reservation=1
max-parallelism=500 segment-costs=[4917715488, 1000, 21] cpu-comparison-result=180 [max(120 (self) vs 180 (sum children))]
10:TOP-N [LIMIT=100]
|  order by: s_store_name ASC, s_company_id ASC, s_street_number ASC, s_street_name ASC, s_street_type ASC, s_suite_number ASC, s_city ASC, s_county ASC, s_state ASC, s_zip ASC
|  mem-estimate=20.47KB mem-reservation=0B thread-reservation=0
|  tuple-ids=6 row-size=210B cardinality=100 cost=1000
|  in pipelines: 10(GETNEXT), 17(OPEN)
|
17:AGGREGATE [FINALIZE]
|  output: sum:merge(CASE WHEN (sr_returned_date_sk - ss_sold_date_sk <= 30) THEN 1 ELSE 0 END), sum:merge(CASE WHEN (sr_returned_date_sk - ss_sold_date_sk > 30) AND (sr_returned_date_sk - ss_sold_date_sk <= 60) THEN 1 ELSE 0 END), sum:merge(CASE WHEN (sr_returned_date_sk - ss_sold_date_sk > 60) AND (sr_returned_date_sk - ss_sold_date_sk <= 90) THEN 1 ELSE 0 END), sum:merge(CASE WHEN (sr_returned_date_sk - ss_sold_date_sk > 90) AND (sr_returned_date_sk - ss_sold_date_sk <= 120) THEN 1 ELSE 0 END), sum:merge(CASE WHEN (sr_returned_date_sk - ss_sold_date_sk > 120) THEN 1 ELSE 0 END)
|  group by: s_store_name, s_company_id, s_street_number, s_street_name, s_street_type, s_suite_number, s_city, s_county, s_state, s_zip
|  mem-estimate=512.11MB mem-reservation=34.00MB spill-buffer=2.00MB thread-reservation=0
|  tuple-ids=5 row-size=210B cardinality=323.35M cost=4850271232
|  in pipelines: 17(GETNEXT), 00(OPEN)
|
16:EXCHANGE [HASH(s_store_name,s_company_id,s_street_number,s_street_name,s_street_type,s_suite_number,s_city,s_county,s_state,s_zip)]
|  mem-estimate=35.03MB mem-reservation=0B thread-reservation=0
|  tuple-ids=5 row-size=210B cardinality=323.35M cost=67444256
|  in pipelines: 00(GETNEXT)
|
F02:PLAN FRAGMENT [HASH(ss_customer_sk,ss_item_sk,ss_ticket_number)] hosts=10 instances=120
Per-Instance Resources: mem-estimate=538.82MB mem-reservation=34.00MB thread-reservation=1
max-parallelism=3770 segment-costs=[37652994992, 67444256] cpu-comparison-result=180 [max(180 (self) vs 173 (sum children))]
09:AGGREGATE [STREAMING]
|  output: sum(CAST(CASE WHEN (CAST(sr_returned_date_sk AS BIGINT) - CAST(ss_sold_date_sk AS BIGINT) <= CAST(30 AS BIGINT)) THEN CAST(1 AS TINYINT) ELSE CAST(0 AS TINYINT) END AS BIGINT)), sum(CAST(CASE WHEN (CAST(sr_returned_date_sk AS BIGINT) - CAST(ss_sold_date_sk AS BIGINT) > CAST(30 AS BIGINT)) AND (CAST(sr_returned_date_sk AS BIGINT) - CAST(ss_sold_date_sk AS BIGINT) <= CAST(60 AS BIGINT)) THEN CAST(1 AS TINYINT) ELSE CAST(0 AS TINYINT) END AS BIGINT)), sum(CAST(CASE WHEN (CAST(sr_returned_date_sk AS BIGINT) - CAST(ss_sold_date_sk AS BIGINT) > CAST(60 AS BIGINT)) AND (CAST(sr_returned_date_sk AS BIGINT) - CAST(ss_sold_date_sk AS BIGINT) <= CAST(90 AS BIGINT)) THEN CAST(1 AS TINYINT) ELSE CAST(0 AS TINYINT) END AS BIGINT)), sum(CAST(CASE WHEN (CAST(sr_returned_date_sk AS BIGINT) - CAST(ss_sold_date_sk AS BIGINT) > CAST(90 AS BIGINT)) AND (CAST(sr_returned_date_sk AS BIGINT) - CAST(ss_sold_date_sk AS BIGINT) <= CAST(120 AS BIGINT)) THEN CAST(1 AS TINYINT) ELSE CAST(0 AS TINYINT) END AS BIGINT)), sum(CAST(CASE WHEN (CAST(sr_returned_date_sk AS BIGINT) - CAST(ss_sold_date_sk AS BIGINT) > CAST(120 AS BIGINT)) THEN CAST(1 AS TINYINT) ELSE CAST(0 AS TINYINT) END AS BIGINT))
|  group by: s_store_name, s_company_id, s_street_number, s_street_name, s_street_type, s_suite_number, s_city, s_county, s_state, s_zip
|  mem-estimate=427.07MB mem-reservation=34.00MB spill-buffer=2.00MB thread-reservation=0
|  tuple-ids=5 row-size=210B cardinality=323.35M cost=4850271232
|  in pipelines: 00(GETNEXT)
|
08:HASH JOIN [INNER JOIN, BROADCAST]
|  hash-table-id=00
|  hash predicates: ss_sold_date_sk = d1.d_date_sk
|  fk/pk conjuncts: ss_sold_date_sk = d1.d_date_sk
|  mem-estimate=0B mem-reservation=0B spill-buffer=128.00KB thread-reservation=0
|  tuple-ids=0,1,4,2,3 row-size=234B cardinality=323.35M cost=323351424
|  in pipelines: 00(GETNEXT), 03(OPEN)
|
|--F08:PLAN FRAGMENT [HASH(ss_customer_sk,ss_item_sk,ss_ticket_number)] hosts=10 instances=10
|  |  Per-Instance Resources: mem-estimate=35.79MB mem-reservation=35.50MB thread-reservation=1 runtime-filters-memory=1.00MB
|  |  max-parallelism=10 segment-costs=[78759]
|  JOIN BUILD
|  |  join-table-id=00 plan-id=01 cohort-id=01
|  |  build expressions: d1.d_date_sk
|  |  runtime filters: RF000[bloom] <- d1.d_date_sk
|  |  mem-estimate=34.50MB mem-reservation=34.50MB spill-buffer=128.00KB thread-reservation=0 cost=73049
|  |
|  15:EXCHANGE [BROADCAST]
|  |  mem-estimate=293.35KB mem-reservation=0B thread-reservation=0
|  |  tuple-ids=3 row-size=4B cardinality=73.05K cost=5710
|  |  in pipelines: 03(GETNEXT)
|  |
|  F05:PLAN FRAGMENT [RANDOM] hosts=1 instances=1
|  Per-Instance Resources: mem-estimate=16.03MB mem-reservation=512.00KB thread-reservation=1
|  max-parallelism=1 segment-costs=[50857]
|  03:SCAN HDFS [tpcds_partitioned_parquet_snap.date_dim d1, RANDOM]
|     HDFS partitions=1/1 files=1 size=2.17MB
|     stored statistics:
|       table: rows=73.05K size=2.17MB
|       columns: all
|     extrapolated-rows=disabled max-scan-range-rows=73.05K
|     mem-estimate=16.00MB mem-reservation=512.00KB thread-reservation=0
|     tuple-ids=3 row-size=4B cardinality=73.05K cost=50286
|     in pipelines: 03(GETNEXT)
|
07:HASH JOIN [INNER JOIN, BROADCAST]
|  hash-table-id=01
|  hash predicates: ss_store_sk = s_store_sk
|  fk/pk conjuncts: ss_store_sk = s_store_sk
|  mem-estimate=0B mem-reservation=0B spill-buffer=64.00KB thread-reservation=0
|  tuple-ids=0,1,4,2 row-size=230B cardinality=323.35M cost=323351424
|  in pipelines: 00(GETNEXT), 02(OPEN)
|
|--F09:PLAN FRAGMENT [HASH(ss_customer_sk,ss_item_sk,ss_ticket_number)] hosts=10 instances=10
|  |  Per-Instance Resources: mem-estimate=24.65MB mem-reservation=24.25MB thread-reservation=1 runtime-filters-memory=1.00MB
|  |  max-parallelism=10 segment-costs=[3700]
|  JOIN BUILD
|  |  join-table-id=01 plan-id=02 cohort-id=01
|  |  build expressions: s_store_sk
|  |  runtime filters: RF002[bloom] <- s_store_sk, RF003[min_max] <- s_store_sk
|  |  mem-estimate=23.25MB mem-reservation=23.25MB spill-buffer=64.00KB thread-reservation=0 cost=1350
|  |
|  14:EXCHANGE [BROADCAST]
|  |  mem-estimate=406.43KB mem-reservation=0B thread-reservation=0
|  |  tuple-ids=2 row-size=174B cardinality=1.35K cost=2350
|  |  in pipelines: 02(GETNEXT)
|  |
|  F04:PLAN FRAGMENT [RANDOM] hosts=1 instances=1
|  Per-Instance Resources: mem-estimate=16.69MB mem-reservation=88.00KB thread-reservation=1
|  max-parallelism=1 segment-costs=[50464]
|  02:SCAN HDFS [tpcds_partitioned_parquet_snap.store, RANDOM]
|     HDFS partitions=1/1 files=1 size=9.81KB
|     stored statistics:
|       table: rows=1.35K size=119.76KB
|       columns: all
|     extrapolated-rows=disabled max-scan-range-rows=1.35K
|     mem-estimate=16.00MB mem-reservation=88.00KB thread-reservation=0
|     tuple-ids=2 row-size=174B cardinality=1.35K cost=50229
|     in pipelines: 02(GETNEXT)
|
06:HASH JOIN [INNER JOIN, BROADCAST]
|  hash-table-id=02
|  hash predicates: sr_returned_date_sk = d2.d_date_sk
|  fk/pk conjuncts: sr_returned_date_sk = d2.d_date_sk
|  mem-estimate=0B mem-reservation=0B spill-buffer=64.00KB thread-reservation=0
|  tuple-ids=0,1,4 row-size=56B cardinality=323.35M cost=5999965184
|  in pipelines: 00(GETNEXT), 04(OPEN)
|
|--F10:PLAN FRAGMENT [HASH(ss_customer_sk,ss_item_sk,ss_ticket_number)] hosts=10 instances=10
|  |  Per-Instance Resources: mem-estimate=24.27MB mem-reservation=24.25MB thread-reservation=1 runtime-filters-memory=1.00MB
|  |  max-parallelism=10 segment-costs=[128]
|  JOIN BUILD
|  |  join-table-id=02 plan-id=03 cohort-id=01
|  |  build expressions: d2.d_date_sk
|  |  runtime filters: RF004[bloom] <- d2.d_date_sk
|  |  mem-estimate=23.25MB mem-reservation=23.25MB spill-buffer=64.00KB thread-reservation=0 cost=108
|  |
|  13:EXCHANGE [BROADCAST]
|  |  mem-estimate=16.00KB mem-reservation=0B thread-reservation=0
|  |  tuple-ids=4 row-size=12B cardinality=108 cost=20
|  |  in pipelines: 04(GETNEXT)
|  |
|  F03:PLAN FRAGMENT [RANDOM] hosts=1 instances=1
|  Per-Instance Resources: mem-estimate=16.06MB mem-reservation=512.00KB thread-reservation=1
|  max-parallelism=1 segment-costs=[196957]
|  04:SCAN HDFS [tpcds_partitioned_parquet_snap.date_dim d2, RANDOM]
|     HDFS partitions=1/1 files=1 size=2.17MB
|     predicates: d2.d_year = CAST(1999 AS INT), d2.d_moy = CAST(9 AS INT)
|     stored statistics:
|       table: rows=73.05K size=2.17MB
|       columns: all
|     extrapolated-rows=disabled max-scan-range-rows=73.05K
|     parquet statistics predicates: d2.d_year = CAST(1999 AS INT), d2.d_moy = CAST(9 AS INT)
|     parquet dictionary predicates: d2.d_year = CAST(1999 AS INT), d2.d_moy = CAST(9 AS INT)
|     mem-estimate=16.00MB mem-reservation=512.00KB thread-reservation=0
|     tuple-ids=4 row-size=12B cardinality=108 cost=196955
|     in pipelines: 04(GETNEXT)
|
05:HASH JOIN [INNER JOIN, PARTITIONED]
|  hash-table-id=03
|  hash predicates: ss_customer_sk = sr_customer_sk, ss_item_sk = sr_item_sk, ss_ticket_number = sr_ticket_number
|  fk/pk conjuncts: ss_customer_sk = sr_customer_sk, ss_item_sk = sr_item_sk, ss_ticket_number = sr_ticket_number
|  mem-estimate=0B mem-reservation=0B spill-buffer=2.00MB thread-reservation=0
|  tuple-ids=0,1 row-size=44B cardinality=6.00G cost=25919807488
|  in pipelines: 00(GETNEXT), 01(OPEN)
|
|--F11:PLAN FRAGMENT [HASH(ss_customer_sk,ss_item_sk,ss_ticket_number)] hosts=10 instances=120
|  |  Per-Instance Resources: mem-estimate=385.60MB mem-reservation=67.00MB thread-reservation=1 runtime-filters-memory=33.00MB
|  |  max-parallelism=3770 segment-costs=[2612215428]
|  JOIN BUILD
|  |  join-table-id=03 plan-id=04 cohort-id=01
|  |  build expressions: sr_customer_sk, sr_item_sk, sr_ticket_number
|  |  runtime filters: RF006[bloom] <- sr_customer_sk, RF007[bloom] <- sr_item_sk, RF008[bloom] <- sr_ticket_number, RF009[min_max] <- sr_customer_sk, RF010[min_max] <- sr_item_sk, RF011[min_max] <- sr_ticket_number
|  |  mem-estimate=342.13MB mem-reservation=34.00MB spill-buffer=2.00MB thread-reservation=0 cost=2591965696
|  |
|  12:EXCHANGE [HASH(sr_customer_sk,sr_item_sk,sr_ticket_number)]
|  |  mem-estimate=10.47MB mem-reservation=0B thread-reservation=0
|  |  tuple-ids=1 row-size=20B cardinality=863.99M cost=20249732
|  |  in pipelines: 01(GETNEXT)
|  |
|  F01:PLAN FRAGMENT [RANDOM] hosts=10 instances=20 (adjusted from 120)
|  Per-Host Shared Resources: mem-estimate=1.00MB mem-reservation=1.00MB thread-reservation=0 runtime-filters-memory=1.00MB
|  Per-Instance Resources: mem-estimate=27.25MB mem-reservation=512.00KB thread-reservation=1
|  max-parallelism=20 segment-costs=[137324500]
|  01:SCAN HDFS [tpcds_partitioned_parquet_snap.store_returns, RANDOM]
|     HDFS partitions=2004/2004 files=2004 size=33.63MB
|     runtime filters: RF004[bloom] -> sr_returned_date_sk
|     stored statistics:
|       table: rows=863.99M size=48.14GB
|       partitions: 2004/2004 rows=863.99M
|       columns: all
|     extrapolated-rows=disabled max-scan-range-rows=30.09M
|     mem-estimate=16.00MB mem-reservation=512.00KB thread-reservation=0
|     tuple-ids=1 row-size=20B cardinality=863.99M cost=117074768
|     in pipelines: 01(GETNEXT)
|
11:EXCHANGE [HASH(ss_customer_sk,ss_item_sk,ss_ticket_number)]
|  mem-estimate=11.64MB mem-reservation=0B thread-reservation=0
|  tuple-ids=0 row-size=24B cardinality=8.64G cost=236248240
|  in pipelines: 00(GETNEXT)
|
F00:PLAN FRAGMENT [RANDOM] hosts=10 instances=60 (adjusted from 120)
Per-Host Shared Resources: mem-estimate=35.00MB mem-reservation=35.00MB thread-reservation=0 runtime-filters-memory=35.00MB
Per-Instance Resources: mem-estimate=29.12MB mem-reservation=8.00MB thread-reservation=1
max-parallelism=60 segment-costs=[529946704]
00:SCAN HDFS [tpcds_partitioned_parquet_snap.store_sales, RANDOM]
   HDFS partitions=1824/1824 files=1824 size=199.33MB
   runtime filters: RF003[min_max] -> ss_store_sk, RF009[min_max] -> ss_customer_sk, RF010[min_max] -> ss_item_sk, RF011[min_max] -> ss_ticket_number, RF000[bloom] -> ss_sold_date_sk, RF002[bloom] -> ss_store_sk, RF006[bloom] -> ss_customer_sk, RF007[bloom] -> ss_item_sk, RF008[bloom] -> ss_ticket_number
   stored statistics:
     table: rows=8.64G size=389.90GB
     partitions: 1824/1824 rows=8.64G
     columns: all
   extrapolated-rows=disabled max-scan-range-rows=390.22M
   mem-estimate=16.00MB mem-reservation=8.00MB thread-reservation=0
   tuple-ids=0 row-size=24B cardinality=8.64G cost=293698464
   in pipelines: 00(GETNEXT)
---- PARALLELPLANS
Max Per-Host Resource Reservation: Memory=1.75GB Threads=51
Per-Host Resource Estimates: Memory=17.64GB
F07:PLAN FRAGMENT [UNPARTITIONED] hosts=1 instances=1
|  Per-Instance Resources: mem-estimate=6.45MB mem-reservation=4.00MB thread-reservation=1
|  max-parallelism=1 segment-costs=[1521] cpu-comparison-result=180 [max(1 (self) vs 180 (sum children))]
PLAN-ROOT SINK
|  output exprs: s_store_name, s_company_id, s_street_number, s_street_name, s_street_type, s_suite_number, s_city, s_county, s_state, s_zip, sum(CASE WHEN (sr_returned_date_sk - ss_sold_date_sk <= 30) THEN 1 ELSE 0 END), sum(CASE WHEN (sr_returned_date_sk - ss_sold_date_sk > 30) AND (sr_returned_date_sk - ss_sold_date_sk <= 60) THEN 1 ELSE 0 END), sum(CASE WHEN (sr_returned_date_sk - ss_sold_date_sk > 60) AND (sr_returned_date_sk - ss_sold_date_sk <= 90) THEN 1 ELSE 0 END), sum(CASE WHEN (sr_returned_date_sk - ss_sold_date_sk > 90) AND (sr_returned_date_sk - ss_sold_date_sk <= 120) THEN 1 ELSE 0 END), sum(CASE WHEN (sr_returned_date_sk - ss_sold_date_sk > 120) THEN 1 ELSE 0 END)
|  mem-estimate=4.00MB mem-reservation=4.00MB spill-buffer=2.00MB thread-reservation=0 cost=1500
|
18:MERGING-EXCHANGE [UNPARTITIONED]
|  order by: s_store_name ASC, s_company_id ASC, s_street_number ASC, s_street_name ASC, s_street_type ASC, s_suite_number ASC, s_city ASC, s_county ASC, s_state ASC, s_zip ASC
|  limit: 100
|  mem-estimate=2.45MB mem-reservation=0B thread-reservation=0
|  tuple-ids=6 row-size=210B cardinality=100 cost=21
|  in pipelines: 10(GETNEXT)
|
F06:PLAN FRAGMENT [HASH(s_store_name,s_company_id,s_street_number,s_street_name,s_street_type,s_suite_number,s_city,s_county,s_state,s_zip)] hosts=10 instances=120
Per-Instance Resources: mem-estimate=547.14MB mem-reservation=34.00MB thread-reservation=1
max-parallelism=500 segment-costs=[4917715488, 1000, 21] cpu-comparison-result=180 [max(120 (self) vs 180 (sum children))]
10:TOP-N [LIMIT=100]
|  order by: s_store_name ASC, s_company_id ASC, s_street_number ASC, s_street_name ASC, s_street_type ASC, s_suite_number ASC, s_city ASC, s_county ASC, s_state ASC, s_zip ASC
|  mem-estimate=20.47KB mem-reservation=0B thread-reservation=0
|  tuple-ids=6 row-size=210B cardinality=100 cost=1000
|  in pipelines: 10(GETNEXT), 17(OPEN)
|
17:AGGREGATE [FINALIZE]
|  output: sum:merge(CASE WHEN (sr_returned_date_sk - ss_sold_date_sk <= 30) THEN 1 ELSE 0 END), sum:merge(CASE WHEN (sr_returned_date_sk - ss_sold_date_sk > 30) AND (sr_returned_date_sk - ss_sold_date_sk <= 60) THEN 1 ELSE 0 END), sum:merge(CASE WHEN (sr_returned_date_sk - ss_sold_date_sk > 60) AND (sr_returned_date_sk - ss_sold_date_sk <= 90) THEN 1 ELSE 0 END), sum:merge(CASE WHEN (sr_returned_date_sk - ss_sold_date_sk > 90) AND (sr_returned_date_sk - ss_sold_date_sk <= 120) THEN 1 ELSE 0 END), sum:merge(CASE WHEN (sr_returned_date_sk - ss_sold_date_sk > 120) THEN 1 ELSE 0 END)
|  group by: s_store_name, s_company_id, s_street_number, s_street_name, s_street_type, s_suite_number, s_city, s_county, s_state, s_zip
|  mem-estimate=512.11MB mem-reservation=34.00MB spill-buffer=2.00MB thread-reservation=0
|  tuple-ids=5 row-size=210B cardinality=323.35M cost=4850271232
|  in pipelines: 17(GETNEXT), 00(OPEN)
|
16:EXCHANGE [HASH(s_store_name,s_company_id,s_street_number,s_street_name,s_street_type,s_suite_number,s_city,s_county,s_state,s_zip)]
|  mem-estimate=35.03MB mem-reservation=0B thread-reservation=0
|  tuple-ids=5 row-size=210B cardinality=323.35M cost=67444256
|  in pipelines: 00(GETNEXT)
|
F02:PLAN FRAGMENT [HASH(ss_customer_sk,ss_item_sk,ss_ticket_number)] hosts=10 instances=120
Per-Instance Resources: mem-estimate=538.82MB mem-reservation=34.00MB thread-reservation=1
max-parallelism=3770 segment-costs=[37652994992, 67444256] cpu-comparison-result=180 [max(180 (self) vs 173 (sum children))]
09:AGGREGATE [STREAMING]
|  output: sum(CAST(CASE WHEN (CAST(sr_returned_date_sk AS BIGINT) - CAST(ss_sold_date_sk AS BIGINT) <= CAST(30 AS BIGINT)) THEN CAST(1 AS TINYINT) ELSE CAST(0 AS TINYINT) END AS BIGINT)), sum(CAST(CASE WHEN (CAST(sr_returned_date_sk AS BIGINT) - CAST(ss_sold_date_sk AS BIGINT) > CAST(30 AS BIGINT)) AND (CAST(sr_returned_date_sk AS BIGINT) - CAST(ss_sold_date_sk AS BIGINT) <= CAST(60 AS BIGINT)) THEN CAST(1 AS TINYINT) ELSE CAST(0 AS TINYINT) END AS BIGINT)), sum(CAST(CASE WHEN (CAST(sr_returned_date_sk AS BIGINT) - CAST(ss_sold_date_sk AS BIGINT) > CAST(60 AS BIGINT)) AND (CAST(sr_returned_date_sk AS BIGINT) - CAST(ss_sold_date_sk AS BIGINT) <= CAST(90 AS BIGINT)) THEN CAST(1 AS TINYINT) ELSE CAST(0 AS TINYINT) END AS BIGINT)), sum(CAST(CASE WHEN (CAST(sr_returned_date_sk AS BIGINT) - CAST(ss_sold_date_sk AS BIGINT) > CAST(90 AS BIGINT)) AND (CAST(sr_returned_date_sk AS BIGINT) - CAST(ss_sold_date_sk AS BIGINT) <= CAST(120 AS BIGINT)) THEN CAST(1 AS TINYINT) ELSE CAST(0 AS TINYINT) END AS BIGINT)), sum(CAST(CASE WHEN (CAST(sr_returned_date_sk AS BIGINT) - CAST(ss_sold_date_sk AS BIGINT) > CAST(120 AS BIGINT)) THEN CAST(1 AS TINYINT) ELSE CAST(0 AS TINYINT) END AS BIGINT))
|  group by: s_store_name, s_company_id, s_street_number, s_street_name, s_street_type, s_suite_number, s_city, s_county, s_state, s_zip
|  mem-estimate=427.07MB mem-reservation=34.00MB spill-buffer=2.00MB thread-reservation=0
|  tuple-ids=5 row-size=210B cardinality=323.35M cost=4850271232
|  in pipelines: 00(GETNEXT)
|
08:HASH JOIN [INNER JOIN, BROADCAST]
|  hash-table-id=00
|  hash predicates: ss_sold_date_sk = d1.d_date_sk
|  fk/pk conjuncts: ss_sold_date_sk = d1.d_date_sk
|  mem-estimate=0B mem-reservation=0B spill-buffer=128.00KB thread-reservation=0
|  tuple-ids=0,1,4,2,3 row-size=234B cardinality=323.35M cost=323351424
|  in pipelines: 00(GETNEXT), 03(OPEN)
|
|--F08:PLAN FRAGMENT [HASH(ss_customer_sk,ss_item_sk,ss_ticket_number)] hosts=10 instances=10
|  |  Per-Instance Resources: mem-estimate=35.79MB mem-reservation=35.50MB thread-reservation=1 runtime-filters-memory=1.00MB
|  |  max-parallelism=10 segment-costs=[78759]
|  JOIN BUILD
|  |  join-table-id=00 plan-id=01 cohort-id=01
|  |  build expressions: d1.d_date_sk
|  |  runtime filters: RF000[bloom] <- d1.d_date_sk
|  |  mem-estimate=34.50MB mem-reservation=34.50MB spill-buffer=128.00KB thread-reservation=0 cost=73049
|  |
|  15:EXCHANGE [BROADCAST]
|  |  mem-estimate=293.35KB mem-reservation=0B thread-reservation=0
|  |  tuple-ids=3 row-size=4B cardinality=73.05K cost=5710
|  |  in pipelines: 03(GETNEXT)
|  |
|  F05:PLAN FRAGMENT [RANDOM] hosts=1 instances=1
|  Per-Instance Resources: mem-estimate=16.03MB mem-reservation=512.00KB thread-reservation=1
|  max-parallelism=1 segment-costs=[50857]
|  03:SCAN HDFS [tpcds_partitioned_parquet_snap.date_dim d1, RANDOM]
|     HDFS partitions=1/1 files=1 size=2.17MB
|     stored statistics:
|       table: rows=73.05K size=2.17MB
|       columns: all
|     extrapolated-rows=disabled max-scan-range-rows=73.05K
|     mem-estimate=16.00MB mem-reservation=512.00KB thread-reservation=0
|     tuple-ids=3 row-size=4B cardinality=73.05K cost=50286
|     in pipelines: 03(GETNEXT)
|
07:HASH JOIN [INNER JOIN, BROADCAST]
|  hash-table-id=01
|  hash predicates: ss_store_sk = s_store_sk
|  fk/pk conjuncts: ss_store_sk = s_store_sk
|  mem-estimate=0B mem-reservation=0B spill-buffer=64.00KB thread-reservation=0
|  tuple-ids=0,1,4,2 row-size=230B cardinality=323.35M cost=323351424
|  in pipelines: 00(GETNEXT), 02(OPEN)
|
|--F09:PLAN FRAGMENT [HASH(ss_customer_sk,ss_item_sk,ss_ticket_number)] hosts=10 instances=10
|  |  Per-Instance Resources: mem-estimate=24.65MB mem-reservation=24.25MB thread-reservation=1 runtime-filters-memory=1.00MB
|  |  max-parallelism=10 segment-costs=[3700]
|  JOIN BUILD
|  |  join-table-id=01 plan-id=02 cohort-id=01
|  |  build expressions: s_store_sk
|  |  runtime filters: RF002[bloom] <- s_store_sk, RF003[min_max] <- s_store_sk
|  |  mem-estimate=23.25MB mem-reservation=23.25MB spill-buffer=64.00KB thread-reservation=0 cost=1350
|  |
|  14:EXCHANGE [BROADCAST]
|  |  mem-estimate=406.43KB mem-reservation=0B thread-reservation=0
|  |  tuple-ids=2 row-size=174B cardinality=1.35K cost=2350
|  |  in pipelines: 02(GETNEXT)
|  |
|  F04:PLAN FRAGMENT [RANDOM] hosts=1 instances=1
|  Per-Instance Resources: mem-estimate=16.69MB mem-reservation=88.00KB thread-reservation=1
|  max-parallelism=1 segment-costs=[50464]
|  02:SCAN HDFS [tpcds_partitioned_parquet_snap.store, RANDOM]
|     HDFS partitions=1/1 files=1 size=9.81KB
|     stored statistics:
|       table: rows=1.35K size=119.76KB
|       columns: all
|     extrapolated-rows=disabled max-scan-range-rows=1.35K
|     mem-estimate=16.00MB mem-reservation=88.00KB thread-reservation=0
|     tuple-ids=2 row-size=174B cardinality=1.35K cost=50229
|     in pipelines: 02(GETNEXT)
|
06:HASH JOIN [INNER JOIN, BROADCAST]
|  hash-table-id=02
|  hash predicates: sr_returned_date_sk = d2.d_date_sk
|  fk/pk conjuncts: sr_returned_date_sk = d2.d_date_sk
|  mem-estimate=0B mem-reservation=0B spill-buffer=64.00KB thread-reservation=0
|  tuple-ids=0,1,4 row-size=56B cardinality=323.35M cost=5999965184
|  in pipelines: 00(GETNEXT), 04(OPEN)
|
|--F10:PLAN FRAGMENT [HASH(ss_customer_sk,ss_item_sk,ss_ticket_number)] hosts=10 instances=10
|  |  Per-Instance Resources: mem-estimate=24.27MB mem-reservation=24.25MB thread-reservation=1 runtime-filters-memory=1.00MB
|  |  max-parallelism=10 segment-costs=[128]
|  JOIN BUILD
|  |  join-table-id=02 plan-id=03 cohort-id=01
|  |  build expressions: d2.d_date_sk
|  |  runtime filters: RF004[bloom] <- d2.d_date_sk
|  |  mem-estimate=23.25MB mem-reservation=23.25MB spill-buffer=64.00KB thread-reservation=0 cost=108
|  |
|  13:EXCHANGE [BROADCAST]
|  |  mem-estimate=16.00KB mem-reservation=0B thread-reservation=0
|  |  tuple-ids=4 row-size=12B cardinality=108 cost=20
|  |  in pipelines: 04(GETNEXT)
|  |
|  F03:PLAN FRAGMENT [RANDOM] hosts=1 instances=1
|  Per-Instance Resources: mem-estimate=16.06MB mem-reservation=512.00KB thread-reservation=1
|  max-parallelism=1 segment-costs=[196957]
|  04:SCAN HDFS [tpcds_partitioned_parquet_snap.date_dim d2, RANDOM]
|     HDFS partitions=1/1 files=1 size=2.17MB
|     predicates: d2.d_year = CAST(1999 AS INT), d2.d_moy = CAST(9 AS INT)
|     stored statistics:
|       table: rows=73.05K size=2.17MB
|       columns: all
|     extrapolated-rows=disabled max-scan-range-rows=73.05K
|     parquet statistics predicates: d2.d_year = CAST(1999 AS INT), d2.d_moy = CAST(9 AS INT)
|     parquet dictionary predicates: d2.d_year = CAST(1999 AS INT), d2.d_moy = CAST(9 AS INT)
|     mem-estimate=16.00MB mem-reservation=512.00KB thread-reservation=0
|     tuple-ids=4 row-size=12B cardinality=108 cost=196955
|     in pipelines: 04(GETNEXT)
|
05:HASH JOIN [INNER JOIN, PARTITIONED]
|  hash-table-id=03
|  hash predicates: ss_customer_sk = sr_customer_sk, ss_item_sk = sr_item_sk, ss_ticket_number = sr_ticket_number
|  fk/pk conjuncts: ss_customer_sk = sr_customer_sk, ss_item_sk = sr_item_sk, ss_ticket_number = sr_ticket_number
|  mem-estimate=0B mem-reservation=0B spill-buffer=2.00MB thread-reservation=0
|  tuple-ids=0,1 row-size=44B cardinality=6.00G cost=25919807488
|  in pipelines: 00(GETNEXT), 01(OPEN)
|
|--F11:PLAN FRAGMENT [HASH(ss_customer_sk,ss_item_sk,ss_ticket_number)] hosts=10 instances=120
|  |  Per-Instance Resources: mem-estimate=385.60MB mem-reservation=67.00MB thread-reservation=1 runtime-filters-memory=33.00MB
|  |  max-parallelism=3770 segment-costs=[2612215428]
|  JOIN BUILD
|  |  join-table-id=03 plan-id=04 cohort-id=01
|  |  build expressions: sr_customer_sk, sr_item_sk, sr_ticket_number
|  |  runtime filters: RF006[bloom] <- sr_customer_sk, RF007[bloom] <- sr_item_sk, RF008[bloom] <- sr_ticket_number, RF009[min_max] <- sr_customer_sk, RF010[min_max] <- sr_item_sk, RF011[min_max] <- sr_ticket_number
|  |  mem-estimate=342.13MB mem-reservation=34.00MB spill-buffer=2.00MB thread-reservation=0 cost=2591965696
|  |
|  12:EXCHANGE [HASH(sr_customer_sk,sr_item_sk,sr_ticket_number)]
|  |  mem-estimate=10.47MB mem-reservation=0B thread-reservation=0
|  |  tuple-ids=1 row-size=20B cardinality=863.99M cost=20249732
|  |  in pipelines: 01(GETNEXT)
|  |
|  F01:PLAN FRAGMENT [RANDOM] hosts=10 instances=20 (adjusted from 120)
|  Per-Host Shared Resources: mem-estimate=1.00MB mem-reservation=1.00MB thread-reservation=0 runtime-filters-memory=1.00MB
|  Per-Instance Resources: mem-estimate=27.25MB mem-reservation=512.00KB thread-reservation=1
|  max-parallelism=20 segment-costs=[137324500]
|  01:SCAN HDFS [tpcds_partitioned_parquet_snap.store_returns, RANDOM]
|     HDFS partitions=2004/2004 files=2004 size=33.63MB
|     runtime filters: RF004[bloom] -> sr_returned_date_sk
|     stored statistics:
|       table: rows=863.99M size=48.14GB
|       partitions: 2004/2004 rows=863.99M
|       columns: all
|     extrapolated-rows=disabled max-scan-range-rows=30.09M
|     mem-estimate=16.00MB mem-reservation=512.00KB thread-reservation=0
|     tuple-ids=1 row-size=20B cardinality=863.99M cost=117074768
|     in pipelines: 01(GETNEXT)
|
11:EXCHANGE [HASH(ss_customer_sk,ss_item_sk,ss_ticket_number)]
|  mem-estimate=11.64MB mem-reservation=0B thread-reservation=0
|  tuple-ids=0 row-size=24B cardinality=8.64G cost=236248240
|  in pipelines: 00(GETNEXT)
|
F00:PLAN FRAGMENT [RANDOM] hosts=10 instances=60 (adjusted from 120)
Per-Host Shared Resources: mem-estimate=35.00MB mem-reservation=35.00MB thread-reservation=0 runtime-filters-memory=35.00MB
Per-Instance Resources: mem-estimate=29.12MB mem-reservation=8.00MB thread-reservation=1
max-parallelism=60 segment-costs=[529946704]
00:SCAN HDFS [tpcds_partitioned_parquet_snap.store_sales, RANDOM]
   HDFS partitions=1824/1824 files=1824 size=199.33MB
   runtime filters: RF003[min_max] -> ss_store_sk, RF009[min_max] -> ss_customer_sk, RF010[min_max] -> ss_item_sk, RF011[min_max] -> ss_ticket_number, RF000[bloom] -> ss_sold_date_sk, RF002[bloom] -> ss_store_sk, RF006[bloom] -> ss_customer_sk, RF007[bloom] -> ss_item_sk, RF008[bloom] -> ss_ticket_number
   stored statistics:
     table: rows=8.64G size=389.90GB
     partitions: 1824/1824 rows=8.64G
     columns: all
   extrapolated-rows=disabled max-scan-range-rows=390.22M
   mem-estimate=16.00MB mem-reservation=8.00MB thread-reservation=0
   tuple-ids=0 row-size=24B cardinality=8.64G cost=293698464
   in pipelines: 00(GETNEXT)
====
