# TPCDS-Q75
# start query 75 in stream 0 using template query75.tpl using seed 369825577
WITH all_sales AS (
 SELECT d_year
       ,i_brand_id
       ,i_class_id
       ,i_category_id
       ,i_manufact_id
       ,SUM(sales_cnt) AS sales_cnt
       ,SUM(sales_amt) AS sales_amt
 FROM (SELECT d_year
             ,i_brand_id
             ,i_class_id
             ,i_category_id
             ,i_manufact_id
             ,cs_quantity - COALESCE(cr_return_quantity,0) AS sales_cnt
             ,cs_ext_sales_price - COALESCE(cr_return_amount,0.0) AS sales_amt
       FROM catalog_sales JOIN item ON i_item_sk=cs_item_sk
                          JOIN date_dim ON d_date_sk=cs_sold_date_sk
                          LEFT JOIN catalog_returns ON (cs_order_number=cr_order_number
                                                    AND cs_item_sk=cr_item_sk)
       WHERE i_category='Sports'
       UNION
       SELECT d_year
             ,i_brand_id
             ,i_class_id
             ,i_category_id
             ,i_manufact_id
             ,ss_quantity - COALESCE(sr_return_quantity,0) AS sales_cnt
             ,ss_ext_sales_price - COALESCE(sr_return_amt,0.0) AS sales_amt
       FROM store_sales JOIN item ON i_item_sk=ss_item_sk
                        JOIN date_dim ON d_date_sk=ss_sold_date_sk
                        LEFT JOIN store_returns ON (ss_ticket_number=sr_ticket_number
                                                AND ss_item_sk=sr_item_sk)
       WHERE i_category='Sports'
       UNION
       SELECT d_year
             ,i_brand_id
             ,i_class_id
             ,i_category_id
             ,i_manufact_id
             ,ws_quantity - COALESCE(wr_return_quantity,0) AS sales_cnt
             ,ws_ext_sales_price - COALESCE(wr_return_amt,0.0) AS sales_amt
       FROM web_sales JOIN item ON i_item_sk=ws_item_sk
                      JOIN date_dim ON d_date_sk=ws_sold_date_sk
                      LEFT JOIN web_returns ON (ws_order_number=wr_order_number
                                            AND ws_item_sk=wr_item_sk)
       WHERE i_category='Sports') sales_detail
 GROUP BY d_year, i_brand_id, i_class_id, i_category_id, i_manufact_id)
 SELECT  prev_yr.d_year AS prev_year
                          ,curr_yr.d_year AS year
                          ,curr_yr.i_brand_id
                          ,curr_yr.i_class_id
                          ,curr_yr.i_category_id
                          ,curr_yr.i_manufact_id
                          ,prev_yr.sales_cnt AS prev_yr_cnt
                          ,curr_yr.sales_cnt AS curr_yr_cnt
                          ,curr_yr.sales_cnt-prev_yr.sales_cnt AS sales_cnt_diff
                          ,curr_yr.sales_amt-prev_yr.sales_amt AS sales_amt_diff
 FROM all_sales curr_yr, all_sales prev_yr
 WHERE curr_yr.i_brand_id=prev_yr.i_brand_id
   AND curr_yr.i_class_id=prev_yr.i_class_id
   AND curr_yr.i_category_id=prev_yr.i_category_id
   AND curr_yr.i_manufact_id=prev_yr.i_manufact_id
   AND curr_yr.d_year=2001
   AND prev_yr.d_year=2001-1
   AND CAST(curr_yr.sales_cnt AS DECIMAL(17,2))/CAST(prev_yr.sales_cnt AS DECIMAL(17,2))<0.9
 ORDER BY sales_cnt_diff,sales_amt_diff
 limit 100;

# end query 75 in stream 0 using template query75.tpl
---- PLAN
Max Per-Host Resource Reservation: Memory=206.38MB Threads=1
Per-Host Resource Estimates: Memory=30.43GB
F00:PLAN FRAGMENT [UNPARTITIONED] hosts=1 instances=1
|  Per-Instance Resources: mem-estimate=30.43GB mem-reservation=206.38MB thread-reservation=1 runtime-filters-memory=40.00MB
|  max-parallelism=1 segment-costs=[16247600734, 2155832064, 16247600734, 2155832064, 12570648, 1000]
PLAN-ROOT SINK
|  output exprs: d_year, d_year, i_brand_id, i_class_id, i_category_id, i_manufact_id, sales_cnt, sales_cnt, sales_cnt - sales_cnt, sales_amt - sales_amt
|  mem-estimate=4.00MB mem-reservation=4.00MB spill-buffer=2.00MB thread-reservation=0 cost=1000
|
49:TOP-N [LIMIT=100]
|  order by: sales_cnt - sales_cnt ASC, sales_amt - sales_amt ASC
|  mem-estimate=7.03KB mem-reservation=0B thread-reservation=0
|  tuple-ids=32 row-size=72B cardinality=100 cost=200
|  in pipelines: 49(GETNEXT), 23(OPEN)
|
48:HASH JOIN [INNER JOIN]
|  hash predicates: i_brand_id = i_brand_id, i_category_id = i_category_id, i_class_id = i_class_id, i_manufact_id = i_manufact_id
|  fk/pk conjuncts: assumed fk/pk
|  other predicates: CAST(sum(sales_cnt) AS DECIMAL(17,2)) / CAST(sum(sales_cnt) AS DECIMAL(17,2)) < CAST(0.9 AS DECIMAL(1,1))
|  runtime filters: RF004[min_max] <- i_brand_id, RF005[min_max] <- i_category_id, RF006[min_max] <- i_class_id, RF007[min_max] <- i_manufact_id
|  mem-estimate=113.93MB mem-reservation=34.00MB spill-buffer=2.00MB thread-reservation=0
|  tuple-ids=14,30 row-size=88B cardinality=2.58G cost=12570448
|  in pipelines: 23(GETNEXT), 47(OPEN)
|
|--47:AGGREGATE [FINALIZE]
|  |  output: sum(sales_cnt), sum(sales_amt)
|  |  group by: d_year, i_brand_id, i_class_id, i_category_id, i_manufact_id
|  |  having: d_year = CAST(2000 AS INT)
|  |  mem-estimate=1.47GB mem-reservation=34.00MB spill-buffer=2.00MB thread-reservation=0
|  |  tuple-ids=30 row-size=44B cardinality=1.57M cost=2155832064
|  |  in pipelines: 47(GETNEXT), 46(OPEN)
|  |
|  46:AGGREGATE [FINALIZE]
|  |  group by: d_year, i_brand_id, i_class_id, i_category_id, i_manufact_id, sales_cnt, sales_amt
|  |  mem-estimate=705.92MB mem-reservation=34.00MB spill-buffer=2.00MB thread-reservation=0
|  |  tuple-ids=28 row-size=32B cardinality=307.98M cost=2155832064
|  |  in pipelines: 46(GETNEXT), 28(OPEN), 35(OPEN), 42(OPEN)
|  |
|  24:UNION
|  |  mem-estimate=0B mem-reservation=0B thread-reservation=0
|  |  tuple-ids=28 row-size=32B cardinality=307.98M cost=6467495936
|  |  in pipelines: 28(GETNEXT), 35(GETNEXT), 42(GETNEXT)
|  |
|  |--45:HASH JOIN [RIGHT OUTER JOIN]
|  |  |  hash predicates: wr_item_sk = ws_item_sk, wr_order_number = ws_order_number
|  |  |  fk/pk conjuncts: wr_item_sk = ws_item_sk, wr_order_number = ws_order_number
|  |  |  runtime filters: RF050[min_max] <- ws_item_sk, RF051[min_max] <- ws_order_number
|  |  |  mem-estimate=3.62GB mem-reservation=34.00MB spill-buffer=2.00MB thread-reservation=0
|  |  |  tuple-ids=27N,24,25,26 row-size=90B cardinality=44.04M cost=520093544
|  |  |  in pipelines: 42(GETNEXT), 39(OPEN)
|  |  |
|  |  |--44:HASH JOIN [INNER JOIN]
|  |  |  |  hash predicates: ws_sold_date_sk = d_date_sk
|  |  |  |  fk/pk conjuncts: ws_sold_date_sk = d_date_sk
|  |  |  |  mem-estimate=1.94MB mem-reservation=1.94MB spill-buffer=64.00KB thread-reservation=0
|  |  |  |  tuple-ids=24,25,26 row-size=70B cardinality=44.04M cost=215379493
|  |  |  |  in pipelines: 39(GETNEXT), 41(OPEN)
|  |  |  |
|  |  |  |--41:SCAN HDFS [tpcds_partitioned_parquet_snap.date_dim]
|  |  |  |     HDFS partitions=1/1 files=1 size=2.17MB
|  |  |  |     predicates: tpcds_partitioned_parquet_snap.date_dim.d_year = CAST(2000 AS INT)
|  |  |  |     stored statistics:
|  |  |  |       table: rows=73.05K size=2.17MB
|  |  |  |       columns: all
|  |  |  |     extrapolated-rows=disabled max-scan-range-rows=73.05K
|  |  |  |     parquet statistics predicates: tpcds_partitioned_parquet_snap.date_dim.d_year = CAST(2000 AS INT)
|  |  |  |     parquet dictionary predicates: tpcds_partitioned_parquet_snap.date_dim.d_year = CAST(2000 AS INT)
|  |  |  |     mem-estimate=16.00MB mem-reservation=512.00KB thread-reservation=0
|  |  |  |     tuple-ids=26 row-size=8B cardinality=373 cost=123620
|  |  |  |     in pipelines: 41(GETNEXT)
|  |  |  |
|  |  |  43:HASH JOIN [INNER JOIN]
|  |  |  |  hash predicates: ws_item_sk = i_item_sk
|  |  |  |  fk/pk conjuncts: ws_item_sk = i_item_sk
|  |  |  |  runtime filters: RF054[bloom] <- i_item_sk, RF055[min_max] <- i_item_sk
|  |  |  |  mem-estimate=4.75MB mem-reservation=4.75MB spill-buffer=256.00KB thread-reservation=0
|  |  |  |  tuple-ids=24,25 row-size=62B cardinality=215.38M cost=215415035
|  |  |  |  in pipelines: 39(GETNEXT), 40(OPEN)
|  |  |  |
|  |  |  |--40:SCAN HDFS [tpcds_partitioned_parquet_snap.item]
|  |  |  |     HDFS partitions=1/1 files=1 size=1.73MB
|  |  |  |     predicates: i_category = 'Sports'
|  |  |  |     stored statistics:
|  |  |  |       table: rows=360.00K size=33.54MB
|  |  |  |       columns: all
|  |  |  |     extrapolated-rows=disabled max-scan-range-rows=101.54K
|  |  |  |     parquet statistics predicates: i_category = 'Sports'
|  |  |  |     parquet dictionary predicates: i_category = 'Sports'
|  |  |  |     mem-estimate=16.00MB mem-reservation=512.00KB thread-reservation=0
|  |  |  |     tuple-ids=25 row-size=38B cardinality=35.91K cost=573326
|  |  |  |     in pipelines: 40(GETNEXT)
|  |  |  |
|  |  |  39:SCAN HDFS [tpcds_partitioned_parquet_snap.web_sales]
|  |  |     HDFS partitions=1824/1824 files=1824 size=84.18MB
|  |  |     runtime filters: RF055[min_max] -> ws_item_sk, RF054[bloom] -> ws_item_sk
|  |  |     stored statistics:
|  |  |       table: rows=2.16G size=145.75GB
|  |  |       partitions: 1824/1824 rows=2.16G
|  |  |       columns: all
|  |  |     extrapolated-rows=disabled max-scan-range-rows=3.37M
|  |  |     mem-estimate=16.00MB mem-reservation=128.00KB thread-reservation=0
|  |  |     tuple-ids=24 row-size=24B cardinality=215.38M(filtered from 2.16G) cost=141824256
|  |  |     in pipelines: 39(GETNEXT)
|  |  |
|  |  42:SCAN HDFS [tpcds_partitioned_parquet_snap.web_returns]
|  |     HDFS partitions=2114/2114 files=2114 size=20.70MB
|  |     runtime filters: RF050[min_max] -> wr_item_sk, RF051[min_max] -> wr_order_number
|  |     stored statistics:
|  |       table: rows=216.00M size=16.74GB
|  |       partitions: 2114/2114 rows=216.00M
|  |       columns: all
|  |     extrapolated-rows=disabled max-scan-range-rows=9.41M
|  |     mem-estimate=16.00MB mem-reservation=256.00KB thread-reservation=0
|  |     tuple-ids=27 row-size=20B cardinality=216.00M cost=109918808
|  |     in pipelines: 42(GETNEXT)
|  |
|  |--38:HASH JOIN [RIGHT OUTER JOIN]
|  |  |  hash predicates: sr_item_sk = ss_item_sk, sr_ticket_number = ss_ticket_number
|  |  |  fk/pk conjuncts: sr_item_sk = ss_item_sk, sr_ticket_number = ss_ticket_number
|  |  |  runtime filters: RF042[min_max] <- ss_item_sk, RF043[min_max] <- ss_ticket_number
|  |  |  mem-estimate=14.47GB mem-reservation=34.00MB spill-buffer=2.00MB thread-reservation=0
|  |  |  tuple-ids=23N,20,21,22 row-size=90B cardinality=176.18M cost=2080332480
|  |  |  in pipelines: 35(GETNEXT), 32(OPEN)
|  |  |
|  |  |--37:HASH JOIN [INNER JOIN]
|  |  |  |  hash predicates: ss_sold_date_sk = d_date_sk
|  |  |  |  fk/pk conjuncts: ss_sold_date_sk = d_date_sk
|  |  |  |  mem-estimate=1.94MB mem-reservation=1.94MB spill-buffer=64.00KB thread-reservation=0
|  |  |  |  tuple-ids=20,21,22 row-size=70B cardinality=176.18M cost=861523125
|  |  |  |  in pipelines: 32(GETNEXT), 34(OPEN)
|  |  |  |
|  |  |  |--34:SCAN HDFS [tpcds_partitioned_parquet_snap.date_dim]
|  |  |  |     HDFS partitions=1/1 files=1 size=2.17MB
|  |  |  |     predicates: tpcds_partitioned_parquet_snap.date_dim.d_year = CAST(2000 AS INT)
|  |  |  |     stored statistics:
|  |  |  |       table: rows=73.05K size=2.17MB
|  |  |  |       columns: all
|  |  |  |     extrapolated-rows=disabled max-scan-range-rows=73.05K
|  |  |  |     parquet statistics predicates: tpcds_partitioned_parquet_snap.date_dim.d_year = CAST(2000 AS INT)
|  |  |  |     parquet dictionary predicates: tpcds_partitioned_parquet_snap.date_dim.d_year = CAST(2000 AS INT)
|  |  |  |     mem-estimate=16.00MB mem-reservation=512.00KB thread-reservation=0
|  |  |  |     tuple-ids=22 row-size=8B cardinality=373 cost=123620
|  |  |  |     in pipelines: 34(GETNEXT)
|  |  |  |
|  |  |  36:HASH JOIN [INNER JOIN]
|  |  |  |  hash predicates: ss_item_sk = i_item_sk
|  |  |  |  fk/pk conjuncts: ss_item_sk = i_item_sk
|  |  |  |  runtime filters: RF046[bloom] <- i_item_sk, RF047[min_max] <- i_item_sk
|  |  |  |  mem-estimate=4.75MB mem-reservation=4.75MB spill-buffer=256.00KB thread-reservation=0
|  |  |  |  tuple-ids=20,21 row-size=62B cardinality=861.52M(filtered from 861.52M) cost=861558667
|  |  |  |  in pipelines: 32(GETNEXT), 33(OPEN)
|  |  |  |
|  |  |  |--33:SCAN HDFS [tpcds_partitioned_parquet_snap.item]
|  |  |  |     HDFS partitions=1/1 files=1 size=1.73MB
|  |  |  |     predicates: i_category = 'Sports'
|  |  |  |     stored statistics:
|  |  |  |       table: rows=360.00K size=33.54MB
|  |  |  |       columns: all
|  |  |  |     extrapolated-rows=disabled max-scan-range-rows=101.54K
|  |  |  |     parquet statistics predicates: i_category = 'Sports'
|  |  |  |     parquet dictionary predicates: i_category = 'Sports'
|  |  |  |     mem-estimate=16.00MB mem-reservation=512.00KB thread-reservation=0
|  |  |  |     tuple-ids=21 row-size=38B cardinality=35.91K cost=573326
|  |  |  |     in pipelines: 33(GETNEXT)
|  |  |  |
|  |  |  32:SCAN HDFS [tpcds_partitioned_parquet_snap.store_sales]
|  |  |     HDFS partitions=1824/1824 files=1824 size=199.33MB
|  |  |     runtime filters: RF047[min_max] -> ss_item_sk, RF046[bloom] -> ss_item_sk
|  |  |     stored statistics:
|  |  |       table: rows=8.64G size=389.90GB
|  |  |       partitions: 1824/1824 rows=8.64G
|  |  |       columns: all
|  |  |     extrapolated-rows=disabled max-scan-range-rows=390.22M
|  |  |     mem-estimate=16.00MB mem-reservation=8.00MB thread-reservation=0
|  |  |     tuple-ids=20 row-size=24B cardinality=861.52M(filtered from 8.64G) cost=293698464
|  |  |     in pipelines: 32(GETNEXT)
|  |  |
|  |  35:SCAN HDFS [tpcds_partitioned_parquet_snap.store_returns]
|  |     HDFS partitions=2004/2004 files=2004 size=33.63MB
|  |     runtime filters: RF042[min_max] -> sr_item_sk, RF043[min_max] -> sr_ticket_number
|  |     stored statistics:
|  |       table: rows=863.99M size=48.14GB
|  |       partitions: 2004/2004 rows=863.99M
|  |       columns: all
|  |     extrapolated-rows=disabled max-scan-range-rows=30.09M
|  |     mem-estimate=16.00MB mem-reservation=512.00KB thread-reservation=0
|  |     tuple-ids=23 row-size=20B cardinality=863.99M cost=117074768
|  |     in pipelines: 35(GETNEXT)
|  |
|  31:HASH JOIN [RIGHT OUTER JOIN]
|  |  hash predicates: cr_item_sk = cs_item_sk, cr_order_number = cs_order_number
|  |  fk/pk conjuncts: cr_item_sk = cs_item_sk, cr_order_number = cs_order_number
|  |  runtime filters: RF032[bloom] <- cs_item_sk, RF033[bloom] <- cs_order_number, RF034[min_max] <- cs_item_sk, RF035[min_max] <- cs_order_number
|  |  mem-estimate=7.21GB mem-reservation=34.00MB spill-buffer=2.00MB thread-reservation=0
|  |  tuple-ids=19N,16,17,18 row-size=90B cardinality=87.75M cost=1039542560
|  |  in pipelines: 28(GETNEXT), 25(OPEN)
|  |
|  |--30:HASH JOIN [INNER JOIN]
|  |  |  hash predicates: cs_sold_date_sk = d_date_sk
|  |  |  fk/pk conjuncts: cs_sold_date_sk = d_date_sk
|  |  |  mem-estimate=1.94MB mem-reservation=1.94MB spill-buffer=64.00KB thread-reservation=0
|  |  |  tuple-ids=16,17,18 row-size=70B cardinality=87.75M cost=430772757
|  |  |  in pipelines: 25(GETNEXT), 27(OPEN)
|  |  |
|  |  |--27:SCAN HDFS [tpcds_partitioned_parquet_snap.date_dim]
|  |  |     HDFS partitions=1/1 files=1 size=2.17MB
|  |  |     predicates: tpcds_partitioned_parquet_snap.date_dim.d_year = CAST(2000 AS INT)
|  |  |     stored statistics:
|  |  |       table: rows=73.05K size=2.17MB
|  |  |       columns: all
|  |  |     extrapolated-rows=disabled max-scan-range-rows=73.05K
|  |  |     parquet statistics predicates: tpcds_partitioned_parquet_snap.date_dim.d_year = CAST(2000 AS INT)
|  |  |     parquet dictionary predicates: tpcds_partitioned_parquet_snap.date_dim.d_year = CAST(2000 AS INT)
|  |  |     mem-estimate=16.00MB mem-reservation=512.00KB thread-reservation=0
|  |  |     tuple-ids=18 row-size=8B cardinality=373 cost=123620
|  |  |     in pipelines: 27(GETNEXT)
|  |  |
|  |  29:HASH JOIN [INNER JOIN]
|  |  |  hash predicates: cs_item_sk = i_item_sk
|  |  |  fk/pk conjuncts: cs_item_sk = i_item_sk
|  |  |  runtime filters: RF038[bloom] <- i_item_sk, RF039[min_max] <- i_item_sk
|  |  |  mem-estimate=4.75MB mem-reservation=4.75MB spill-buffer=256.00KB thread-reservation=0
|  |  |  tuple-ids=16,17 row-size=62B cardinality=430.77M(filtered from 430.77M) cost=430808299
|  |  |  in pipelines: 25(GETNEXT), 26(OPEN)
|  |  |
|  |  |--26:SCAN HDFS [tpcds_partitioned_parquet_snap.item]
|  |  |     HDFS partitions=1/1 files=1 size=1.73MB
|  |  |     predicates: i_category = 'Sports'
|  |  |     stored statistics:
|  |  |       table: rows=360.00K size=33.54MB
|  |  |       columns: all
|  |  |     extrapolated-rows=disabled max-scan-range-rows=101.54K
|  |  |     parquet statistics predicates: i_category = 'Sports'
|  |  |     parquet dictionary predicates: i_category = 'Sports'
|  |  |     mem-estimate=16.00MB mem-reservation=512.00KB thread-reservation=0
|  |  |     tuple-ids=17 row-size=38B cardinality=35.91K cost=573326
|  |  |     in pipelines: 26(GETNEXT)
|  |  |
|  |  25:SCAN HDFS [tpcds_partitioned_parquet_snap.catalog_sales]
|  |     HDFS partitions=1831/1831 files=1831 size=150.82MB
|  |     runtime filters: RF039[min_max] -> cs_item_sk, RF038[bloom] -> cs_item_sk
|  |     stored statistics:
|  |       table: rows=4.32G size=280.96GB
|  |       partitions: 1831/1831 rows=4.32G
|  |       columns: all
|  |     extrapolated-rows=disabled max-scan-range-rows=21.52M
|  |     mem-estimate=16.00MB mem-reservation=1.00MB thread-reservation=0
|  |     tuple-ids=16 row-size=24B cardinality=430.77M(filtered from 4.32G) cost=192801808
|  |     in pipelines: 25(GETNEXT)
|  |
|  28:SCAN HDFS [tpcds_partitioned_parquet_snap.catalog_returns]
|     HDFS partitions=2060/2060 files=2060 size=30.47MB
|     runtime filters: RF034[min_max] -> cr_item_sk, RF035[min_max] -> cr_order_number, RF032[bloom] -> cr_item_sk, RF033[bloom] -> cr_order_number
|     stored statistics:
|       table: rows=432.02M size=32.77GB
|       partitions: 2060/2060 rows=432.02M
|       columns: all
|     extrapolated-rows=disabled max-scan-range-rows=416.82K
|     mem-estimate=16.00MB mem-reservation=32.00KB thread-reservation=0
|     tuple-ids=19 row-size=20B cardinality=432.02M cost=111437832
|     in pipelines: 28(GETNEXT)
|
23:AGGREGATE [FINALIZE]
|  output: sum(sales_cnt), sum(sales_amt)
|  group by: d_year, i_brand_id, i_class_id, i_category_id, i_manufact_id
|  having: d_year = CAST(2001 AS INT)
|  mem-estimate=1.47GB mem-reservation=34.00MB spill-buffer=2.00MB thread-reservation=0
|  tuple-ids=14 row-size=44B cardinality=1.57M cost=2155832064
|  in pipelines: 23(GETNEXT), 22(OPEN)
|
22:AGGREGATE [FINALIZE]
|  group by: d_year, i_brand_id, i_class_id, i_category_id, i_manufact_id, sales_cnt, sales_amt
|  mem-estimate=705.92MB mem-reservation=34.00MB spill-buffer=2.00MB thread-reservation=0
|  tuple-ids=12 row-size=32B cardinality=307.98M cost=2155832064
|  in pipelines: 22(GETNEXT), 04(OPEN), 11(OPEN), 18(OPEN)
|
00:UNION
|  mem-estimate=0B mem-reservation=0B thread-reservation=0
|  tuple-ids=12 row-size=32B cardinality=307.98M cost=6467495936
|  in pipelines: 04(GETNEXT), 11(GETNEXT), 18(GETNEXT)
|
|--21:HASH JOIN [RIGHT OUTER JOIN]
|  |  hash predicates: wr_item_sk = ws_item_sk, wr_order_number = ws_order_number
|  |  fk/pk conjuncts: wr_item_sk = ws_item_sk, wr_order_number = ws_order_number
|  |  runtime filters: RF026[min_max] <- ws_item_sk, RF027[min_max] <- ws_order_number
|  |  mem-estimate=3.62GB mem-reservation=34.00MB spill-buffer=2.00MB thread-reservation=0
|  |  tuple-ids=11N,8,9,10 row-size=90B cardinality=44.04M cost=520093544
|  |  in pipelines: 18(GETNEXT), 15(OPEN)
|  |
|  |--20:HASH JOIN [INNER JOIN]
|  |  |  hash predicates: ws_sold_date_sk = d_date_sk
|  |  |  fk/pk conjuncts: ws_sold_date_sk = d_date_sk
|  |  |  mem-estimate=1.94MB mem-reservation=1.94MB spill-buffer=64.00KB thread-reservation=0
|  |  |  tuple-ids=8,9,10 row-size=70B cardinality=44.04M cost=215379493
|  |  |  in pipelines: 15(GETNEXT), 17(OPEN)
|  |  |
|  |  |--17:SCAN HDFS [tpcds_partitioned_parquet_snap.date_dim]
|  |  |     HDFS partitions=1/1 files=1 size=2.17MB
|  |  |     predicates: tpcds_partitioned_parquet_snap.date_dim.d_year = CAST(2001 AS INT)
|  |  |     stored statistics:
|  |  |       table: rows=73.05K size=2.17MB
|  |  |       columns: all
|  |  |     extrapolated-rows=disabled max-scan-range-rows=73.05K
|  |  |     parquet statistics predicates: tpcds_partitioned_parquet_snap.date_dim.d_year = CAST(2001 AS INT)
|  |  |     parquet dictionary predicates: tpcds_partitioned_parquet_snap.date_dim.d_year = CAST(2001 AS INT)
|  |  |     mem-estimate=16.00MB mem-reservation=512.00KB thread-reservation=0
|  |  |     tuple-ids=10 row-size=8B cardinality=373 cost=123620
|  |  |     in pipelines: 17(GETNEXT)
|  |  |
|  |  19:HASH JOIN [INNER JOIN]
|  |  |  hash predicates: ws_item_sk = i_item_sk
|  |  |  fk/pk conjuncts: ws_item_sk = i_item_sk
|  |  |  runtime filters: RF030[bloom] <- i_item_sk, RF031[min_max] <- i_item_sk
|  |  |  mem-estimate=4.75MB mem-reservation=4.75MB spill-buffer=256.00KB thread-reservation=0
|  |  |  tuple-ids=8,9 row-size=62B cardinality=215.38M cost=215415035
|  |  |  in pipelines: 15(GETNEXT), 16(OPEN)
|  |  |
|  |  |--16:SCAN HDFS [tpcds_partitioned_parquet_snap.item]
|  |  |     HDFS partitions=1/1 files=1 size=1.73MB
|  |  |     predicates: i_category = 'Sports'
|  |  |     runtime filters: RF004[min_max] -> tpcds_partitioned_parquet_snap.item.i_brand_id, RF005[min_max] -> tpcds_partitioned_parquet_snap.item.i_category_id, RF006[min_max] -> tpcds_partitioned_parquet_snap.item.i_class_id, RF007[min_max] -> tpcds_partitioned_parquet_snap.item.i_manufact_id
|  |  |     stored statistics:
|  |  |       table: rows=360.00K size=33.54MB
|  |  |       columns: all
|  |  |     extrapolated-rows=disabled max-scan-range-rows=101.54K
|  |  |     parquet statistics predicates: i_category = 'Sports'
|  |  |     parquet dictionary predicates: i_category = 'Sports'
|  |  |     mem-estimate=16.00MB mem-reservation=512.00KB thread-reservation=0
|  |  |     tuple-ids=9 row-size=38B cardinality=35.91K cost=573326
|  |  |     in pipelines: 16(GETNEXT)
|  |  |
|  |  15:SCAN HDFS [tpcds_partitioned_parquet_snap.web_sales]
|  |     HDFS partitions=1824/1824 files=1824 size=84.18MB
|  |     runtime filters: RF031[min_max] -> ws_item_sk, RF030[bloom] -> ws_item_sk
|  |     stored statistics:
|  |       table: rows=2.16G size=145.75GB
|  |       partitions: 1824/1824 rows=2.16G
|  |       columns: all
|  |     extrapolated-rows=disabled max-scan-range-rows=3.37M
|  |     mem-estimate=16.00MB mem-reservation=128.00KB thread-reservation=0
|  |     tuple-ids=8 row-size=24B cardinality=215.38M(filtered from 2.16G) cost=141824256
|  |     in pipelines: 15(GETNEXT)
|  |
|  18:SCAN HDFS [tpcds_partitioned_parquet_snap.web_returns]
|     HDFS partitions=2114/2114 files=2114 size=20.70MB
|     runtime filters: RF026[min_max] -> wr_item_sk, RF027[min_max] -> wr_order_number
|     stored statistics:
|       table: rows=216.00M size=16.74GB
|       partitions: 2114/2114 rows=216.00M
|       columns: all
|     extrapolated-rows=disabled max-scan-range-rows=9.41M
|     mem-estimate=16.00MB mem-reservation=256.00KB thread-reservation=0
|     tuple-ids=11 row-size=20B cardinality=216.00M cost=109918808
|     in pipelines: 18(GETNEXT)
|
|--14:HASH JOIN [RIGHT OUTER JOIN]
|  |  hash predicates: sr_item_sk = ss_item_sk, sr_ticket_number = ss_ticket_number
|  |  fk/pk conjuncts: sr_item_sk = ss_item_sk, sr_ticket_number = ss_ticket_number
|  |  runtime filters: RF018[min_max] <- ss_item_sk, RF019[min_max] <- ss_ticket_number
|  |  mem-estimate=14.47GB mem-reservation=34.00MB spill-buffer=2.00MB thread-reservation=0
|  |  tuple-ids=7N,4,5,6 row-size=90B cardinality=176.18M cost=2080332480
|  |  in pipelines: 11(GETNEXT), 08(OPEN)
|  |
|  |--13:HASH JOIN [INNER JOIN]
|  |  |  hash predicates: ss_sold_date_sk = d_date_sk
|  |  |  fk/pk conjuncts: ss_sold_date_sk = d_date_sk
|  |  |  mem-estimate=1.94MB mem-reservation=1.94MB spill-buffer=64.00KB thread-reservation=0
|  |  |  tuple-ids=4,5,6 row-size=70B cardinality=176.18M cost=861523125
|  |  |  in pipelines: 08(GETNEXT), 10(OPEN)
|  |  |
|  |  |--10:SCAN HDFS [tpcds_partitioned_parquet_snap.date_dim]
|  |  |     HDFS partitions=1/1 files=1 size=2.17MB
|  |  |     predicates: tpcds_partitioned_parquet_snap.date_dim.d_year = CAST(2001 AS INT)
|  |  |     stored statistics:
|  |  |       table: rows=73.05K size=2.17MB
|  |  |       columns: all
|  |  |     extrapolated-rows=disabled max-scan-range-rows=73.05K
|  |  |     parquet statistics predicates: tpcds_partitioned_parquet_snap.date_dim.d_year = CAST(2001 AS INT)
|  |  |     parquet dictionary predicates: tpcds_partitioned_parquet_snap.date_dim.d_year = CAST(2001 AS INT)
|  |  |     mem-estimate=16.00MB mem-reservation=512.00KB thread-reservation=0
|  |  |     tuple-ids=6 row-size=8B cardinality=373 cost=123620
|  |  |     in pipelines: 10(GETNEXT)
|  |  |
|  |  12:HASH JOIN [INNER JOIN]
|  |  |  hash predicates: ss_item_sk = i_item_sk
|  |  |  fk/pk conjuncts: ss_item_sk = i_item_sk
|  |  |  runtime filters: RF022[bloom] <- i_item_sk, RF023[min_max] <- i_item_sk
|  |  |  mem-estimate=4.75MB mem-reservation=4.75MB spill-buffer=256.00KB thread-reservation=0
|  |  |  tuple-ids=4,5 row-size=62B cardinality=861.52M(filtered from 861.52M) cost=861558667
|  |  |  in pipelines: 08(GETNEXT), 09(OPEN)
|  |  |
|  |  |--09:SCAN HDFS [tpcds_partitioned_parquet_snap.item]
|  |  |     HDFS partitions=1/1 files=1 size=1.73MB
|  |  |     predicates: i_category = 'Sports'
|  |  |     runtime filters: RF004[min_max] -> tpcds_partitioned_parquet_snap.item.i_brand_id, RF005[min_max] -> tpcds_partitioned_parquet_snap.item.i_category_id, RF006[min_max] -> tpcds_partitioned_parquet_snap.item.i_class_id, RF007[min_max] -> tpcds_partitioned_parquet_snap.item.i_manufact_id
|  |  |     stored statistics:
|  |  |       table: rows=360.00K size=33.54MB
|  |  |       columns: all
|  |  |     extrapolated-rows=disabled max-scan-range-rows=101.54K
|  |  |     parquet statistics predicates: i_category = 'Sports'
|  |  |     parquet dictionary predicates: i_category = 'Sports'
|  |  |     mem-estimate=16.00MB mem-reservation=512.00KB thread-reservation=0
|  |  |     tuple-ids=5 row-size=38B cardinality=35.91K cost=573326
|  |  |     in pipelines: 09(GETNEXT)
|  |  |
|  |  08:SCAN HDFS [tpcds_partitioned_parquet_snap.store_sales]
|  |     HDFS partitions=1824/1824 files=1824 size=199.33MB
|  |     runtime filters: RF023[min_max] -> ss_item_sk, RF022[bloom] -> ss_item_sk
|  |     stored statistics:
|  |       table: rows=8.64G size=389.90GB
|  |       partitions: 1824/1824 rows=8.64G
|  |       columns: all
|  |     extrapolated-rows=disabled max-scan-range-rows=390.22M
|  |     mem-estimate=16.00MB mem-reservation=8.00MB thread-reservation=0
|  |     tuple-ids=4 row-size=24B cardinality=861.52M(filtered from 8.64G) cost=293698464
|  |     in pipelines: 08(GETNEXT)
|  |
|  11:SCAN HDFS [tpcds_partitioned_parquet_snap.store_returns]
|     HDFS partitions=2004/2004 files=2004 size=33.63MB
|     runtime filters: RF018[min_max] -> sr_item_sk, RF019[min_max] -> sr_ticket_number
|     stored statistics:
|       table: rows=863.99M size=48.14GB
|       partitions: 2004/2004 rows=863.99M
|       columns: all
|     extrapolated-rows=disabled max-scan-range-rows=30.09M
|     mem-estimate=16.00MB mem-reservation=512.00KB thread-reservation=0
|     tuple-ids=7 row-size=20B cardinality=863.99M cost=117074768
|     in pipelines: 11(GETNEXT)
|
07:HASH JOIN [RIGHT OUTER JOIN]
|  hash predicates: cr_item_sk = cs_item_sk, cr_order_number = cs_order_number
|  fk/pk conjuncts: cr_item_sk = cs_item_sk, cr_order_number = cs_order_number
|  runtime filters: RF008[bloom] <- cs_item_sk, RF009[bloom] <- cs_order_number, RF010[min_max] <- cs_item_sk, RF011[min_max] <- cs_order_number
|  mem-estimate=7.21GB mem-reservation=34.00MB spill-buffer=2.00MB thread-reservation=0
|  tuple-ids=3N,0,1,2 row-size=90B cardinality=87.75M cost=1039542560
|  in pipelines: 04(GETNEXT), 01(OPEN)
|
|--06:HASH JOIN [INNER JOIN]
|  |  hash predicates: cs_sold_date_sk = d_date_sk
|  |  fk/pk conjuncts: cs_sold_date_sk = d_date_sk
|  |  mem-estimate=1.94MB mem-reservation=1.94MB spill-buffer=64.00KB thread-reservation=0
|  |  tuple-ids=0,1,2 row-size=70B cardinality=87.75M cost=430772757
|  |  in pipelines: 01(GETNEXT), 03(OPEN)
|  |
|  |--03:SCAN HDFS [tpcds_partitioned_parquet_snap.date_dim]
|  |     HDFS partitions=1/1 files=1 size=2.17MB
|  |     predicates: tpcds_partitioned_parquet_snap.date_dim.d_year = CAST(2001 AS INT)
|  |     stored statistics:
|  |       table: rows=73.05K size=2.17MB
|  |       columns: all
|  |     extrapolated-rows=disabled max-scan-range-rows=73.05K
|  |     parquet statistics predicates: tpcds_partitioned_parquet_snap.date_dim.d_year = CAST(2001 AS INT)
|  |     parquet dictionary predicates: tpcds_partitioned_parquet_snap.date_dim.d_year = CAST(2001 AS INT)
|  |     mem-estimate=16.00MB mem-reservation=512.00KB thread-reservation=0
|  |     tuple-ids=2 row-size=8B cardinality=373 cost=123620
|  |     in pipelines: 03(GETNEXT)
|  |
|  05:HASH JOIN [INNER JOIN]
|  |  hash predicates: cs_item_sk = i_item_sk
|  |  fk/pk conjuncts: cs_item_sk = i_item_sk
|  |  runtime filters: RF014[bloom] <- i_item_sk, RF015[min_max] <- i_item_sk
|  |  mem-estimate=4.75MB mem-reservation=4.75MB spill-buffer=256.00KB thread-reservation=0
|  |  tuple-ids=0,1 row-size=62B cardinality=430.77M(filtered from 430.77M) cost=430808299
|  |  in pipelines: 01(GETNEXT), 02(OPEN)
|  |
|  |--02:SCAN HDFS [tpcds_partitioned_parquet_snap.item]
|  |     HDFS partitions=1/1 files=1 size=1.73MB
|  |     predicates: i_category = 'Sports'
|  |     runtime filters: RF004[min_max] -> tpcds_partitioned_parquet_snap.item.i_brand_id, RF005[min_max] -> tpcds_partitioned_parquet_snap.item.i_category_id, RF006[min_max] -> tpcds_partitioned_parquet_snap.item.i_class_id, RF007[min_max] -> tpcds_partitioned_parquet_snap.item.i_manufact_id
|  |     stored statistics:
|  |       table: rows=360.00K size=33.54MB
|  |       columns: all
|  |     extrapolated-rows=disabled max-scan-range-rows=101.54K
|  |     parquet statistics predicates: i_category = 'Sports'
|  |     parquet dictionary predicates: i_category = 'Sports'
|  |     mem-estimate=16.00MB mem-reservation=512.00KB thread-reservation=0
|  |     tuple-ids=1 row-size=38B cardinality=35.91K cost=573326
|  |     in pipelines: 02(GETNEXT)
|  |
|  01:SCAN HDFS [tpcds_partitioned_parquet_snap.catalog_sales]
|     HDFS partitions=1831/1831 files=1831 size=150.82MB
|     runtime filters: RF015[min_max] -> cs_item_sk, RF014[bloom] -> cs_item_sk
|     stored statistics:
|       table: rows=4.32G size=280.96GB
|       partitions: 1831/1831 rows=4.32G
|       columns: all
|     extrapolated-rows=disabled max-scan-range-rows=21.52M
|     mem-estimate=16.00MB mem-reservation=1.00MB thread-reservation=0
|     tuple-ids=0 row-size=24B cardinality=430.77M(filtered from 4.32G) cost=192801808
|     in pipelines: 01(GETNEXT)
|
04:SCAN HDFS [tpcds_partitioned_parquet_snap.catalog_returns]
   HDFS partitions=2060/2060 files=2060 size=30.47MB
   runtime filters: RF010[min_max] -> cr_item_sk, RF011[min_max] -> cr_order_number, RF008[bloom] -> cr_item_sk, RF009[bloom] -> cr_order_number
   stored statistics:
     table: rows=432.02M size=32.77GB
     partitions: 2060/2060 rows=432.02M
     columns: all
   extrapolated-rows=disabled max-scan-range-rows=416.82K
   mem-estimate=16.00MB mem-reservation=32.00KB thread-reservation=0
   tuple-ids=3 row-size=20B cardinality=432.02M cost=111437832
   in pipelines: 04(GETNEXT)
---- DISTRIBUTEDPLAN
Max Per-Host Resource Reservation: Memory=3.65GB Threads=161
Per-Host Resource Estimates: Memory=18.52GB
F37:PLAN FRAGMENT [UNPARTITIONED] hosts=1 instances=1
|  Per-Instance Resources: mem-estimate=4.07MB mem-reservation=4.00MB thread-reservation=1
|  max-parallelism=1 segment-costs=[1008] cpu-comparison-result=700 [max(1 (self) vs 700 (sum children))]
PLAN-ROOT SINK
|  output exprs: d_year, d_year, i_brand_id, i_class_id, i_category_id, i_manufact_id, sales_cnt, sales_cnt, sales_cnt - sales_cnt, sales_amt - sales_amt
|  mem-estimate=4.00MB mem-reservation=4.00MB spill-buffer=2.00MB thread-reservation=0 cost=1000
|
84:MERGING-EXCHANGE [UNPARTITIONED]
|  order by: sales_cnt - sales_cnt ASC, sales_amt - sales_amt ASC
|  limit: 100
|  mem-estimate=74.92KB mem-reservation=0B thread-reservation=0
|  tuple-ids=32 row-size=72B cardinality=100 cost=8
|  in pipelines: 49(GETNEXT)
|
F36:PLAN FRAGMENT [HASH(i_brand_id,i_category_id,i_class_id,i_manufact_id)] hosts=10 instances=10 (adjusted from 120)
Per-Instance Resources: mem-estimate=12.23MB mem-reservation=0B thread-reservation=1
max-parallelism=10 segment-costs=[6359079, 8] cpu-comparison-result=700 [max(10 (self) vs 700 (sum children))]
49:TOP-N [LIMIT=100]
|  order by: sales_cnt - sales_cnt ASC, sales_amt - sales_amt ASC
|  mem-estimate=7.03KB mem-reservation=0B thread-reservation=0
|  tuple-ids=32 row-size=72B cardinality=100 cost=200
|  in pipelines: 49(GETNEXT), 65(OPEN)
|
48:HASH JOIN [INNER JOIN, PARTITIONED]
|  hash-table-id=00
|  hash predicates: i_brand_id = i_brand_id, i_category_id = i_category_id, i_class_id = i_class_id, i_manufact_id = i_manufact_id
|  fk/pk conjuncts: assumed fk/pk
|  other predicates: CAST(sum(sales_cnt) AS DECIMAL(17,2)) / CAST(sum(sales_cnt) AS DECIMAL(17,2)) < CAST(0.9 AS DECIMAL(1,1))
|  mem-estimate=0B mem-reservation=0B spill-buffer=1.00MB thread-reservation=0
|  tuple-ids=14,30 row-size=88B cardinality=2.58G cost=6285224
|  in pipelines: 65(GETNEXT), 81(OPEN)
|
|--F38:PLAN FRAGMENT [HASH(i_brand_id,i_category_id,i_class_id,i_manufact_id)] hosts=10 instances=10 (adjusted from 120)
|  |  Per-Instance Resources: mem-estimate=29.22MB mem-reservation=17.00MB thread-reservation=1
|  |  max-parallelism=10 segment-costs=[6358879] cpu-comparison-result=350 [max(10 (self) vs 350 (sum children))]
|  JOIN BUILD
|  |  join-table-id=00 plan-id=01 cohort-id=01
|  |  build expressions: i_brand_id, i_category_id, i_class_id, i_manufact_id
|  |  runtime filters: RF004[min_max] <- i_brand_id, RF005[min_max] <- i_category_id, RF006[min_max] <- i_class_id, RF007[min_max] <- i_manufact_id
|  |  mem-estimate=17.00MB mem-reservation=17.00MB spill-buffer=1.00MB thread-reservation=0 cost=6285224
|  |
|  83:EXCHANGE [HASH(i_brand_id,i_category_id,i_class_id,i_manufact_id)]
|  |  mem-estimate=12.22MB mem-reservation=0B thread-reservation=0
|  |  tuple-ids=30 row-size=44B cardinality=1.57M cost=73655
|  |  in pipelines: 81(GETNEXT)
|  |
|  F35:PLAN FRAGMENT [HASH(d_year,i_brand_id,i_class_id,i_category_id,i_manufact_id)] hosts=10 instances=120
|  Per-Instance Resources: mem-estimate=152.69MB mem-reservation=34.00MB thread-reservation=1
|  max-parallelism=220 segment-costs=[2170268439, 73655] cpu-comparison-result=350 [max(120 (self) vs 350 (sum children))]
|  81:AGGREGATE [FINALIZE]
|  |  output: sum:merge(sales_cnt), sum:merge(sales_amt)
|  |  group by: d_year, i_brand_id, i_class_id, i_category_id, i_manufact_id
|  |  having: d_year = CAST(2000 AS INT)
|  |  mem-estimate=137.06MB mem-reservation=34.00MB spill-buffer=2.00MB thread-reservation=0
|  |  tuple-ids=30 row-size=44B cardinality=1.57M cost=2155832064
|  |  in pipelines: 81(GETNEXT), 79(OPEN)
|  |
|  80:EXCHANGE [HASH(d_year,i_brand_id,i_class_id,i_category_id,i_manufact_id)]
|  |  mem-estimate=15.62MB mem-reservation=0B thread-reservation=0
|  |  tuple-ids=30 row-size=44B cardinality=307.98M cost=14436375
|  |  in pipelines: 79(GETNEXT)
|  |
|  F34:PLAN FRAGMENT [HASH(d_year,i_brand_id,i_class_id,i_category_id,i_manufact_id,sales_cnt,sales_amt)] hosts=10 instances=120
|  Per-Instance Resources: mem-estimate=232.99MB mem-reservation=68.00MB thread-reservation=1
|  max-parallelism=220 segment-costs=[2166659345, 2155832064, 14436375] cpu-comparison-result=350 [max(120 (self) vs 350 (sum children))]
|  47:AGGREGATE [STREAMING]
|  |  output: sum(sales_cnt), sum(sales_amt)
|  |  group by: d_year, i_brand_id, i_class_id, i_category_id, i_manufact_id
|  |  mem-estimate=102.80MB mem-reservation=34.00MB spill-buffer=2.00MB thread-reservation=0
|  |  tuple-ids=30 row-size=44B cardinality=307.98M cost=2155832064
|  |  in pipelines: 79(GETNEXT)
|  |
|  79:AGGREGATE [FINALIZE]
|  |  group by: d_year, i_brand_id, i_class_id, i_category_id, i_manufact_id, sales_cnt, sales_amt
|  |  mem-estimate=107.69MB mem-reservation=34.00MB spill-buffer=2.00MB thread-reservation=0
|  |  tuple-ids=28 row-size=32B cardinality=307.98M cost=2155832064
|  |  in pipelines: 79(GETNEXT), 28(OPEN), 35(OPEN), 42(OPEN)
|  |
|  78:EXCHANGE [HASH(d_year,i_brand_id,i_class_id,i_category_id,i_manufact_id,sales_cnt,sales_amt)]
|  |  mem-estimate=10.70MB mem-reservation=0B thread-reservation=0
|  |  tuple-ids=28 row-size=32B cardinality=307.98M cost=10827281
|  |  in pipelines: 28(GETNEXT), 35(GETNEXT), 42(GETNEXT)
|  |
|  F33:PLAN FRAGMENT [RANDOM] hosts=10 instances=20 (adjusted from 120)
|  Per-Instance Resources: mem-estimate=511.96MB mem-reservation=34.00MB thread-reservation=1
|  max-parallelism=20 segment-costs=[11682782269, 10827281] cpu-comparison-result=350 [max(80 (self) vs 350 (sum children))]
|  46:AGGREGATE [STREAMING]
|  |  group by: d_year, i_brand_id, i_class_id, i_category_id, i_manufact_id, sales_cnt, sales_amt
|  |  mem-estimate=484.62MB mem-reservation=34.00MB spill-buffer=2.00MB thread-reservation=0
|  |  tuple-ids=28 row-size=32B cardinality=307.98M cost=2155832064
|  |  in pipelines: 28(GETNEXT), 35(GETNEXT), 42(GETNEXT)
|  |
|  24:UNION
|  |  mem-estimate=0B mem-reservation=0B thread-reservation=0
|  |  tuple-ids=28 row-size=32B cardinality=307.98M cost=6467495936
|  |  in pipelines: 28(GETNEXT), 35(GETNEXT), 42(GETNEXT)
|  |
|  |--45:HASH JOIN [RIGHT OUTER JOIN, PARTITIONED]
|  |  |  hash-table-id=07
|  |  |  hash predicates: wr_item_sk = ws_item_sk, wr_order_number = ws_order_number
|  |  |  fk/pk conjuncts: wr_item_sk = ws_item_sk, wr_order_number = ws_order_number
|  |  |  mem-estimate=0B mem-reservation=0B spill-buffer=2.00MB thread-reservation=0
|  |  |  tuple-ids=27N,24,25,26 row-size=90B cardinality=44.04M cost=432005376
|  |  |  in pipelines: 42(GETNEXT), 39(OPEN)
|  |  |
|  |  |--F45:PLAN FRAGMENT [RANDOM] hosts=10 instances=20 (adjusted from 120)
|  |  |  |  Per-Instance Resources: mem-estimate=200.01MB mem-reservation=34.00MB thread-reservation=1
|  |  |  |  max-parallelism=20 segment-costs=[91611054] cpu-comparison-result=80 [max(80 (self) vs 25 (sum children))]
|  |  |  JOIN BUILD
|  |  |  |  join-table-id=07 plan-id=08 cohort-id=02
|  |  |  |  build expressions: ws_item_sk, ws_order_number
|  |  |  |  runtime filters: RF050[min_max] <- ws_item_sk, RF051[min_max] <- ws_order_number
|  |  |  |  mem-estimate=185.21MB mem-reservation=34.00MB spill-buffer=2.00MB thread-reservation=0 cost=88088168
|  |  |  |
|  |  |  77:EXCHANGE [HASH(ws_item_sk,ws_order_number)]
|  |  |  |  mem-estimate=14.80MB mem-reservation=0B thread-reservation=0
|  |  |  |  tuple-ids=24,25,26 row-size=70B cardinality=44.04M cost=3522886
|  |  |  |  in pipelines: 39(GETNEXT)
|  |  |  |
|  |  |  F29:PLAN FRAGMENT [RANDOM] hosts=10 instances=60 (adjusted from 120)
|  |  |  Per-Host Shared Resources: mem-estimate=1.00MB mem-reservation=1.00MB thread-reservation=0 runtime-filters-memory=1.00MB
|  |  |  Per-Instance Resources: mem-estimate=22.40MB mem-reservation=128.00KB thread-reservation=1
|  |  |  max-parallelism=60 segment-costs=[576105382]
|  |  |  44:HASH JOIN [INNER JOIN, BROADCAST]
|  |  |  |  hash-table-id=08
|  |  |  |  hash predicates: ws_sold_date_sk = d_date_sk
|  |  |  |  fk/pk conjuncts: ws_sold_date_sk = d_date_sk
|  |  |  |  mem-estimate=0B mem-reservation=0B spill-buffer=64.00KB thread-reservation=0
|  |  |  |  tuple-ids=24,25,26 row-size=70B cardinality=44.04M cost=215379120
|  |  |  |  in pipelines: 39(GETNEXT), 41(OPEN)
|  |  |  |
|  |  |  |--F46:PLAN FRAGMENT [RANDOM] hosts=10 instances=10
|  |  |  |  |  Per-Instance Resources: mem-estimate=11.64MB mem-reservation=11.62MB thread-reservation=1
|  |  |  |  |  max-parallelism=10 segment-costs=[423]
|  |  |  |  JOIN BUILD
|  |  |  |  |  join-table-id=08 plan-id=09 cohort-id=05
|  |  |  |  |  build expressions: d_date_sk
|  |  |  |  |  mem-estimate=11.62MB mem-reservation=11.62MB spill-buffer=64.00KB thread-reservation=0 cost=373
|  |  |  |  |
|  |  |  |  75:EXCHANGE [BROADCAST]
|  |  |  |  |  mem-estimate=16.00KB mem-reservation=0B thread-reservation=0
|  |  |  |  |  tuple-ids=26 row-size=8B cardinality=373 cost=50
|  |  |  |  |  in pipelines: 41(GETNEXT)
|  |  |  |  |
|  |  |  |  F31:PLAN FRAGMENT [RANDOM] hosts=1 instances=1
|  |  |  |  Per-Instance Resources: mem-estimate=16.05MB mem-reservation=512.00KB thread-reservation=1
|  |  |  |  max-parallelism=1 segment-costs=[123625]
|  |  |  |  41:SCAN HDFS [tpcds_partitioned_parquet_snap.date_dim, RANDOM]
|  |  |  |     HDFS partitions=1/1 files=1 size=2.17MB
|  |  |  |     predicates: tpcds_partitioned_parquet_snap.date_dim.d_year = CAST(2000 AS INT)
|  |  |  |     stored statistics:
|  |  |  |       table: rows=73.05K size=2.17MB
|  |  |  |       columns: all
|  |  |  |     extrapolated-rows=disabled max-scan-range-rows=73.05K
|  |  |  |     parquet statistics predicates: tpcds_partitioned_parquet_snap.date_dim.d_year = CAST(2000 AS INT)
|  |  |  |     parquet dictionary predicates: tpcds_partitioned_parquet_snap.date_dim.d_year = CAST(2000 AS INT)
|  |  |  |     mem-estimate=16.00MB mem-reservation=512.00KB thread-reservation=0
|  |  |  |     tuple-ids=26 row-size=8B cardinality=373 cost=123620
|  |  |  |     in pipelines: 41(GETNEXT)
|  |  |  |
|  |  |  43:HASH JOIN [INNER JOIN, BROADCAST]
|  |  |  |  hash-table-id=09
|  |  |  |  hash predicates: ws_item_sk = i_item_sk
|  |  |  |  fk/pk conjuncts: ws_item_sk = i_item_sk
|  |  |  |  mem-estimate=0B mem-reservation=0B spill-buffer=256.00KB thread-reservation=0
|  |  |  |  tuple-ids=24,25 row-size=62B cardinality=215.38M cost=215379120
|  |  |  |  in pipelines: 39(GETNEXT), 40(OPEN)
|  |  |  |
|  |  |  |--F47:PLAN FRAGMENT [RANDOM] hosts=10 instances=10
|  |  |  |  |  Per-Instance Resources: mem-estimate=30.96MB mem-reservation=29.50MB thread-reservation=1 runtime-filters-memory=1.00MB
|  |  |  |  |  max-parallelism=10 segment-costs=[50615]
|  |  |  |  JOIN BUILD
|  |  |  |  |  join-table-id=09 plan-id=10 cohort-id=05
|  |  |  |  |  build expressions: i_item_sk
|  |  |  |  |  runtime filters: RF054[bloom] <- i_item_sk, RF055[min_max] <- i_item_sk
|  |  |  |  |  mem-estimate=28.50MB mem-reservation=28.50MB spill-buffer=256.00KB thread-reservation=0 cost=35915
|  |  |  |  |
|  |  |  |  74:EXCHANGE [BROADCAST]
|  |  |  |  |  mem-estimate=1.46MB mem-reservation=0B thread-reservation=0
|  |  |  |  |  tuple-ids=25 row-size=38B cardinality=35.91K cost=14700
|  |  |  |  |  in pipelines: 40(GETNEXT)
|  |  |  |  |
|  |  |  |  F30:PLAN FRAGMENT [RANDOM] hosts=4 instances=4
|  |  |  |  Per-Instance Resources: mem-estimate=16.16MB mem-reservation=512.00KB thread-reservation=1
|  |  |  |  max-parallelism=4 segment-costs=[574796]
|  |  |  |  40:SCAN HDFS [tpcds_partitioned_parquet_snap.item, RANDOM]
|  |  |  |     HDFS partitions=1/1 files=1 size=1.73MB
|  |  |  |     predicates: i_category = 'Sports'
|  |  |  |     stored statistics:
|  |  |  |       table: rows=360.00K size=33.54MB
|  |  |  |       columns: all
|  |  |  |     extrapolated-rows=disabled max-scan-range-rows=101.54K
|  |  |  |     parquet statistics predicates: i_category = 'Sports'
|  |  |  |     parquet dictionary predicates: i_category = 'Sports'
|  |  |  |     mem-estimate=16.00MB mem-reservation=512.00KB thread-reservation=0
|  |  |  |     tuple-ids=25 row-size=38B cardinality=35.91K cost=573326
|  |  |  |     in pipelines: 40(GETNEXT)
|  |  |  |
|  |  |  39:SCAN HDFS [tpcds_partitioned_parquet_snap.web_sales, RANDOM]
|  |  |     HDFS partitions=1824/1824 files=1824 size=84.18MB
|  |  |     runtime filters: RF055[min_max] -> ws_item_sk, RF054[bloom] -> ws_item_sk
|  |  |     stored statistics:
|  |  |       table: rows=2.16G size=145.75GB
|  |  |       partitions: 1824/1824 rows=2.16G
|  |  |       columns: all
|  |  |     extrapolated-rows=disabled max-scan-range-rows=3.37M
|  |  |     mem-estimate=16.00MB mem-reservation=128.00KB thread-reservation=0
|  |  |     tuple-ids=24 row-size=24B cardinality=215.38M(filtered from 2.16G) cost=141824256
|  |  |     in pipelines: 39(GETNEXT)
|  |  |
|  |  76:EXCHANGE [HASH(wr_item_sk,wr_order_number)]
|  |  |  mem-estimate=10.47MB mem-reservation=0B thread-reservation=0
|  |  |  tuple-ids=27 row-size=20B cardinality=216.00M cost=5062563
|  |  |  in pipelines: 42(GETNEXT)
|  |  |
|  |  F28:PLAN FRAGMENT [RANDOM] hosts=10 instances=20 (adjusted from 120)
|  |  Per-Instance Resources: mem-estimate=17.88MB mem-reservation=256.00KB thread-reservation=1
|  |  max-parallelism=20 segment-costs=[114981371]
|  |  42:SCAN HDFS [tpcds_partitioned_parquet_snap.web_returns, RANDOM]
|  |     HDFS partitions=2114/2114 files=2114 size=20.70MB
|  |     runtime filters: RF050[min_max] -> wr_item_sk, RF051[min_max] -> wr_order_number
|  |     stored statistics:
|  |       table: rows=216.00M size=16.74GB
|  |       partitions: 2114/2114 rows=216.00M
|  |       columns: all
|  |     extrapolated-rows=disabled max-scan-range-rows=9.41M
|  |     mem-estimate=16.00MB mem-reservation=256.00KB thread-reservation=0
|  |     tuple-ids=27 row-size=20B cardinality=216.00M cost=109918808
|  |     in pipelines: 42(GETNEXT)
|  |
|  |--38:HASH JOIN [RIGHT OUTER JOIN, PARTITIONED]
|  |  |  hash-table-id=04
|  |  |  hash predicates: sr_item_sk = ss_item_sk, sr_ticket_number = ss_ticket_number
|  |  |  fk/pk conjuncts: sr_item_sk = ss_item_sk, sr_ticket_number = ss_ticket_number
|  |  |  mem-estimate=0B mem-reservation=0B spill-buffer=2.00MB thread-reservation=0
|  |  |  tuple-ids=23N,20,21,22 row-size=90B cardinality=176.18M cost=1727977216
|  |  |  in pipelines: 35(GETNEXT), 32(OPEN)
|  |  |
|  |  |--F42:PLAN FRAGMENT [RANDOM] hosts=10 instances=20 (adjusted from 120)
|  |  |  |  Per-Instance Resources: mem-estimate=760.46MB mem-reservation=34.00MB thread-reservation=1
|  |  |  |  max-parallelism=20 segment-costs=[366446909] cpu-comparison-result=140 [max(140 (self) vs 25 (sum children))]
|  |  |  JOIN BUILD
|  |  |  |  join-table-id=04 plan-id=05 cohort-id=02
|  |  |  |  build expressions: ss_item_sk, ss_ticket_number
|  |  |  |  runtime filters: RF042[min_max] <- ss_item_sk, RF043[min_max] <- ss_ticket_number
|  |  |  |  mem-estimate=740.86MB mem-reservation=34.00MB spill-buffer=2.00MB thread-reservation=0 cost=352355264
|  |  |  |
|  |  |  73:EXCHANGE [HASH(ss_item_sk,ss_ticket_number)]
|  |  |  |  mem-estimate=19.60MB mem-reservation=0B thread-reservation=0
|  |  |  |  tuple-ids=20,21,22 row-size=70B cardinality=176.18M cost=14091645
|  |  |  |  in pipelines: 32(GETNEXT)
|  |  |  |
|  |  |  F24:PLAN FRAGMENT [RANDOM] hosts=10 instances=120
|  |  |  Per-Host Shared Resources: mem-estimate=1.00MB mem-reservation=1.00MB thread-reservation=0 runtime-filters-memory=1.00MB
|  |  |  Per-Instance Resources: mem-estimate=22.40MB mem-reservation=8.00MB thread-reservation=1
|  |  |  max-parallelism=210 segment-costs=[2030835613]
|  |  |  37:HASH JOIN [INNER JOIN, BROADCAST]
|  |  |  |  hash-table-id=05
|  |  |  |  hash predicates: ss_sold_date_sk = d_date_sk
|  |  |  |  fk/pk conjuncts: ss_sold_date_sk = d_date_sk
|  |  |  |  mem-estimate=0B mem-reservation=0B spill-buffer=64.00KB thread-reservation=0
|  |  |  |  tuple-ids=20,21,22 row-size=70B cardinality=176.18M cost=861522752
|  |  |  |  in pipelines: 32(GETNEXT), 34(OPEN)
|  |  |  |
|  |  |  |--F43:PLAN FRAGMENT [RANDOM] hosts=10 instances=10
|  |  |  |  |  Per-Instance Resources: mem-estimate=23.27MB mem-reservation=23.25MB thread-reservation=1
|  |  |  |  |  max-parallelism=10 segment-costs=[423]
|  |  |  |  JOIN BUILD
|  |  |  |  |  join-table-id=05 plan-id=06 cohort-id=04
|  |  |  |  |  build expressions: d_date_sk
|  |  |  |  |  mem-estimate=23.25MB mem-reservation=23.25MB spill-buffer=64.00KB thread-reservation=0 cost=373
|  |  |  |  |
|  |  |  |  71:EXCHANGE [BROADCAST]
|  |  |  |  |  mem-estimate=16.00KB mem-reservation=0B thread-reservation=0
|  |  |  |  |  tuple-ids=22 row-size=8B cardinality=373 cost=50
|  |  |  |  |  in pipelines: 34(GETNEXT)
|  |  |  |  |
|  |  |  |  F26:PLAN FRAGMENT [RANDOM] hosts=1 instances=1
|  |  |  |  Per-Instance Resources: mem-estimate=16.05MB mem-reservation=512.00KB thread-reservation=1
|  |  |  |  max-parallelism=1 segment-costs=[123625]
|  |  |  |  34:SCAN HDFS [tpcds_partitioned_parquet_snap.date_dim, RANDOM]
|  |  |  |     HDFS partitions=1/1 files=1 size=2.17MB
|  |  |  |     predicates: tpcds_partitioned_parquet_snap.date_dim.d_year = CAST(2000 AS INT)
|  |  |  |     stored statistics:
|  |  |  |       table: rows=73.05K size=2.17MB
|  |  |  |       columns: all
|  |  |  |     extrapolated-rows=disabled max-scan-range-rows=73.05K
|  |  |  |     parquet statistics predicates: tpcds_partitioned_parquet_snap.date_dim.d_year = CAST(2000 AS INT)
|  |  |  |     parquet dictionary predicates: tpcds_partitioned_parquet_snap.date_dim.d_year = CAST(2000 AS INT)
|  |  |  |     mem-estimate=16.00MB mem-reservation=512.00KB thread-reservation=0
|  |  |  |     tuple-ids=22 row-size=8B cardinality=373 cost=123620
|  |  |  |     in pipelines: 34(GETNEXT)
|  |  |  |
|  |  |  36:HASH JOIN [INNER JOIN, BROADCAST]
|  |  |  |  hash-table-id=06
|  |  |  |  hash predicates: ss_item_sk = i_item_sk
|  |  |  |  fk/pk conjuncts: ss_item_sk = i_item_sk
|  |  |  |  mem-estimate=0B mem-reservation=0B spill-buffer=256.00KB thread-reservation=0
|  |  |  |  tuple-ids=20,21 row-size=62B cardinality=861.52M(filtered from 861.52M) cost=861522752
|  |  |  |  in pipelines: 32(GETNEXT), 33(OPEN)
|  |  |  |
|  |  |  |--F44:PLAN FRAGMENT [RANDOM] hosts=10 instances=10
|  |  |  |  |  Per-Instance Resources: mem-estimate=59.46MB mem-reservation=58.00MB thread-reservation=1 runtime-filters-memory=1.00MB
|  |  |  |  |  max-parallelism=10 segment-costs=[50615]
|  |  |  |  JOIN BUILD
|  |  |  |  |  join-table-id=06 plan-id=07 cohort-id=04
|  |  |  |  |  build expressions: i_item_sk
|  |  |  |  |  runtime filters: RF046[bloom] <- i_item_sk, RF047[min_max] <- i_item_sk
|  |  |  |  |  mem-estimate=57.00MB mem-reservation=57.00MB spill-buffer=256.00KB thread-reservation=0 cost=35915
|  |  |  |  |
|  |  |  |  70:EXCHANGE [BROADCAST]
|  |  |  |  |  mem-estimate=1.46MB mem-reservation=0B thread-reservation=0
|  |  |  |  |  tuple-ids=21 row-size=38B cardinality=35.91K cost=14700
|  |  |  |  |  in pipelines: 33(GETNEXT)
|  |  |  |  |
|  |  |  |  F25:PLAN FRAGMENT [RANDOM] hosts=4 instances=4
|  |  |  |  Per-Instance Resources: mem-estimate=16.16MB mem-reservation=512.00KB thread-reservation=1
|  |  |  |  max-parallelism=4 segment-costs=[574796]
|  |  |  |  33:SCAN HDFS [tpcds_partitioned_parquet_snap.item, RANDOM]
|  |  |  |     HDFS partitions=1/1 files=1 size=1.73MB
|  |  |  |     predicates: i_category = 'Sports'
|  |  |  |     stored statistics:
|  |  |  |       table: rows=360.00K size=33.54MB
|  |  |  |       columns: all
|  |  |  |     extrapolated-rows=disabled max-scan-range-rows=101.54K
|  |  |  |     parquet statistics predicates: i_category = 'Sports'
|  |  |  |     parquet dictionary predicates: i_category = 'Sports'
|  |  |  |     mem-estimate=16.00MB mem-reservation=512.00KB thread-reservation=0
|  |  |  |     tuple-ids=21 row-size=38B cardinality=35.91K cost=573326
|  |  |  |     in pipelines: 33(GETNEXT)
|  |  |  |
|  |  |  32:SCAN HDFS [tpcds_partitioned_parquet_snap.store_sales, RANDOM]
|  |  |     HDFS partitions=1824/1824 files=1824 size=199.33MB
|  |  |     runtime filters: RF047[min_max] -> ss_item_sk, RF046[bloom] -> ss_item_sk
|  |  |     stored statistics:
|  |  |       table: rows=8.64G size=389.90GB
|  |  |       partitions: 1824/1824 rows=8.64G
|  |  |       columns: all
|  |  |     extrapolated-rows=disabled max-scan-range-rows=390.22M
|  |  |     mem-estimate=16.00MB mem-reservation=8.00MB thread-reservation=0
|  |  |     tuple-ids=20 row-size=24B cardinality=861.52M(filtered from 8.64G) cost=293698464
|  |  |     in pipelines: 32(GETNEXT)
|  |  |
|  |  72:EXCHANGE [HASH(sr_item_sk,sr_ticket_number)]
|  |  |  mem-estimate=10.47MB mem-reservation=0B thread-reservation=0
|  |  |  tuple-ids=23 row-size=20B cardinality=863.99M cost=20249732
|  |  |  in pipelines: 35(GETNEXT)
|  |  |
|  |  F23:PLAN FRAGMENT [RANDOM] hosts=10 instances=20 (adjusted from 120)
|  |  Per-Instance Resources: mem-estimate=17.88MB mem-reservation=512.00KB thread-reservation=1
|  |  max-parallelism=20 segment-costs=[137324500]
|  |  35:SCAN HDFS [tpcds_partitioned_parquet_snap.store_returns, RANDOM]
|  |     HDFS partitions=2004/2004 files=2004 size=33.63MB
|  |     runtime filters: RF042[min_max] -> sr_item_sk, RF043[min_max] -> sr_ticket_number
|  |     stored statistics:
|  |       table: rows=863.99M size=48.14GB
|  |       partitions: 2004/2004 rows=863.99M
|  |       columns: all
|  |     extrapolated-rows=disabled max-scan-range-rows=30.09M
|  |     mem-estimate=16.00MB mem-reservation=512.00KB thread-reservation=0
|  |     tuple-ids=23 row-size=20B cardinality=863.99M cost=117074768
|  |     in pipelines: 35(GETNEXT)
|  |
|  31:HASH JOIN [RIGHT OUTER JOIN, PARTITIONED]
|  |  hash-table-id=01
|  |  hash predicates: cr_item_sk = cs_item_sk, cr_order_number = cs_order_number
|  |  fk/pk conjuncts: cr_item_sk = cs_item_sk, cr_order_number = cs_order_number
|  |  mem-estimate=0B mem-reservation=0B spill-buffer=2.00MB thread-reservation=0
|  |  tuple-ids=19N,16,17,18 row-size=90B cardinality=87.75M cost=864033984
|  |  in pipelines: 28(GETNEXT), 25(OPEN)
|  |
|  |--F39:PLAN FRAGMENT [RANDOM] hosts=10 instances=20 (adjusted from 120)
|  |  |  Per-Instance Resources: mem-estimate=405.11MB mem-reservation=51.00MB thread-reservation=1 runtime-filters-memory=17.00MB
|  |  |  max-parallelism=20 segment-costs=[182527642] cpu-comparison-result=130 [max(130 (self) vs 25 (sum children))]
|  |  JOIN BUILD
|  |  |  join-table-id=01 plan-id=02 cohort-id=02
|  |  |  build expressions: cs_item_sk, cs_order_number
|  |  |  runtime filters: RF032[bloom] <- cs_item_sk, RF033[bloom] <- cs_order_number, RF034[min_max] <- cs_item_sk, RF035[min_max] <- cs_order_number
|  |  |  mem-estimate=369.31MB mem-reservation=34.00MB spill-buffer=2.00MB thread-reservation=0 cost=175508576
|  |  |
|  |  69:EXCHANGE [HASH(cs_item_sk,cs_order_number)]
|  |  |  mem-estimate=18.80MB mem-reservation=0B thread-reservation=0
|  |  |  tuple-ids=16,17,18 row-size=70B cardinality=87.75M cost=7019066
|  |  |  in pipelines: 25(GETNEXT)
|  |  |
|  |  F19:PLAN FRAGMENT [RANDOM] hosts=10 instances=110 (adjusted from 120)
|  |  Per-Host Shared Resources: mem-estimate=1.00MB mem-reservation=1.00MB thread-reservation=0 runtime-filters-memory=1.00MB
|  |  Per-Instance Resources: mem-estimate=22.40MB mem-reservation=1.00MB thread-reservation=1
|  |  max-parallelism=110 segment-costs=[1061365642]
|  |  30:HASH JOIN [INNER JOIN, BROADCAST]
|  |  |  hash-table-id=02
|  |  |  hash predicates: cs_sold_date_sk = d_date_sk
|  |  |  fk/pk conjuncts: cs_sold_date_sk = d_date_sk
|  |  |  mem-estimate=0B mem-reservation=0B spill-buffer=64.00KB thread-reservation=0
|  |  |  tuple-ids=16,17,18 row-size=70B cardinality=87.75M cost=430772384
|  |  |  in pipelines: 25(GETNEXT), 27(OPEN)
|  |  |
|  |  |--F40:PLAN FRAGMENT [RANDOM] hosts=10 instances=10
|  |  |  |  Per-Instance Resources: mem-estimate=21.33MB mem-reservation=21.31MB thread-reservation=1
|  |  |  |  max-parallelism=10 segment-costs=[423]
|  |  |  JOIN BUILD
|  |  |  |  join-table-id=02 plan-id=03 cohort-id=03
|  |  |  |  build expressions: d_date_sk
|  |  |  |  mem-estimate=21.31MB mem-reservation=21.31MB spill-buffer=64.00KB thread-reservation=0 cost=373
|  |  |  |
|  |  |  67:EXCHANGE [BROADCAST]
|  |  |  |  mem-estimate=16.00KB mem-reservation=0B thread-reservation=0
|  |  |  |  tuple-ids=18 row-size=8B cardinality=373 cost=50
|  |  |  |  in pipelines: 27(GETNEXT)
|  |  |  |
|  |  |  F21:PLAN FRAGMENT [RANDOM] hosts=1 instances=1
|  |  |  Per-Instance Resources: mem-estimate=16.05MB mem-reservation=512.00KB thread-reservation=1
|  |  |  max-parallelism=1 segment-costs=[123625]
|  |  |  27:SCAN HDFS [tpcds_partitioned_parquet_snap.date_dim, RANDOM]
|  |  |     HDFS partitions=1/1 files=1 size=2.17MB
|  |  |     predicates: tpcds_partitioned_parquet_snap.date_dim.d_year = CAST(2000 AS INT)
|  |  |     stored statistics:
|  |  |       table: rows=73.05K size=2.17MB
|  |  |       columns: all
|  |  |     extrapolated-rows=disabled max-scan-range-rows=73.05K
|  |  |     parquet statistics predicates: tpcds_partitioned_parquet_snap.date_dim.d_year = CAST(2000 AS INT)
|  |  |     parquet dictionary predicates: tpcds_partitioned_parquet_snap.date_dim.d_year = CAST(2000 AS INT)
|  |  |     mem-estimate=16.00MB mem-reservation=512.00KB thread-reservation=0
|  |  |     tuple-ids=18 row-size=8B cardinality=373 cost=123620
|  |  |     in pipelines: 27(GETNEXT)
|  |  |
|  |  29:HASH JOIN [INNER JOIN, BROADCAST]
|  |  |  hash-table-id=03
|  |  |  hash predicates: cs_item_sk = i_item_sk
|  |  |  fk/pk conjuncts: cs_item_sk = i_item_sk
|  |  |  mem-estimate=0B mem-reservation=0B spill-buffer=256.00KB thread-reservation=0
|  |  |  tuple-ids=16,17 row-size=62B cardinality=430.77M(filtered from 430.77M) cost=430772384
|  |  |  in pipelines: 25(GETNEXT), 26(OPEN)
|  |  |
|  |  |--F41:PLAN FRAGMENT [RANDOM] hosts=10 instances=10
|  |  |  |  Per-Instance Resources: mem-estimate=54.71MB mem-reservation=53.25MB thread-reservation=1 runtime-filters-memory=1.00MB
|  |  |  |  max-parallelism=10 segment-costs=[50615]
|  |  |  JOIN BUILD
|  |  |  |  join-table-id=03 plan-id=04 cohort-id=03
|  |  |  |  build expressions: i_item_sk
|  |  |  |  runtime filters: RF038[bloom] <- i_item_sk, RF039[min_max] <- i_item_sk
|  |  |  |  mem-estimate=52.25MB mem-reservation=52.25MB spill-buffer=256.00KB thread-reservation=0 cost=35915
|  |  |  |
|  |  |  66:EXCHANGE [BROADCAST]
|  |  |  |  mem-estimate=1.46MB mem-reservation=0B thread-reservation=0
|  |  |  |  tuple-ids=17 row-size=38B cardinality=35.91K cost=14700
|  |  |  |  in pipelines: 26(GETNEXT)
|  |  |  |
|  |  |  F20:PLAN FRAGMENT [RANDOM] hosts=4 instances=4
|  |  |  Per-Instance Resources: mem-estimate=16.16MB mem-reservation=512.00KB thread-reservation=1
|  |  |  max-parallelism=4 segment-costs=[574796]
|  |  |  26:SCAN HDFS [tpcds_partitioned_parquet_snap.item, RANDOM]
|  |  |     HDFS partitions=1/1 files=1 size=1.73MB
|  |  |     predicates: i_category = 'Sports'
|  |  |     stored statistics:
|  |  |       table: rows=360.00K size=33.54MB
|  |  |       columns: all
|  |  |     extrapolated-rows=disabled max-scan-range-rows=101.54K
|  |  |     parquet statistics predicates: i_category = 'Sports'
|  |  |     parquet dictionary predicates: i_category = 'Sports'
|  |  |     mem-estimate=16.00MB mem-reservation=512.00KB thread-reservation=0
|  |  |     tuple-ids=17 row-size=38B cardinality=35.91K cost=573326
|  |  |     in pipelines: 26(GETNEXT)
|  |  |
|  |  25:SCAN HDFS [tpcds_partitioned_parquet_snap.catalog_sales, RANDOM]
|  |     HDFS partitions=1831/1831 files=1831 size=150.82MB
|  |     runtime filters: RF039[min_max] -> cs_item_sk, RF038[bloom] -> cs_item_sk
|  |     stored statistics:
|  |       table: rows=4.32G size=280.96GB
|  |       partitions: 1831/1831 rows=4.32G
|  |       columns: all
|  |     extrapolated-rows=disabled max-scan-range-rows=21.52M
|  |     mem-estimate=16.00MB mem-reservation=1.00MB thread-reservation=0
|  |     tuple-ids=16 row-size=24B cardinality=430.77M(filtered from 4.32G) cost=192801808
|  |     in pipelines: 25(GETNEXT)
|  |
|  68:EXCHANGE [HASH(cr_item_sk,cr_order_number)]
|  |  mem-estimate=10.47MB mem-reservation=0B thread-reservation=0
|  |  tuple-ids=19 row-size=20B cardinality=432.02M cost=10125398
|  |  in pipelines: 28(GETNEXT)
|  |
|  F18:PLAN FRAGMENT [RANDOM] hosts=10 instances=20 (adjusted from 120)
|  Per-Host Shared Resources: mem-estimate=17.00MB mem-reservation=17.00MB thread-reservation=0 runtime-filters-memory=17.00MB
|  Per-Instance Resources: mem-estimate=17.88MB mem-reservation=32.00KB thread-reservation=1
|  max-parallelism=20 segment-costs=[121563230]
|  28:SCAN HDFS [tpcds_partitioned_parquet_snap.catalog_returns, RANDOM]
|     HDFS partitions=2060/2060 files=2060 size=30.47MB
|     runtime filters: RF034[min_max] -> cr_item_sk, RF035[min_max] -> cr_order_number, RF032[bloom] -> cr_item_sk, RF033[bloom] -> cr_order_number
|     stored statistics:
|       table: rows=432.02M size=32.77GB
|       partitions: 2060/2060 rows=432.02M
|       columns: all
|     extrapolated-rows=disabled max-scan-range-rows=416.82K
|     mem-estimate=16.00MB mem-reservation=32.00KB thread-reservation=0
|     tuple-ids=19 row-size=20B cardinality=432.02M cost=111437832
|     in pipelines: 28(GETNEXT)
|
82:EXCHANGE [HASH(i_brand_id,i_category_id,i_class_id,i_manufact_id)]
|  mem-estimate=12.22MB mem-reservation=0B thread-reservation=0
|  tuple-ids=14 row-size=44B cardinality=1.57M cost=73655
|  in pipelines: 65(GETNEXT)
|
F17:PLAN FRAGMENT [HASH(d_year,i_brand_id,i_class_id,i_category_id,i_manufact_id)] hosts=10 instances=120
Per-Instance Resources: mem-estimate=152.69MB mem-reservation=34.00MB thread-reservation=1
max-parallelism=220 segment-costs=[2170268439, 73655] cpu-comparison-result=350 [max(120 (self) vs 350 (sum children))]
65:AGGREGATE [FINALIZE]
|  output: sum:merge(sales_cnt), sum:merge(sales_amt)
|  group by: d_year, i_brand_id, i_class_id, i_category_id, i_manufact_id
|  having: d_year = CAST(2001 AS INT)
|  mem-estimate=137.06MB mem-reservation=34.00MB spill-buffer=2.00MB thread-reservation=0
|  tuple-ids=14 row-size=44B cardinality=1.57M cost=2155832064
|  in pipelines: 65(GETNEXT), 63(OPEN)
|
64:EXCHANGE [HASH(d_year,i_brand_id,i_class_id,i_category_id,i_manufact_id)]
|  mem-estimate=15.62MB mem-reservation=0B thread-reservation=0
|  tuple-ids=14 row-size=44B cardinality=307.98M cost=14436375
|  in pipelines: 63(GETNEXT)
|
F16:PLAN FRAGMENT [HASH(d_year,i_brand_id,i_class_id,i_category_id,i_manufact_id,sales_cnt,sales_amt)] hosts=10 instances=120
Per-Instance Resources: mem-estimate=232.99MB mem-reservation=68.00MB thread-reservation=1
max-parallelism=220 segment-costs=[2166659345, 2155832064, 14436375] cpu-comparison-result=350 [max(120 (self) vs 350 (sum children))]
23:AGGREGATE [STREAMING]
|  output: sum(sales_cnt), sum(sales_amt)
|  group by: d_year, i_brand_id, i_class_id, i_category_id, i_manufact_id
|  mem-estimate=102.80MB mem-reservation=34.00MB spill-buffer=2.00MB thread-reservation=0
|  tuple-ids=14 row-size=44B cardinality=307.98M cost=2155832064
|  in pipelines: 63(GETNEXT)
|
63:AGGREGATE [FINALIZE]
|  group by: d_year, i_brand_id, i_class_id, i_category_id, i_manufact_id, sales_cnt, sales_amt
|  mem-estimate=107.69MB mem-reservation=34.00MB spill-buffer=2.00MB thread-reservation=0
|  tuple-ids=12 row-size=32B cardinality=307.98M cost=2155832064
|  in pipelines: 63(GETNEXT), 04(OPEN), 11(OPEN), 18(OPEN)
|
62:EXCHANGE [HASH(d_year,i_brand_id,i_class_id,i_category_id,i_manufact_id,sales_cnt,sales_amt)]
|  mem-estimate=10.70MB mem-reservation=0B thread-reservation=0
|  tuple-ids=12 row-size=32B cardinality=307.98M cost=10827281
|  in pipelines: 04(GETNEXT), 11(GETNEXT), 18(GETNEXT)
|
F15:PLAN FRAGMENT [RANDOM] hosts=10 instances=20 (adjusted from 120)
Per-Instance Resources: mem-estimate=511.96MB mem-reservation=34.00MB thread-reservation=1
max-parallelism=20 segment-costs=[11682782269, 10827281] cpu-comparison-result=350 [max(80 (self) vs 350 (sum children))]
22:AGGREGATE [STREAMING]
|  group by: d_year, i_brand_id, i_class_id, i_category_id, i_manufact_id, sales_cnt, sales_amt
|  mem-estimate=484.62MB mem-reservation=34.00MB spill-buffer=2.00MB thread-reservation=0
|  tuple-ids=12 row-size=32B cardinality=307.98M cost=2155832064
|  in pipelines: 04(GETNEXT), 11(GETNEXT), 18(GETNEXT)
|
00:UNION
|  mem-estimate=0B mem-reservation=0B thread-reservation=0
|  tuple-ids=12 row-size=32B cardinality=307.98M cost=6467495936
|  in pipelines: 04(GETNEXT), 11(GETNEXT), 18(GETNEXT)
|
|--21:HASH JOIN [RIGHT OUTER JOIN, PARTITIONED]
|  |  hash-table-id=16
|  |  hash predicates: wr_item_sk = ws_item_sk, wr_order_number = ws_order_number
|  |  fk/pk conjuncts: wr_item_sk = ws_item_sk, wr_order_number = ws_order_number
|  |  mem-estimate=0B mem-reservation=0B spill-buffer=2.00MB thread-reservation=0
|  |  tuple-ids=11N,8,9,10 row-size=90B cardinality=44.04M cost=432005376
|  |  in pipelines: 18(GETNEXT), 15(OPEN)
|  |
|  |--F54:PLAN FRAGMENT [RANDOM] hosts=10 instances=20 (adjusted from 120)
|  |  |  Per-Instance Resources: mem-estimate=200.01MB mem-reservation=34.00MB thread-reservation=1
|  |  |  max-parallelism=20 segment-costs=[91611054] cpu-comparison-result=80 [max(80 (self) vs 25 (sum children))]
|  |  JOIN BUILD
|  |  |  join-table-id=16 plan-id=17 cohort-id=01
|  |  |  build expressions: ws_item_sk, ws_order_number
|  |  |  runtime filters: RF026[min_max] <- ws_item_sk, RF027[min_max] <- ws_order_number
|  |  |  mem-estimate=185.21MB mem-reservation=34.00MB spill-buffer=2.00MB thread-reservation=0 cost=88088168
|  |  |
|  |  61:EXCHANGE [HASH(ws_item_sk,ws_order_number)]
|  |  |  mem-estimate=14.80MB mem-reservation=0B thread-reservation=0
|  |  |  tuple-ids=8,9,10 row-size=70B cardinality=44.04M cost=3522886
|  |  |  in pipelines: 15(GETNEXT)
|  |  |
|  |  F11:PLAN FRAGMENT [RANDOM] hosts=10 instances=60 (adjusted from 120)
|  |  Per-Host Shared Resources: mem-estimate=1.00MB mem-reservation=1.00MB thread-reservation=0 runtime-filters-memory=1.00MB
|  |  Per-Instance Resources: mem-estimate=22.40MB mem-reservation=128.00KB thread-reservation=1
|  |  max-parallelism=60 segment-costs=[576105382]
|  |  20:HASH JOIN [INNER JOIN, BROADCAST]
|  |  |  hash-table-id=17
|  |  |  hash predicates: ws_sold_date_sk = d_date_sk
|  |  |  fk/pk conjuncts: ws_sold_date_sk = d_date_sk
|  |  |  mem-estimate=0B mem-reservation=0B spill-buffer=64.00KB thread-reservation=0
|  |  |  tuple-ids=8,9,10 row-size=70B cardinality=44.04M cost=215379120
|  |  |  in pipelines: 15(GETNEXT), 17(OPEN)
|  |  |
|  |  |--F55:PLAN FRAGMENT [RANDOM] hosts=10 instances=10
|  |  |  |  Per-Instance Resources: mem-estimate=11.64MB mem-reservation=11.62MB thread-reservation=1
|  |  |  |  max-parallelism=10 segment-costs=[423]
|  |  |  JOIN BUILD
|  |  |  |  join-table-id=17 plan-id=18 cohort-id=08
|  |  |  |  build expressions: d_date_sk
|  |  |  |  mem-estimate=11.62MB mem-reservation=11.62MB spill-buffer=64.00KB thread-reservation=0 cost=373
|  |  |  |
|  |  |  59:EXCHANGE [BROADCAST]
|  |  |  |  mem-estimate=16.00KB mem-reservation=0B thread-reservation=0
|  |  |  |  tuple-ids=10 row-size=8B cardinality=373 cost=50
|  |  |  |  in pipelines: 17(GETNEXT)
|  |  |  |
|  |  |  F13:PLAN FRAGMENT [RANDOM] hosts=1 instances=1
|  |  |  Per-Instance Resources: mem-estimate=16.05MB mem-reservation=512.00KB thread-reservation=1
|  |  |  max-parallelism=1 segment-costs=[123625]
|  |  |  17:SCAN HDFS [tpcds_partitioned_parquet_snap.date_dim, RANDOM]
|  |  |     HDFS partitions=1/1 files=1 size=2.17MB
|  |  |     predicates: tpcds_partitioned_parquet_snap.date_dim.d_year = CAST(2001 AS INT)
|  |  |     stored statistics:
|  |  |       table: rows=73.05K size=2.17MB
|  |  |       columns: all
|  |  |     extrapolated-rows=disabled max-scan-range-rows=73.05K
|  |  |     parquet statistics predicates: tpcds_partitioned_parquet_snap.date_dim.d_year = CAST(2001 AS INT)
|  |  |     parquet dictionary predicates: tpcds_partitioned_parquet_snap.date_dim.d_year = CAST(2001 AS INT)
|  |  |     mem-estimate=16.00MB mem-reservation=512.00KB thread-reservation=0
|  |  |     tuple-ids=10 row-size=8B cardinality=373 cost=123620
|  |  |     in pipelines: 17(GETNEXT)
|  |  |
|  |  19:HASH JOIN [INNER JOIN, BROADCAST]
|  |  |  hash-table-id=18
|  |  |  hash predicates: ws_item_sk = i_item_sk
|  |  |  fk/pk conjuncts: ws_item_sk = i_item_sk
|  |  |  mem-estimate=0B mem-reservation=0B spill-buffer=256.00KB thread-reservation=0
|  |  |  tuple-ids=8,9 row-size=62B cardinality=215.38M cost=215379120
|  |  |  in pipelines: 15(GETNEXT), 16(OPEN)
|  |  |
|  |  |--F56:PLAN FRAGMENT [RANDOM] hosts=10 instances=10
|  |  |  |  Per-Instance Resources: mem-estimate=30.96MB mem-reservation=29.50MB thread-reservation=1 runtime-filters-memory=1.00MB
|  |  |  |  max-parallelism=10 segment-costs=[50615]
|  |  |  JOIN BUILD
|  |  |  |  join-table-id=18 plan-id=19 cohort-id=08
|  |  |  |  build expressions: i_item_sk
|  |  |  |  runtime filters: RF030[bloom] <- i_item_sk, RF031[min_max] <- i_item_sk
|  |  |  |  mem-estimate=28.50MB mem-reservation=28.50MB spill-buffer=256.00KB thread-reservation=0 cost=35915
|  |  |  |
|  |  |  58:EXCHANGE [BROADCAST]
|  |  |  |  mem-estimate=1.46MB mem-reservation=0B thread-reservation=0
|  |  |  |  tuple-ids=9 row-size=38B cardinality=35.91K cost=14700
|  |  |  |  in pipelines: 16(GETNEXT)
|  |  |  |
|  |  |  F12:PLAN FRAGMENT [RANDOM] hosts=4 instances=4
|  |  |  Per-Instance Resources: mem-estimate=16.16MB mem-reservation=512.00KB thread-reservation=1
|  |  |  max-parallelism=4 segment-costs=[574796]
|  |  |  16:SCAN HDFS [tpcds_partitioned_parquet_snap.item, RANDOM]
|  |  |     HDFS partitions=1/1 files=1 size=1.73MB
|  |  |     predicates: i_category = 'Sports'
|  |  |     runtime filters: RF004[min_max] -> tpcds_partitioned_parquet_snap.item.i_brand_id, RF005[min_max] -> tpcds_partitioned_parquet_snap.item.i_category_id, RF006[min_max] -> tpcds_partitioned_parquet_snap.item.i_class_id, RF007[min_max] -> tpcds_partitioned_parquet_snap.item.i_manufact_id
|  |  |     stored statistics:
|  |  |       table: rows=360.00K size=33.54MB
|  |  |       columns: all
|  |  |     extrapolated-rows=disabled max-scan-range-rows=101.54K
|  |  |     parquet statistics predicates: i_category = 'Sports'
|  |  |     parquet dictionary predicates: i_category = 'Sports'
|  |  |     mem-estimate=16.00MB mem-reservation=512.00KB thread-reservation=0
|  |  |     tuple-ids=9 row-size=38B cardinality=35.91K cost=573326
|  |  |     in pipelines: 16(GETNEXT)
|  |  |
|  |  15:SCAN HDFS [tpcds_partitioned_parquet_snap.web_sales, RANDOM]
|  |     HDFS partitions=1824/1824 files=1824 size=84.18MB
|  |     runtime filters: RF031[min_max] -> ws_item_sk, RF030[bloom] -> ws_item_sk
|  |     stored statistics:
|  |       table: rows=2.16G size=145.75GB
|  |       partitions: 1824/1824 rows=2.16G
|  |       columns: all
|  |     extrapolated-rows=disabled max-scan-range-rows=3.37M
|  |     mem-estimate=16.00MB mem-reservation=128.00KB thread-reservation=0
|  |     tuple-ids=8 row-size=24B cardinality=215.38M(filtered from 2.16G) cost=141824256
|  |     in pipelines: 15(GETNEXT)
|  |
|  60:EXCHANGE [HASH(wr_item_sk,wr_order_number)]
|  |  mem-estimate=10.47MB mem-reservation=0B thread-reservation=0
|  |  tuple-ids=11 row-size=20B cardinality=216.00M cost=5062563
|  |  in pipelines: 18(GETNEXT)
|  |
|  F10:PLAN FRAGMENT [RANDOM] hosts=10 instances=20 (adjusted from 120)
|  Per-Instance Resources: mem-estimate=17.88MB mem-reservation=256.00KB thread-reservation=1
|  max-parallelism=20 segment-costs=[114981371]
|  18:SCAN HDFS [tpcds_partitioned_parquet_snap.web_returns, RANDOM]
|     HDFS partitions=2114/2114 files=2114 size=20.70MB
|     runtime filters: RF026[min_max] -> wr_item_sk, RF027[min_max] -> wr_order_number
|     stored statistics:
|       table: rows=216.00M size=16.74GB
|       partitions: 2114/2114 rows=216.00M
|       columns: all
|     extrapolated-rows=disabled max-scan-range-rows=9.41M
|     mem-estimate=16.00MB mem-reservation=256.00KB thread-reservation=0
|     tuple-ids=11 row-size=20B cardinality=216.00M cost=109918808
|     in pipelines: 18(GETNEXT)
|
|--14:HASH JOIN [RIGHT OUTER JOIN, PARTITIONED]
|  |  hash-table-id=13
|  |  hash predicates: sr_item_sk = ss_item_sk, sr_ticket_number = ss_ticket_number
|  |  fk/pk conjuncts: sr_item_sk = ss_item_sk, sr_ticket_number = ss_ticket_number
|  |  mem-estimate=0B mem-reservation=0B spill-buffer=2.00MB thread-reservation=0
|  |  tuple-ids=7N,4,5,6 row-size=90B cardinality=176.18M cost=1727977216
|  |  in pipelines: 11(GETNEXT), 08(OPEN)
|  |
|  |--F51:PLAN FRAGMENT [RANDOM] hosts=10 instances=20 (adjusted from 120)
|  |  |  Per-Instance Resources: mem-estimate=760.46MB mem-reservation=34.00MB thread-reservation=1
|  |  |  max-parallelism=20 segment-costs=[366446909] cpu-comparison-result=140 [max(140 (self) vs 25 (sum children))]
|  |  JOIN BUILD
|  |  |  join-table-id=13 plan-id=14 cohort-id=01
|  |  |  build expressions: ss_item_sk, ss_ticket_number
|  |  |  runtime filters: RF018[min_max] <- ss_item_sk, RF019[min_max] <- ss_ticket_number
|  |  |  mem-estimate=740.86MB mem-reservation=34.00MB spill-buffer=2.00MB thread-reservation=0 cost=352355264
|  |  |
|  |  57:EXCHANGE [HASH(ss_item_sk,ss_ticket_number)]
|  |  |  mem-estimate=19.60MB mem-reservation=0B thread-reservation=0
|  |  |  tuple-ids=4,5,6 row-size=70B cardinality=176.18M cost=14091645
|  |  |  in pipelines: 08(GETNEXT)
|  |  |
|  |  F06:PLAN FRAGMENT [RANDOM] hosts=10 instances=120
|  |  Per-Host Shared Resources: mem-estimate=1.00MB mem-reservation=1.00MB thread-reservation=0 runtime-filters-memory=1.00MB
|  |  Per-Instance Resources: mem-estimate=22.40MB mem-reservation=8.00MB thread-reservation=1
|  |  max-parallelism=210 segment-costs=[2030835613]
|  |  13:HASH JOIN [INNER JOIN, BROADCAST]
|  |  |  hash-table-id=14
|  |  |  hash predicates: ss_sold_date_sk = d_date_sk
|  |  |  fk/pk conjuncts: ss_sold_date_sk = d_date_sk
|  |  |  mem-estimate=0B mem-reservation=0B spill-buffer=64.00KB thread-reservation=0
|  |  |  tuple-ids=4,5,6 row-size=70B cardinality=176.18M cost=861522752
|  |  |  in pipelines: 08(GETNEXT), 10(OPEN)
|  |  |
|  |  |--F52:PLAN FRAGMENT [RANDOM] hosts=10 instances=10
|  |  |  |  Per-Instance Resources: mem-estimate=23.27MB mem-reservation=23.25MB thread-reservation=1
|  |  |  |  max-parallelism=10 segment-costs=[423]
|  |  |  JOIN BUILD
|  |  |  |  join-table-id=14 plan-id=15 cohort-id=07
|  |  |  |  build expressions: d_date_sk
|  |  |  |  mem-estimate=23.25MB mem-reservation=23.25MB spill-buffer=64.00KB thread-reservation=0 cost=373
|  |  |  |
|  |  |  55:EXCHANGE [BROADCAST]
|  |  |  |  mem-estimate=16.00KB mem-reservation=0B thread-reservation=0
|  |  |  |  tuple-ids=6 row-size=8B cardinality=373 cost=50
|  |  |  |  in pipelines: 10(GETNEXT)
|  |  |  |
|  |  |  F08:PLAN FRAGMENT [RANDOM] hosts=1 instances=1
|  |  |  Per-Instance Resources: mem-estimate=16.05MB mem-reservation=512.00KB thread-reservation=1
|  |  |  max-parallelism=1 segment-costs=[123625]
|  |  |  10:SCAN HDFS [tpcds_partitioned_parquet_snap.date_dim, RANDOM]
|  |  |     HDFS partitions=1/1 files=1 size=2.17MB
|  |  |     predicates: tpcds_partitioned_parquet_snap.date_dim.d_year = CAST(2001 AS INT)
|  |  |     stored statistics:
|  |  |       table: rows=73.05K size=2.17MB
|  |  |       columns: all
|  |  |     extrapolated-rows=disabled max-scan-range-rows=73.05K
|  |  |     parquet statistics predicates: tpcds_partitioned_parquet_snap.date_dim.d_year = CAST(2001 AS INT)
|  |  |     parquet dictionary predicates: tpcds_partitioned_parquet_snap.date_dim.d_year = CAST(2001 AS INT)
|  |  |     mem-estimate=16.00MB mem-reservation=512.00KB thread-reservation=0
|  |  |     tuple-ids=6 row-size=8B cardinality=373 cost=123620
|  |  |     in pipelines: 10(GETNEXT)
|  |  |
|  |  12:HASH JOIN [INNER JOIN, BROADCAST]
|  |  |  hash-table-id=15
|  |  |  hash predicates: ss_item_sk = i_item_sk
|  |  |  fk/pk conjuncts: ss_item_sk = i_item_sk
|  |  |  mem-estimate=0B mem-reservation=0B spill-buffer=256.00KB thread-reservation=0
|  |  |  tuple-ids=4,5 row-size=62B cardinality=861.52M(filtered from 861.52M) cost=861522752
|  |  |  in pipelines: 08(GETNEXT), 09(OPEN)
|  |  |
|  |  |--F53:PLAN FRAGMENT [RANDOM] hosts=10 instances=10
|  |  |  |  Per-Instance Resources: mem-estimate=59.46MB mem-reservation=58.00MB thread-reservation=1 runtime-filters-memory=1.00MB
|  |  |  |  max-parallelism=10 segment-costs=[50615]
|  |  |  JOIN BUILD
|  |  |  |  join-table-id=15 plan-id=16 cohort-id=07
|  |  |  |  build expressions: i_item_sk
|  |  |  |  runtime filters: RF022[bloom] <- i_item_sk, RF023[min_max] <- i_item_sk
|  |  |  |  mem-estimate=57.00MB mem-reservation=57.00MB spill-buffer=256.00KB thread-reservation=0 cost=35915
|  |  |  |
|  |  |  54:EXCHANGE [BROADCAST]
|  |  |  |  mem-estimate=1.46MB mem-reservation=0B thread-reservation=0
|  |  |  |  tuple-ids=5 row-size=38B cardinality=35.91K cost=14700
|  |  |  |  in pipelines: 09(GETNEXT)
|  |  |  |
|  |  |  F07:PLAN FRAGMENT [RANDOM] hosts=4 instances=4
|  |  |  Per-Instance Resources: mem-estimate=16.16MB mem-reservation=512.00KB thread-reservation=1
|  |  |  max-parallelism=4 segment-costs=[574796]
|  |  |  09:SCAN HDFS [tpcds_partitioned_parquet_snap.item, RANDOM]
|  |  |     HDFS partitions=1/1 files=1 size=1.73MB
|  |  |     predicates: i_category = 'Sports'
|  |  |     runtime filters: RF004[min_max] -> tpcds_partitioned_parquet_snap.item.i_brand_id, RF005[min_max] -> tpcds_partitioned_parquet_snap.item.i_category_id, RF006[min_max] -> tpcds_partitioned_parquet_snap.item.i_class_id, RF007[min_max] -> tpcds_partitioned_parquet_snap.item.i_manufact_id
|  |  |     stored statistics:
|  |  |       table: rows=360.00K size=33.54MB
|  |  |       columns: all
|  |  |     extrapolated-rows=disabled max-scan-range-rows=101.54K
|  |  |     parquet statistics predicates: i_category = 'Sports'
|  |  |     parquet dictionary predicates: i_category = 'Sports'
|  |  |     mem-estimate=16.00MB mem-reservation=512.00KB thread-reservation=0
|  |  |     tuple-ids=5 row-size=38B cardinality=35.91K cost=573326
|  |  |     in pipelines: 09(GETNEXT)
|  |  |
|  |  08:SCAN HDFS [tpcds_partitioned_parquet_snap.store_sales, RANDOM]
|  |     HDFS partitions=1824/1824 files=1824 size=199.33MB
|  |     runtime filters: RF023[min_max] -> ss_item_sk, RF022[bloom] -> ss_item_sk
|  |     stored statistics:
|  |       table: rows=8.64G size=389.90GB
|  |       partitions: 1824/1824 rows=8.64G
|  |       columns: all
|  |     extrapolated-rows=disabled max-scan-range-rows=390.22M
|  |     mem-estimate=16.00MB mem-reservation=8.00MB thread-reservation=0
|  |     tuple-ids=4 row-size=24B cardinality=861.52M(filtered from 8.64G) cost=293698464
|  |     in pipelines: 08(GETNEXT)
|  |
|  56:EXCHANGE [HASH(sr_item_sk,sr_ticket_number)]
|  |  mem-estimate=10.47MB mem-reservation=0B thread-reservation=0
|  |  tuple-ids=7 row-size=20B cardinality=863.99M cost=20249732
|  |  in pipelines: 11(GETNEXT)
|  |
|  F05:PLAN FRAGMENT [RANDOM] hosts=10 instances=20 (adjusted from 120)
|  Per-Instance Resources: mem-estimate=17.88MB mem-reservation=512.00KB thread-reservation=1
|  max-parallelism=20 segment-costs=[137324500]
|  11:SCAN HDFS [tpcds_partitioned_parquet_snap.store_returns, RANDOM]
|     HDFS partitions=2004/2004 files=2004 size=33.63MB
|     runtime filters: RF018[min_max] -> sr_item_sk, RF019[min_max] -> sr_ticket_number
|     stored statistics:
|       table: rows=863.99M size=48.14GB
|       partitions: 2004/2004 rows=863.99M
|       columns: all
|     extrapolated-rows=disabled max-scan-range-rows=30.09M
|     mem-estimate=16.00MB mem-reservation=512.00KB thread-reservation=0
|     tuple-ids=7 row-size=20B cardinality=863.99M cost=117074768
|     in pipelines: 11(GETNEXT)
|
07:HASH JOIN [RIGHT OUTER JOIN, PARTITIONED]
|  hash-table-id=10
|  hash predicates: cr_item_sk = cs_item_sk, cr_order_number = cs_order_number
|  fk/pk conjuncts: cr_item_sk = cs_item_sk, cr_order_number = cs_order_number
|  mem-estimate=0B mem-reservation=0B spill-buffer=2.00MB thread-reservation=0
|  tuple-ids=3N,0,1,2 row-size=90B cardinality=87.75M cost=864033984
|  in pipelines: 04(GETNEXT), 01(OPEN)
|
|--F48:PLAN FRAGMENT [RANDOM] hosts=10 instances=20 (adjusted from 120)
|  |  Per-Instance Resources: mem-estimate=405.11MB mem-reservation=51.00MB thread-reservation=1 runtime-filters-memory=17.00MB
|  |  max-parallelism=20 segment-costs=[182527642] cpu-comparison-result=130 [max(130 (self) vs 25 (sum children))]
|  JOIN BUILD
|  |  join-table-id=10 plan-id=11 cohort-id=01
|  |  build expressions: cs_item_sk, cs_order_number
|  |  runtime filters: RF008[bloom] <- cs_item_sk, RF009[bloom] <- cs_order_number, RF010[min_max] <- cs_item_sk, RF011[min_max] <- cs_order_number
|  |  mem-estimate=369.31MB mem-reservation=34.00MB spill-buffer=2.00MB thread-reservation=0 cost=175508576
|  |
|  53:EXCHANGE [HASH(cs_item_sk,cs_order_number)]
|  |  mem-estimate=18.80MB mem-reservation=0B thread-reservation=0
|  |  tuple-ids=0,1,2 row-size=70B cardinality=87.75M cost=7019066
|  |  in pipelines: 01(GETNEXT)
|  |
|  F01:PLAN FRAGMENT [RANDOM] hosts=10 instances=110 (adjusted from 120)
|  Per-Host Shared Resources: mem-estimate=1.00MB mem-reservation=1.00MB thread-reservation=0 runtime-filters-memory=1.00MB
|  Per-Instance Resources: mem-estimate=22.40MB mem-reservation=1.00MB thread-reservation=1
|  max-parallelism=110 segment-costs=[1061365642]
|  06:HASH JOIN [INNER JOIN, BROADCAST]
|  |  hash-table-id=11
|  |  hash predicates: cs_sold_date_sk = d_date_sk
|  |  fk/pk conjuncts: cs_sold_date_sk = d_date_sk
|  |  mem-estimate=0B mem-reservation=0B spill-buffer=64.00KB thread-reservation=0
|  |  tuple-ids=0,1,2 row-size=70B cardinality=87.75M cost=430772384
|  |  in pipelines: 01(GETNEXT), 03(OPEN)
|  |
|  |--F49:PLAN FRAGMENT [RANDOM] hosts=10 instances=10
|  |  |  Per-Instance Resources: mem-estimate=21.33MB mem-reservation=21.31MB thread-reservation=1
|  |  |  max-parallelism=10 segment-costs=[423]
|  |  JOIN BUILD
|  |  |  join-table-id=11 plan-id=12 cohort-id=06
|  |  |  build expressions: d_date_sk
|  |  |  mem-estimate=21.31MB mem-reservation=21.31MB spill-buffer=64.00KB thread-reservation=0 cost=373
|  |  |
|  |  51:EXCHANGE [BROADCAST]
|  |  |  mem-estimate=16.00KB mem-reservation=0B thread-reservation=0
|  |  |  tuple-ids=2 row-size=8B cardinality=373 cost=50
|  |  |  in pipelines: 03(GETNEXT)
|  |  |
|  |  F03:PLAN FRAGMENT [RANDOM] hosts=1 instances=1
|  |  Per-Instance Resources: mem-estimate=16.05MB mem-reservation=512.00KB thread-reservation=1
|  |  max-parallelism=1 segment-costs=[123625]
|  |  03:SCAN HDFS [tpcds_partitioned_parquet_snap.date_dim, RANDOM]
|  |     HDFS partitions=1/1 files=1 size=2.17MB
|  |     predicates: tpcds_partitioned_parquet_snap.date_dim.d_year = CAST(2001 AS INT)
|  |     stored statistics:
|  |       table: rows=73.05K size=2.17MB
|  |       columns: all
|  |     extrapolated-rows=disabled max-scan-range-rows=73.05K
|  |     parquet statistics predicates: tpcds_partitioned_parquet_snap.date_dim.d_year = CAST(2001 AS INT)
|  |     parquet dictionary predicates: tpcds_partitioned_parquet_snap.date_dim.d_year = CAST(2001 AS INT)
|  |     mem-estimate=16.00MB mem-reservation=512.00KB thread-reservation=0
|  |     tuple-ids=2 row-size=8B cardinality=373 cost=123620
|  |     in pipelines: 03(GETNEXT)
|  |
|  05:HASH JOIN [INNER JOIN, BROADCAST]
|  |  hash-table-id=12
|  |  hash predicates: cs_item_sk = i_item_sk
|  |  fk/pk conjuncts: cs_item_sk = i_item_sk
|  |  mem-estimate=0B mem-reservation=0B spill-buffer=256.00KB thread-reservation=0
|  |  tuple-ids=0,1 row-size=62B cardinality=430.77M(filtered from 430.77M) cost=430772384
|  |  in pipelines: 01(GETNEXT), 02(OPEN)
|  |
|  |--F50:PLAN FRAGMENT [RANDOM] hosts=10 instances=10
|  |  |  Per-Instance Resources: mem-estimate=54.71MB mem-reservation=53.25MB thread-reservation=1 runtime-filters-memory=1.00MB
|  |  |  max-parallelism=10 segment-costs=[50615]
|  |  JOIN BUILD
|  |  |  join-table-id=12 plan-id=13 cohort-id=06
|  |  |  build expressions: i_item_sk
|  |  |  runtime filters: RF014[bloom] <- i_item_sk, RF015[min_max] <- i_item_sk
|  |  |  mem-estimate=52.25MB mem-reservation=52.25MB spill-buffer=256.00KB thread-reservation=0 cost=35915
|  |  |
|  |  50:EXCHANGE [BROADCAST]
|  |  |  mem-estimate=1.46MB mem-reservation=0B thread-reservation=0
|  |  |  tuple-ids=1 row-size=38B cardinality=35.91K cost=14700
|  |  |  in pipelines: 02(GETNEXT)
|  |  |
|  |  F02:PLAN FRAGMENT [RANDOM] hosts=4 instances=4
|  |  Per-Instance Resources: mem-estimate=16.16MB mem-reservation=512.00KB thread-reservation=1
|  |  max-parallelism=4 segment-costs=[574796]
|  |  02:SCAN HDFS [tpcds_partitioned_parquet_snap.item, RANDOM]
|  |     HDFS partitions=1/1 files=1 size=1.73MB
|  |     predicates: i_category = 'Sports'
|  |     runtime filters: RF004[min_max] -> tpcds_partitioned_parquet_snap.item.i_brand_id, RF005[min_max] -> tpcds_partitioned_parquet_snap.item.i_category_id, RF006[min_max] -> tpcds_partitioned_parquet_snap.item.i_class_id, RF007[min_max] -> tpcds_partitioned_parquet_snap.item.i_manufact_id
|  |     stored statistics:
|  |       table: rows=360.00K size=33.54MB
|  |       columns: all
|  |     extrapolated-rows=disabled max-scan-range-rows=101.54K
|  |     parquet statistics predicates: i_category = 'Sports'
|  |     parquet dictionary predicates: i_category = 'Sports'
|  |     mem-estimate=16.00MB mem-reservation=512.00KB thread-reservation=0
|  |     tuple-ids=1 row-size=38B cardinality=35.91K cost=573326
|  |     in pipelines: 02(GETNEXT)
|  |
|  01:SCAN HDFS [tpcds_partitioned_parquet_snap.catalog_sales, RANDOM]
|     HDFS partitions=1831/1831 files=1831 size=150.82MB
|     runtime filters: RF015[min_max] -> cs_item_sk, RF014[bloom] -> cs_item_sk
|     stored statistics:
|       table: rows=4.32G size=280.96GB
|       partitions: 1831/1831 rows=4.32G
|       columns: all
|     extrapolated-rows=disabled max-scan-range-rows=21.52M
|     mem-estimate=16.00MB mem-reservation=1.00MB thread-reservation=0
|     tuple-ids=0 row-size=24B cardinality=430.77M(filtered from 4.32G) cost=192801808
|     in pipelines: 01(GETNEXT)
|
52:EXCHANGE [HASH(cr_item_sk,cr_order_number)]
|  mem-estimate=10.47MB mem-reservation=0B thread-reservation=0
|  tuple-ids=3 row-size=20B cardinality=432.02M cost=10125398
|  in pipelines: 04(GETNEXT)
|
F00:PLAN FRAGMENT [RANDOM] hosts=10 instances=20 (adjusted from 120)
Per-Host Shared Resources: mem-estimate=17.00MB mem-reservation=17.00MB thread-reservation=0 runtime-filters-memory=17.00MB
Per-Instance Resources: mem-estimate=17.88MB mem-reservation=32.00KB thread-reservation=1
max-parallelism=20 segment-costs=[121563230]
04:SCAN HDFS [tpcds_partitioned_parquet_snap.catalog_returns, RANDOM]
   HDFS partitions=2060/2060 files=2060 size=30.47MB
   runtime filters: RF010[min_max] -> cr_item_sk, RF011[min_max] -> cr_order_number, RF008[bloom] -> cr_item_sk, RF009[bloom] -> cr_order_number
   stored statistics:
     table: rows=432.02M size=32.77GB
     partitions: 2060/2060 rows=432.02M
     columns: all
   extrapolated-rows=disabled max-scan-range-rows=416.82K
   mem-estimate=16.00MB mem-reservation=32.00KB thread-reservation=0
   tuple-ids=3 row-size=20B cardinality=432.02M cost=111437832
   in pipelines: 04(GETNEXT)
---- PARALLELPLANS
Max Per-Host Resource Reservation: Memory=3.65GB Threads=161
Per-Host Resource Estimates: Memory=18.52GB
F37:PLAN FRAGMENT [UNPARTITIONED] hosts=1 instances=1
|  Per-Instance Resources: mem-estimate=4.07MB mem-reservation=4.00MB thread-reservation=1
|  max-parallelism=1 segment-costs=[1008] cpu-comparison-result=700 [max(1 (self) vs 700 (sum children))]
PLAN-ROOT SINK
|  output exprs: d_year, d_year, i_brand_id, i_class_id, i_category_id, i_manufact_id, sales_cnt, sales_cnt, sales_cnt - sales_cnt, sales_amt - sales_amt
|  mem-estimate=4.00MB mem-reservation=4.00MB spill-buffer=2.00MB thread-reservation=0 cost=1000
|
84:MERGING-EXCHANGE [UNPARTITIONED]
|  order by: sales_cnt - sales_cnt ASC, sales_amt - sales_amt ASC
|  limit: 100
|  mem-estimate=74.92KB mem-reservation=0B thread-reservation=0
|  tuple-ids=32 row-size=72B cardinality=100 cost=8
|  in pipelines: 49(GETNEXT)
|
F36:PLAN FRAGMENT [HASH(i_brand_id,i_category_id,i_class_id,i_manufact_id)] hosts=10 instances=10 (adjusted from 120)
Per-Instance Resources: mem-estimate=12.23MB mem-reservation=0B thread-reservation=1
max-parallelism=10 segment-costs=[6359079, 8] cpu-comparison-result=700 [max(10 (self) vs 700 (sum children))]
49:TOP-N [LIMIT=100]
|  order by: sales_cnt - sales_cnt ASC, sales_amt - sales_amt ASC
|  mem-estimate=7.03KB mem-reservation=0B thread-reservation=0
|  tuple-ids=32 row-size=72B cardinality=100 cost=200
|  in pipelines: 49(GETNEXT), 65(OPEN)
|
48:HASH JOIN [INNER JOIN, PARTITIONED]
|  hash-table-id=00
|  hash predicates: i_brand_id = i_brand_id, i_category_id = i_category_id, i_class_id = i_class_id, i_manufact_id = i_manufact_id
|  fk/pk conjuncts: assumed fk/pk
|  other predicates: CAST(sum(sales_cnt) AS DECIMAL(17,2)) / CAST(sum(sales_cnt) AS DECIMAL(17,2)) < CAST(0.9 AS DECIMAL(1,1))
|  mem-estimate=0B mem-reservation=0B spill-buffer=1.00MB thread-reservation=0
|  tuple-ids=14,30 row-size=88B cardinality=2.58G cost=6285224
|  in pipelines: 65(GETNEXT), 81(OPEN)
|
|--F38:PLAN FRAGMENT [HASH(i_brand_id,i_category_id,i_class_id,i_manufact_id)] hosts=10 instances=10 (adjusted from 120)
|  |  Per-Instance Resources: mem-estimate=29.22MB mem-reservation=17.00MB thread-reservation=1
|  |  max-parallelism=10 segment-costs=[6358879] cpu-comparison-result=350 [max(10 (self) vs 350 (sum children))]
|  JOIN BUILD
|  |  join-table-id=00 plan-id=01 cohort-id=01
|  |  build expressions: i_brand_id, i_category_id, i_class_id, i_manufact_id
|  |  runtime filters: RF004[min_max] <- i_brand_id, RF005[min_max] <- i_category_id, RF006[min_max] <- i_class_id, RF007[min_max] <- i_manufact_id
|  |  mem-estimate=17.00MB mem-reservation=17.00MB spill-buffer=1.00MB thread-reservation=0 cost=6285224
|  |
|  83:EXCHANGE [HASH(i_brand_id,i_category_id,i_class_id,i_manufact_id)]
|  |  mem-estimate=12.22MB mem-reservation=0B thread-reservation=0
|  |  tuple-ids=30 row-size=44B cardinality=1.57M cost=73655
|  |  in pipelines: 81(GETNEXT)
|  |
|  F35:PLAN FRAGMENT [HASH(d_year,i_brand_id,i_class_id,i_category_id,i_manufact_id)] hosts=10 instances=120
|  Per-Instance Resources: mem-estimate=152.69MB mem-reservation=34.00MB thread-reservation=1
|  max-parallelism=220 segment-costs=[2170268439, 73655] cpu-comparison-result=350 [max(120 (self) vs 350 (sum children))]
|  81:AGGREGATE [FINALIZE]
|  |  output: sum:merge(sales_cnt), sum:merge(sales_amt)
|  |  group by: d_year, i_brand_id, i_class_id, i_category_id, i_manufact_id
|  |  having: d_year = CAST(2000 AS INT)
|  |  mem-estimate=137.06MB mem-reservation=34.00MB spill-buffer=2.00MB thread-reservation=0
|  |  tuple-ids=30 row-size=44B cardinality=1.57M cost=2155832064
|  |  in pipelines: 81(GETNEXT), 79(OPEN)
|  |
|  80:EXCHANGE [HASH(d_year,i_brand_id,i_class_id,i_category_id,i_manufact_id)]
|  |  mem-estimate=15.62MB mem-reservation=0B thread-reservation=0
|  |  tuple-ids=30 row-size=44B cardinality=307.98M cost=14436375
|  |  in pipelines: 79(GETNEXT)
|  |
|  F34:PLAN FRAGMENT [HASH(d_year,i_brand_id,i_class_id,i_category_id,i_manufact_id,sales_cnt,sales_amt)] hosts=10 instances=120
|  Per-Instance Resources: mem-estimate=232.99MB mem-reservation=68.00MB thread-reservation=1
|  max-parallelism=220 segment-costs=[2166659345, 2155832064, 14436375] cpu-comparison-result=350 [max(120 (self) vs 350 (sum children))]
|  47:AGGREGATE [STREAMING]
|  |  output: sum(sales_cnt), sum(sales_amt)
|  |  group by: d_year, i_brand_id, i_class_id, i_category_id, i_manufact_id
|  |  mem-estimate=102.80MB mem-reservation=34.00MB spill-buffer=2.00MB thread-reservation=0
|  |  tuple-ids=30 row-size=44B cardinality=307.98M cost=2155832064
|  |  in pipelines: 79(GETNEXT)
|  |
|  79:AGGREGATE [FINALIZE]
|  |  group by: d_year, i_brand_id, i_class_id, i_category_id, i_manufact_id, sales_cnt, sales_amt
|  |  mem-estimate=107.69MB mem-reservation=34.00MB spill-buffer=2.00MB thread-reservation=0
|  |  tuple-ids=28 row-size=32B cardinality=307.98M cost=2155832064
|  |  in pipelines: 79(GETNEXT), 28(OPEN), 35(OPEN), 42(OPEN)
|  |
|  78:EXCHANGE [HASH(d_year,i_brand_id,i_class_id,i_category_id,i_manufact_id,sales_cnt,sales_amt)]
|  |  mem-estimate=10.70MB mem-reservation=0B thread-reservation=0
|  |  tuple-ids=28 row-size=32B cardinality=307.98M cost=10827281
|  |  in pipelines: 28(GETNEXT), 35(GETNEXT), 42(GETNEXT)
|  |
|  F33:PLAN FRAGMENT [RANDOM] hosts=10 instances=20 (adjusted from 120)
|  Per-Instance Resources: mem-estimate=511.96MB mem-reservation=34.00MB thread-reservation=1
|  max-parallelism=20 segment-costs=[11682782269, 10827281] cpu-comparison-result=350 [max(80 (self) vs 350 (sum children))]
|  46:AGGREGATE [STREAMING]
|  |  group by: d_year, i_brand_id, i_class_id, i_category_id, i_manufact_id, sales_cnt, sales_amt
|  |  mem-estimate=484.62MB mem-reservation=34.00MB spill-buffer=2.00MB thread-reservation=0
|  |  tuple-ids=28 row-size=32B cardinality=307.98M cost=2155832064
|  |  in pipelines: 28(GETNEXT), 35(GETNEXT), 42(GETNEXT)
|  |
|  24:UNION
|  |  mem-estimate=0B mem-reservation=0B thread-reservation=0
|  |  tuple-ids=28 row-size=32B cardinality=307.98M cost=6467495936
|  |  in pipelines: 28(GETNEXT), 35(GETNEXT), 42(GETNEXT)
|  |
|  |--45:HASH JOIN [RIGHT OUTER JOIN, PARTITIONED]
|  |  |  hash-table-id=07
|  |  |  hash predicates: wr_item_sk = ws_item_sk, wr_order_number = ws_order_number
|  |  |  fk/pk conjuncts: wr_item_sk = ws_item_sk, wr_order_number = ws_order_number
|  |  |  mem-estimate=0B mem-reservation=0B spill-buffer=2.00MB thread-reservation=0
|  |  |  tuple-ids=27N,24,25,26 row-size=90B cardinality=44.04M cost=432005376
|  |  |  in pipelines: 42(GETNEXT), 39(OPEN)
|  |  |
|  |  |--F45:PLAN FRAGMENT [RANDOM] hosts=10 instances=20 (adjusted from 120)
|  |  |  |  Per-Instance Resources: mem-estimate=200.01MB mem-reservation=34.00MB thread-reservation=1
|  |  |  |  max-parallelism=20 segment-costs=[91611054] cpu-comparison-result=80 [max(80 (self) vs 25 (sum children))]
|  |  |  JOIN BUILD
|  |  |  |  join-table-id=07 plan-id=08 cohort-id=02
|  |  |  |  build expressions: ws_item_sk, ws_order_number
|  |  |  |  runtime filters: RF050[min_max] <- ws_item_sk, RF051[min_max] <- ws_order_number
|  |  |  |  mem-estimate=185.21MB mem-reservation=34.00MB spill-buffer=2.00MB thread-reservation=0 cost=88088168
|  |  |  |
|  |  |  77:EXCHANGE [HASH(ws_item_sk,ws_order_number)]
|  |  |  |  mem-estimate=14.80MB mem-reservation=0B thread-reservation=0
|  |  |  |  tuple-ids=24,25,26 row-size=70B cardinality=44.04M cost=3522886
|  |  |  |  in pipelines: 39(GETNEXT)
|  |  |  |
|  |  |  F29:PLAN FRAGMENT [RANDOM] hosts=10 instances=60 (adjusted from 120)
|  |  |  Per-Host Shared Resources: mem-estimate=1.00MB mem-reservation=1.00MB thread-reservation=0 runtime-filters-memory=1.00MB
|  |  |  Per-Instance Resources: mem-estimate=22.40MB mem-reservation=128.00KB thread-reservation=1
|  |  |  max-parallelism=60 segment-costs=[576105382]
|  |  |  44:HASH JOIN [INNER JOIN, BROADCAST]
|  |  |  |  hash-table-id=08
|  |  |  |  hash predicates: ws_sold_date_sk = d_date_sk
|  |  |  |  fk/pk conjuncts: ws_sold_date_sk = d_date_sk
|  |  |  |  mem-estimate=0B mem-reservation=0B spill-buffer=64.00KB thread-reservation=0
|  |  |  |  tuple-ids=24,25,26 row-size=70B cardinality=44.04M cost=215379120
|  |  |  |  in pipelines: 39(GETNEXT), 41(OPEN)
|  |  |  |
|  |  |  |--F46:PLAN FRAGMENT [RANDOM] hosts=10 instances=10
|  |  |  |  |  Per-Instance Resources: mem-estimate=11.64MB mem-reservation=11.62MB thread-reservation=1
|  |  |  |  |  max-parallelism=10 segment-costs=[423]
|  |  |  |  JOIN BUILD
|  |  |  |  |  join-table-id=08 plan-id=09 cohort-id=05
|  |  |  |  |  build expressions: d_date_sk
|  |  |  |  |  mem-estimate=11.62MB mem-reservation=11.62MB spill-buffer=64.00KB thread-reservation=0 cost=373
|  |  |  |  |
|  |  |  |  75:EXCHANGE [BROADCAST]
|  |  |  |  |  mem-estimate=16.00KB mem-reservation=0B thread-reservation=0
|  |  |  |  |  tuple-ids=26 row-size=8B cardinality=373 cost=50
|  |  |  |  |  in pipelines: 41(GETNEXT)
|  |  |  |  |
|  |  |  |  F31:PLAN FRAGMENT [RANDOM] hosts=1 instances=1
|  |  |  |  Per-Instance Resources: mem-estimate=16.05MB mem-reservation=512.00KB thread-reservation=1
|  |  |  |  max-parallelism=1 segment-costs=[123625]
|  |  |  |  41:SCAN HDFS [tpcds_partitioned_parquet_snap.date_dim, RANDOM]
|  |  |  |     HDFS partitions=1/1 files=1 size=2.17MB
|  |  |  |     predicates: tpcds_partitioned_parquet_snap.date_dim.d_year = CAST(2000 AS INT)
|  |  |  |     stored statistics:
|  |  |  |       table: rows=73.05K size=2.17MB
|  |  |  |       columns: all
|  |  |  |     extrapolated-rows=disabled max-scan-range-rows=73.05K
|  |  |  |     parquet statistics predicates: tpcds_partitioned_parquet_snap.date_dim.d_year = CAST(2000 AS INT)
|  |  |  |     parquet dictionary predicates: tpcds_partitioned_parquet_snap.date_dim.d_year = CAST(2000 AS INT)
|  |  |  |     mem-estimate=16.00MB mem-reservation=512.00KB thread-reservation=0
|  |  |  |     tuple-ids=26 row-size=8B cardinality=373 cost=123620
|  |  |  |     in pipelines: 41(GETNEXT)
|  |  |  |
|  |  |  43:HASH JOIN [INNER JOIN, BROADCAST]
|  |  |  |  hash-table-id=09
|  |  |  |  hash predicates: ws_item_sk = i_item_sk
|  |  |  |  fk/pk conjuncts: ws_item_sk = i_item_sk
|  |  |  |  mem-estimate=0B mem-reservation=0B spill-buffer=256.00KB thread-reservation=0
|  |  |  |  tuple-ids=24,25 row-size=62B cardinality=215.38M cost=215379120
|  |  |  |  in pipelines: 39(GETNEXT), 40(OPEN)
|  |  |  |
|  |  |  |--F47:PLAN FRAGMENT [RANDOM] hosts=10 instances=10
|  |  |  |  |  Per-Instance Resources: mem-estimate=30.96MB mem-reservation=29.50MB thread-reservation=1 runtime-filters-memory=1.00MB
|  |  |  |  |  max-parallelism=10 segment-costs=[50615]
|  |  |  |  JOIN BUILD
|  |  |  |  |  join-table-id=09 plan-id=10 cohort-id=05
|  |  |  |  |  build expressions: i_item_sk
|  |  |  |  |  runtime filters: RF054[bloom] <- i_item_sk, RF055[min_max] <- i_item_sk
|  |  |  |  |  mem-estimate=28.50MB mem-reservation=28.50MB spill-buffer=256.00KB thread-reservation=0 cost=35915
|  |  |  |  |
|  |  |  |  74:EXCHANGE [BROADCAST]
|  |  |  |  |  mem-estimate=1.46MB mem-reservation=0B thread-reservation=0
|  |  |  |  |  tuple-ids=25 row-size=38B cardinality=35.91K cost=14700
|  |  |  |  |  in pipelines: 40(GETNEXT)
|  |  |  |  |
|  |  |  |  F30:PLAN FRAGMENT [RANDOM] hosts=4 instances=4
|  |  |  |  Per-Instance Resources: mem-estimate=16.16MB mem-reservation=512.00KB thread-reservation=1
|  |  |  |  max-parallelism=4 segment-costs=[574796]
|  |  |  |  40:SCAN HDFS [tpcds_partitioned_parquet_snap.item, RANDOM]
|  |  |  |     HDFS partitions=1/1 files=1 size=1.73MB
|  |  |  |     predicates: i_category = 'Sports'
|  |  |  |     stored statistics:
|  |  |  |       table: rows=360.00K size=33.54MB
|  |  |  |       columns: all
|  |  |  |     extrapolated-rows=disabled max-scan-range-rows=101.54K
|  |  |  |     parquet statistics predicates: i_category = 'Sports'
|  |  |  |     parquet dictionary predicates: i_category = 'Sports'
|  |  |  |     mem-estimate=16.00MB mem-reservation=512.00KB thread-reservation=0
|  |  |  |     tuple-ids=25 row-size=38B cardinality=35.91K cost=573326
|  |  |  |     in pipelines: 40(GETNEXT)
|  |  |  |
|  |  |  39:SCAN HDFS [tpcds_partitioned_parquet_snap.web_sales, RANDOM]
|  |  |     HDFS partitions=1824/1824 files=1824 size=84.18MB
|  |  |     runtime filters: RF055[min_max] -> ws_item_sk, RF054[bloom] -> ws_item_sk
|  |  |     stored statistics:
|  |  |       table: rows=2.16G size=145.75GB
|  |  |       partitions: 1824/1824 rows=2.16G
|  |  |       columns: all
|  |  |     extrapolated-rows=disabled max-scan-range-rows=3.37M
|  |  |     mem-estimate=16.00MB mem-reservation=128.00KB thread-reservation=0
|  |  |     tuple-ids=24 row-size=24B cardinality=215.38M(filtered from 2.16G) cost=141824256
|  |  |     in pipelines: 39(GETNEXT)
|  |  |
|  |  76:EXCHANGE [HASH(wr_item_sk,wr_order_number)]
|  |  |  mem-estimate=10.47MB mem-reservation=0B thread-reservation=0
|  |  |  tuple-ids=27 row-size=20B cardinality=216.00M cost=5062563
|  |  |  in pipelines: 42(GETNEXT)
|  |  |
|  |  F28:PLAN FRAGMENT [RANDOM] hosts=10 instances=20 (adjusted from 120)
|  |  Per-Instance Resources: mem-estimate=17.88MB mem-reservation=256.00KB thread-reservation=1
|  |  max-parallelism=20 segment-costs=[114981371]
|  |  42:SCAN HDFS [tpcds_partitioned_parquet_snap.web_returns, RANDOM]
|  |     HDFS partitions=2114/2114 files=2114 size=20.70MB
|  |     runtime filters: RF050[min_max] -> wr_item_sk, RF051[min_max] -> wr_order_number
|  |     stored statistics:
|  |       table: rows=216.00M size=16.74GB
|  |       partitions: 2114/2114 rows=216.00M
|  |       columns: all
|  |     extrapolated-rows=disabled max-scan-range-rows=9.41M
|  |     mem-estimate=16.00MB mem-reservation=256.00KB thread-reservation=0
|  |     tuple-ids=27 row-size=20B cardinality=216.00M cost=109918808
|  |     in pipelines: 42(GETNEXT)
|  |
|  |--38:HASH JOIN [RIGHT OUTER JOIN, PARTITIONED]
|  |  |  hash-table-id=04
|  |  |  hash predicates: sr_item_sk = ss_item_sk, sr_ticket_number = ss_ticket_number
|  |  |  fk/pk conjuncts: sr_item_sk = ss_item_sk, sr_ticket_number = ss_ticket_number
|  |  |  mem-estimate=0B mem-reservation=0B spill-buffer=2.00MB thread-reservation=0
|  |  |  tuple-ids=23N,20,21,22 row-size=90B cardinality=176.18M cost=1727977216
|  |  |  in pipelines: 35(GETNEXT), 32(OPEN)
|  |  |
|  |  |--F42:PLAN FRAGMENT [RANDOM] hosts=10 instances=20 (adjusted from 120)
|  |  |  |  Per-Instance Resources: mem-estimate=760.46MB mem-reservation=34.00MB thread-reservation=1
|  |  |  |  max-parallelism=20 segment-costs=[366446909] cpu-comparison-result=140 [max(140 (self) vs 25 (sum children))]
|  |  |  JOIN BUILD
|  |  |  |  join-table-id=04 plan-id=05 cohort-id=02
|  |  |  |  build expressions: ss_item_sk, ss_ticket_number
|  |  |  |  runtime filters: RF042[min_max] <- ss_item_sk, RF043[min_max] <- ss_ticket_number
|  |  |  |  mem-estimate=740.86MB mem-reservation=34.00MB spill-buffer=2.00MB thread-reservation=0 cost=352355264
|  |  |  |
|  |  |  73:EXCHANGE [HASH(ss_item_sk,ss_ticket_number)]
|  |  |  |  mem-estimate=19.60MB mem-reservation=0B thread-reservation=0
|  |  |  |  tuple-ids=20,21,22 row-size=70B cardinality=176.18M cost=14091645
|  |  |  |  in pipelines: 32(GETNEXT)
|  |  |  |
|  |  |  F24:PLAN FRAGMENT [RANDOM] hosts=10 instances=120
|  |  |  Per-Host Shared Resources: mem-estimate=1.00MB mem-reservation=1.00MB thread-reservation=0 runtime-filters-memory=1.00MB
|  |  |  Per-Instance Resources: mem-estimate=22.40MB mem-reservation=8.00MB thread-reservation=1
|  |  |  max-parallelism=210 segment-costs=[2030835613]
|  |  |  37:HASH JOIN [INNER JOIN, BROADCAST]
|  |  |  |  hash-table-id=05
|  |  |  |  hash predicates: ss_sold_date_sk = d_date_sk
|  |  |  |  fk/pk conjuncts: ss_sold_date_sk = d_date_sk
|  |  |  |  mem-estimate=0B mem-reservation=0B spill-buffer=64.00KB thread-reservation=0
|  |  |  |  tuple-ids=20,21,22 row-size=70B cardinality=176.18M cost=861522752
|  |  |  |  in pipelines: 32(GETNEXT), 34(OPEN)
|  |  |  |
|  |  |  |--F43:PLAN FRAGMENT [RANDOM] hosts=10 instances=10
|  |  |  |  |  Per-Instance Resources: mem-estimate=23.27MB mem-reservation=23.25MB thread-reservation=1
|  |  |  |  |  max-parallelism=10 segment-costs=[423]
|  |  |  |  JOIN BUILD
|  |  |  |  |  join-table-id=05 plan-id=06 cohort-id=04
|  |  |  |  |  build expressions: d_date_sk
|  |  |  |  |  mem-estimate=23.25MB mem-reservation=23.25MB spill-buffer=64.00KB thread-reservation=0 cost=373
|  |  |  |  |
|  |  |  |  71:EXCHANGE [BROADCAST]
|  |  |  |  |  mem-estimate=16.00KB mem-reservation=0B thread-reservation=0
|  |  |  |  |  tuple-ids=22 row-size=8B cardinality=373 cost=50
|  |  |  |  |  in pipelines: 34(GETNEXT)
|  |  |  |  |
|  |  |  |  F26:PLAN FRAGMENT [RANDOM] hosts=1 instances=1
|  |  |  |  Per-Instance Resources: mem-estimate=16.05MB mem-reservation=512.00KB thread-reservation=1
|  |  |  |  max-parallelism=1 segment-costs=[123625]
|  |  |  |  34:SCAN HDFS [tpcds_partitioned_parquet_snap.date_dim, RANDOM]
|  |  |  |     HDFS partitions=1/1 files=1 size=2.17MB
|  |  |  |     predicates: tpcds_partitioned_parquet_snap.date_dim.d_year = CAST(2000 AS INT)
|  |  |  |     stored statistics:
|  |  |  |       table: rows=73.05K size=2.17MB
|  |  |  |       columns: all
|  |  |  |     extrapolated-rows=disabled max-scan-range-rows=73.05K
|  |  |  |     parquet statistics predicates: tpcds_partitioned_parquet_snap.date_dim.d_year = CAST(2000 AS INT)
|  |  |  |     parquet dictionary predicates: tpcds_partitioned_parquet_snap.date_dim.d_year = CAST(2000 AS INT)
|  |  |  |     mem-estimate=16.00MB mem-reservation=512.00KB thread-reservation=0
|  |  |  |     tuple-ids=22 row-size=8B cardinality=373 cost=123620
|  |  |  |     in pipelines: 34(GETNEXT)
|  |  |  |
|  |  |  36:HASH JOIN [INNER JOIN, BROADCAST]
|  |  |  |  hash-table-id=06
|  |  |  |  hash predicates: ss_item_sk = i_item_sk
|  |  |  |  fk/pk conjuncts: ss_item_sk = i_item_sk
|  |  |  |  mem-estimate=0B mem-reservation=0B spill-buffer=256.00KB thread-reservation=0
|  |  |  |  tuple-ids=20,21 row-size=62B cardinality=861.52M(filtered from 861.52M) cost=861522752
|  |  |  |  in pipelines: 32(GETNEXT), 33(OPEN)
|  |  |  |
|  |  |  |--F44:PLAN FRAGMENT [RANDOM] hosts=10 instances=10
|  |  |  |  |  Per-Instance Resources: mem-estimate=59.46MB mem-reservation=58.00MB thread-reservation=1 runtime-filters-memory=1.00MB
|  |  |  |  |  max-parallelism=10 segment-costs=[50615]
|  |  |  |  JOIN BUILD
|  |  |  |  |  join-table-id=06 plan-id=07 cohort-id=04
|  |  |  |  |  build expressions: i_item_sk
|  |  |  |  |  runtime filters: RF046[bloom] <- i_item_sk, RF047[min_max] <- i_item_sk
|  |  |  |  |  mem-estimate=57.00MB mem-reservation=57.00MB spill-buffer=256.00KB thread-reservation=0 cost=35915
|  |  |  |  |
|  |  |  |  70:EXCHANGE [BROADCAST]
|  |  |  |  |  mem-estimate=1.46MB mem-reservation=0B thread-reservation=0
|  |  |  |  |  tuple-ids=21 row-size=38B cardinality=35.91K cost=14700
|  |  |  |  |  in pipelines: 33(GETNEXT)
|  |  |  |  |
|  |  |  |  F25:PLAN FRAGMENT [RANDOM] hosts=4 instances=4
|  |  |  |  Per-Instance Resources: mem-estimate=16.16MB mem-reservation=512.00KB thread-reservation=1
|  |  |  |  max-parallelism=4 segment-costs=[574796]
|  |  |  |  33:SCAN HDFS [tpcds_partitioned_parquet_snap.item, RANDOM]
|  |  |  |     HDFS partitions=1/1 files=1 size=1.73MB
|  |  |  |     predicates: i_category = 'Sports'
|  |  |  |     stored statistics:
|  |  |  |       table: rows=360.00K size=33.54MB
|  |  |  |       columns: all
|  |  |  |     extrapolated-rows=disabled max-scan-range-rows=101.54K
|  |  |  |     parquet statistics predicates: i_category = 'Sports'
|  |  |  |     parquet dictionary predicates: i_category = 'Sports'
|  |  |  |     mem-estimate=16.00MB mem-reservation=512.00KB thread-reservation=0
|  |  |  |     tuple-ids=21 row-size=38B cardinality=35.91K cost=573326
|  |  |  |     in pipelines: 33(GETNEXT)
|  |  |  |
|  |  |  32:SCAN HDFS [tpcds_partitioned_parquet_snap.store_sales, RANDOM]
|  |  |     HDFS partitions=1824/1824 files=1824 size=199.33MB
|  |  |     runtime filters: RF047[min_max] -> ss_item_sk, RF046[bloom] -> ss_item_sk
|  |  |     stored statistics:
|  |  |       table: rows=8.64G size=389.90GB
|  |  |       partitions: 1824/1824 rows=8.64G
|  |  |       columns: all
|  |  |     extrapolated-rows=disabled max-scan-range-rows=390.22M
|  |  |     mem-estimate=16.00MB mem-reservation=8.00MB thread-reservation=0
|  |  |     tuple-ids=20 row-size=24B cardinality=861.52M(filtered from 8.64G) cost=293698464
|  |  |     in pipelines: 32(GETNEXT)
|  |  |
|  |  72:EXCHANGE [HASH(sr_item_sk,sr_ticket_number)]
|  |  |  mem-estimate=10.47MB mem-reservation=0B thread-reservation=0
|  |  |  tuple-ids=23 row-size=20B cardinality=863.99M cost=20249732
|  |  |  in pipelines: 35(GETNEXT)
|  |  |
|  |  F23:PLAN FRAGMENT [RANDOM] hosts=10 instances=20 (adjusted from 120)
|  |  Per-Instance Resources: mem-estimate=17.88MB mem-reservation=512.00KB thread-reservation=1
|  |  max-parallelism=20 segment-costs=[137324500]
|  |  35:SCAN HDFS [tpcds_partitioned_parquet_snap.store_returns, RANDOM]
|  |     HDFS partitions=2004/2004 files=2004 size=33.63MB
|  |     runtime filters: RF042[min_max] -> sr_item_sk, RF043[min_max] -> sr_ticket_number
|  |     stored statistics:
|  |       table: rows=863.99M size=48.14GB
|  |       partitions: 2004/2004 rows=863.99M
|  |       columns: all
|  |     extrapolated-rows=disabled max-scan-range-rows=30.09M
|  |     mem-estimate=16.00MB mem-reservation=512.00KB thread-reservation=0
|  |     tuple-ids=23 row-size=20B cardinality=863.99M cost=117074768
|  |     in pipelines: 35(GETNEXT)
|  |
|  31:HASH JOIN [RIGHT OUTER JOIN, PARTITIONED]
|  |  hash-table-id=01
|  |  hash predicates: cr_item_sk = cs_item_sk, cr_order_number = cs_order_number
|  |  fk/pk conjuncts: cr_item_sk = cs_item_sk, cr_order_number = cs_order_number
|  |  mem-estimate=0B mem-reservation=0B spill-buffer=2.00MB thread-reservation=0
|  |  tuple-ids=19N,16,17,18 row-size=90B cardinality=87.75M cost=864033984
|  |  in pipelines: 28(GETNEXT), 25(OPEN)
|  |
|  |--F39:PLAN FRAGMENT [RANDOM] hosts=10 instances=20 (adjusted from 120)
|  |  |  Per-Instance Resources: mem-estimate=405.11MB mem-reservation=51.00MB thread-reservation=1 runtime-filters-memory=17.00MB
|  |  |  max-parallelism=20 segment-costs=[182527642] cpu-comparison-result=130 [max(130 (self) vs 25 (sum children))]
|  |  JOIN BUILD
|  |  |  join-table-id=01 plan-id=02 cohort-id=02
|  |  |  build expressions: cs_item_sk, cs_order_number
|  |  |  runtime filters: RF032[bloom] <- cs_item_sk, RF033[bloom] <- cs_order_number, RF034[min_max] <- cs_item_sk, RF035[min_max] <- cs_order_number
|  |  |  mem-estimate=369.31MB mem-reservation=34.00MB spill-buffer=2.00MB thread-reservation=0 cost=175508576
|  |  |
|  |  69:EXCHANGE [HASH(cs_item_sk,cs_order_number)]
|  |  |  mem-estimate=18.80MB mem-reservation=0B thread-reservation=0
|  |  |  tuple-ids=16,17,18 row-size=70B cardinality=87.75M cost=7019066
|  |  |  in pipelines: 25(GETNEXT)
|  |  |
|  |  F19:PLAN FRAGMENT [RANDOM] hosts=10 instances=110 (adjusted from 120)
|  |  Per-Host Shared Resources: mem-estimate=1.00MB mem-reservation=1.00MB thread-reservation=0 runtime-filters-memory=1.00MB
|  |  Per-Instance Resources: mem-estimate=22.40MB mem-reservation=1.00MB thread-reservation=1
|  |  max-parallelism=110 segment-costs=[1061365642]
|  |  30:HASH JOIN [INNER JOIN, BROADCAST]
|  |  |  hash-table-id=02
|  |  |  hash predicates: cs_sold_date_sk = d_date_sk
|  |  |  fk/pk conjuncts: cs_sold_date_sk = d_date_sk
|  |  |  mem-estimate=0B mem-reservation=0B spill-buffer=64.00KB thread-reservation=0
|  |  |  tuple-ids=16,17,18 row-size=70B cardinality=87.75M cost=430772384
|  |  |  in pipelines: 25(GETNEXT), 27(OPEN)
|  |  |
|  |  |--F40:PLAN FRAGMENT [RANDOM] hosts=10 instances=10
|  |  |  |  Per-Instance Resources: mem-estimate=21.33MB mem-reservation=21.31MB thread-reservation=1
|  |  |  |  max-parallelism=10 segment-costs=[423]
|  |  |  JOIN BUILD
|  |  |  |  join-table-id=02 plan-id=03 cohort-id=03
|  |  |  |  build expressions: d_date_sk
|  |  |  |  mem-estimate=21.31MB mem-reservation=21.31MB spill-buffer=64.00KB thread-reservation=0 cost=373
|  |  |  |
|  |  |  67:EXCHANGE [BROADCAST]
|  |  |  |  mem-estimate=16.00KB mem-reservation=0B thread-reservation=0
|  |  |  |  tuple-ids=18 row-size=8B cardinality=373 cost=50
|  |  |  |  in pipelines: 27(GETNEXT)
|  |  |  |
|  |  |  F21:PLAN FRAGMENT [RANDOM] hosts=1 instances=1
|  |  |  Per-Instance Resources: mem-estimate=16.05MB mem-reservation=512.00KB thread-reservation=1
|  |  |  max-parallelism=1 segment-costs=[123625]
|  |  |  27:SCAN HDFS [tpcds_partitioned_parquet_snap.date_dim, RANDOM]
|  |  |     HDFS partitions=1/1 files=1 size=2.17MB
|  |  |     predicates: tpcds_partitioned_parquet_snap.date_dim.d_year = CAST(2000 AS INT)
|  |  |     stored statistics:
|  |  |       table: rows=73.05K size=2.17MB
|  |  |       columns: all
|  |  |     extrapolated-rows=disabled max-scan-range-rows=73.05K
|  |  |     parquet statistics predicates: tpcds_partitioned_parquet_snap.date_dim.d_year = CAST(2000 AS INT)
|  |  |     parquet dictionary predicates: tpcds_partitioned_parquet_snap.date_dim.d_year = CAST(2000 AS INT)
|  |  |     mem-estimate=16.00MB mem-reservation=512.00KB thread-reservation=0
|  |  |     tuple-ids=18 row-size=8B cardinality=373 cost=123620
|  |  |     in pipelines: 27(GETNEXT)
|  |  |
|  |  29:HASH JOIN [INNER JOIN, BROADCAST]
|  |  |  hash-table-id=03
|  |  |  hash predicates: cs_item_sk = i_item_sk
|  |  |  fk/pk conjuncts: cs_item_sk = i_item_sk
|  |  |  mem-estimate=0B mem-reservation=0B spill-buffer=256.00KB thread-reservation=0
|  |  |  tuple-ids=16,17 row-size=62B cardinality=430.77M(filtered from 430.77M) cost=430772384
|  |  |  in pipelines: 25(GETNEXT), 26(OPEN)
|  |  |
|  |  |--F41:PLAN FRAGMENT [RANDOM] hosts=10 instances=10
|  |  |  |  Per-Instance Resources: mem-estimate=54.71MB mem-reservation=53.25MB thread-reservation=1 runtime-filters-memory=1.00MB
|  |  |  |  max-parallelism=10 segment-costs=[50615]
|  |  |  JOIN BUILD
|  |  |  |  join-table-id=03 plan-id=04 cohort-id=03
|  |  |  |  build expressions: i_item_sk
|  |  |  |  runtime filters: RF038[bloom] <- i_item_sk, RF039[min_max] <- i_item_sk
|  |  |  |  mem-estimate=52.25MB mem-reservation=52.25MB spill-buffer=256.00KB thread-reservation=0 cost=35915
|  |  |  |
|  |  |  66:EXCHANGE [BROADCAST]
|  |  |  |  mem-estimate=1.46MB mem-reservation=0B thread-reservation=0
|  |  |  |  tuple-ids=17 row-size=38B cardinality=35.91K cost=14700
|  |  |  |  in pipelines: 26(GETNEXT)
|  |  |  |
|  |  |  F20:PLAN FRAGMENT [RANDOM] hosts=4 instances=4
|  |  |  Per-Instance Resources: mem-estimate=16.16MB mem-reservation=512.00KB thread-reservation=1
|  |  |  max-parallelism=4 segment-costs=[574796]
|  |  |  26:SCAN HDFS [tpcds_partitioned_parquet_snap.item, RANDOM]
|  |  |     HDFS partitions=1/1 files=1 size=1.73MB
|  |  |     predicates: i_category = 'Sports'
|  |  |     stored statistics:
|  |  |       table: rows=360.00K size=33.54MB
|  |  |       columns: all
|  |  |     extrapolated-rows=disabled max-scan-range-rows=101.54K
|  |  |     parquet statistics predicates: i_category = 'Sports'
|  |  |     parquet dictionary predicates: i_category = 'Sports'
|  |  |     mem-estimate=16.00MB mem-reservation=512.00KB thread-reservation=0
|  |  |     tuple-ids=17 row-size=38B cardinality=35.91K cost=573326
|  |  |     in pipelines: 26(GETNEXT)
|  |  |
|  |  25:SCAN HDFS [tpcds_partitioned_parquet_snap.catalog_sales, RANDOM]
|  |     HDFS partitions=1831/1831 files=1831 size=150.82MB
|  |     runtime filters: RF039[min_max] -> cs_item_sk, RF038[bloom] -> cs_item_sk
|  |     stored statistics:
|  |       table: rows=4.32G size=280.96GB
|  |       partitions: 1831/1831 rows=4.32G
|  |       columns: all
|  |     extrapolated-rows=disabled max-scan-range-rows=21.52M
|  |     mem-estimate=16.00MB mem-reservation=1.00MB thread-reservation=0
|  |     tuple-ids=16 row-size=24B cardinality=430.77M(filtered from 4.32G) cost=192801808
|  |     in pipelines: 25(GETNEXT)
|  |
|  68:EXCHANGE [HASH(cr_item_sk,cr_order_number)]
|  |  mem-estimate=10.47MB mem-reservation=0B thread-reservation=0
|  |  tuple-ids=19 row-size=20B cardinality=432.02M cost=10125398
|  |  in pipelines: 28(GETNEXT)
|  |
|  F18:PLAN FRAGMENT [RANDOM] hosts=10 instances=20 (adjusted from 120)
|  Per-Host Shared Resources: mem-estimate=17.00MB mem-reservation=17.00MB thread-reservation=0 runtime-filters-memory=17.00MB
|  Per-Instance Resources: mem-estimate=17.88MB mem-reservation=32.00KB thread-reservation=1
|  max-parallelism=20 segment-costs=[121563230]
|  28:SCAN HDFS [tpcds_partitioned_parquet_snap.catalog_returns, RANDOM]
|     HDFS partitions=2060/2060 files=2060 size=30.47MB
|     runtime filters: RF034[min_max] -> cr_item_sk, RF035[min_max] -> cr_order_number, RF032[bloom] -> cr_item_sk, RF033[bloom] -> cr_order_number
|     stored statistics:
|       table: rows=432.02M size=32.77GB
|       partitions: 2060/2060 rows=432.02M
|       columns: all
|     extrapolated-rows=disabled max-scan-range-rows=416.82K
|     mem-estimate=16.00MB mem-reservation=32.00KB thread-reservation=0
|     tuple-ids=19 row-size=20B cardinality=432.02M cost=111437832
|     in pipelines: 28(GETNEXT)
|
82:EXCHANGE [HASH(i_brand_id,i_category_id,i_class_id,i_manufact_id)]
|  mem-estimate=12.22MB mem-reservation=0B thread-reservation=0
|  tuple-ids=14 row-size=44B cardinality=1.57M cost=73655
|  in pipelines: 65(GETNEXT)
|
F17:PLAN FRAGMENT [HASH(d_year,i_brand_id,i_class_id,i_category_id,i_manufact_id)] hosts=10 instances=120
Per-Instance Resources: mem-estimate=152.69MB mem-reservation=34.00MB thread-reservation=1
max-parallelism=220 segment-costs=[2170268439, 73655] cpu-comparison-result=350 [max(120 (self) vs 350 (sum children))]
65:AGGREGATE [FINALIZE]
|  output: sum:merge(sales_cnt), sum:merge(sales_amt)
|  group by: d_year, i_brand_id, i_class_id, i_category_id, i_manufact_id
|  having: d_year = CAST(2001 AS INT)
|  mem-estimate=137.06MB mem-reservation=34.00MB spill-buffer=2.00MB thread-reservation=0
|  tuple-ids=14 row-size=44B cardinality=1.57M cost=2155832064
|  in pipelines: 65(GETNEXT), 63(OPEN)
|
64:EXCHANGE [HASH(d_year,i_brand_id,i_class_id,i_category_id,i_manufact_id)]
|  mem-estimate=15.62MB mem-reservation=0B thread-reservation=0
|  tuple-ids=14 row-size=44B cardinality=307.98M cost=14436375
|  in pipelines: 63(GETNEXT)
|
F16:PLAN FRAGMENT [HASH(d_year,i_brand_id,i_class_id,i_category_id,i_manufact_id,sales_cnt,sales_amt)] hosts=10 instances=120
Per-Instance Resources: mem-estimate=232.99MB mem-reservation=68.00MB thread-reservation=1
max-parallelism=220 segment-costs=[2166659345, 2155832064, 14436375] cpu-comparison-result=350 [max(120 (self) vs 350 (sum children))]
23:AGGREGATE [STREAMING]
|  output: sum(sales_cnt), sum(sales_amt)
|  group by: d_year, i_brand_id, i_class_id, i_category_id, i_manufact_id
|  mem-estimate=102.80MB mem-reservation=34.00MB spill-buffer=2.00MB thread-reservation=0
|  tuple-ids=14 row-size=44B cardinality=307.98M cost=2155832064
|  in pipelines: 63(GETNEXT)
|
63:AGGREGATE [FINALIZE]
|  group by: d_year, i_brand_id, i_class_id, i_category_id, i_manufact_id, sales_cnt, sales_amt
|  mem-estimate=107.69MB mem-reservation=34.00MB spill-buffer=2.00MB thread-reservation=0
|  tuple-ids=12 row-size=32B cardinality=307.98M cost=2155832064
|  in pipelines: 63(GETNEXT), 04(OPEN), 11(OPEN), 18(OPEN)
|
62:EXCHANGE [HASH(d_year,i_brand_id,i_class_id,i_category_id,i_manufact_id,sales_cnt,sales_amt)]
|  mem-estimate=10.70MB mem-reservation=0B thread-reservation=0
|  tuple-ids=12 row-size=32B cardinality=307.98M cost=10827281
|  in pipelines: 04(GETNEXT), 11(GETNEXT), 18(GETNEXT)
|
F15:PLAN FRAGMENT [RANDOM] hosts=10 instances=20 (adjusted from 120)
Per-Instance Resources: mem-estimate=511.96MB mem-reservation=34.00MB thread-reservation=1
max-parallelism=20 segment-costs=[11682782269, 10827281] cpu-comparison-result=350 [max(80 (self) vs 350 (sum children))]
22:AGGREGATE [STREAMING]
|  group by: d_year, i_brand_id, i_class_id, i_category_id, i_manufact_id, sales_cnt, sales_amt
|  mem-estimate=484.62MB mem-reservation=34.00MB spill-buffer=2.00MB thread-reservation=0
|  tuple-ids=12 row-size=32B cardinality=307.98M cost=2155832064
|  in pipelines: 04(GETNEXT), 11(GETNEXT), 18(GETNEXT)
|
00:UNION
|  mem-estimate=0B mem-reservation=0B thread-reservation=0
|  tuple-ids=12 row-size=32B cardinality=307.98M cost=6467495936
|  in pipelines: 04(GETNEXT), 11(GETNEXT), 18(GETNEXT)
|
|--21:HASH JOIN [RIGHT OUTER JOIN, PARTITIONED]
|  |  hash-table-id=16
|  |  hash predicates: wr_item_sk = ws_item_sk, wr_order_number = ws_order_number
|  |  fk/pk conjuncts: wr_item_sk = ws_item_sk, wr_order_number = ws_order_number
|  |  mem-estimate=0B mem-reservation=0B spill-buffer=2.00MB thread-reservation=0
|  |  tuple-ids=11N,8,9,10 row-size=90B cardinality=44.04M cost=432005376
|  |  in pipelines: 18(GETNEXT), 15(OPEN)
|  |
|  |--F54:PLAN FRAGMENT [RANDOM] hosts=10 instances=20 (adjusted from 120)
|  |  |  Per-Instance Resources: mem-estimate=200.01MB mem-reservation=34.00MB thread-reservation=1
|  |  |  max-parallelism=20 segment-costs=[91611054] cpu-comparison-result=80 [max(80 (self) vs 25 (sum children))]
|  |  JOIN BUILD
|  |  |  join-table-id=16 plan-id=17 cohort-id=01
|  |  |  build expressions: ws_item_sk, ws_order_number
|  |  |  runtime filters: RF026[min_max] <- ws_item_sk, RF027[min_max] <- ws_order_number
|  |  |  mem-estimate=185.21MB mem-reservation=34.00MB spill-buffer=2.00MB thread-reservation=0 cost=88088168
|  |  |
|  |  61:EXCHANGE [HASH(ws_item_sk,ws_order_number)]
|  |  |  mem-estimate=14.80MB mem-reservation=0B thread-reservation=0
|  |  |  tuple-ids=8,9,10 row-size=70B cardinality=44.04M cost=3522886
|  |  |  in pipelines: 15(GETNEXT)
|  |  |
|  |  F11:PLAN FRAGMENT [RANDOM] hosts=10 instances=60 (adjusted from 120)
|  |  Per-Host Shared Resources: mem-estimate=1.00MB mem-reservation=1.00MB thread-reservation=0 runtime-filters-memory=1.00MB
|  |  Per-Instance Resources: mem-estimate=22.40MB mem-reservation=128.00KB thread-reservation=1
|  |  max-parallelism=60 segment-costs=[576105382]
|  |  20:HASH JOIN [INNER JOIN, BROADCAST]
|  |  |  hash-table-id=17
|  |  |  hash predicates: ws_sold_date_sk = d_date_sk
|  |  |  fk/pk conjuncts: ws_sold_date_sk = d_date_sk
|  |  |  mem-estimate=0B mem-reservation=0B spill-buffer=64.00KB thread-reservation=0
|  |  |  tuple-ids=8,9,10 row-size=70B cardinality=44.04M cost=215379120
|  |  |  in pipelines: 15(GETNEXT), 17(OPEN)
|  |  |
|  |  |--F55:PLAN FRAGMENT [RANDOM] hosts=10 instances=10
|  |  |  |  Per-Instance Resources: mem-estimate=11.64MB mem-reservation=11.62MB thread-reservation=1
|  |  |  |  max-parallelism=10 segment-costs=[423]
|  |  |  JOIN BUILD
|  |  |  |  join-table-id=17 plan-id=18 cohort-id=08
|  |  |  |  build expressions: d_date_sk
|  |  |  |  mem-estimate=11.62MB mem-reservation=11.62MB spill-buffer=64.00KB thread-reservation=0 cost=373
|  |  |  |
|  |  |  59:EXCHANGE [BROADCAST]
|  |  |  |  mem-estimate=16.00KB mem-reservation=0B thread-reservation=0
|  |  |  |  tuple-ids=10 row-size=8B cardinality=373 cost=50
|  |  |  |  in pipelines: 17(GETNEXT)
|  |  |  |
|  |  |  F13:PLAN FRAGMENT [RANDOM] hosts=1 instances=1
|  |  |  Per-Instance Resources: mem-estimate=16.05MB mem-reservation=512.00KB thread-reservation=1
|  |  |  max-parallelism=1 segment-costs=[123625]
|  |  |  17:SCAN HDFS [tpcds_partitioned_parquet_snap.date_dim, RANDOM]
|  |  |     HDFS partitions=1/1 files=1 size=2.17MB
|  |  |     predicates: tpcds_partitioned_parquet_snap.date_dim.d_year = CAST(2001 AS INT)
|  |  |     stored statistics:
|  |  |       table: rows=73.05K size=2.17MB
|  |  |       columns: all
|  |  |     extrapolated-rows=disabled max-scan-range-rows=73.05K
|  |  |     parquet statistics predicates: tpcds_partitioned_parquet_snap.date_dim.d_year = CAST(2001 AS INT)
|  |  |     parquet dictionary predicates: tpcds_partitioned_parquet_snap.date_dim.d_year = CAST(2001 AS INT)
|  |  |     mem-estimate=16.00MB mem-reservation=512.00KB thread-reservation=0
|  |  |     tuple-ids=10 row-size=8B cardinality=373 cost=123620
|  |  |     in pipelines: 17(GETNEXT)
|  |  |
|  |  19:HASH JOIN [INNER JOIN, BROADCAST]
|  |  |  hash-table-id=18
|  |  |  hash predicates: ws_item_sk = i_item_sk
|  |  |  fk/pk conjuncts: ws_item_sk = i_item_sk
|  |  |  mem-estimate=0B mem-reservation=0B spill-buffer=256.00KB thread-reservation=0
|  |  |  tuple-ids=8,9 row-size=62B cardinality=215.38M cost=215379120
|  |  |  in pipelines: 15(GETNEXT), 16(OPEN)
|  |  |
|  |  |--F56:PLAN FRAGMENT [RANDOM] hosts=10 instances=10
|  |  |  |  Per-Instance Resources: mem-estimate=30.96MB mem-reservation=29.50MB thread-reservation=1 runtime-filters-memory=1.00MB
|  |  |  |  max-parallelism=10 segment-costs=[50615]
|  |  |  JOIN BUILD
|  |  |  |  join-table-id=18 plan-id=19 cohort-id=08
|  |  |  |  build expressions: i_item_sk
|  |  |  |  runtime filters: RF030[bloom] <- i_item_sk, RF031[min_max] <- i_item_sk
|  |  |  |  mem-estimate=28.50MB mem-reservation=28.50MB spill-buffer=256.00KB thread-reservation=0 cost=35915
|  |  |  |
|  |  |  58:EXCHANGE [BROADCAST]
|  |  |  |  mem-estimate=1.46MB mem-reservation=0B thread-reservation=0
|  |  |  |  tuple-ids=9 row-size=38B cardinality=35.91K cost=14700
|  |  |  |  in pipelines: 16(GETNEXT)
|  |  |  |
|  |  |  F12:PLAN FRAGMENT [RANDOM] hosts=4 instances=4
|  |  |  Per-Instance Resources: mem-estimate=16.16MB mem-reservation=512.00KB thread-reservation=1
|  |  |  max-parallelism=4 segment-costs=[574796]
|  |  |  16:SCAN HDFS [tpcds_partitioned_parquet_snap.item, RANDOM]
|  |  |     HDFS partitions=1/1 files=1 size=1.73MB
|  |  |     predicates: i_category = 'Sports'
|  |  |     runtime filters: RF004[min_max] -> tpcds_partitioned_parquet_snap.item.i_brand_id, RF005[min_max] -> tpcds_partitioned_parquet_snap.item.i_category_id, RF006[min_max] -> tpcds_partitioned_parquet_snap.item.i_class_id, RF007[min_max] -> tpcds_partitioned_parquet_snap.item.i_manufact_id
|  |  |     stored statistics:
|  |  |       table: rows=360.00K size=33.54MB
|  |  |       columns: all
|  |  |     extrapolated-rows=disabled max-scan-range-rows=101.54K
|  |  |     parquet statistics predicates: i_category = 'Sports'
|  |  |     parquet dictionary predicates: i_category = 'Sports'
|  |  |     mem-estimate=16.00MB mem-reservation=512.00KB thread-reservation=0
|  |  |     tuple-ids=9 row-size=38B cardinality=35.91K cost=573326
|  |  |     in pipelines: 16(GETNEXT)
|  |  |
|  |  15:SCAN HDFS [tpcds_partitioned_parquet_snap.web_sales, RANDOM]
|  |     HDFS partitions=1824/1824 files=1824 size=84.18MB
|  |     runtime filters: RF031[min_max] -> ws_item_sk, RF030[bloom] -> ws_item_sk
|  |     stored statistics:
|  |       table: rows=2.16G size=145.75GB
|  |       partitions: 1824/1824 rows=2.16G
|  |       columns: all
|  |     extrapolated-rows=disabled max-scan-range-rows=3.37M
|  |     mem-estimate=16.00MB mem-reservation=128.00KB thread-reservation=0
|  |     tuple-ids=8 row-size=24B cardinality=215.38M(filtered from 2.16G) cost=141824256
|  |     in pipelines: 15(GETNEXT)
|  |
|  60:EXCHANGE [HASH(wr_item_sk,wr_order_number)]
|  |  mem-estimate=10.47MB mem-reservation=0B thread-reservation=0
|  |  tuple-ids=11 row-size=20B cardinality=216.00M cost=5062563
|  |  in pipelines: 18(GETNEXT)
|  |
|  F10:PLAN FRAGMENT [RANDOM] hosts=10 instances=20 (adjusted from 120)
|  Per-Instance Resources: mem-estimate=17.88MB mem-reservation=256.00KB thread-reservation=1
|  max-parallelism=20 segment-costs=[114981371]
|  18:SCAN HDFS [tpcds_partitioned_parquet_snap.web_returns, RANDOM]
|     HDFS partitions=2114/2114 files=2114 size=20.70MB
|     runtime filters: RF026[min_max] -> wr_item_sk, RF027[min_max] -> wr_order_number
|     stored statistics:
|       table: rows=216.00M size=16.74GB
|       partitions: 2114/2114 rows=216.00M
|       columns: all
|     extrapolated-rows=disabled max-scan-range-rows=9.41M
|     mem-estimate=16.00MB mem-reservation=256.00KB thread-reservation=0
|     tuple-ids=11 row-size=20B cardinality=216.00M cost=109918808
|     in pipelines: 18(GETNEXT)
|
|--14:HASH JOIN [RIGHT OUTER JOIN, PARTITIONED]
|  |  hash-table-id=13
|  |  hash predicates: sr_item_sk = ss_item_sk, sr_ticket_number = ss_ticket_number
|  |  fk/pk conjuncts: sr_item_sk = ss_item_sk, sr_ticket_number = ss_ticket_number
|  |  mem-estimate=0B mem-reservation=0B spill-buffer=2.00MB thread-reservation=0
|  |  tuple-ids=7N,4,5,6 row-size=90B cardinality=176.18M cost=1727977216
|  |  in pipelines: 11(GETNEXT), 08(OPEN)
|  |
|  |--F51:PLAN FRAGMENT [RANDOM] hosts=10 instances=20 (adjusted from 120)
|  |  |  Per-Instance Resources: mem-estimate=760.46MB mem-reservation=34.00MB thread-reservation=1
|  |  |  max-parallelism=20 segment-costs=[366446909] cpu-comparison-result=140 [max(140 (self) vs 25 (sum children))]
|  |  JOIN BUILD
|  |  |  join-table-id=13 plan-id=14 cohort-id=01
|  |  |  build expressions: ss_item_sk, ss_ticket_number
|  |  |  runtime filters: RF018[min_max] <- ss_item_sk, RF019[min_max] <- ss_ticket_number
|  |  |  mem-estimate=740.86MB mem-reservation=34.00MB spill-buffer=2.00MB thread-reservation=0 cost=352355264
|  |  |
|  |  57:EXCHANGE [HASH(ss_item_sk,ss_ticket_number)]
|  |  |  mem-estimate=19.60MB mem-reservation=0B thread-reservation=0
|  |  |  tuple-ids=4,5,6 row-size=70B cardinality=176.18M cost=14091645
|  |  |  in pipelines: 08(GETNEXT)
|  |  |
|  |  F06:PLAN FRAGMENT [RANDOM] hosts=10 instances=120
|  |  Per-Host Shared Resources: mem-estimate=1.00MB mem-reservation=1.00MB thread-reservation=0 runtime-filters-memory=1.00MB
|  |  Per-Instance Resources: mem-estimate=22.40MB mem-reservation=8.00MB thread-reservation=1
|  |  max-parallelism=210 segment-costs=[2030835613]
|  |  13:HASH JOIN [INNER JOIN, BROADCAST]
|  |  |  hash-table-id=14
|  |  |  hash predicates: ss_sold_date_sk = d_date_sk
|  |  |  fk/pk conjuncts: ss_sold_date_sk = d_date_sk
|  |  |  mem-estimate=0B mem-reservation=0B spill-buffer=64.00KB thread-reservation=0
|  |  |  tuple-ids=4,5,6 row-size=70B cardinality=176.18M cost=861522752
|  |  |  in pipelines: 08(GETNEXT), 10(OPEN)
|  |  |
|  |  |--F52:PLAN FRAGMENT [RANDOM] hosts=10 instances=10
|  |  |  |  Per-Instance Resources: mem-estimate=23.27MB mem-reservation=23.25MB thread-reservation=1
|  |  |  |  max-parallelism=10 segment-costs=[423]
|  |  |  JOIN BUILD
|  |  |  |  join-table-id=14 plan-id=15 cohort-id=07
|  |  |  |  build expressions: d_date_sk
|  |  |  |  mem-estimate=23.25MB mem-reservation=23.25MB spill-buffer=64.00KB thread-reservation=0 cost=373
|  |  |  |
|  |  |  55:EXCHANGE [BROADCAST]
|  |  |  |  mem-estimate=16.00KB mem-reservation=0B thread-reservation=0
|  |  |  |  tuple-ids=6 row-size=8B cardinality=373 cost=50
|  |  |  |  in pipelines: 10(GETNEXT)
|  |  |  |
|  |  |  F08:PLAN FRAGMENT [RANDOM] hosts=1 instances=1
|  |  |  Per-Instance Resources: mem-estimate=16.05MB mem-reservation=512.00KB thread-reservation=1
|  |  |  max-parallelism=1 segment-costs=[123625]
|  |  |  10:SCAN HDFS [tpcds_partitioned_parquet_snap.date_dim, RANDOM]
|  |  |     HDFS partitions=1/1 files=1 size=2.17MB
|  |  |     predicates: tpcds_partitioned_parquet_snap.date_dim.d_year = CAST(2001 AS INT)
|  |  |     stored statistics:
|  |  |       table: rows=73.05K size=2.17MB
|  |  |       columns: all
|  |  |     extrapolated-rows=disabled max-scan-range-rows=73.05K
|  |  |     parquet statistics predicates: tpcds_partitioned_parquet_snap.date_dim.d_year = CAST(2001 AS INT)
|  |  |     parquet dictionary predicates: tpcds_partitioned_parquet_snap.date_dim.d_year = CAST(2001 AS INT)
|  |  |     mem-estimate=16.00MB mem-reservation=512.00KB thread-reservation=0
|  |  |     tuple-ids=6 row-size=8B cardinality=373 cost=123620
|  |  |     in pipelines: 10(GETNEXT)
|  |  |
|  |  12:HASH JOIN [INNER JOIN, BROADCAST]
|  |  |  hash-table-id=15
|  |  |  hash predicates: ss_item_sk = i_item_sk
|  |  |  fk/pk conjuncts: ss_item_sk = i_item_sk
|  |  |  mem-estimate=0B mem-reservation=0B spill-buffer=256.00KB thread-reservation=0
|  |  |  tuple-ids=4,5 row-size=62B cardinality=861.52M(filtered from 861.52M) cost=861522752
|  |  |  in pipelines: 08(GETNEXT), 09(OPEN)
|  |  |
|  |  |--F53:PLAN FRAGMENT [RANDOM] hosts=10 instances=10
|  |  |  |  Per-Instance Resources: mem-estimate=59.46MB mem-reservation=58.00MB thread-reservation=1 runtime-filters-memory=1.00MB
|  |  |  |  max-parallelism=10 segment-costs=[50615]
|  |  |  JOIN BUILD
|  |  |  |  join-table-id=15 plan-id=16 cohort-id=07
|  |  |  |  build expressions: i_item_sk
|  |  |  |  runtime filters: RF022[bloom] <- i_item_sk, RF023[min_max] <- i_item_sk
|  |  |  |  mem-estimate=57.00MB mem-reservation=57.00MB spill-buffer=256.00KB thread-reservation=0 cost=35915
|  |  |  |
|  |  |  54:EXCHANGE [BROADCAST]
|  |  |  |  mem-estimate=1.46MB mem-reservation=0B thread-reservation=0
|  |  |  |  tuple-ids=5 row-size=38B cardinality=35.91K cost=14700
|  |  |  |  in pipelines: 09(GETNEXT)
|  |  |  |
|  |  |  F07:PLAN FRAGMENT [RANDOM] hosts=4 instances=4
|  |  |  Per-Instance Resources: mem-estimate=16.16MB mem-reservation=512.00KB thread-reservation=1
|  |  |  max-parallelism=4 segment-costs=[574796]
|  |  |  09:SCAN HDFS [tpcds_partitioned_parquet_snap.item, RANDOM]
|  |  |     HDFS partitions=1/1 files=1 size=1.73MB
|  |  |     predicates: i_category = 'Sports'
|  |  |     runtime filters: RF004[min_max] -> tpcds_partitioned_parquet_snap.item.i_brand_id, RF005[min_max] -> tpcds_partitioned_parquet_snap.item.i_category_id, RF006[min_max] -> tpcds_partitioned_parquet_snap.item.i_class_id, RF007[min_max] -> tpcds_partitioned_parquet_snap.item.i_manufact_id
|  |  |     stored statistics:
|  |  |       table: rows=360.00K size=33.54MB
|  |  |       columns: all
|  |  |     extrapolated-rows=disabled max-scan-range-rows=101.54K
|  |  |     parquet statistics predicates: i_category = 'Sports'
|  |  |     parquet dictionary predicates: i_category = 'Sports'
|  |  |     mem-estimate=16.00MB mem-reservation=512.00KB thread-reservation=0
|  |  |     tuple-ids=5 row-size=38B cardinality=35.91K cost=573326
|  |  |     in pipelines: 09(GETNEXT)
|  |  |
|  |  08:SCAN HDFS [tpcds_partitioned_parquet_snap.store_sales, RANDOM]
|  |     HDFS partitions=1824/1824 files=1824 size=199.33MB
|  |     runtime filters: RF023[min_max] -> ss_item_sk, RF022[bloom] -> ss_item_sk
|  |     stored statistics:
|  |       table: rows=8.64G size=389.90GB
|  |       partitions: 1824/1824 rows=8.64G
|  |       columns: all
|  |     extrapolated-rows=disabled max-scan-range-rows=390.22M
|  |     mem-estimate=16.00MB mem-reservation=8.00MB thread-reservation=0
|  |     tuple-ids=4 row-size=24B cardinality=861.52M(filtered from 8.64G) cost=293698464
|  |     in pipelines: 08(GETNEXT)
|  |
|  56:EXCHANGE [HASH(sr_item_sk,sr_ticket_number)]
|  |  mem-estimate=10.47MB mem-reservation=0B thread-reservation=0
|  |  tuple-ids=7 row-size=20B cardinality=863.99M cost=20249732
|  |  in pipelines: 11(GETNEXT)
|  |
|  F05:PLAN FRAGMENT [RANDOM] hosts=10 instances=20 (adjusted from 120)
|  Per-Instance Resources: mem-estimate=17.88MB mem-reservation=512.00KB thread-reservation=1
|  max-parallelism=20 segment-costs=[137324500]
|  11:SCAN HDFS [tpcds_partitioned_parquet_snap.store_returns, RANDOM]
|     HDFS partitions=2004/2004 files=2004 size=33.63MB
|     runtime filters: RF018[min_max] -> sr_item_sk, RF019[min_max] -> sr_ticket_number
|     stored statistics:
|       table: rows=863.99M size=48.14GB
|       partitions: 2004/2004 rows=863.99M
|       columns: all
|     extrapolated-rows=disabled max-scan-range-rows=30.09M
|     mem-estimate=16.00MB mem-reservation=512.00KB thread-reservation=0
|     tuple-ids=7 row-size=20B cardinality=863.99M cost=117074768
|     in pipelines: 11(GETNEXT)
|
07:HASH JOIN [RIGHT OUTER JOIN, PARTITIONED]
|  hash-table-id=10
|  hash predicates: cr_item_sk = cs_item_sk, cr_order_number = cs_order_number
|  fk/pk conjuncts: cr_item_sk = cs_item_sk, cr_order_number = cs_order_number
|  mem-estimate=0B mem-reservation=0B spill-buffer=2.00MB thread-reservation=0
|  tuple-ids=3N,0,1,2 row-size=90B cardinality=87.75M cost=864033984
|  in pipelines: 04(GETNEXT), 01(OPEN)
|
|--F48:PLAN FRAGMENT [RANDOM] hosts=10 instances=20 (adjusted from 120)
|  |  Per-Instance Resources: mem-estimate=405.11MB mem-reservation=51.00MB thread-reservation=1 runtime-filters-memory=17.00MB
|  |  max-parallelism=20 segment-costs=[182527642] cpu-comparison-result=130 [max(130 (self) vs 25 (sum children))]
|  JOIN BUILD
|  |  join-table-id=10 plan-id=11 cohort-id=01
|  |  build expressions: cs_item_sk, cs_order_number
|  |  runtime filters: RF008[bloom] <- cs_item_sk, RF009[bloom] <- cs_order_number, RF010[min_max] <- cs_item_sk, RF011[min_max] <- cs_order_number
|  |  mem-estimate=369.31MB mem-reservation=34.00MB spill-buffer=2.00MB thread-reservation=0 cost=175508576
|  |
|  53:EXCHANGE [HASH(cs_item_sk,cs_order_number)]
|  |  mem-estimate=18.80MB mem-reservation=0B thread-reservation=0
|  |  tuple-ids=0,1,2 row-size=70B cardinality=87.75M cost=7019066
|  |  in pipelines: 01(GETNEXT)
|  |
|  F01:PLAN FRAGMENT [RANDOM] hosts=10 instances=110 (adjusted from 120)
|  Per-Host Shared Resources: mem-estimate=1.00MB mem-reservation=1.00MB thread-reservation=0 runtime-filters-memory=1.00MB
|  Per-Instance Resources: mem-estimate=22.40MB mem-reservation=1.00MB thread-reservation=1
|  max-parallelism=110 segment-costs=[1061365642]
|  06:HASH JOIN [INNER JOIN, BROADCAST]
|  |  hash-table-id=11
|  |  hash predicates: cs_sold_date_sk = d_date_sk
|  |  fk/pk conjuncts: cs_sold_date_sk = d_date_sk
|  |  mem-estimate=0B mem-reservation=0B spill-buffer=64.00KB thread-reservation=0
|  |  tuple-ids=0,1,2 row-size=70B cardinality=87.75M cost=430772384
|  |  in pipelines: 01(GETNEXT), 03(OPEN)
|  |
|  |--F49:PLAN FRAGMENT [RANDOM] hosts=10 instances=10
|  |  |  Per-Instance Resources: mem-estimate=21.33MB mem-reservation=21.31MB thread-reservation=1
|  |  |  max-parallelism=10 segment-costs=[423]
|  |  JOIN BUILD
|  |  |  join-table-id=11 plan-id=12 cohort-id=06
|  |  |  build expressions: d_date_sk
|  |  |  mem-estimate=21.31MB mem-reservation=21.31MB spill-buffer=64.00KB thread-reservation=0 cost=373
|  |  |
|  |  51:EXCHANGE [BROADCAST]
|  |  |  mem-estimate=16.00KB mem-reservation=0B thread-reservation=0
|  |  |  tuple-ids=2 row-size=8B cardinality=373 cost=50
|  |  |  in pipelines: 03(GETNEXT)
|  |  |
|  |  F03:PLAN FRAGMENT [RANDOM] hosts=1 instances=1
|  |  Per-Instance Resources: mem-estimate=16.05MB mem-reservation=512.00KB thread-reservation=1
|  |  max-parallelism=1 segment-costs=[123625]
|  |  03:SCAN HDFS [tpcds_partitioned_parquet_snap.date_dim, RANDOM]
|  |     HDFS partitions=1/1 files=1 size=2.17MB
|  |     predicates: tpcds_partitioned_parquet_snap.date_dim.d_year = CAST(2001 AS INT)
|  |     stored statistics:
|  |       table: rows=73.05K size=2.17MB
|  |       columns: all
|  |     extrapolated-rows=disabled max-scan-range-rows=73.05K
|  |     parquet statistics predicates: tpcds_partitioned_parquet_snap.date_dim.d_year = CAST(2001 AS INT)
|  |     parquet dictionary predicates: tpcds_partitioned_parquet_snap.date_dim.d_year = CAST(2001 AS INT)
|  |     mem-estimate=16.00MB mem-reservation=512.00KB thread-reservation=0
|  |     tuple-ids=2 row-size=8B cardinality=373 cost=123620
|  |     in pipelines: 03(GETNEXT)
|  |
|  05:HASH JOIN [INNER JOIN, BROADCAST]
|  |  hash-table-id=12
|  |  hash predicates: cs_item_sk = i_item_sk
|  |  fk/pk conjuncts: cs_item_sk = i_item_sk
|  |  mem-estimate=0B mem-reservation=0B spill-buffer=256.00KB thread-reservation=0
|  |  tuple-ids=0,1 row-size=62B cardinality=430.77M(filtered from 430.77M) cost=430772384
|  |  in pipelines: 01(GETNEXT), 02(OPEN)
|  |
|  |--F50:PLAN FRAGMENT [RANDOM] hosts=10 instances=10
|  |  |  Per-Instance Resources: mem-estimate=54.71MB mem-reservation=53.25MB thread-reservation=1 runtime-filters-memory=1.00MB
|  |  |  max-parallelism=10 segment-costs=[50615]
|  |  JOIN BUILD
|  |  |  join-table-id=12 plan-id=13 cohort-id=06
|  |  |  build expressions: i_item_sk
|  |  |  runtime filters: RF014[bloom] <- i_item_sk, RF015[min_max] <- i_item_sk
|  |  |  mem-estimate=52.25MB mem-reservation=52.25MB spill-buffer=256.00KB thread-reservation=0 cost=35915
|  |  |
|  |  50:EXCHANGE [BROADCAST]
|  |  |  mem-estimate=1.46MB mem-reservation=0B thread-reservation=0
|  |  |  tuple-ids=1 row-size=38B cardinality=35.91K cost=14700
|  |  |  in pipelines: 02(GETNEXT)
|  |  |
|  |  F02:PLAN FRAGMENT [RANDOM] hosts=4 instances=4
|  |  Per-Instance Resources: mem-estimate=16.16MB mem-reservation=512.00KB thread-reservation=1
|  |  max-parallelism=4 segment-costs=[574796]
|  |  02:SCAN HDFS [tpcds_partitioned_parquet_snap.item, RANDOM]
|  |     HDFS partitions=1/1 files=1 size=1.73MB
|  |     predicates: i_category = 'Sports'
|  |     runtime filters: RF004[min_max] -> tpcds_partitioned_parquet_snap.item.i_brand_id, RF005[min_max] -> tpcds_partitioned_parquet_snap.item.i_category_id, RF006[min_max] -> tpcds_partitioned_parquet_snap.item.i_class_id, RF007[min_max] -> tpcds_partitioned_parquet_snap.item.i_manufact_id
|  |     stored statistics:
|  |       table: rows=360.00K size=33.54MB
|  |       columns: all
|  |     extrapolated-rows=disabled max-scan-range-rows=101.54K
|  |     parquet statistics predicates: i_category = 'Sports'
|  |     parquet dictionary predicates: i_category = 'Sports'
|  |     mem-estimate=16.00MB mem-reservation=512.00KB thread-reservation=0
|  |     tuple-ids=1 row-size=38B cardinality=35.91K cost=573326
|  |     in pipelines: 02(GETNEXT)
|  |
|  01:SCAN HDFS [tpcds_partitioned_parquet_snap.catalog_sales, RANDOM]
|     HDFS partitions=1831/1831 files=1831 size=150.82MB
|     runtime filters: RF015[min_max] -> cs_item_sk, RF014[bloom] -> cs_item_sk
|     stored statistics:
|       table: rows=4.32G size=280.96GB
|       partitions: 1831/1831 rows=4.32G
|       columns: all
|     extrapolated-rows=disabled max-scan-range-rows=21.52M
|     mem-estimate=16.00MB mem-reservation=1.00MB thread-reservation=0
|     tuple-ids=0 row-size=24B cardinality=430.77M(filtered from 4.32G) cost=192801808
|     in pipelines: 01(GETNEXT)
|
52:EXCHANGE [HASH(cr_item_sk,cr_order_number)]
|  mem-estimate=10.47MB mem-reservation=0B thread-reservation=0
|  tuple-ids=3 row-size=20B cardinality=432.02M cost=10125398
|  in pipelines: 04(GETNEXT)
|
F00:PLAN FRAGMENT [RANDOM] hosts=10 instances=20 (adjusted from 120)
Per-Host Shared Resources: mem-estimate=17.00MB mem-reservation=17.00MB thread-reservation=0 runtime-filters-memory=17.00MB
Per-Instance Resources: mem-estimate=17.88MB mem-reservation=32.00KB thread-reservation=1
max-parallelism=20 segment-costs=[121563230]
04:SCAN HDFS [tpcds_partitioned_parquet_snap.catalog_returns, RANDOM]
   HDFS partitions=2060/2060 files=2060 size=30.47MB
   runtime filters: RF010[min_max] -> cr_item_sk, RF011[min_max] -> cr_order_number, RF008[bloom] -> cr_item_sk, RF009[bloom] -> cr_order_number
   stored statistics:
     table: rows=432.02M size=32.77GB
     partitions: 2060/2060 rows=432.02M
     columns: all
   extrapolated-rows=disabled max-scan-range-rows=416.82K
   mem-estimate=16.00MB mem-reservation=32.00KB thread-reservation=0
   tuple-ids=3 row-size=20B cardinality=432.02M cost=111437832
   in pipelines: 04(GETNEXT)
====
