# TPCDS-Q76
# start query 76 in stream 0 using template query76.tpl using seed 569188543
select  channel, col_name, d_year, d_qoy, i_category, COUNT(*) sales_cnt, SUM(ext_sales_price) sales_amt FROM (
        SELECT 'store' as channel, 'ss_cdemo_sk' col_name, d_year, d_qoy, i_category, ss_ext_sales_price ext_sales_price
         FROM store_sales, item, date_dim
         WHERE ss_cdemo_sk IS NULL
           AND ss_sold_date_sk=d_date_sk
           AND ss_item_sk=i_item_sk
        UNION ALL
        SELECT 'web' as channel, 'ws_ship_hdemo_sk' col_name, d_year, d_qoy, i_category, ws_ext_sales_price ext_sales_price
         FROM web_sales, item, date_dim
         WHERE ws_ship_hdemo_sk IS NULL
           AND ws_sold_date_sk=d_date_sk
           AND ws_item_sk=i_item_sk
        UNION ALL
        SELECT 'catalog' as channel, 'cs_ship_customer_sk' col_name, d_year, d_qoy, i_category, cs_ext_sales_price ext_sales_price
         FROM catalog_sales, item, date_dim
         WHERE cs_ship_customer_sk IS NULL
           AND cs_sold_date_sk=d_date_sk
           AND cs_item_sk=i_item_sk) foo
GROUP BY channel, col_name, d_year, d_qoy, i_category
ORDER BY channel, col_name, d_year, d_qoy, i_category
limit 100;

# end query 76 in stream 0 using template query76.tpl
---- PLAN
Max Per-Host Resource Reservation: Memory=62.25MB Threads=1
Per-Host Resource Estimates: Memory=103MB
F00:PLAN FRAGMENT [UNPARTITIONED] hosts=1 instances=1
|  Per-Instance Resources: mem-estimate=102.75MB mem-reservation=62.25MB thread-reservation=1 runtime-filters-memory=6.00MB
|  max-parallelism=1 segment-costs=[26722645619, 500, 700]
PLAN-ROOT SINK
|  output exprs: channel, col_name, d_year, d_qoy, i_category, count(*), sum(ext_sales_price)
|  mem-estimate=4.00MB mem-reservation=4.00MB spill-buffer=2.00MB thread-reservation=0 cost=700
|
17:TOP-N [LIMIT=100]
|  order by: channel ASC, col_name ASC, d_year ASC, d_qoy ASC, i_category ASC
|  mem-estimate=7.22KB mem-reservation=0B thread-reservation=0
|  tuple-ids=12 row-size=74B cardinality=100 cost=500
|  in pipelines: 17(GETNEXT), 16(OPEN)
|
16:AGGREGATE [FINALIZE]
|  output: count(*), sum(ext_sales_price)
|  group by: channel, col_name, d_year, d_qoy, i_category
|  mem-estimate=10.00MB mem-reservation=8.50MB spill-buffer=512.00KB thread-reservation=0
|  tuple-ids=11 row-size=74B cardinality=70.56K cost=2875233024
|  in pipelines: 16(GETNEXT), 01(OPEN), 06(OPEN), 11(OPEN)
|
00:UNION
|  mem-estimate=0B mem-reservation=0B thread-reservation=0
|  tuple-ids=9 row-size=54B cardinality=410.75M cost=7393456640
|  in pipelines: 01(GETNEXT), 06(GETNEXT), 11(GETNEXT)
|
|--15:HASH JOIN [INNER JOIN]
|  |  hash predicates: cs_sold_date_sk = d_date_sk
|  |  fk/pk conjuncts: cs_sold_date_sk = d_date_sk
|  |  runtime filters: RF008[bloom] <- d_date_sk
|  |  mem-estimate=4.75MB mem-reservation=4.75MB spill-buffer=256.00KB thread-reservation=0
|  |  tuple-ids=6,7,8 row-size=50B cardinality=21.59M cost=21659815
|  |  in pipelines: 11(GETNEXT), 13(OPEN)
|  |
|  |--13:SCAN HDFS [tpcds_partitioned_parquet_snap.date_dim]
|  |     HDFS partitions=1/1 files=1 size=2.17MB
|  |     stored statistics:
|  |       table: rows=73.05K size=2.17MB
|  |       columns: all
|  |     extrapolated-rows=disabled max-scan-range-rows=73.05K
|  |     mem-estimate=16.00MB mem-reservation=512.00KB thread-reservation=0
|  |     tuple-ids=8 row-size=12B cardinality=73.05K cost=50857
|  |     in pipelines: 13(GETNEXT)
|  |
|  14:HASH JOIN [INNER JOIN]
|  |  hash predicates: cs_item_sk = i_item_sk
|  |  fk/pk conjuncts: cs_item_sk = i_item_sk
|  |  runtime filters: RF010[bloom] <- i_item_sk, RF011[min_max] <- i_item_sk
|  |  mem-estimate=34.00MB mem-reservation=34.00MB spill-buffer=2.00MB thread-reservation=0
|  |  tuple-ids=6,7 row-size=38B cardinality=21.59M cost=21957560
|  |  in pipelines: 11(GETNEXT), 12(OPEN)
|  |
|  |--12:SCAN HDFS [tpcds_partitioned_parquet_snap.item]
|  |     HDFS partitions=1/1 files=1 size=1.73MB
|  |     stored statistics:
|  |       table: rows=360.00K size=33.54MB
|  |       columns: all
|  |     extrapolated-rows=disabled max-scan-range-rows=101.54K
|  |     mem-estimate=16.00MB mem-reservation=512.00KB thread-reservation=0
|  |     tuple-ids=7 row-size=22B cardinality=360.00K cost=207702
|  |     in pipelines: 12(GETNEXT)
|  |
|  11:SCAN HDFS [tpcds_partitioned_parquet_snap.catalog_sales]
|     HDFS partitions=1831/1831 files=1831 size=150.82MB
|     predicates: cs_ship_customer_sk IS NULL
|     runtime filters: RF011[min_max] -> cs_item_sk, RF008[bloom] -> cs_sold_date_sk, RF010[bloom] -> cs_item_sk
|     stored statistics:
|       table: rows=4.32G size=280.96GB
|       partitions: 1831/1831 rows=4.32G
|       columns: all
|     extrapolated-rows=disabled max-scan-range-rows=21.52M
|     mem-estimate=16.00MB mem-reservation=1.00MB thread-reservation=0
|     tuple-ids=6 row-size=16B cardinality=21.60M cost=4479129088
|     in pipelines: 11(GETNEXT)
|
|--10:HASH JOIN [INNER JOIN]
|  |  hash predicates: ws_sold_date_sk = d_date_sk
|  |  fk/pk conjuncts: ws_sold_date_sk = d_date_sk
|  |  runtime filters: RF004[bloom] <- d_date_sk
|  |  mem-estimate=4.75MB mem-reservation=4.75MB spill-buffer=256.00KB thread-reservation=0
|  |  tuple-ids=3,4,5 row-size=50B cardinality=539.18K cost=612229
|  |  in pipelines: 06(GETNEXT), 08(OPEN)
|  |
|  |--08:SCAN HDFS [tpcds_partitioned_parquet_snap.date_dim]
|  |     HDFS partitions=1/1 files=1 size=2.17MB
|  |     stored statistics:
|  |       table: rows=73.05K size=2.17MB
|  |       columns: all
|  |     extrapolated-rows=disabled max-scan-range-rows=73.05K
|  |     mem-estimate=16.00MB mem-reservation=512.00KB thread-reservation=0
|  |     tuple-ids=5 row-size=12B cardinality=73.05K cost=50857
|  |     in pipelines: 08(GETNEXT)
|  |
|  09:HASH JOIN [INNER JOIN]
|  |  hash predicates: ws_item_sk = i_item_sk
|  |  fk/pk conjuncts: ws_item_sk = i_item_sk
|  |  runtime filters: RF006[bloom] <- i_item_sk, RF007[min_max] <- i_item_sk
|  |  mem-estimate=34.00MB mem-reservation=34.00MB spill-buffer=2.00MB thread-reservation=0
|  |  tuple-ids=3,4 row-size=38B cardinality=539.18K cost=899449
|  |  in pipelines: 06(GETNEXT), 07(OPEN)
|  |
|  |--07:SCAN HDFS [tpcds_partitioned_parquet_snap.item]
|  |     HDFS partitions=1/1 files=1 size=1.73MB
|  |     stored statistics:
|  |       table: rows=360.00K size=33.54MB
|  |       columns: all
|  |     extrapolated-rows=disabled max-scan-range-rows=101.54K
|  |     mem-estimate=16.00MB mem-reservation=512.00KB thread-reservation=0
|  |     tuple-ids=4 row-size=22B cardinality=360.00K cost=207702
|  |     in pipelines: 07(GETNEXT)
|  |
|  06:SCAN HDFS [tpcds_partitioned_parquet_snap.web_sales]
|     HDFS partitions=1824/1824 files=1824 size=84.18MB
|     predicates: ws_ship_hdemo_sk IS NULL
|     runtime filters: RF007[min_max] -> ws_item_sk, RF004[bloom] -> ws_sold_date_sk, RF006[bloom] -> ws_item_sk
|     stored statistics:
|       table: rows=2.16G size=145.75GB
|       partitions: 1824/1824 rows=2.16G
|       columns: all
|     extrapolated-rows=disabled max-scan-range-rows=3.37M
|     mem-estimate=16.00MB mem-reservation=128.00KB thread-reservation=0
|     tuple-ids=3 row-size=16B cardinality=539.45K cost=2284917504
|     in pipelines: 06(GETNEXT)
|
05:HASH JOIN [INNER JOIN]
|  hash predicates: ss_sold_date_sk = d_date_sk
|  fk/pk conjuncts: ss_sold_date_sk = d_date_sk
|  runtime filters: RF000[bloom] <- d_date_sk
|  mem-estimate=4.75MB mem-reservation=4.75MB spill-buffer=256.00KB thread-reservation=0
|  tuple-ids=0,1,2 row-size=50B cardinality=388.62M cost=388694681
|  in pipelines: 01(GETNEXT), 03(OPEN)
|
|--03:SCAN HDFS [tpcds_partitioned_parquet_snap.date_dim]
|     HDFS partitions=1/1 files=1 size=2.17MB
|     stored statistics:
|       table: rows=73.05K size=2.17MB
|       columns: all
|     extrapolated-rows=disabled max-scan-range-rows=73.05K
|     mem-estimate=16.00MB mem-reservation=512.00KB thread-reservation=0
|     tuple-ids=2 row-size=12B cardinality=73.05K cost=50857
|     in pipelines: 03(GETNEXT)
|
04:HASH JOIN [INNER JOIN]
|  hash predicates: ss_item_sk = i_item_sk
|  fk/pk conjuncts: ss_item_sk = i_item_sk
|  runtime filters: RF002[bloom] <- i_item_sk, RF003[min_max] <- i_item_sk
|  mem-estimate=34.00MB mem-reservation=34.00MB spill-buffer=2.00MB thread-reservation=0
|  tuple-ids=0,1 row-size=38B cardinality=388.62M cost=389175936
|  in pipelines: 01(GETNEXT), 02(OPEN)
|
|--02:SCAN HDFS [tpcds_partitioned_parquet_snap.item]
|     HDFS partitions=1/1 files=1 size=1.73MB
|     stored statistics:
|       table: rows=360.00K size=33.54MB
|       columns: all
|     extrapolated-rows=disabled max-scan-range-rows=101.54K
|     mem-estimate=16.00MB mem-reservation=512.00KB thread-reservation=0
|     tuple-ids=1 row-size=22B cardinality=360.00K cost=207702
|     in pipelines: 02(GETNEXT)
|
01:SCAN HDFS [tpcds_partitioned_parquet_snap.store_sales]
   HDFS partitions=1824/1824 files=1824 size=199.33MB
   predicates: ss_cdemo_sk IS NULL
   runtime filters: RF003[min_max] -> ss_item_sk, RF000[bloom] -> ss_sold_date_sk, RF002[bloom] -> ss_item_sk
   stored statistics:
     table: rows=8.64G size=389.90GB
     partitions: 1824/1824 rows=8.64G
     columns: all
   extrapolated-rows=disabled max-scan-range-rows=390.22M
   mem-estimate=16.00MB mem-reservation=8.00MB thread-reservation=0
   tuple-ids=0 row-size=16B cardinality=388.82M cost=8866134016
   in pipelines: 01(GETNEXT)
---- DISTRIBUTEDPLAN
Max Per-Host Resource Reservation: Memory=1.22GB Threads=49
Per-Host Resource Estimates: Memory=1.82GB
F12:PLAN FRAGMENT [UNPARTITIONED] hosts=1 instances=1
|  Per-Instance Resources: mem-estimate=4.08MB mem-reservation=4.00MB thread-reservation=1
|  max-parallelism=1 segment-costs=[708] cpu-comparison-result=240 [max(1 (self) vs 240 (sum children))]
PLAN-ROOT SINK
|  output exprs: channel, col_name, d_year, d_qoy, i_category, count(*), sum(ext_sales_price)
|  mem-estimate=4.00MB mem-reservation=4.00MB spill-buffer=2.00MB thread-reservation=0 cost=700
|
27:MERGING-EXCHANGE [UNPARTITIONED]
|  order by: channel ASC, col_name ASC, d_year ASC, d_qoy ASC, i_category ASC
|  limit: 100
|  mem-estimate=76.81KB mem-reservation=0B thread-reservation=0
|  tuple-ids=12 row-size=74B cardinality=100 cost=8
|  in pipelines: 17(GETNEXT)
|
F11:PLAN FRAGMENT [HASH(channel,col_name,d_year,d_qoy,i_category)] hosts=10 instances=10 (adjusted from 120)
Per-Instance Resources: mem-estimate=19.63MB mem-reservation=1.94MB thread-reservation=1
max-parallelism=10 segment-costs=[499289, 500, 8] cpu-comparison-result=240 [max(10 (self) vs 240 (sum children))]
17:TOP-N [LIMIT=100]
|  order by: channel ASC, col_name ASC, d_year ASC, d_qoy ASC, i_category ASC
|  mem-estimate=7.22KB mem-reservation=0B thread-reservation=0
|  tuple-ids=12 row-size=74B cardinality=100 cost=500
|  in pipelines: 17(GETNEXT), 26(OPEN)
|
26:AGGREGATE [FINALIZE]
|  output: count:merge(*), sum:merge(ext_sales_price)
|  group by: channel, col_name, d_year, d_qoy, i_category
|  mem-estimate=10.00MB mem-reservation=1.94MB spill-buffer=64.00KB thread-reservation=0
|  tuple-ids=11 row-size=74B cardinality=70.56K cost=493920
|  in pipelines: 26(GETNEXT), 01(OPEN), 06(OPEN), 11(OPEN)
|
25:EXCHANGE [HASH(channel,col_name,d_year,d_qoy,i_category)]
|  mem-estimate=9.63MB mem-reservation=0B thread-reservation=0
|  tuple-ids=11 row-size=74B cardinality=70.56K cost=5369
|  in pipelines: 01(GETNEXT), 06(GETNEXT), 11(GETNEXT)
|
F10:PLAN FRAGMENT [RANDOM] hosts=10 instances=120
Per-Host Shared Resources: mem-estimate=4.00MB mem-reservation=4.00MB thread-reservation=0 runtime-filters-memory=4.00MB
Per-Instance Resources: mem-estimate=29.04MB mem-reservation=17.00MB thread-reservation=1
max-parallelism=120 segment-costs=[24435663828, 5369] cpu-comparison-result=240 [max(240 (self) vs 185 (sum children))]
16:AGGREGATE [STREAMING]
|  output: count(*), sum(ext_sales_price)
|  group by: channel, col_name, d_year, d_qoy, i_category
|  mem-estimate=10.00MB mem-reservation=9.00MB spill-buffer=512.00KB thread-reservation=0
|  tuple-ids=11 row-size=74B cardinality=70.56K cost=2875233024
|  in pipelines: 01(GETNEXT), 06(GETNEXT), 11(GETNEXT)
|
00:UNION
|  mem-estimate=0B mem-reservation=0B thread-reservation=0
|  tuple-ids=9 row-size=54B cardinality=410.75M cost=7393456640
|  in pipelines: 01(GETNEXT), 06(GETNEXT), 11(GETNEXT)
|
|--15:HASH JOIN [INNER JOIN, BROADCAST]
|  |  hash-table-id=04
|  |  hash predicates: cs_sold_date_sk = d_date_sk
|  |  fk/pk conjuncts: cs_sold_date_sk = d_date_sk
|  |  mem-estimate=0B mem-reservation=0B spill-buffer=256.00KB thread-reservation=0
|  |  tuple-ids=6,7,8 row-size=50B cardinality=21.59M cost=21586766
|  |  in pipelines: 11(GETNEXT), 13(OPEN)
|  |
|  |--F17:PLAN FRAGMENT [RANDOM] hosts=10 instances=10
|  |  |  Per-Instance Resources: mem-estimate=58.85MB mem-reservation=58.00MB thread-reservation=1 runtime-filters-memory=1.00MB
|  |  |  max-parallelism=10 segment-costs=[84469]
|  |  JOIN BUILD
|  |  |  join-table-id=04 plan-id=05 cohort-id=01
|  |  |  build expressions: d_date_sk
|  |  |  runtime filters: RF008[bloom] <- d_date_sk
|  |  |  mem-estimate=57.00MB mem-reservation=57.00MB spill-buffer=256.00KB thread-reservation=0 cost=73049
|  |  |
|  |  24:EXCHANGE [BROADCAST]
|  |  |  mem-estimate=872.04KB mem-reservation=0B thread-reservation=0
|  |  |  tuple-ids=8 row-size=12B cardinality=73.05K cost=11420
|  |  |  in pipelines: 13(GETNEXT)
|  |  |
|  |  F09:PLAN FRAGMENT [RANDOM] hosts=1 instances=1
|  |  Per-Instance Resources: mem-estimate=16.06MB mem-reservation=512.00KB thread-reservation=1
|  |  max-parallelism=1 segment-costs=[51999]
|  |  13:SCAN HDFS [tpcds_partitioned_parquet_snap.date_dim, RANDOM]
|  |     HDFS partitions=1/1 files=1 size=2.17MB
|  |     stored statistics:
|  |       table: rows=73.05K size=2.17MB
|  |       columns: all
|  |     extrapolated-rows=disabled max-scan-range-rows=73.05K
|  |     mem-estimate=16.00MB mem-reservation=512.00KB thread-reservation=0
|  |     tuple-ids=8 row-size=12B cardinality=73.05K cost=50857
|  |     in pipelines: 13(GETNEXT)
|  |
|  14:HASH JOIN [INNER JOIN, BROADCAST]
|  |  hash-table-id=05
|  |  hash predicates: cs_item_sk = i_item_sk
|  |  fk/pk conjuncts: cs_item_sk = i_item_sk
|  |  mem-estimate=0B mem-reservation=0B spill-buffer=2.00MB thread-reservation=0
|  |  tuple-ids=6,7 row-size=38B cardinality=21.59M cost=21597560
|  |  in pipelines: 11(GETNEXT), 12(OPEN)
|  |
|  |--F18:PLAN FRAGMENT [RANDOM] hosts=10 instances=10
|  |  |  Per-Instance Resources: mem-estimate=416.62MB mem-reservation=409.00MB thread-reservation=1 runtime-filters-memory=1.00MB
|  |  |  max-parallelism=10 segment-costs=[451080]
|  |  JOIN BUILD
|  |  |  join-table-id=05 plan-id=06 cohort-id=01
|  |  |  build expressions: i_item_sk
|  |  |  runtime filters: RF010[bloom] <- i_item_sk, RF011[min_max] <- i_item_sk
|  |  |  mem-estimate=408.00MB mem-reservation=408.00MB spill-buffer=2.00MB thread-reservation=0 cost=360000
|  |  |
|  |  23:EXCHANGE [BROADCAST]
|  |  |  mem-estimate=7.62MB mem-reservation=0B thread-reservation=0
|  |  |  tuple-ids=7 row-size=22B cardinality=360.00K cost=91080
|  |  |  in pipelines: 12(GETNEXT)
|  |  |
|  |  F08:PLAN FRAGMENT [RANDOM] hosts=4 instances=4
|  |  Per-Instance Resources: mem-estimate=16.10MB mem-reservation=512.00KB thread-reservation=1
|  |  max-parallelism=4 segment-costs=[216810]
|  |  12:SCAN HDFS [tpcds_partitioned_parquet_snap.item, RANDOM]
|  |     HDFS partitions=1/1 files=1 size=1.73MB
|  |     stored statistics:
|  |       table: rows=360.00K size=33.54MB
|  |       columns: all
|  |     extrapolated-rows=disabled max-scan-range-rows=101.54K
|  |     mem-estimate=16.00MB mem-reservation=512.00KB thread-reservation=0
|  |     tuple-ids=7 row-size=22B cardinality=360.00K cost=207702
|  |     in pipelines: 12(GETNEXT)
|  |
|  11:SCAN HDFS [tpcds_partitioned_parquet_snap.catalog_sales, RANDOM]
|     HDFS partitions=1831/1831 files=1831 size=150.82MB
|     predicates: cs_ship_customer_sk IS NULL
|     runtime filters: RF011[min_max] -> cs_item_sk, RF008[bloom] -> cs_sold_date_sk, RF010[bloom] -> cs_item_sk
|     stored statistics:
|       table: rows=4.32G size=280.96GB
|       partitions: 1831/1831 rows=4.32G
|       columns: all
|     extrapolated-rows=disabled max-scan-range-rows=21.52M
|     mem-estimate=16.00MB mem-reservation=1.00MB thread-reservation=0
|     tuple-ids=6 row-size=16B cardinality=21.60M cost=4479129088
|     in pipelines: 11(GETNEXT)
|
|--10:HASH JOIN [INNER JOIN, BROADCAST]
|  |  hash-table-id=02
|  |  hash predicates: ws_sold_date_sk = d_date_sk
|  |  fk/pk conjuncts: ws_sold_date_sk = d_date_sk
|  |  mem-estimate=0B mem-reservation=0B spill-buffer=256.00KB thread-reservation=0
|  |  tuple-ids=3,4,5 row-size=50B cardinality=539.18K cost=539180
|  |  in pipelines: 06(GETNEXT), 08(OPEN)
|  |
|  |--F15:PLAN FRAGMENT [RANDOM] hosts=10 instances=10
|  |  |  Per-Instance Resources: mem-estimate=58.85MB mem-reservation=58.00MB thread-reservation=1 runtime-filters-memory=1.00MB
|  |  |  max-parallelism=10 segment-costs=[84469]
|  |  JOIN BUILD
|  |  |  join-table-id=02 plan-id=03 cohort-id=01
|  |  |  build expressions: d_date_sk
|  |  |  runtime filters: RF004[bloom] <- d_date_sk
|  |  |  mem-estimate=57.00MB mem-reservation=57.00MB spill-buffer=256.00KB thread-reservation=0 cost=73049
|  |  |
|  |  22:EXCHANGE [BROADCAST]
|  |  |  mem-estimate=872.04KB mem-reservation=0B thread-reservation=0
|  |  |  tuple-ids=5 row-size=12B cardinality=73.05K cost=11420
|  |  |  in pipelines: 08(GETNEXT)
|  |  |
|  |  F06:PLAN FRAGMENT [RANDOM] hosts=1 instances=1
|  |  Per-Instance Resources: mem-estimate=16.06MB mem-reservation=512.00KB thread-reservation=1
|  |  max-parallelism=1 segment-costs=[51999]
|  |  08:SCAN HDFS [tpcds_partitioned_parquet_snap.date_dim, RANDOM]
|  |     HDFS partitions=1/1 files=1 size=2.17MB
|  |     stored statistics:
|  |       table: rows=73.05K size=2.17MB
|  |       columns: all
|  |     extrapolated-rows=disabled max-scan-range-rows=73.05K
|  |     mem-estimate=16.00MB mem-reservation=512.00KB thread-reservation=0
|  |     tuple-ids=5 row-size=12B cardinality=73.05K cost=50857
|  |     in pipelines: 08(GETNEXT)
|  |
|  09:HASH JOIN [INNER JOIN, PARTITIONED]
|  |  hash-table-id=03
|  |  hash predicates: ws_item_sk = i_item_sk
|  |  fk/pk conjuncts: ws_item_sk = i_item_sk
|  |  mem-estimate=0B mem-reservation=0B spill-buffer=64.00KB thread-reservation=0
|  |  tuple-ids=3,4 row-size=38B cardinality=539.18K cost=539449
|  |  in pipelines: 06(GETNEXT), 07(OPEN)
|  |
|  |--F16:PLAN FRAGMENT [RANDOM] hosts=10 instances=120
|  |  |  Per-Instance Resources: mem-estimate=4.92MB mem-reservation=2.94MB thread-reservation=1 runtime-filters-memory=1.00MB
|  |  |  max-parallelism=120 segment-costs=[369108]
|  |  JOIN BUILD
|  |  |  join-table-id=03 plan-id=04 cohort-id=01
|  |  |  build expressions: i_item_sk
|  |  |  runtime filters: RF006[bloom] <- i_item_sk, RF007[min_max] <- i_item_sk
|  |  |  mem-estimate=1.94MB mem-reservation=1.94MB spill-buffer=64.00KB thread-reservation=0 cost=360000
|  |  |
|  |  21:EXCHANGE [HASH(i_item_sk)]
|  |  |  mem-estimate=1.98MB mem-reservation=0B thread-reservation=0
|  |  |  tuple-ids=4 row-size=22B cardinality=360.00K cost=9108
|  |  |  in pipelines: 07(GETNEXT)
|  |  |
|  |  F04:PLAN FRAGMENT [RANDOM] hosts=4 instances=4
|  |  Per-Instance Resources: mem-estimate=28.14MB mem-reservation=512.00KB thread-reservation=1
|  |  max-parallelism=4 segment-costs=[216810]
|  |  07:SCAN HDFS [tpcds_partitioned_parquet_snap.item, RANDOM]
|  |     HDFS partitions=1/1 files=1 size=1.73MB
|  |     stored statistics:
|  |       table: rows=360.00K size=33.54MB
|  |       columns: all
|  |     extrapolated-rows=disabled max-scan-range-rows=101.54K
|  |     mem-estimate=16.00MB mem-reservation=512.00KB thread-reservation=0
|  |     tuple-ids=4 row-size=22B cardinality=360.00K cost=207702
|  |     in pipelines: 07(GETNEXT)
|  |
|  20:EXCHANGE [HASH(ws_item_sk)]
|  |  mem-estimate=3.17MB mem-reservation=0B thread-reservation=0
|  |  tuple-ids=3 row-size=16B cardinality=539.45K cost=10537
|  |  in pipelines: 06(GETNEXT)
|  |
|  F03:PLAN FRAGMENT [RANDOM] hosts=10 instances=120
|  Per-Host Shared Resources: mem-estimate=2.00MB mem-reservation=2.00MB thread-reservation=0 runtime-filters-memory=2.00MB
|  Per-Instance Resources: mem-estimate=25.38MB mem-reservation=128.00KB thread-reservation=1
|  max-parallelism=230 segment-costs=[2284928041]
|  06:SCAN HDFS [tpcds_partitioned_parquet_snap.web_sales, RANDOM]
|     HDFS partitions=1824/1824 files=1824 size=84.18MB
|     predicates: ws_ship_hdemo_sk IS NULL
|     runtime filters: RF007[min_max] -> ws_item_sk, RF004[bloom] -> ws_sold_date_sk, RF006[bloom] -> ws_item_sk
|     stored statistics:
|       table: rows=2.16G size=145.75GB
|       partitions: 1824/1824 rows=2.16G
|       columns: all
|     extrapolated-rows=disabled max-scan-range-rows=3.37M
|     mem-estimate=16.00MB mem-reservation=128.00KB thread-reservation=0
|     tuple-ids=3 row-size=16B cardinality=539.45K cost=2284917504
|     in pipelines: 06(GETNEXT)
|
05:HASH JOIN [INNER JOIN, BROADCAST]
|  hash-table-id=00
|  hash predicates: ss_sold_date_sk = d_date_sk
|  fk/pk conjuncts: ss_sold_date_sk = d_date_sk
|  mem-estimate=0B mem-reservation=0B spill-buffer=256.00KB thread-reservation=0
|  tuple-ids=0,1,2 row-size=50B cardinality=388.62M cost=388621632
|  in pipelines: 01(GETNEXT), 03(OPEN)
|
|--F13:PLAN FRAGMENT [RANDOM] hosts=10 instances=10
|  |  Per-Instance Resources: mem-estimate=58.85MB mem-reservation=58.00MB thread-reservation=1 runtime-filters-memory=1.00MB
|  |  max-parallelism=10 segment-costs=[84469]
|  JOIN BUILD
|  |  join-table-id=00 plan-id=01 cohort-id=01
|  |  build expressions: d_date_sk
|  |  runtime filters: RF000[bloom] <- d_date_sk
|  |  mem-estimate=57.00MB mem-reservation=57.00MB spill-buffer=256.00KB thread-reservation=0 cost=73049
|  |
|  19:EXCHANGE [BROADCAST]
|  |  mem-estimate=872.04KB mem-reservation=0B thread-reservation=0
|  |  tuple-ids=2 row-size=12B cardinality=73.05K cost=11420
|  |  in pipelines: 03(GETNEXT)
|  |
|  F02:PLAN FRAGMENT [RANDOM] hosts=1 instances=1
|  Per-Instance Resources: mem-estimate=16.06MB mem-reservation=512.00KB thread-reservation=1
|  max-parallelism=1 segment-costs=[51999]
|  03:SCAN HDFS [tpcds_partitioned_parquet_snap.date_dim, RANDOM]
|     HDFS partitions=1/1 files=1 size=2.17MB
|     stored statistics:
|       table: rows=73.05K size=2.17MB
|       columns: all
|     extrapolated-rows=disabled max-scan-range-rows=73.05K
|     mem-estimate=16.00MB mem-reservation=512.00KB thread-reservation=0
|     tuple-ids=2 row-size=12B cardinality=73.05K cost=50857
|     in pipelines: 03(GETNEXT)
|
04:HASH JOIN [INNER JOIN, BROADCAST]
|  hash-table-id=01
|  hash predicates: ss_item_sk = i_item_sk
|  fk/pk conjuncts: ss_item_sk = i_item_sk
|  mem-estimate=0B mem-reservation=0B spill-buffer=2.00MB thread-reservation=0
|  tuple-ids=0,1 row-size=38B cardinality=388.62M cost=388815936
|  in pipelines: 01(GETNEXT), 02(OPEN)
|
|--F14:PLAN FRAGMENT [RANDOM] hosts=10 instances=10
|  |  Per-Instance Resources: mem-estimate=416.62MB mem-reservation=409.00MB thread-reservation=1 runtime-filters-memory=1.00MB
|  |  max-parallelism=10 segment-costs=[451080]
|  JOIN BUILD
|  |  join-table-id=01 plan-id=02 cohort-id=01
|  |  build expressions: i_item_sk
|  |  runtime filters: RF002[bloom] <- i_item_sk, RF003[min_max] <- i_item_sk
|  |  mem-estimate=408.00MB mem-reservation=408.00MB spill-buffer=2.00MB thread-reservation=0 cost=360000
|  |
|  18:EXCHANGE [BROADCAST]
|  |  mem-estimate=7.62MB mem-reservation=0B thread-reservation=0
|  |  tuple-ids=1 row-size=22B cardinality=360.00K cost=91080
|  |  in pipelines: 02(GETNEXT)
|  |
|  F01:PLAN FRAGMENT [RANDOM] hosts=4 instances=4
|  Per-Instance Resources: mem-estimate=16.10MB mem-reservation=512.00KB thread-reservation=1
|  max-parallelism=4 segment-costs=[216810]
|  02:SCAN HDFS [tpcds_partitioned_parquet_snap.item, RANDOM]
|     HDFS partitions=1/1 files=1 size=1.73MB
|     stored statistics:
|       table: rows=360.00K size=33.54MB
|       columns: all
|     extrapolated-rows=disabled max-scan-range-rows=101.54K
|     mem-estimate=16.00MB mem-reservation=512.00KB thread-reservation=0
|     tuple-ids=1 row-size=22B cardinality=360.00K cost=207702
|     in pipelines: 02(GETNEXT)
|
01:SCAN HDFS [tpcds_partitioned_parquet_snap.store_sales, RANDOM]
   HDFS partitions=1824/1824 files=1824 size=199.33MB
   predicates: ss_cdemo_sk IS NULL
   runtime filters: RF003[min_max] -> ss_item_sk, RF000[bloom] -> ss_sold_date_sk, RF002[bloom] -> ss_item_sk
   stored statistics:
     table: rows=8.64G size=389.90GB
     partitions: 1824/1824 rows=8.64G
     columns: all
   extrapolated-rows=disabled max-scan-range-rows=390.22M
   mem-estimate=16.00MB mem-reservation=8.00MB thread-reservation=0
   tuple-ids=0 row-size=16B cardinality=388.82M cost=8866134016
   in pipelines: 01(GETNEXT)
---- PARALLELPLANS
Max Per-Host Resource Reservation: Memory=1.17GB Threads=50
Per-Host Resource Estimates: Memory=1.67GB
F13:PLAN FRAGMENT [UNPARTITIONED] hosts=1 instances=1
|  Per-Instance Resources: mem-estimate=4.08MB mem-reservation=4.00MB thread-reservation=1
|  max-parallelism=1 segment-costs=[708] cpu-comparison-result=250 [max(1 (self) vs 250 (sum children))]
PLAN-ROOT SINK
|  output exprs: channel, col_name, d_year, d_qoy, i_category, count(*), sum(ext_sales_price)
|  mem-estimate=4.00MB mem-reservation=4.00MB spill-buffer=2.00MB thread-reservation=0 cost=700
|
28:MERGING-EXCHANGE [UNPARTITIONED]
|  order by: channel ASC, col_name ASC, d_year ASC, d_qoy ASC, i_category ASC
|  limit: 100
|  mem-estimate=76.81KB mem-reservation=0B thread-reservation=0
|  tuple-ids=12 row-size=74B cardinality=100 cost=8
|  in pipelines: 17(GETNEXT)
|
F12:PLAN FRAGMENT [HASH(channel,col_name,d_year,d_qoy,i_category)] hosts=10 instances=10 (adjusted from 120)
Per-Instance Resources: mem-estimate=19.63MB mem-reservation=1.94MB thread-reservation=1
max-parallelism=10 segment-costs=[499289, 500, 8] cpu-comparison-result=250 [max(10 (self) vs 250 (sum children))]
17:TOP-N [LIMIT=100]
|  order by: channel ASC, col_name ASC, d_year ASC, d_qoy ASC, i_category ASC
|  mem-estimate=7.22KB mem-reservation=0B thread-reservation=0
|  tuple-ids=12 row-size=74B cardinality=100 cost=500
|  in pipelines: 17(GETNEXT), 27(OPEN)
|
27:AGGREGATE [FINALIZE]
|  output: count:merge(*), sum:merge(ext_sales_price)
|  group by: channel, col_name, d_year, d_qoy, i_category
|  mem-estimate=10.00MB mem-reservation=1.94MB spill-buffer=64.00KB thread-reservation=0
|  tuple-ids=11 row-size=74B cardinality=70.56K cost=493920
|  in pipelines: 27(GETNEXT), 01(OPEN), 06(OPEN), 11(OPEN)
|
26:EXCHANGE [HASH(channel,col_name,d_year,d_qoy,i_category)]
|  mem-estimate=9.63MB mem-reservation=0B thread-reservation=0
|  tuple-ids=11 row-size=74B cardinality=70.56K cost=5369
|  in pipelines: 01(GETNEXT), 06(GETNEXT), 11(GETNEXT)
|
F11:PLAN FRAGMENT [RANDOM] hosts=10 instances=120
Per-Host Shared Resources: mem-estimate=4.00MB mem-reservation=4.00MB thread-reservation=0 runtime-filters-memory=4.00MB
Per-Instance Resources: mem-estimate=29.04MB mem-reservation=17.00MB thread-reservation=1
max-parallelism=120 segment-costs=[24435138014, 5369] cpu-comparison-result=250 [max(250 (self) vs 185 (sum children))]
16:AGGREGATE [STREAMING]
|  output: count(*), sum(ext_sales_price)
|  group by: channel, col_name, d_year, d_qoy, i_category
|  mem-estimate=10.00MB mem-reservation=9.00MB spill-buffer=512.00KB thread-reservation=0
|  tuple-ids=11 row-size=74B cardinality=70.56K cost=2875233024
|  in pipelines: 01(GETNEXT), 06(GETNEXT), 11(GETNEXT)
|
00:UNION
|  mem-estimate=0B mem-reservation=0B thread-reservation=0
|  tuple-ids=9 row-size=54B cardinality=410.75M cost=7393456640
|  in pipelines: 01(GETNEXT), 06(GETNEXT), 11(GETNEXT)
|
|--15:HASH JOIN [INNER JOIN, BROADCAST]
|  |  hash-table-id=03
|  |  hash predicates: cs_sold_date_sk = d_date_sk
|  |  fk/pk conjuncts: cs_sold_date_sk = d_date_sk
|  |  mem-estimate=0B mem-reservation=0B spill-buffer=256.00KB thread-reservation=0
|  |  tuple-ids=6,7,8 row-size=50B cardinality=21.59M cost=21586766
|  |  in pipelines: 11(GETNEXT), 13(OPEN)
|  |
|  |--F17:PLAN FRAGMENT [RANDOM] hosts=10 instances=10
|  |  |  Per-Instance Resources: mem-estimate=58.85MB mem-reservation=58.00MB thread-reservation=1 runtime-filters-memory=1.00MB
|  |  |  max-parallelism=10 segment-costs=[84469]
|  |  JOIN BUILD
|  |  |  join-table-id=03 plan-id=04 cohort-id=01
|  |  |  build expressions: d_date_sk
|  |  |  runtime filters: RF008[bloom] <- d_date_sk
|  |  |  mem-estimate=57.00MB mem-reservation=57.00MB spill-buffer=256.00KB thread-reservation=0 cost=73049
|  |  |
|  |  25:EXCHANGE [BROADCAST]
|  |  |  mem-estimate=872.04KB mem-reservation=0B thread-reservation=0
|  |  |  tuple-ids=8 row-size=12B cardinality=73.05K cost=11420
|  |  |  in pipelines: 13(GETNEXT)
|  |  |
|  |  F10:PLAN FRAGMENT [RANDOM] hosts=1 instances=1
|  |  Per-Instance Resources: mem-estimate=16.06MB mem-reservation=512.00KB thread-reservation=1
|  |  max-parallelism=1 segment-costs=[51999]
|  |  13:SCAN HDFS [tpcds_partitioned_parquet_snap.date_dim, RANDOM]
|  |     HDFS partitions=1/1 files=1 size=2.17MB
|  |     stored statistics:
|  |       table: rows=73.05K size=2.17MB
|  |       columns: all
|  |     extrapolated-rows=disabled max-scan-range-rows=73.05K
|  |     mem-estimate=16.00MB mem-reservation=512.00KB thread-reservation=0
|  |     tuple-ids=8 row-size=12B cardinality=73.05K cost=50857
|  |     in pipelines: 13(GETNEXT)
|  |
|  14:HASH JOIN [INNER JOIN, BROADCAST]
|  |  hash-table-id=04
|  |  hash predicates: cs_item_sk = i_item_sk
|  |  fk/pk conjuncts: cs_item_sk = i_item_sk
|  |  mem-estimate=0B mem-reservation=0B spill-buffer=2.00MB thread-reservation=0
|  |  tuple-ids=6,7 row-size=38B cardinality=21.59M cost=21597560
|  |  in pipelines: 11(GETNEXT), 12(OPEN)
|  |
|  |--F18:PLAN FRAGMENT [RANDOM] hosts=10 instances=10
|  |  |  Per-Instance Resources: mem-estimate=416.62MB mem-reservation=409.00MB thread-reservation=1 runtime-filters-memory=1.00MB
|  |  |  max-parallelism=10 segment-costs=[451080]
|  |  JOIN BUILD
|  |  |  join-table-id=04 plan-id=05 cohort-id=01
|  |  |  build expressions: i_item_sk
|  |  |  runtime filters: RF010[bloom] <- i_item_sk, RF011[min_max] <- i_item_sk
|  |  |  mem-estimate=408.00MB mem-reservation=408.00MB spill-buffer=2.00MB thread-reservation=0 cost=360000
|  |  |
|  |  24:EXCHANGE [BROADCAST]
|  |  |  mem-estimate=7.62MB mem-reservation=0B thread-reservation=0
|  |  |  tuple-ids=7 row-size=22B cardinality=360.00K cost=91080
|  |  |  in pipelines: 12(GETNEXT)
|  |  |
|  |  F09:PLAN FRAGMENT [RANDOM] hosts=4 instances=4
|  |  Per-Instance Resources: mem-estimate=16.10MB mem-reservation=512.00KB thread-reservation=1
|  |  max-parallelism=4 segment-costs=[216810]
|  |  12:SCAN HDFS [tpcds_partitioned_parquet_snap.item, RANDOM]
|  |     HDFS partitions=1/1 files=1 size=1.73MB
|  |     stored statistics:
|  |       table: rows=360.00K size=33.54MB
|  |       columns: all
|  |     extrapolated-rows=disabled max-scan-range-rows=101.54K
|  |     mem-estimate=16.00MB mem-reservation=512.00KB thread-reservation=0
|  |     tuple-ids=7 row-size=22B cardinality=360.00K cost=207702
|  |     in pipelines: 12(GETNEXT)
|  |
|  11:SCAN HDFS [tpcds_partitioned_parquet_snap.catalog_sales, RANDOM]
|     HDFS partitions=1831/1831 files=1831 size=150.82MB
|     predicates: cs_ship_customer_sk IS NULL
|     runtime filters: RF011[min_max] -> cs_item_sk, RF008[bloom] -> cs_sold_date_sk, RF010[bloom] -> cs_item_sk
|     stored statistics:
|       table: rows=4.32G size=280.96GB
|       partitions: 1831/1831 rows=4.32G
|       columns: all
|     extrapolated-rows=disabled max-scan-range-rows=21.52M
|     mem-estimate=16.00MB mem-reservation=1.00MB thread-reservation=0
|     tuple-ids=6 row-size=16B cardinality=21.60M cost=4479129088
|     in pipelines: 11(GETNEXT)
|
|--10:HASH JOIN [INNER JOIN, PARTITIONED]
|  |  hash-table-id=02
|  |  hash predicates: ws_sold_date_sk = d_date_sk
|  |  fk/pk conjuncts: ws_sold_date_sk = d_date_sk
|  |  mem-estimate=0B mem-reservation=0B spill-buffer=64.00KB thread-reservation=0
|  |  tuple-ids=3,4,5 row-size=50B cardinality=539.18K cost=539180
|  |  in pipelines: 06(GETNEXT), 08(OPEN)
|  |
|  |--F16:PLAN FRAGMENT [RANDOM] hosts=10 instances=120
|  |  |  Per-Instance Resources: mem-estimate=3.79MB mem-reservation=2.94MB thread-reservation=1 runtime-filters-memory=1.00MB
|  |  |  max-parallelism=120 segment-costs=[74191]
|  |  JOIN BUILD
|  |  |  join-table-id=02 plan-id=03 cohort-id=01
|  |  |  build expressions: d_date_sk
|  |  |  runtime filters: RF004[bloom] <- d_date_sk
|  |  |  mem-estimate=1.94MB mem-reservation=1.94MB spill-buffer=64.00KB thread-reservation=0 cost=73049
|  |  |
|  |  23:EXCHANGE [HASH(d_date_sk)]
|  |  |  mem-estimate=872.04KB mem-reservation=0B thread-reservation=0
|  |  |  tuple-ids=5 row-size=12B cardinality=73.05K cost=1142
|  |  |  in pipelines: 08(GETNEXT)
|  |  |
|  |  F06:PLAN FRAGMENT [RANDOM] hosts=1 instances=1
|  |  Per-Instance Resources: mem-estimate=23.50MB mem-reservation=512.00KB thread-reservation=1
|  |  max-parallelism=1 segment-costs=[51999]
|  |  08:SCAN HDFS [tpcds_partitioned_parquet_snap.date_dim, RANDOM]
|  |     HDFS partitions=1/1 files=1 size=2.17MB
|  |     stored statistics:
|  |       table: rows=73.05K size=2.17MB
|  |       columns: all
|  |     extrapolated-rows=disabled max-scan-range-rows=73.05K
|  |     mem-estimate=16.00MB mem-reservation=512.00KB thread-reservation=0
|  |     tuple-ids=5 row-size=12B cardinality=73.05K cost=50857
|  |     in pipelines: 08(GETNEXT)
|  |
|  22:EXCHANGE [HASH(ws_sold_date_sk)]
|  |  mem-estimate=2.40MB mem-reservation=0B thread-reservation=0
|  |  tuple-ids=3,4 row-size=38B cardinality=539.18K cost=24172
|  |  in pipelines: 06(GETNEXT)
|  |
|  F05:PLAN FRAGMENT [HASH(ws_item_sk)] hosts=10 instances=10 (adjusted from 120)
|  Per-Instance Resources: mem-estimate=24.68MB mem-reservation=0B thread-reservation=1
|  max-parallelism=10 segment-costs=[574158]
|  09:HASH JOIN [INNER JOIN, PARTITIONED]
|  |  hash-table-id=05
|  |  hash predicates: ws_item_sk = i_item_sk
|  |  fk/pk conjuncts: ws_item_sk = i_item_sk
|  |  mem-estimate=0B mem-reservation=0B spill-buffer=128.00KB thread-reservation=0
|  |  tuple-ids=3,4 row-size=38B cardinality=539.18K cost=539449
|  |  in pipelines: 06(GETNEXT), 07(OPEN)
|  |
|  |--F19:PLAN FRAGMENT [HASH(ws_item_sk)] hosts=10 instances=10 (adjusted from 120)
|  |  |  Per-Instance Resources: mem-estimate=5.86MB mem-reservation=3.88MB thread-reservation=1 runtime-filters-memory=1.00MB
|  |  |  max-parallelism=10 segment-costs=[369108]
|  |  JOIN BUILD
|  |  |  join-table-id=05 plan-id=06 cohort-id=01
|  |  |  build expressions: i_item_sk
|  |  |  runtime filters: RF006[bloom] <- i_item_sk, RF007[min_max] <- i_item_sk
|  |  |  mem-estimate=2.88MB mem-reservation=2.88MB spill-buffer=128.00KB thread-reservation=0 cost=360000
|  |  |
|  |  21:EXCHANGE [HASH(i_item_sk)]
|  |  |  mem-estimate=1.98MB mem-reservation=0B thread-reservation=0
|  |  |  tuple-ids=4 row-size=22B cardinality=360.00K cost=9108
|  |  |  in pipelines: 07(GETNEXT)
|  |  |
|  |  F04:PLAN FRAGMENT [RANDOM] hosts=4 instances=4
|  |  Per-Instance Resources: mem-estimate=17.01MB mem-reservation=512.00KB thread-reservation=1
|  |  max-parallelism=4 segment-costs=[216810]
|  |  07:SCAN HDFS [tpcds_partitioned_parquet_snap.item, RANDOM]
|  |     HDFS partitions=1/1 files=1 size=1.73MB
|  |     stored statistics:
|  |       table: rows=360.00K size=33.54MB
|  |       columns: all
|  |     extrapolated-rows=disabled max-scan-range-rows=101.54K
|  |     mem-estimate=16.00MB mem-reservation=512.00KB thread-reservation=0
|  |     tuple-ids=4 row-size=22B cardinality=360.00K cost=207702
|  |     in pipelines: 07(GETNEXT)
|  |
|  20:EXCHANGE [HASH(ws_item_sk)]
|  |  mem-estimate=3.17MB mem-reservation=0B thread-reservation=0
|  |  tuple-ids=3 row-size=16B cardinality=539.45K cost=10537
|  |  in pipelines: 06(GETNEXT)
|  |
|  F03:PLAN FRAGMENT [RANDOM] hosts=10 instances=120
|  Per-Host Shared Resources: mem-estimate=2.00MB mem-reservation=2.00MB thread-reservation=0 runtime-filters-memory=2.00MB
|  Per-Instance Resources: mem-estimate=16.78MB mem-reservation=128.00KB thread-reservation=1
|  max-parallelism=230 segment-costs=[2284928041]
|  06:SCAN HDFS [tpcds_partitioned_parquet_snap.web_sales, RANDOM]
|     HDFS partitions=1824/1824 files=1824 size=84.18MB
|     predicates: ws_ship_hdemo_sk IS NULL
|     runtime filters: RF007[min_max] -> ws_item_sk, RF004[bloom] -> ws_sold_date_sk, RF006[bloom] -> ws_item_sk
|     stored statistics:
|       table: rows=2.16G size=145.75GB
|       partitions: 1824/1824 rows=2.16G
|       columns: all
|     extrapolated-rows=disabled max-scan-range-rows=3.37M
|     mem-estimate=16.00MB mem-reservation=128.00KB thread-reservation=0
|     tuple-ids=3 row-size=16B cardinality=539.45K cost=2284917504
|     in pipelines: 06(GETNEXT)
|
05:HASH JOIN [INNER JOIN, BROADCAST]
|  hash-table-id=00
|  hash predicates: ss_sold_date_sk = d_date_sk
|  fk/pk conjuncts: ss_sold_date_sk = d_date_sk
|  mem-estimate=0B mem-reservation=0B spill-buffer=256.00KB thread-reservation=0
|  tuple-ids=0,1,2 row-size=50B cardinality=388.62M cost=388621632
|  in pipelines: 01(GETNEXT), 03(OPEN)
|
|--F14:PLAN FRAGMENT [RANDOM] hosts=10 instances=10
|  |  Per-Instance Resources: mem-estimate=58.85MB mem-reservation=58.00MB thread-reservation=1 runtime-filters-memory=1.00MB
|  |  max-parallelism=10 segment-costs=[84469]
|  JOIN BUILD
|  |  join-table-id=00 plan-id=01 cohort-id=01
|  |  build expressions: d_date_sk
|  |  runtime filters: RF000[bloom] <- d_date_sk
|  |  mem-estimate=57.00MB mem-reservation=57.00MB spill-buffer=256.00KB thread-reservation=0 cost=73049
|  |
|  19:EXCHANGE [BROADCAST]
|  |  mem-estimate=872.04KB mem-reservation=0B thread-reservation=0
|  |  tuple-ids=2 row-size=12B cardinality=73.05K cost=11420
|  |  in pipelines: 03(GETNEXT)
|  |
|  F02:PLAN FRAGMENT [RANDOM] hosts=1 instances=1
|  Per-Instance Resources: mem-estimate=16.06MB mem-reservation=512.00KB thread-reservation=1
|  max-parallelism=1 segment-costs=[51999]
|  03:SCAN HDFS [tpcds_partitioned_parquet_snap.date_dim, RANDOM]
|     HDFS partitions=1/1 files=1 size=2.17MB
|     stored statistics:
|       table: rows=73.05K size=2.17MB
|       columns: all
|     extrapolated-rows=disabled max-scan-range-rows=73.05K
|     mem-estimate=16.00MB mem-reservation=512.00KB thread-reservation=0
|     tuple-ids=2 row-size=12B cardinality=73.05K cost=50857
|     in pipelines: 03(GETNEXT)
|
04:HASH JOIN [INNER JOIN, BROADCAST]
|  hash-table-id=01
|  hash predicates: ss_item_sk = i_item_sk
|  fk/pk conjuncts: ss_item_sk = i_item_sk
|  mem-estimate=0B mem-reservation=0B spill-buffer=2.00MB thread-reservation=0
|  tuple-ids=0,1 row-size=38B cardinality=388.62M cost=388815936
|  in pipelines: 01(GETNEXT), 02(OPEN)
|
|--F15:PLAN FRAGMENT [RANDOM] hosts=10 instances=10
|  |  Per-Instance Resources: mem-estimate=416.62MB mem-reservation=409.00MB thread-reservation=1 runtime-filters-memory=1.00MB
|  |  max-parallelism=10 segment-costs=[451080]
|  JOIN BUILD
|  |  join-table-id=01 plan-id=02 cohort-id=01
|  |  build expressions: i_item_sk
|  |  runtime filters: RF002[bloom] <- i_item_sk, RF003[min_max] <- i_item_sk
|  |  mem-estimate=408.00MB mem-reservation=408.00MB spill-buffer=2.00MB thread-reservation=0 cost=360000
|  |
|  18:EXCHANGE [BROADCAST]
|  |  mem-estimate=7.62MB mem-reservation=0B thread-reservation=0
|  |  tuple-ids=1 row-size=22B cardinality=360.00K cost=91080
|  |  in pipelines: 02(GETNEXT)
|  |
|  F01:PLAN FRAGMENT [RANDOM] hosts=4 instances=4
|  Per-Instance Resources: mem-estimate=16.10MB mem-reservation=512.00KB thread-reservation=1
|  max-parallelism=4 segment-costs=[216810]
|  02:SCAN HDFS [tpcds_partitioned_parquet_snap.item, RANDOM]
|     HDFS partitions=1/1 files=1 size=1.73MB
|     stored statistics:
|       table: rows=360.00K size=33.54MB
|       columns: all
|     extrapolated-rows=disabled max-scan-range-rows=101.54K
|     mem-estimate=16.00MB mem-reservation=512.00KB thread-reservation=0
|     tuple-ids=1 row-size=22B cardinality=360.00K cost=207702
|     in pipelines: 02(GETNEXT)
|
01:SCAN HDFS [tpcds_partitioned_parquet_snap.store_sales, RANDOM]
   HDFS partitions=1824/1824 files=1824 size=199.33MB
   predicates: ss_cdemo_sk IS NULL
   runtime filters: RF003[min_max] -> ss_item_sk, RF000[bloom] -> ss_sold_date_sk, RF002[bloom] -> ss_item_sk
   stored statistics:
     table: rows=8.64G size=389.90GB
     partitions: 1824/1824 rows=8.64G
     columns: all
   extrapolated-rows=disabled max-scan-range-rows=390.22M
   mem-estimate=16.00MB mem-reservation=8.00MB thread-reservation=0
   tuple-ids=0 row-size=16B cardinality=388.82M cost=8866134016
   in pipelines: 01(GETNEXT)
====
