# TPCDS-Q37
# start query 37 in stream 0 using template query37.tpl using seed 2087949890
select  i_item_id
       ,i_item_desc
       ,i_current_price
 from item, inventory, date_dim, catalog_sales
 where i_current_price between 35 and 35 + 30
 and inv_item_sk = i_item_sk
 and d_date_sk=inv_date_sk
 and d_date between cast('2001-01-20' as date) and (cast('2001-01-20' as date) + interval 60 days)
 and i_manufact_id in (928,715,942,861)
 and inv_quantity_on_hand between 100 and 500
 and cs_item_sk = i_item_sk
 group by i_item_id,i_item_desc,i_current_price
 order by i_item_id
 limit 100;

# end query 37 in stream 0 using template query37.tpl
---- PLAN
Max Per-Host Resource Reservation: Memory=73.19MB Threads=1
Per-Host Resource Estimates: Memory=61.26GB
F00:PLAN FRAGMENT [UNPARTITIONED] hosts=1 instances=1
|  Per-Instance Resources: mem-estimate=61.26GB mem-reservation=73.19MB thread-reservation=1 runtime-filters-memory=3.00MB
|  max-parallelism=1 segment-costs=[8873521261, 100, 300]
PLAN-ROOT SINK
|  output exprs: i_item_id, i_item_desc, i_current_price
|  mem-estimate=4.00MB mem-reservation=4.00MB spill-buffer=2.00MB thread-reservation=0 cost=300
|
08:TOP-N [LIMIT=100]
|  order by: i_item_id ASC
|  mem-estimate=14.12KB mem-reservation=0B thread-reservation=0
|  tuple-ids=5 row-size=145B cardinality=100 cost=100
|  in pipelines: 08(GETNEXT), 07(OPEN)
|
07:AGGREGATE [FINALIZE]
|  group by: i_item_id, i_item_desc, i_current_price
|  mem-estimate=60.14GB mem-reservation=34.00MB spill-buffer=2.00MB thread-reservation=0
|  tuple-ids=4 row-size=145B cardinality=1.64G cost=4917376000
|  in pipelines: 07(GETNEXT), 01(OPEN)
|
06:HASH JOIN [INNER JOIN]
|  hash predicates: inv_date_sk = d_date_sk
|  fk/pk conjuncts: inv_date_sk = d_date_sk
|  runtime filters: RF000[bloom] <- d_date_sk
|  mem-estimate=1.94MB mem-reservation=1.94MB spill-buffer=64.00KB thread-reservation=0
|  tuple-ids=1,3,0,2 row-size=177B cardinality=1.64G cost=1639132681
|  in pipelines: 01(GETNEXT), 02(OPEN)
|
|--02:SCAN HDFS [tpcds_partitioned_parquet_snap.date_dim]
|     HDFS partitions=1/1 files=1 size=2.17MB
|     predicates: d_date <= DATE '2001-03-21', d_date >= DATE '2001-01-20'
|     stored statistics:
|       table: rows=73.05K size=2.17MB
|       columns: all
|     extrapolated-rows=disabled max-scan-range-rows=73.05K
|     parquet statistics predicates: d_date <= DATE '2001-03-21', d_date >= DATE '2001-01-20'
|     parquet dictionary predicates: d_date <= DATE '2001-03-21', d_date >= DATE '2001-01-20'
|     mem-estimate=16.00MB mem-reservation=1.00MB thread-reservation=0
|     tuple-ids=2 row-size=8B cardinality=7.30K cost=196669
|     in pipelines: 02(GETNEXT)
|
05:HASH JOIN [INNER JOIN]
|  hash predicates: inv_item_sk = i_item_sk
|  fk/pk conjuncts: none
|  runtime filters: RF002[bloom] <- i_item_sk, RF003[min_max] <- i_item_sk
|  mem-estimate=1.10GB mem-reservation=34.00MB spill-buffer=2.00MB thread-reservation=0
|  tuple-ids=1,3,0 row-size=169B cardinality=1.64G cost=109065249
|  in pipelines: 01(GETNEXT), 03(OPEN)
|
|--04:HASH JOIN [INNER JOIN]
|  |  hash predicates: cs_item_sk = i_item_sk
|  |  fk/pk conjuncts: cs_item_sk = i_item_sk
|  |  runtime filters: RF004[bloom] <- i_item_sk, RF005[min_max] <- i_item_sk
|  |  mem-estimate=1.94MB mem-reservation=1.94MB spill-buffer=64.00KB thread-reservation=0
|  |  tuple-ids=3,0 row-size=157B cardinality=5.71M cost=5709725
|  |  in pipelines: 03(GETNEXT), 00(OPEN)
|  |
|  |--00:SCAN HDFS [tpcds_partitioned_parquet_snap.item]
|  |     HDFS partitions=1/1 files=1 size=1.73MB
|  |     predicates: i_current_price <= CAST(65 AS DECIMAL(3,0)), i_current_price >= CAST(35 AS DECIMAL(3,0)), i_manufact_id IN (CAST(928 AS INT), CAST(715 AS INT), CAST(942 AS INT), CAST(861 AS INT))
|  |     stored statistics:
|  |       table: rows=360.00K size=33.54MB
|  |       columns: all
|  |     extrapolated-rows=disabled max-scan-range-rows=101.54K
|  |     parquet statistics predicates: i_current_price <= CAST(65 AS DECIMAL(3,0)), i_current_price >= CAST(35 AS DECIMAL(3,0)), i_manufact_id IN (CAST(928 AS INT), CAST(715 AS INT), CAST(942 AS INT), CAST(861 AS INT))
|  |     parquet dictionary predicates: i_current_price <= CAST(65 AS DECIMAL(3,0)), i_current_price >= CAST(35 AS DECIMAL(3,0)), i_manufact_id IN (CAST(928 AS INT), CAST(715 AS INT), CAST(942 AS INT), CAST(861 AS INT))
|  |     mem-estimate=16.00MB mem-reservation=512.00KB thread-reservation=0
|  |     tuple-ids=0 row-size=153B cardinality=476 cost=1333649
|  |     in pipelines: 00(GETNEXT)
|  |
|  03:SCAN HDFS [tpcds_partitioned_parquet_snap.catalog_sales]
|     HDFS partitions=1831/1831 files=1831 size=150.82MB
|     runtime filters: RF005[min_max] -> cs_item_sk, RF004[bloom] -> cs_item_sk
|     stored statistics:
|       table: rows=4.32G size=280.96GB
|       partitions: 1831/1831 rows=4.32G
|       columns: all
|     extrapolated-rows=disabled max-scan-range-rows=21.52M
|     mem-estimate=16.00MB mem-reservation=1.00MB thread-reservation=0
|     tuple-ids=3 row-size=4B cardinality=5.71M(filtered from 4.32G) cost=108425304
|     in pipelines: 03(GETNEXT)
|
01:SCAN HDFS [tpcds_partitioned_parquet_snap.inventory]
   HDFS partitions=261/261 files=261 size=44.10MB
   predicates: inv_quantity_on_hand <= CAST(500 AS INT), inv_quantity_on_hand >= CAST(100 AS INT)
   runtime filters: RF003[min_max] -> inv_item_sk, RF000[bloom] -> inv_date_sk, RF002[bloom] -> inv_item_sk
   stored statistics:
     table: rows=1.03G size=5.10GB
     partitions: 261/261 rows=1.03G
     columns: all
   extrapolated-rows=disabled max-scan-range-rows=3.98M
   parquet statistics predicates: inv_quantity_on_hand <= CAST(500 AS INT), inv_quantity_on_hand >= CAST(100 AS INT)
   parquet dictionary predicates: inv_quantity_on_hand <= CAST(500 AS INT), inv_quantity_on_hand >= CAST(100 AS INT)
   mem-estimate=16.00MB mem-reservation=256.00KB thread-reservation=0
   tuple-ids=1 row-size=12B cardinality=103.36M cost=2092281984
   in pipelines: 01(GETNEXT)
---- DISTRIBUTEDPLAN
Max Per-Host Resource Reservation: Memory=1.05GB Threads=55
Per-Host Resource Estimates: Memory=21.63GB
F06:PLAN FRAGMENT [UNPARTITIONED] hosts=1 instances=1
|  Per-Instance Resources: mem-estimate=5.70MB mem-reservation=4.00MB thread-reservation=1
|  max-parallelism=1 segment-costs=[315] cpu-comparison-result=240 [max(1 (self) vs 240 (sum children))]
PLAN-ROOT SINK
|  output exprs: i_item_id, i_item_desc, i_current_price
|  mem-estimate=4.00MB mem-reservation=4.00MB spill-buffer=2.00MB thread-reservation=0 cost=300
|
15:MERGING-EXCHANGE [UNPARTITIONED]
|  order by: i_item_id ASC
|  limit: 100
|  mem-estimate=1.70MB mem-reservation=0B thread-reservation=0
|  tuple-ids=5 row-size=145B cardinality=100 cost=15
|  in pipelines: 08(GETNEXT)
|
F05:PLAN FRAGMENT [HASH(i_item_id,i_item_desc,i_current_price)] hosts=10 instances=120
Per-Instance Resources: mem-estimate=921.40MB mem-reservation=34.00MB thread-reservation=1
max-parallelism=520 segment-costs=[5155240496, 100, 15] cpu-comparison-result=240 [max(120 (self) vs 240 (sum children))]
08:TOP-N [LIMIT=100]
|  order by: i_item_id ASC
|  mem-estimate=14.12KB mem-reservation=0B thread-reservation=0
|  tuple-ids=5 row-size=145B cardinality=100 cost=100
|  in pipelines: 08(GETNEXT), 14(OPEN)
|
14:AGGREGATE [FINALIZE]
|  group by: i_item_id, i_item_desc, i_current_price
|  mem-estimate=893.99MB mem-reservation=34.00MB spill-buffer=2.00MB thread-reservation=0
|  tuple-ids=4 row-size=145B cardinality=1.64G cost=4917376000
|  in pipelines: 14(GETNEXT), 01(OPEN)
|
13:EXCHANGE [HASH(i_item_id,i_item_desc,i_current_price)]
|  mem-estimate=27.41MB mem-reservation=0B thread-reservation=0
|  tuple-ids=4 row-size=145B cardinality=1.64G cost=237864496
|  in pipelines: 01(GETNEXT)
|
F03:PLAN FRAGMENT [HASH(inv_item_sk)] hosts=10 instances=120
Per-Instance Resources: mem-estimate=848.02MB mem-reservation=34.00MB thread-reservation=1
max-parallelism=670 segment-costs=[6661472314, 237864496] cpu-comparison-result=240 [max(240 (self) vs 151 (sum children))]
07:AGGREGATE [STREAMING]
|  group by: i_item_id, i_item_desc, i_current_price
|  mem-estimate=766.49MB mem-reservation=34.00MB spill-buffer=2.00MB thread-reservation=0
|  tuple-ids=4 row-size=145B cardinality=1.64G cost=4917376000
|  in pipelines: 01(GETNEXT)
|
06:HASH JOIN [INNER JOIN, BROADCAST]
|  hash-table-id=00
|  hash predicates: inv_date_sk = d_date_sk
|  fk/pk conjuncts: inv_date_sk = d_date_sk
|  mem-estimate=0B mem-reservation=0B spill-buffer=64.00KB thread-reservation=0
|  tuple-ids=1,3,0,2 row-size=177B cardinality=1.64G cost=1639125376
|  in pipelines: 01(GETNEXT), 02(OPEN)
|
|--F07:PLAN FRAGMENT [HASH(inv_item_sk)] hosts=10 instances=10
|  |  Per-Instance Resources: mem-estimate=24.32MB mem-reservation=24.25MB thread-reservation=1 runtime-filters-memory=1.00MB
|  |  max-parallelism=10 segment-costs=[8165]
|  JOIN BUILD
|  |  join-table-id=00 plan-id=01 cohort-id=01
|  |  build expressions: d_date_sk
|  |  runtime filters: RF000[bloom] <- d_date_sk
|  |  mem-estimate=23.25MB mem-reservation=23.25MB spill-buffer=64.00KB thread-reservation=0 cost=7305
|  |
|  12:EXCHANGE [BROADCAST]
|  |  mem-estimate=69.07KB mem-reservation=0B thread-reservation=0
|  |  tuple-ids=2 row-size=8B cardinality=7.30K cost=860
|  |  in pipelines: 02(GETNEXT)
|  |
|  F04:PLAN FRAGMENT [RANDOM] hosts=1 instances=1
|  Per-Instance Resources: mem-estimate=16.05MB mem-reservation=1.00MB thread-reservation=1
|  max-parallelism=1 segment-costs=[196755]
|  02:SCAN HDFS [tpcds_partitioned_parquet_snap.date_dim, RANDOM]
|     HDFS partitions=1/1 files=1 size=2.17MB
|     predicates: d_date <= DATE '2001-03-21', d_date >= DATE '2001-01-20'
|     stored statistics:
|       table: rows=73.05K size=2.17MB
|       columns: all
|     extrapolated-rows=disabled max-scan-range-rows=73.05K
|     parquet statistics predicates: d_date <= DATE '2001-03-21', d_date >= DATE '2001-01-20'
|     parquet dictionary predicates: d_date <= DATE '2001-03-21', d_date >= DATE '2001-01-20'
|     mem-estimate=16.00MB mem-reservation=1.00MB thread-reservation=0
|     tuple-ids=2 row-size=8B cardinality=7.30K cost=196669
|     in pipelines: 02(GETNEXT)
|
05:HASH JOIN [INNER JOIN, PARTITIONED]
|  hash-table-id=01
|  hash predicates: inv_item_sk = i_item_sk
|  fk/pk conjuncts: none
|  mem-estimate=0B mem-reservation=0B spill-buffer=1.00MB thread-reservation=0
|  tuple-ids=1,3,0 row-size=169B cardinality=1.64G cost=103356000
|  in pipelines: 01(GETNEXT), 03(OPEN)
|
|--F08:PLAN FRAGMENT [HASH(inv_item_sk)] hosts=10 instances=120
|  |  Per-Instance Resources: mem-estimate=31.21MB mem-reservation=18.00MB thread-reservation=1 runtime-filters-memory=1.00MB
|  |  max-parallelism=670 segment-costs=[6626964] cpu-comparison-result=140 [max(140 (self) vs 14 (sum children))]
|  JOIN BUILD
|  |  join-table-id=01 plan-id=02 cohort-id=01
|  |  build expressions: i_item_sk
|  |  runtime filters: RF002[bloom] <- i_item_sk, RF003[min_max] <- i_item_sk
|  |  mem-estimate=17.00MB mem-reservation=17.00MB spill-buffer=1.00MB thread-reservation=0 cost=5709249
|  |
|  11:EXCHANGE [HASH(i_item_sk)]
|  |  mem-estimate=13.21MB mem-reservation=0B thread-reservation=0
|  |  tuple-ids=3,0 row-size=157B cardinality=5.71M cost=917715
|  |  in pipelines: 03(GETNEXT)
|  |
|  F01:PLAN FRAGMENT [RANDOM] hosts=10 instances=20 (adjusted from 120)
|  Per-Host Shared Resources: mem-estimate=1.00MB mem-reservation=1.00MB thread-reservation=0 runtime-filters-memory=1.00MB
|  Per-Instance Resources: mem-estimate=93.16MB mem-reservation=1.00MB thread-reservation=1
|  max-parallelism=20 segment-costs=[115052268]
|  04:HASH JOIN [INNER JOIN, BROADCAST]
|  |  hash-table-id=02
|  |  hash predicates: cs_item_sk = i_item_sk
|  |  fk/pk conjuncts: cs_item_sk = i_item_sk
|  |  mem-estimate=0B mem-reservation=0B spill-buffer=64.00KB thread-reservation=0
|  |  tuple-ids=3,0 row-size=157B cardinality=5.71M cost=5709249
|  |  in pipelines: 03(GETNEXT), 00(OPEN)
|  |
|  |--F09:PLAN FRAGMENT [RANDOM] hosts=10 instances=10
|  |  |  Per-Instance Resources: mem-estimate=5.23MB mem-reservation=4.88MB thread-reservation=1 runtime-filters-memory=1.00MB
|  |  |  max-parallelism=10 segment-costs=[1206]
|  |  JOIN BUILD
|  |  |  join-table-id=02 plan-id=03 cohort-id=02
|  |  |  build expressions: i_item_sk
|  |  |  runtime filters: RF004[bloom] <- i_item_sk, RF005[min_max] <- i_item_sk
|  |  |  mem-estimate=3.88MB mem-reservation=3.88MB spill-buffer=64.00KB thread-reservation=0 cost=476
|  |  |
|  |  09:EXCHANGE [BROADCAST]
|  |  |  mem-estimate=362.12KB mem-reservation=0B thread-reservation=0
|  |  |  tuple-ids=0 row-size=153B cardinality=476 cost=730
|  |  |  in pipelines: 00(GETNEXT)
|  |  |
|  |  F02:PLAN FRAGMENT [RANDOM] hosts=4 instances=4
|  |  Per-Instance Resources: mem-estimate=16.61MB mem-reservation=512.00KB thread-reservation=1
|  |  max-parallelism=4 segment-costs=[1333722]
|  |  00:SCAN HDFS [tpcds_partitioned_parquet_snap.item, RANDOM]
|  |     HDFS partitions=1/1 files=1 size=1.73MB
|  |     predicates: i_current_price <= CAST(65 AS DECIMAL(3,0)), i_current_price >= CAST(35 AS DECIMAL(3,0)), i_manufact_id IN (CAST(928 AS INT), CAST(715 AS INT), CAST(942 AS INT), CAST(861 AS INT))
|  |     stored statistics:
|  |       table: rows=360.00K size=33.54MB
|  |       columns: all
|  |     extrapolated-rows=disabled max-scan-range-rows=101.54K
|  |     parquet statistics predicates: i_current_price <= CAST(65 AS DECIMAL(3,0)), i_current_price >= CAST(35 AS DECIMAL(3,0)), i_manufact_id IN (CAST(928 AS INT), CAST(715 AS INT), CAST(942 AS INT), CAST(861 AS INT))
|  |     parquet dictionary predicates: i_current_price <= CAST(65 AS DECIMAL(3,0)), i_current_price >= CAST(35 AS DECIMAL(3,0)), i_manufact_id IN (CAST(928 AS INT), CAST(715 AS INT), CAST(942 AS INT), CAST(861 AS INT))
|  |     mem-estimate=16.00MB mem-reservation=512.00KB thread-reservation=0
|  |     tuple-ids=0 row-size=153B cardinality=476 cost=1333649
|  |     in pipelines: 00(GETNEXT)
|  |
|  03:SCAN HDFS [tpcds_partitioned_parquet_snap.catalog_sales, RANDOM]
|     HDFS partitions=1831/1831 files=1831 size=150.82MB
|     runtime filters: RF005[min_max] -> cs_item_sk, RF004[bloom] -> cs_item_sk
|     stored statistics:
|       table: rows=4.32G size=280.96GB
|       partitions: 1831/1831 rows=4.32G
|       columns: all
|     extrapolated-rows=disabled max-scan-range-rows=21.52M
|     mem-estimate=16.00MB mem-reservation=1.00MB thread-reservation=0
|     tuple-ids=3 row-size=4B cardinality=5.71M(filtered from 4.32G) cost=108425304
|     in pipelines: 03(GETNEXT)
|
10:EXCHANGE [HASH(inv_item_sk)]
|  mem-estimate=11.88MB mem-reservation=0B thread-reservation=0
|  tuple-ids=1 row-size=12B cardinality=103.36M cost=1614938
|  in pipelines: 01(GETNEXT)
|
F00:PLAN FRAGMENT [RANDOM] hosts=10 instances=120
Per-Host Shared Resources: mem-estimate=2.00MB mem-reservation=2.00MB thread-reservation=0 runtime-filters-memory=2.00MB
Per-Instance Resources: mem-estimate=23.50MB mem-reservation=256.00KB thread-reservation=1
max-parallelism=210 segment-costs=[2093896922]
01:SCAN HDFS [tpcds_partitioned_parquet_snap.inventory, RANDOM]
   HDFS partitions=261/261 files=261 size=44.10MB
   predicates: inv_quantity_on_hand <= CAST(500 AS INT), inv_quantity_on_hand >= CAST(100 AS INT)
   runtime filters: RF003[min_max] -> inv_item_sk, RF000[bloom] -> inv_date_sk, RF002[bloom] -> inv_item_sk
   stored statistics:
     table: rows=1.03G size=5.10GB
     partitions: 261/261 rows=1.03G
     columns: all
   extrapolated-rows=disabled max-scan-range-rows=3.98M
   parquet statistics predicates: inv_quantity_on_hand <= CAST(500 AS INT), inv_quantity_on_hand >= CAST(100 AS INT)
   parquet dictionary predicates: inv_quantity_on_hand <= CAST(500 AS INT), inv_quantity_on_hand >= CAST(100 AS INT)
   mem-estimate=16.00MB mem-reservation=256.00KB thread-reservation=0
   tuple-ids=1 row-size=12B cardinality=103.36M cost=2092281984
   in pipelines: 01(GETNEXT)
---- PARALLELPLANS
Max Per-Host Resource Reservation: Memory=1.05GB Threads=55
Per-Host Resource Estimates: Memory=21.63GB
F06:PLAN FRAGMENT [UNPARTITIONED] hosts=1 instances=1
|  Per-Instance Resources: mem-estimate=5.70MB mem-reservation=4.00MB thread-reservation=1
|  max-parallelism=1 segment-costs=[315] cpu-comparison-result=240 [max(1 (self) vs 240 (sum children))]
PLAN-ROOT SINK
|  output exprs: i_item_id, i_item_desc, i_current_price
|  mem-estimate=4.00MB mem-reservation=4.00MB spill-buffer=2.00MB thread-reservation=0 cost=300
|
15:MERGING-EXCHANGE [UNPARTITIONED]
|  order by: i_item_id ASC
|  limit: 100
|  mem-estimate=1.70MB mem-reservation=0B thread-reservation=0
|  tuple-ids=5 row-size=145B cardinality=100 cost=15
|  in pipelines: 08(GETNEXT)
|
F05:PLAN FRAGMENT [HASH(i_item_id,i_item_desc,i_current_price)] hosts=10 instances=120
Per-Instance Resources: mem-estimate=921.40MB mem-reservation=34.00MB thread-reservation=1
max-parallelism=520 segment-costs=[5155240496, 100, 15] cpu-comparison-result=240 [max(120 (self) vs 240 (sum children))]
08:TOP-N [LIMIT=100]
|  order by: i_item_id ASC
|  mem-estimate=14.12KB mem-reservation=0B thread-reservation=0
|  tuple-ids=5 row-size=145B cardinality=100 cost=100
|  in pipelines: 08(GETNEXT), 14(OPEN)
|
14:AGGREGATE [FINALIZE]
|  group by: i_item_id, i_item_desc, i_current_price
|  mem-estimate=893.99MB mem-reservation=34.00MB spill-buffer=2.00MB thread-reservation=0
|  tuple-ids=4 row-size=145B cardinality=1.64G cost=4917376000
|  in pipelines: 14(GETNEXT), 01(OPEN)
|
13:EXCHANGE [HASH(i_item_id,i_item_desc,i_current_price)]
|  mem-estimate=27.41MB mem-reservation=0B thread-reservation=0
|  tuple-ids=4 row-size=145B cardinality=1.64G cost=237864496
|  in pipelines: 01(GETNEXT)
|
F03:PLAN FRAGMENT [HASH(inv_item_sk)] hosts=10 instances=120
Per-Instance Resources: mem-estimate=848.02MB mem-reservation=34.00MB thread-reservation=1
max-parallelism=670 segment-costs=[6661472314, 237864496] cpu-comparison-result=240 [max(240 (self) vs 151 (sum children))]
07:AGGREGATE [STREAMING]
|  group by: i_item_id, i_item_desc, i_current_price
|  mem-estimate=766.49MB mem-reservation=34.00MB spill-buffer=2.00MB thread-reservation=0
|  tuple-ids=4 row-size=145B cardinality=1.64G cost=4917376000
|  in pipelines: 01(GETNEXT)
|
06:HASH JOIN [INNER JOIN, BROADCAST]
|  hash-table-id=00
|  hash predicates: inv_date_sk = d_date_sk
|  fk/pk conjuncts: inv_date_sk = d_date_sk
|  mem-estimate=0B mem-reservation=0B spill-buffer=64.00KB thread-reservation=0
|  tuple-ids=1,3,0,2 row-size=177B cardinality=1.64G cost=1639125376
|  in pipelines: 01(GETNEXT), 02(OPEN)
|
|--F07:PLAN FRAGMENT [HASH(inv_item_sk)] hosts=10 instances=10
|  |  Per-Instance Resources: mem-estimate=24.32MB mem-reservation=24.25MB thread-reservation=1 runtime-filters-memory=1.00MB
|  |  max-parallelism=10 segment-costs=[8165]
|  JOIN BUILD
|  |  join-table-id=00 plan-id=01 cohort-id=01
|  |  build expressions: d_date_sk
|  |  runtime filters: RF000[bloom] <- d_date_sk
|  |  mem-estimate=23.25MB mem-reservation=23.25MB spill-buffer=64.00KB thread-reservation=0 cost=7305
|  |
|  12:EXCHANGE [BROADCAST]
|  |  mem-estimate=69.07KB mem-reservation=0B thread-reservation=0
|  |  tuple-ids=2 row-size=8B cardinality=7.30K cost=860
|  |  in pipelines: 02(GETNEXT)
|  |
|  F04:PLAN FRAGMENT [RANDOM] hosts=1 instances=1
|  Per-Instance Resources: mem-estimate=16.05MB mem-reservation=1.00MB thread-reservation=1
|  max-parallelism=1 segment-costs=[196755]
|  02:SCAN HDFS [tpcds_partitioned_parquet_snap.date_dim, RANDOM]
|     HDFS partitions=1/1 files=1 size=2.17MB
|     predicates: d_date <= DATE '2001-03-21', d_date >= DATE '2001-01-20'
|     stored statistics:
|       table: rows=73.05K size=2.17MB
|       columns: all
|     extrapolated-rows=disabled max-scan-range-rows=73.05K
|     parquet statistics predicates: d_date <= DATE '2001-03-21', d_date >= DATE '2001-01-20'
|     parquet dictionary predicates: d_date <= DATE '2001-03-21', d_date >= DATE '2001-01-20'
|     mem-estimate=16.00MB mem-reservation=1.00MB thread-reservation=0
|     tuple-ids=2 row-size=8B cardinality=7.30K cost=196669
|     in pipelines: 02(GETNEXT)
|
05:HASH JOIN [INNER JOIN, PARTITIONED]
|  hash-table-id=01
|  hash predicates: inv_item_sk = i_item_sk
|  fk/pk conjuncts: none
|  mem-estimate=0B mem-reservation=0B spill-buffer=1.00MB thread-reservation=0
|  tuple-ids=1,3,0 row-size=169B cardinality=1.64G cost=103356000
|  in pipelines: 01(GETNEXT), 03(OPEN)
|
|--F08:PLAN FRAGMENT [HASH(inv_item_sk)] hosts=10 instances=120
|  |  Per-Instance Resources: mem-estimate=31.21MB mem-reservation=18.00MB thread-reservation=1 runtime-filters-memory=1.00MB
|  |  max-parallelism=670 segment-costs=[6626964] cpu-comparison-result=140 [max(140 (self) vs 14 (sum children))]
|  JOIN BUILD
|  |  join-table-id=01 plan-id=02 cohort-id=01
|  |  build expressions: i_item_sk
|  |  runtime filters: RF002[bloom] <- i_item_sk, RF003[min_max] <- i_item_sk
|  |  mem-estimate=17.00MB mem-reservation=17.00MB spill-buffer=1.00MB thread-reservation=0 cost=5709249
|  |
|  11:EXCHANGE [HASH(i_item_sk)]
|  |  mem-estimate=13.21MB mem-reservation=0B thread-reservation=0
|  |  tuple-ids=3,0 row-size=157B cardinality=5.71M cost=917715
|  |  in pipelines: 03(GETNEXT)
|  |
|  F01:PLAN FRAGMENT [RANDOM] hosts=10 instances=20 (adjusted from 120)
|  Per-Host Shared Resources: mem-estimate=1.00MB mem-reservation=1.00MB thread-reservation=0 runtime-filters-memory=1.00MB
|  Per-Instance Resources: mem-estimate=93.16MB mem-reservation=1.00MB thread-reservation=1
|  max-parallelism=20 segment-costs=[115052268]
|  04:HASH JOIN [INNER JOIN, BROADCAST]
|  |  hash-table-id=02
|  |  hash predicates: cs_item_sk = i_item_sk
|  |  fk/pk conjuncts: cs_item_sk = i_item_sk
|  |  mem-estimate=0B mem-reservation=0B spill-buffer=64.00KB thread-reservation=0
|  |  tuple-ids=3,0 row-size=157B cardinality=5.71M cost=5709249
|  |  in pipelines: 03(GETNEXT), 00(OPEN)
|  |
|  |--F09:PLAN FRAGMENT [RANDOM] hosts=10 instances=10
|  |  |  Per-Instance Resources: mem-estimate=5.23MB mem-reservation=4.88MB thread-reservation=1 runtime-filters-memory=1.00MB
|  |  |  max-parallelism=10 segment-costs=[1206]
|  |  JOIN BUILD
|  |  |  join-table-id=02 plan-id=03 cohort-id=02
|  |  |  build expressions: i_item_sk
|  |  |  runtime filters: RF004[bloom] <- i_item_sk, RF005[min_max] <- i_item_sk
|  |  |  mem-estimate=3.88MB mem-reservation=3.88MB spill-buffer=64.00KB thread-reservation=0 cost=476
|  |  |
|  |  09:EXCHANGE [BROADCAST]
|  |  |  mem-estimate=362.12KB mem-reservation=0B thread-reservation=0
|  |  |  tuple-ids=0 row-size=153B cardinality=476 cost=730
|  |  |  in pipelines: 00(GETNEXT)
|  |  |
|  |  F02:PLAN FRAGMENT [RANDOM] hosts=4 instances=4
|  |  Per-Instance Resources: mem-estimate=16.61MB mem-reservation=512.00KB thread-reservation=1
|  |  max-parallelism=4 segment-costs=[1333722]
|  |  00:SCAN HDFS [tpcds_partitioned_parquet_snap.item, RANDOM]
|  |     HDFS partitions=1/1 files=1 size=1.73MB
|  |     predicates: i_current_price <= CAST(65 AS DECIMAL(3,0)), i_current_price >= CAST(35 AS DECIMAL(3,0)), i_manufact_id IN (CAST(928 AS INT), CAST(715 AS INT), CAST(942 AS INT), CAST(861 AS INT))
|  |     stored statistics:
|  |       table: rows=360.00K size=33.54MB
|  |       columns: all
|  |     extrapolated-rows=disabled max-scan-range-rows=101.54K
|  |     parquet statistics predicates: i_current_price <= CAST(65 AS DECIMAL(3,0)), i_current_price >= CAST(35 AS DECIMAL(3,0)), i_manufact_id IN (CAST(928 AS INT), CAST(715 AS INT), CAST(942 AS INT), CAST(861 AS INT))
|  |     parquet dictionary predicates: i_current_price <= CAST(65 AS DECIMAL(3,0)), i_current_price >= CAST(35 AS DECIMAL(3,0)), i_manufact_id IN (CAST(928 AS INT), CAST(715 AS INT), CAST(942 AS INT), CAST(861 AS INT))
|  |     mem-estimate=16.00MB mem-reservation=512.00KB thread-reservation=0
|  |     tuple-ids=0 row-size=153B cardinality=476 cost=1333649
|  |     in pipelines: 00(GETNEXT)
|  |
|  03:SCAN HDFS [tpcds_partitioned_parquet_snap.catalog_sales, RANDOM]
|     HDFS partitions=1831/1831 files=1831 size=150.82MB
|     runtime filters: RF005[min_max] -> cs_item_sk, RF004[bloom] -> cs_item_sk
|     stored statistics:
|       table: rows=4.32G size=280.96GB
|       partitions: 1831/1831 rows=4.32G
|       columns: all
|     extrapolated-rows=disabled max-scan-range-rows=21.52M
|     mem-estimate=16.00MB mem-reservation=1.00MB thread-reservation=0
|     tuple-ids=3 row-size=4B cardinality=5.71M(filtered from 4.32G) cost=108425304
|     in pipelines: 03(GETNEXT)
|
10:EXCHANGE [HASH(inv_item_sk)]
|  mem-estimate=11.88MB mem-reservation=0B thread-reservation=0
|  tuple-ids=1 row-size=12B cardinality=103.36M cost=1614938
|  in pipelines: 01(GETNEXT)
|
F00:PLAN FRAGMENT [RANDOM] hosts=10 instances=120
Per-Host Shared Resources: mem-estimate=2.00MB mem-reservation=2.00MB thread-reservation=0 runtime-filters-memory=2.00MB
Per-Instance Resources: mem-estimate=23.50MB mem-reservation=256.00KB thread-reservation=1
max-parallelism=210 segment-costs=[2093896922]
01:SCAN HDFS [tpcds_partitioned_parquet_snap.inventory, RANDOM]
   HDFS partitions=261/261 files=261 size=44.10MB
   predicates: inv_quantity_on_hand <= CAST(500 AS INT), inv_quantity_on_hand >= CAST(100 AS INT)
   runtime filters: RF003[min_max] -> inv_item_sk, RF000[bloom] -> inv_date_sk, RF002[bloom] -> inv_item_sk
   stored statistics:
     table: rows=1.03G size=5.10GB
     partitions: 261/261 rows=1.03G
     columns: all
   extrapolated-rows=disabled max-scan-range-rows=3.98M
   parquet statistics predicates: inv_quantity_on_hand <= CAST(500 AS INT), inv_quantity_on_hand >= CAST(100 AS INT)
   parquet dictionary predicates: inv_quantity_on_hand <= CAST(500 AS INT), inv_quantity_on_hand >= CAST(100 AS INT)
   mem-estimate=16.00MB mem-reservation=256.00KB thread-reservation=0
   tuple-ids=1 row-size=12B cardinality=103.36M cost=2092281984
   in pipelines: 01(GETNEXT)
====
