# TPCDS-Q80
# start query 80 in stream 0 using template query80.tpl using seed 1080781232
with ssr as
 (select  s_store_id as store_id,
          sum(ss_ext_sales_price) as sales,
          sum(coalesce(sr_return_amt, 0)) as `returns`,
          sum(ss_net_profit - coalesce(sr_net_loss, 0)) as profit
  from store_sales left outer join store_returns on
         (ss_item_sk = sr_item_sk and ss_ticket_number = sr_ticket_number),
     date_dim,
     store,
     item,
     promotion
 where ss_sold_date_sk = d_date_sk
       and d_date between cast('1999-08-12' as date)
                  and (cast('1999-08-12' as date) +  interval 30 days)
       and ss_store_sk = s_store_sk
       and ss_item_sk = i_item_sk
       and i_current_price > 50
       and ss_promo_sk = p_promo_sk
       and p_channel_tv = 'N'
 group by s_store_id)
 ,
 csr as
 (select  cp_catalog_page_id as catalog_page_id,
          sum(cs_ext_sales_price) as sales,
          sum(coalesce(cr_return_amount, 0)) as `returns`,
          sum(cs_net_profit - coalesce(cr_net_loss, 0)) as profit
  from catalog_sales left outer join catalog_returns on
         (cs_item_sk = cr_item_sk and cs_order_number = cr_order_number),
     date_dim,
     catalog_page,
     item,
     promotion
 where cs_sold_date_sk = d_date_sk
       and d_date between cast('1999-08-12' as date)
                  and (cast('1999-08-12' as date) +  interval 30 days)
        and cs_catalog_page_sk = cp_catalog_page_sk
       and cs_item_sk = i_item_sk
       and i_current_price > 50
       and cs_promo_sk = p_promo_sk
       and p_channel_tv = 'N'
group by cp_catalog_page_id)
 ,
 wsr as
 (select  web_site_id,
          sum(ws_ext_sales_price) as sales,
          sum(coalesce(wr_return_amt, 0)) as `returns`,
          sum(ws_net_profit - coalesce(wr_net_loss, 0)) as profit
  from web_sales left outer join web_returns on
         (ws_item_sk = wr_item_sk and ws_order_number = wr_order_number),
     date_dim,
     web_site,
     item,
     promotion
 where ws_sold_date_sk = d_date_sk
       and d_date between cast('1999-08-12' as date)
                  and (cast('1999-08-12' as date) +  interval 30 days)
        and ws_web_site_sk = web_site_sk
       and ws_item_sk = i_item_sk
       and i_current_price > 50
       and ws_promo_sk = p_promo_sk
       and p_channel_tv = 'N'
group by web_site_id)
  select  channel
        , id
        , sum(sales) as sales
        , sum(`returns`) as `returns`
        , sum(profit) as profit
 from
 (select 'store channel' as channel
        , 'store' || store_id as id
        , sales
        , `returns`
        , profit
 from   ssr
 union all
 select 'catalog channel' as channel
        , 'catalog_page' || catalog_page_id as id
        , sales
        , `returns`
        , profit
 from  csr
 union all
 select 'web channel' as channel
        , 'web_site' || web_site_id as id
        , sales
        , `returns`
        , profit
 from   wsr
 ) x
 group by rollup (channel, id)
 order by channel
         ,id
 limit 100;

# end query 80 in stream 0 using template query80.tpl
---- PLAN
Max Per-Host Resource Reservation: Memory=75.11MB Threads=1
Per-Host Resource Estimates: Memory=40.23GB
F00:PLAN FRAGMENT [UNPARTITIONED] hosts=1 instances=1
|  Per-Instance Resources: mem-estimate=40.23GB mem-reservation=75.11MB thread-reservation=1 runtime-filters-memory=10.00MB
|  max-parallelism=1 segment-costs=[10782325725, 5490661385, 2828679273, 1101330, 220290, 200, 500]
PLAN-ROOT SINK
|  output exprs: CASE valid_tid(26,27,28) WHEN 26 THEN channel WHEN 27 THEN channel WHEN 28 THEN NULL END, CASE valid_tid(26,27,28) WHEN 26 THEN id WHEN 27 THEN NULL WHEN 28 THEN NULL END, aggif(valid_tid(26,27,28) IN (26, 27, 28), CASE valid_tid(26,27,28) WHEN 26 THEN sum(sales) WHEN 27 THEN sum(sales) WHEN 28 THEN sum(sales) END), aggif(valid_tid(26,27,28) IN (26, 27, 28), CASE valid_tid(26,27,28) WHEN 26 THEN sum(`returns`) WHEN 27 THEN sum(`returns`) WHEN 28 THEN sum(`returns`) END), aggif(valid_tid(26,27,28) IN (26, 27, 28), CASE valid_tid(26,27,28) WHEN 26 THEN sum(profit) WHEN 27 THEN sum(profit) WHEN 28 THEN sum(profit) END)
|  mem-estimate=4.00MB mem-reservation=4.00MB spill-buffer=2.00MB thread-reservation=0 cost=500
|
39:TOP-N [LIMIT=100]
|  order by: CASE valid_tid(26,27,28) WHEN 26 THEN channel WHEN 27 THEN channel WHEN 28 THEN NULL END ASC, CASE valid_tid(26,27,28) WHEN 26 THEN id WHEN 27 THEN NULL WHEN 28 THEN NULL END ASC
|  mem-estimate=7.03KB mem-reservation=0B thread-reservation=0
|  tuple-ids=30 row-size=72B cardinality=100 cost=200
|  in pipelines: 39(GETNEXT), 38(OPEN)
|
38:AGGREGATE [FINALIZE]
|  output: aggif(valid_tid(26,27,28) IN (CAST(26 AS INT), CAST(27 AS INT), CAST(28 AS INT)), CASE valid_tid(26,27,28) WHEN CAST(26 AS INT) THEN sum(sales) WHEN CAST(27 AS INT) THEN sum(sales) WHEN CAST(28 AS INT) THEN sum(sales) END), aggif(valid_tid(26,27,28) IN (CAST(26 AS INT), CAST(27 AS INT), CAST(28 AS INT)), CASE valid_tid(26,27,28) WHEN CAST(26 AS INT) THEN sum(`returns`) WHEN CAST(27 AS INT) THEN sum(`returns`) WHEN CAST(28 AS INT) THEN sum(`returns`) END), aggif(valid_tid(26,27,28) IN (CAST(26 AS INT), CAST(27 AS INT), CAST(28 AS INT)), CASE valid_tid(26,27,28) WHEN CAST(26 AS INT) THEN sum(profit) WHEN CAST(27 AS INT) THEN sum(profit) WHEN CAST(28 AS INT) THEN sum(profit) END)
|  group by: CASE valid_tid(26,27,28) WHEN CAST(26 AS INT) THEN channel WHEN CAST(27 AS INT) THEN channel WHEN CAST(28 AS INT) THEN NULL END, CASE valid_tid(26,27,28) WHEN CAST(26 AS INT) THEN id WHEN CAST(27 AS INT) THEN NULL WHEN CAST(28 AS INT) THEN NULL END, CASE valid_tid(26,27,28) WHEN CAST(26 AS INT) THEN CAST(26 AS INT) WHEN CAST(27 AS INT) THEN CAST(27 AS INT) WHEN CAST(28 AS INT) THEN CAST(28 AS INT) END
|  mem-estimate=10.00MB mem-reservation=4.75MB spill-buffer=256.00KB thread-reservation=0
|  tuple-ids=29 row-size=76B cardinality=36.72K cost=220290
|  in pipelines: 38(GETNEXT), 37(OPEN)
|
37:AGGREGATE [FINALIZE]
|  Class 0
|    output: sum(sales), sum(returns), sum(profit)
|    group by: channel, id
|  Class 1
|    output: sum(sales), sum(returns), sum(profit)
|    group by: channel, NULL
|  Class 2
|    output: sum(sales), sum(returns), sum(profit)
|    group by: NULL, NULL
|  mem-estimate=30.00MB mem-reservation=12.38MB thread-reservation=0
|  tuple-ids=26N,27N,28N row-size=216B cardinality=36.72K cost=550665
|  in pipelines: 37(GETNEXT), 12(OPEN), 24(OPEN), 36(OPEN)
|
00:UNION
|  mem-estimate=0B mem-reservation=0B thread-reservation=0
|  tuple-ids=24 row-size=72B cardinality=36.71K cost=550665
|  in pipelines: 12(GETNEXT), 24(GETNEXT), 36(GETNEXT)
|
|--36:AGGREGATE [FINALIZE]
|  |  output: sum(ws_ext_sales_price), sum(coalesce(wr_return_amt, CAST(0 AS DECIMAL(7,2)))), sum(ws_net_profit - coalesce(wr_net_loss, CAST(0 AS DECIMAL(7,2))))
|  |  group by: web_site_id
|  |  mem-estimate=10.00MB mem-reservation=1.94MB spill-buffer=64.00KB thread-reservation=0
|  |  tuple-ids=22 row-size=76B cardinality=33 cost=840742080
|  |  in pipelines: 36(GETNEXT), 25(OPEN)
|  |
|  35:HASH JOIN [INNER JOIN]
|  |  hash predicates: ws_sold_date_sk = d_date_sk
|  |  fk/pk conjuncts: ws_sold_date_sk = d_date_sk
|  |  mem-estimate=1.94MB mem-reservation=1.94MB spill-buffer=64.00KB thread-reservation=0
|  |  tuple-ids=16,17N,20,19,21,18 row-size=117B cardinality=210.19M cost=210192825
|  |  in pipelines: 25(GETNEXT), 27(OPEN)
|  |
|  |--27:SCAN HDFS [tpcds_partitioned_parquet_snap.date_dim]
|  |     HDFS partitions=1/1 files=1 size=2.17MB
|  |     predicates: d_date <= DATE '1999-09-11', d_date >= DATE '1999-08-12'
|  |     stored statistics:
|  |       table: rows=73.05K size=2.17MB
|  |       columns: all
|  |     extrapolated-rows=disabled max-scan-range-rows=73.05K
|  |     parquet statistics predicates: d_date <= DATE '1999-09-11', d_date >= DATE '1999-08-12'
|  |     parquet dictionary predicates: d_date <= DATE '1999-09-11', d_date >= DATE '1999-08-12'
|  |     mem-estimate=16.00MB mem-reservation=1.00MB thread-reservation=0
|  |     tuple-ids=18 row-size=8B cardinality=7.30K cost=196669
|  |     in pipelines: 27(GETNEXT)
|  |
|  34:HASH JOIN [INNER JOIN]
|  |  hash predicates: ws_promo_sk = p_promo_sk
|  |  fk/pk conjuncts: ws_promo_sk = p_promo_sk
|  |  runtime filters: RF018[bloom] <- p_promo_sk, RF019[min_max] <- p_promo_sk
|  |  mem-estimate=1.94MB mem-reservation=1.94MB spill-buffer=64.00KB thread-reservation=0
|  |  tuple-ids=16,17N,20,19,21 row-size=109B cardinality=210.19M cost=212668403
|  |  in pipelines: 25(GETNEXT), 30(OPEN)
|  |
|  |--30:SCAN HDFS [tpcds_partitioned_parquet_snap.promotion]
|  |     HDFS partitions=1/1 files=1 size=23.20KB
|  |     predicates: p_channel_tv = 'N'
|  |     stored statistics:
|  |       table: rows=1.80K size=100.50KB
|  |       columns: all
|  |     extrapolated-rows=disabled max-scan-range-rows=1.80K
|  |     parquet statistics predicates: p_channel_tv = 'N'
|  |     parquet dictionary predicates: p_channel_tv = 'N'
|  |     mem-estimate=16.00MB mem-reservation=32.00KB thread-reservation=0
|  |     tuple-ids=21 row-size=17B cardinality=1.78K cost=51830
|  |     in pipelines: 30(GETNEXT)
|  |
|  33:HASH JOIN [INNER JOIN]
|  |  hash predicates: ws_web_site_sk = web_site_sk
|  |  fk/pk conjuncts: ws_web_site_sk = web_site_sk
|  |  runtime filters: RF020[bloom] <- web_site_sk, RF021[min_max] <- web_site_sk
|  |  mem-estimate=1.94MB mem-reservation=1.94MB spill-buffer=64.00KB thread-reservation=0
|  |  tuple-ids=16,17N,20,19 row-size=92B cardinality=212.67M cost=215888914
|  |  in pipelines: 25(GETNEXT), 28(OPEN)
|  |
|  |--28:SCAN HDFS [tpcds_partitioned_parquet_snap.web_site]
|  |     HDFS partitions=1/1 files=1 size=11.78KB
|  |     stored statistics:
|  |       table: rows=66 size=17.88KB
|  |       columns: all
|  |     extrapolated-rows=disabled max-scan-range-rows=66
|  |     mem-estimate=16.00MB mem-reservation=16.00KB thread-reservation=0
|  |     tuple-ids=19 row-size=32B cardinality=66 cost=50003
|  |     in pipelines: 28(GETNEXT)
|  |
|  32:HASH JOIN [INNER JOIN]
|  |  hash predicates: ws_item_sk = i_item_sk
|  |  fk/pk conjuncts: ws_item_sk = i_item_sk
|  |  runtime filters: RF022[bloom] <- i_item_sk, RF023[min_max] <- i_item_sk
|  |  mem-estimate=2.88MB mem-reservation=2.88MB spill-buffer=128.00KB thread-reservation=0
|  |  tuple-ids=16,17N,20 row-size=60B cardinality=215.89M(filtered from 215.89M) cost=215924848
|  |  in pipelines: 25(GETNEXT), 29(OPEN)
|  |
|  |--29:SCAN HDFS [tpcds_partitioned_parquet_snap.item]
|  |     HDFS partitions=1/1 files=1 size=1.73MB
|  |     predicates: i_current_price > CAST(50 AS DECIMAL(3,0))
|  |     stored statistics:
|  |       table: rows=360.00K size=33.54MB
|  |       columns: all
|  |     extrapolated-rows=disabled max-scan-range-rows=101.54K
|  |     parquet statistics predicates: i_current_price > CAST(50 AS DECIMAL(3,0))
|  |     parquet dictionary predicates: i_current_price > CAST(50 AS DECIMAL(3,0))
|  |     mem-estimate=16.00MB mem-reservation=512.00KB thread-reservation=0
|  |     tuple-ids=20 row-size=8B cardinality=36.00K cost=562813
|  |     in pipelines: 29(GETNEXT)
|  |
|  31:HASH JOIN [LEFT OUTER JOIN]
|  |  hash predicates: ws_item_sk = wr_item_sk, ws_order_number = wr_order_number
|  |  fk/pk conjuncts: ws_item_sk = wr_item_sk, ws_order_number = wr_order_number
|  |  mem-estimate=10.02GB mem-reservation=34.00MB spill-buffer=2.00MB thread-reservation=0
|  |  tuple-ids=16,17N row-size=52B cardinality=215.89M(filtered from 2.16G) cost=863783072
|  |  in pipelines: 25(GETNEXT), 26(OPEN)
|  |
|  |--26:SCAN HDFS [tpcds_partitioned_parquet_snap.web_returns]
|  |     HDFS partitions=2114/2114 files=2114 size=20.70MB
|  |     runtime filters: RF023[min_max] -> tpcds_partitioned_parquet_snap.web_returns.wr_item_sk, RF022[bloom] -> tpcds_partitioned_parquet_snap.web_returns.wr_item_sk
|  |     stored statistics:
|  |       table: rows=216.00M size=16.74GB
|  |       partitions: 2114/2114 rows=216.00M
|  |       columns: all
|  |     extrapolated-rows=disabled max-scan-range-rows=9.41M
|  |     mem-estimate=16.00MB mem-reservation=256.00KB thread-reservation=0
|  |     tuple-ids=17 row-size=20B cardinality=216.00M cost=109918808
|  |     in pipelines: 26(GETNEXT)
|  |
|  25:SCAN HDFS [tpcds_partitioned_parquet_snap.web_sales]
|     HDFS partitions=1824/1824 files=1824 size=84.18MB
|     runtime filters: RF023[min_max] -> ws_item_sk, RF021[min_max] -> ws_web_site_sk, RF019[min_max] -> ws_promo_sk, RF022[bloom] -> ws_item_sk, RF020[bloom] -> ws_web_site_sk, RF018[bloom] -> ws_promo_sk
|     stored statistics:
|       table: rows=2.16G size=145.75GB
|       partitions: 1824/1824 rows=2.16G
|       columns: all
|     extrapolated-rows=disabled max-scan-range-rows=3.37M
|     mem-estimate=16.00MB mem-reservation=128.00KB thread-reservation=0
|     tuple-ids=16 row-size=32B cardinality=215.89M(filtered from 2.16G) cost=158699008
|     in pipelines: 25(GETNEXT)
|
|--24:AGGREGATE [FINALIZE]
|  |  output: sum(cs_ext_sales_price), sum(coalesce(cr_return_amount, CAST(0 AS DECIMAL(7,2)))), sum(cs_net_profit - coalesce(cr_net_loss, CAST(0 AS DECIMAL(7,2))))
|  |  group by: cp_catalog_page_id
|  |  mem-estimate=10.00MB mem-reservation=4.75MB spill-buffer=256.00KB thread-reservation=0
|  |  tuple-ids=14 row-size=76B cardinality=36.00K cost=1707017344
|  |  in pipelines: 24(GETNEXT), 13(OPEN)
|  |
|  23:HASH JOIN [INNER JOIN]
|  |  hash predicates: cs_catalog_page_sk = cp_catalog_page_sk
|  |  fk/pk conjuncts: cs_catalog_page_sk = cp_catalog_page_sk
|  |  runtime filters: RF008[bloom] <- cp_catalog_page_sk, RF009[min_max] <- cp_catalog_page_sk
|  |  mem-estimate=2.88MB mem-reservation=2.88MB spill-buffer=128.00KB thread-reservation=0
|  |  tuple-ids=8,9N,12,13,10,11 row-size=117B cardinality=426.75M cost=426790336
|  |  in pipelines: 13(GETNEXT), 16(OPEN)
|  |
|  |--16:SCAN HDFS [tpcds_partitioned_parquet_snap.catalog_page]
|  |     HDFS partitions=1/1 files=1 size=739.17KB
|  |     stored statistics:
|  |       table: rows=36.00K size=2.24MB
|  |       columns: all
|  |     extrapolated-rows=disabled max-scan-range-rows=36.00K
|  |     mem-estimate=16.00MB mem-reservation=1.00MB thread-reservation=0
|  |     tuple-ids=11 row-size=32B cardinality=36.00K cost=51125
|  |     in pipelines: 16(GETNEXT)
|  |
|  22:HASH JOIN [INNER JOIN]
|  |  hash predicates: cs_sold_date_sk = d_date_sk
|  |  fk/pk conjuncts: cs_sold_date_sk = d_date_sk
|  |  mem-estimate=1.94MB mem-reservation=1.94MB spill-buffer=64.00KB thread-reservation=0
|  |  tuple-ids=8,9N,12,13,10 row-size=85B cardinality=426.75M cost=426761641
|  |  in pipelines: 13(GETNEXT), 15(OPEN)
|  |
|  |--15:SCAN HDFS [tpcds_partitioned_parquet_snap.date_dim]
|  |     HDFS partitions=1/1 files=1 size=2.17MB
|  |     predicates: d_date <= DATE '1999-09-11', d_date >= DATE '1999-08-12'
|  |     stored statistics:
|  |       table: rows=73.05K size=2.17MB
|  |       columns: all
|  |     extrapolated-rows=disabled max-scan-range-rows=73.05K
|  |     parquet statistics predicates: d_date <= DATE '1999-09-11', d_date >= DATE '1999-08-12'
|  |     parquet dictionary predicates: d_date <= DATE '1999-09-11', d_date >= DATE '1999-08-12'
|  |     mem-estimate=16.00MB mem-reservation=1.00MB thread-reservation=0
|  |     tuple-ids=10 row-size=8B cardinality=7.30K cost=196669
|  |     in pipelines: 15(GETNEXT)
|  |
|  21:HASH JOIN [INNER JOIN]
|  |  hash predicates: cs_promo_sk = p_promo_sk
|  |  fk/pk conjuncts: cs_promo_sk = p_promo_sk
|  |  runtime filters: RF012[bloom] <- p_promo_sk, RF013[min_max] <- p_promo_sk
|  |  mem-estimate=1.94MB mem-reservation=1.94MB spill-buffer=64.00KB thread-reservation=0
|  |  tuple-ids=8,9N,12,13 row-size=77B cardinality=426.75M cost=431793683
|  |  in pipelines: 13(GETNEXT), 18(OPEN)
|  |
|  |--18:SCAN HDFS [tpcds_partitioned_parquet_snap.promotion]
|  |     HDFS partitions=1/1 files=1 size=23.20KB
|  |     predicates: p_channel_tv = 'N'
|  |     stored statistics:
|  |       table: rows=1.80K size=100.50KB
|  |       columns: all
|  |     extrapolated-rows=disabled max-scan-range-rows=1.80K
|  |     parquet statistics predicates: p_channel_tv = 'N'
|  |     parquet dictionary predicates: p_channel_tv = 'N'
|  |     mem-estimate=16.00MB mem-reservation=32.00KB thread-reservation=0
|  |     tuple-ids=13 row-size=17B cardinality=1.78K cost=51830
|  |     in pipelines: 18(GETNEXT)
|  |
|  20:HASH JOIN [INNER JOIN]
|  |  hash predicates: cs_item_sk = i_item_sk
|  |  fk/pk conjuncts: cs_item_sk = i_item_sk
|  |  runtime filters: RF014[bloom] <- i_item_sk, RF015[min_max] <- i_item_sk
|  |  mem-estimate=2.88MB mem-reservation=2.88MB spill-buffer=128.00KB thread-reservation=0
|  |  tuple-ids=8,9N,12 row-size=60B cardinality=431.79M cost=431827904
|  |  in pipelines: 13(GETNEXT), 17(OPEN)
|  |
|  |--17:SCAN HDFS [tpcds_partitioned_parquet_snap.item]
|  |     HDFS partitions=1/1 files=1 size=1.73MB
|  |     predicates: i_current_price > CAST(50 AS DECIMAL(3,0))
|  |     stored statistics:
|  |       table: rows=360.00K size=33.54MB
|  |       columns: all
|  |     extrapolated-rows=disabled max-scan-range-rows=101.54K
|  |     parquet statistics predicates: i_current_price > CAST(50 AS DECIMAL(3,0))
|  |     parquet dictionary predicates: i_current_price > CAST(50 AS DECIMAL(3,0))
|  |     mem-estimate=16.00MB mem-reservation=512.00KB thread-reservation=0
|  |     tuple-ids=12 row-size=8B cardinality=36.00K cost=562813
|  |     in pipelines: 17(GETNEXT)
|  |
|  19:HASH JOIN [LEFT OUTER JOIN]
|  |  hash predicates: cs_item_sk = cr_item_sk, cs_order_number = cr_order_number
|  |  fk/pk conjuncts: cs_item_sk = cr_item_sk, cs_order_number = cr_order_number
|  |  mem-estimate=20.05GB mem-reservation=34.00MB spill-buffer=2.00MB thread-reservation=0
|  |  tuple-ids=8,9N row-size=52B cardinality=431.79M(filtered from 4.32G) cost=1727617792
|  |  in pipelines: 13(GETNEXT), 14(OPEN)
|  |
|  |--14:SCAN HDFS [tpcds_partitioned_parquet_snap.catalog_returns]
|  |     HDFS partitions=2060/2060 files=2060 size=30.47MB
|  |     runtime filters: RF015[min_max] -> tpcds_partitioned_parquet_snap.catalog_returns.cr_item_sk, RF014[bloom] -> tpcds_partitioned_parquet_snap.catalog_returns.cr_item_sk
|  |     stored statistics:
|  |       table: rows=432.02M size=32.77GB
|  |       partitions: 2060/2060 rows=432.02M
|  |       columns: all
|  |     extrapolated-rows=disabled max-scan-range-rows=416.82K
|  |     mem-estimate=16.00MB mem-reservation=32.00KB thread-reservation=0
|  |     tuple-ids=9 row-size=20B cardinality=432.02M cost=111437832
|  |     in pipelines: 14(GETNEXT)
|  |
|  13:SCAN HDFS [tpcds_partitioned_parquet_snap.catalog_sales]
|     HDFS partitions=1831/1831 files=1831 size=150.82MB
|     runtime filters: RF015[min_max] -> cs_item_sk, RF013[min_max] -> cs_promo_sk, RF009[min_max] -> cs_catalog_page_sk, RF014[bloom] -> cs_item_sk, RF012[bloom] -> cs_promo_sk, RF008[bloom] -> cs_catalog_page_sk
|     stored statistics:
|       table: rows=4.32G size=280.96GB
|       partitions: 1831/1831 rows=4.32G
|       columns: all
|     extrapolated-rows=disabled max-scan-range-rows=21.52M
|     mem-estimate=16.00MB mem-reservation=1.00MB thread-reservation=0
|     tuple-ids=8 row-size=32B cardinality=431.79M(filtered from 4.32G) cost=226552416
|     in pipelines: 13(GETNEXT)
|
12:AGGREGATE [FINALIZE]
|  output: sum(ss_ext_sales_price), sum(coalesce(sr_return_amt, CAST(0 AS DECIMAL(7,2)))), sum(ss_net_profit - coalesce(sr_net_loss, CAST(0 AS DECIMAL(7,2))))
|  group by: s_store_id
|  mem-estimate=10.00MB mem-reservation=1.94MB spill-buffer=64.00KB thread-reservation=0
|  tuple-ids=6 row-size=76B cardinality=678 cost=3413947392
|  in pipelines: 12(GETNEXT), 01(OPEN)
|
11:HASH JOIN [INNER JOIN]
|  hash predicates: ss_store_sk = s_store_sk
|  fk/pk conjuncts: ss_store_sk = s_store_sk
|  runtime filters: RF000[bloom] <- s_store_sk, RF001[min_max] <- s_store_sk
|  mem-estimate=1.94MB mem-reservation=1.94MB spill-buffer=64.00KB thread-reservation=0
|  tuple-ids=0,1N,4,5,2,3 row-size=117B cardinality=853.49M cost=853488198
|  in pipelines: 01(GETNEXT), 04(OPEN)
|
|--04:SCAN HDFS [tpcds_partitioned_parquet_snap.store]
|     HDFS partitions=1/1 files=1 size=9.81KB
|     stored statistics:
|       table: rows=1.35K size=119.76KB
|       columns: all
|     extrapolated-rows=disabled max-scan-range-rows=1.35K
|     mem-estimate=16.00MB mem-reservation=16.00KB thread-reservation=0
|     tuple-ids=3 row-size=32B cardinality=1.35K cost=50043
|     in pipelines: 04(GETNEXT)
|
10:HASH JOIN [INNER JOIN]
|  hash predicates: ss_sold_date_sk = d_date_sk
|  fk/pk conjuncts: ss_sold_date_sk = d_date_sk
|  runtime filters: RF002[bloom] <- d_date_sk
|  mem-estimate=1.94MB mem-reservation=1.94MB spill-buffer=64.00KB thread-reservation=0
|  tuple-ids=0,1N,4,5,2 row-size=85B cardinality=853.49M cost=853494153
|  in pipelines: 01(GETNEXT), 03(OPEN)
|
|--03:SCAN HDFS [tpcds_partitioned_parquet_snap.date_dim]
|     HDFS partitions=1/1 files=1 size=2.17MB
|     predicates: d_date <= DATE '1999-09-11', d_date >= DATE '1999-08-12'
|     stored statistics:
|       table: rows=73.05K size=2.17MB
|       columns: all
|     extrapolated-rows=disabled max-scan-range-rows=73.05K
|     parquet statistics predicates: d_date <= DATE '1999-09-11', d_date >= DATE '1999-08-12'
|     parquet dictionary predicates: d_date <= DATE '1999-09-11', d_date >= DATE '1999-08-12'
|     mem-estimate=16.00MB mem-reservation=1.00MB thread-reservation=0
|     tuple-ids=2 row-size=8B cardinality=7.30K cost=196669
|     in pipelines: 03(GETNEXT)
|
09:HASH JOIN [INNER JOIN]
|  hash predicates: ss_promo_sk = p_promo_sk
|  fk/pk conjuncts: ss_promo_sk = p_promo_sk
|  runtime filters: RF004[bloom] <- p_promo_sk, RF005[min_max] <- p_promo_sk
|  mem-estimate=1.94MB mem-reservation=1.94MB spill-buffer=64.00KB thread-reservation=0
|  tuple-ids=0,1N,4,5 row-size=77B cardinality=853.49M cost=863563507
|  in pipelines: 01(GETNEXT), 06(OPEN)
|
|--06:SCAN HDFS [tpcds_partitioned_parquet_snap.promotion]
|     HDFS partitions=1/1 files=1 size=23.20KB
|     predicates: p_channel_tv = 'N'
|     stored statistics:
|       table: rows=1.80K size=100.50KB
|       columns: all
|     extrapolated-rows=disabled max-scan-range-rows=1.80K
|     parquet statistics predicates: p_channel_tv = 'N'
|     parquet dictionary predicates: p_channel_tv = 'N'
|     mem-estimate=16.00MB mem-reservation=32.00KB thread-reservation=0
|     tuple-ids=5 row-size=17B cardinality=1.78K cost=51830
|     in pipelines: 06(GETNEXT)
|
08:HASH JOIN [INNER JOIN]
|  hash predicates: ss_item_sk = i_item_sk
|  fk/pk conjuncts: ss_item_sk = i_item_sk
|  runtime filters: RF006[bloom] <- i_item_sk, RF007[min_max] <- i_item_sk
|  mem-estimate=2.88MB mem-reservation=2.88MB spill-buffer=128.00KB thread-reservation=0
|  tuple-ids=0,1N,4 row-size=60B cardinality=863.56M(filtered from 863.56M) cost=863597728
|  in pipelines: 01(GETNEXT), 05(OPEN)
|
|--05:SCAN HDFS [tpcds_partitioned_parquet_snap.item]
|     HDFS partitions=1/1 files=1 size=1.73MB
|     predicates: i_current_price > CAST(50 AS DECIMAL(3,0))
|     stored statistics:
|       table: rows=360.00K size=33.54MB
|       columns: all
|     extrapolated-rows=disabled max-scan-range-rows=101.54K
|     parquet statistics predicates: i_current_price > CAST(50 AS DECIMAL(3,0))
|     parquet dictionary predicates: i_current_price > CAST(50 AS DECIMAL(3,0))
|     mem-estimate=16.00MB mem-reservation=512.00KB thread-reservation=0
|     tuple-ids=4 row-size=8B cardinality=36.00K cost=562813
|     in pipelines: 05(GETNEXT)
|
07:HASH JOIN [LEFT OUTER JOIN]
|  hash predicates: ss_item_sk = sr_item_sk, ss_ticket_number = sr_ticket_number
|  fk/pk conjuncts: ss_item_sk = sr_item_sk, ss_ticket_number = sr_ticket_number
|  mem-estimate=40.09GB mem-reservation=34.00MB spill-buffer=2.00MB thread-reservation=0
|  tuple-ids=0,1N row-size=52B cardinality=863.56M(filtered from 8.64G) cost=3455100672
|  in pipelines: 01(GETNEXT), 02(OPEN)
|
|--02:SCAN HDFS [tpcds_partitioned_parquet_snap.store_returns]
|     HDFS partitions=2004/2004 files=2004 size=33.63MB
|     runtime filters: RF007[min_max] -> tpcds_partitioned_parquet_snap.store_returns.sr_item_sk, RF006[bloom] -> tpcds_partitioned_parquet_snap.store_returns.sr_item_sk
|     stored statistics:
|       table: rows=863.99M size=48.14GB
|       partitions: 2004/2004 rows=863.99M
|       columns: all
|     extrapolated-rows=disabled max-scan-range-rows=30.09M
|     mem-estimate=16.00MB mem-reservation=512.00KB thread-reservation=0
|     tuple-ids=1 row-size=20B cardinality=863.99M cost=117074768
|     in pipelines: 02(GETNEXT)
|
01:SCAN HDFS [tpcds_partitioned_parquet_snap.store_sales]
   HDFS partitions=1824/1824 files=1824 size=199.33MB
   runtime filters: RF007[min_max] -> ss_item_sk, RF005[min_max] -> ss_promo_sk, RF001[min_max] -> ss_store_sk, RF006[bloom] -> ss_item_sk, RF004[bloom] -> ss_promo_sk, RF000[bloom] -> ss_store_sk, RF002[bloom] -> ss_sold_date_sk
   stored statistics:
     table: rows=8.64G size=389.90GB
     partitions: 1824/1824 rows=8.64G
     columns: all
   extrapolated-rows=disabled max-scan-range-rows=390.22M
   mem-estimate=16.00MB mem-reservation=8.00MB thread-reservation=0
   tuple-ids=0 row-size=32B cardinality=863.56M(filtered from 8.64G) cost=361197952
   in pipelines: 01(GETNEXT)
---- DISTRIBUTEDPLAN
Max Per-Host Resource Reservation: Memory=1.79GB Threads=125
Per-Host Resource Estimates: Memory=11.17GB
F26:PLAN FRAGMENT [UNPARTITIONED] hosts=1 instances=1
|  Per-Instance Resources: mem-estimate=4.07MB mem-reservation=4.00MB thread-reservation=1
|  max-parallelism=1 segment-costs=[508] cpu-comparison-result=561 [max(1 (self) vs 561 (sum children))]
PLAN-ROOT SINK
|  output exprs: CASE valid_tid(26,27,28) WHEN 26 THEN channel WHEN 27 THEN channel WHEN 28 THEN NULL END, CASE valid_tid(26,27,28) WHEN 26 THEN id WHEN 27 THEN NULL WHEN 28 THEN NULL END, aggif(valid_tid(26,27,28) IN (26, 27, 28), CASE valid_tid(26,27,28) WHEN 26 THEN sum(sales) WHEN 27 THEN sum(sales) WHEN 28 THEN sum(sales) END), aggif(valid_tid(26,27,28) IN (26, 27, 28), CASE valid_tid(26,27,28) WHEN 26 THEN sum(`returns`) WHEN 27 THEN sum(`returns`) WHEN 28 THEN sum(`returns`) END), aggif(valid_tid(26,27,28) IN (26, 27, 28), CASE valid_tid(26,27,28) WHEN 26 THEN sum(profit) WHEN 27 THEN sum(profit) WHEN 28 THEN sum(profit) END)
|  mem-estimate=4.00MB mem-reservation=4.00MB spill-buffer=2.00MB thread-reservation=0 cost=500
|
66:MERGING-EXCHANGE [UNPARTITIONED]
|  order by: CASE valid_tid(26,27,28) WHEN 26 THEN channel WHEN 27 THEN channel WHEN 28 THEN NULL END ASC, CASE valid_tid(26,27,28) WHEN 26 THEN id WHEN 27 THEN NULL WHEN 28 THEN NULL END ASC
|  limit: 100
|  mem-estimate=74.92KB mem-reservation=0B thread-reservation=0
|  tuple-ids=30 row-size=72B cardinality=100 cost=8
|  in pipelines: 39(GETNEXT)
|
F25:PLAN FRAGMENT [HASH(CASE valid_tid(26,27,28) WHEN 26 THEN murmur_hash(channel) WHEN 27 THEN murmur_hash(channel) WHEN 28 THEN murmur_hash(NULL) END,CASE valid_tid(26,27,28) WHEN 26 THEN murmur_hash(id) WHEN 27 THEN murmur_hash(NULL) WHEN 28 THEN murmur_hash(NULL) END)] hosts=10 instances=10 (adjusted from 120)
Per-Instance Resources: mem-estimate=57.48MB mem-reservation=7.75MB thread-reservation=1
max-parallelism=10 segment-costs=[191750, 220290, 200, 8] cpu-comparison-result=561 [max(10 (self) vs 561 (sum children))]
39:TOP-N [LIMIT=100]
|  order by: CASE valid_tid(26,27,28) WHEN 26 THEN channel WHEN 27 THEN channel WHEN 28 THEN NULL END ASC, CASE valid_tid(26,27,28) WHEN 26 THEN id WHEN 27 THEN NULL WHEN 28 THEN NULL END ASC
|  mem-estimate=7.03KB mem-reservation=0B thread-reservation=0
|  tuple-ids=30 row-size=72B cardinality=100 cost=200
|  in pipelines: 39(GETNEXT), 38(OPEN)
|
38:AGGREGATE [FINALIZE]
|  output: aggif(valid_tid(26,27,28) IN (CAST(26 AS INT), CAST(27 AS INT), CAST(28 AS INT)), CASE valid_tid(26,27,28) WHEN CAST(26 AS INT) THEN sum(sales) WHEN CAST(27 AS INT) THEN sum(sales) WHEN CAST(28 AS INT) THEN sum(sales) END), aggif(valid_tid(26,27,28) IN (CAST(26 AS INT), CAST(27 AS INT), CAST(28 AS INT)), CASE valid_tid(26,27,28) WHEN CAST(26 AS INT) THEN sum(`returns`) WHEN CAST(27 AS INT) THEN sum(`returns`) WHEN CAST(28 AS INT) THEN sum(`returns`) END), aggif(valid_tid(26,27,28) IN (CAST(26 AS INT), CAST(27 AS INT), CAST(28 AS INT)), CASE valid_tid(26,27,28) WHEN CAST(26 AS INT) THEN sum(profit) WHEN CAST(27 AS INT) THEN sum(profit) WHEN CAST(28 AS INT) THEN sum(profit) END)
|  group by: CASE valid_tid(26,27,28) WHEN CAST(26 AS INT) THEN channel WHEN CAST(27 AS INT) THEN channel WHEN CAST(28 AS INT) THEN NULL END, CASE valid_tid(26,27,28) WHEN CAST(26 AS INT) THEN id WHEN CAST(27 AS INT) THEN NULL WHEN CAST(28 AS INT) THEN NULL END, CASE valid_tid(26,27,28) WHEN CAST(26 AS INT) THEN CAST(26 AS INT) WHEN CAST(27 AS INT) THEN CAST(27 AS INT) WHEN CAST(28 AS INT) THEN CAST(28 AS INT) END
|  mem-estimate=10.00MB mem-reservation=1.94MB spill-buffer=64.00KB thread-reservation=0
|  tuple-ids=29 row-size=76B cardinality=36.72K cost=220290
|  in pipelines: 38(GETNEXT), 65(OPEN)
|
65:AGGREGATE [FINALIZE]
|  Class 0
|    output: sum:merge(sales), sum:merge(`returns`), sum:merge(profit)
|    group by: channel, id
|  Class 1
|    output: sum:merge(sales), sum:merge(`returns`), sum:merge(profit)
|    group by: channel, NULL
|  Class 2
|    output: sum:merge(sales), sum:merge(`returns`), sum:merge(profit)
|    group by: NULL, NULL
|  mem-estimate=30.00MB mem-reservation=5.81MB thread-reservation=0
|  tuple-ids=26N,27N,28N row-size=216B cardinality=36.72K cost=183575
|  in pipelines: 65(GETNEXT), 47(OPEN), 55(OPEN), 63(OPEN)
|
64:EXCHANGE [HASH(CASE valid_tid(26,27,28) WHEN 26 THEN murmur_hash(channel) WHEN 27 THEN murmur_hash(channel) WHEN 28 THEN murmur_hash(NULL) END,CASE valid_tid(26,27,28) WHEN 26 THEN murmur_hash(id) WHEN 27 THEN murmur_hash(NULL) WHEN 28 THEN murmur_hash(NULL) END)]
|  mem-estimate=27.48MB mem-reservation=0B thread-reservation=0
|  tuple-ids=26N,27N,28N row-size=216B cardinality=36.72K cost=8175
|  in pipelines: 47(GETNEXT), 55(GETNEXT), 63(GETNEXT)
|
F24:PLAN FRAGMENT [RANDOM] hosts=10 instances=120
Per-Instance Resources: mem-estimate=58.54MB mem-reservation=7.94MB thread-reservation=1
max-parallelism=120 segment-costs=[2765, 146813, 135, 1101330, 8175] cpu-comparison-result=561 [max(120 (self) vs 561 (sum children))]
37:AGGREGATE [STREAMING]
|  Class 0
|    output: sum(sales), sum(returns), sum(profit)
|    group by: channel, id
|  Class 1
|    output: sum(sales), sum(returns), sum(profit)
|    group by: channel, NULL
|  Class 2
|    output: sum(sales), sum(returns), sum(profit)
|    group by: NULL, NULL
|  mem-estimate=30.00MB mem-reservation=6.00MB thread-reservation=0
|  tuple-ids=26N,27N,28N row-size=216B cardinality=36.72K cost=550665
|  in pipelines: 47(GETNEXT), 55(GETNEXT), 63(GETNEXT)
|
00:UNION
|  mem-estimate=0B mem-reservation=0B thread-reservation=0
|  tuple-ids=24 row-size=72B cardinality=36.71K cost=550665
|  in pipelines: 47(GETNEXT), 55(GETNEXT), 63(GETNEXT)
|
|--63:AGGREGATE [FINALIZE]
|  |  output: sum:merge(ws_ext_sales_price), sum:merge(coalesce(wr_return_amt, 0)), sum:merge(ws_net_profit - coalesce(wr_net_loss, 0))
|  |  group by: web_site_id
|  |  mem-estimate=10.00MB mem-reservation=1.94MB spill-buffer=64.00KB thread-reservation=0
|  |  tuple-ids=22 row-size=76B cardinality=33 cost=132
|  |  in pipelines: 63(GETNEXT), 25(OPEN)
|  |
|  62:EXCHANGE [HASH(web_site_id)]
|  |  mem-estimate=309.62KB mem-reservation=0B thread-reservation=0
|  |  tuple-ids=22 row-size=76B cardinality=33 cost=3
|  |  in pipelines: 25(GETNEXT)
|  |
|  F18:PLAN FRAGMENT [HASH(ws_item_sk,ws_order_number)] hosts=10 instances=120
|  Per-Instance Resources: mem-estimate=58.20MB mem-reservation=2.00MB thread-reservation=1
|  max-parallelism=220 segment-costs=[2134739459, 3] cpu-comparison-result=187 [max(140 (self) vs 187 (sum children))]
|  36:AGGREGATE [STREAMING]
|  |  output: sum(ws_ext_sales_price), sum(coalesce(wr_return_amt, CAST(0 AS DECIMAL(7,2)))), sum(ws_net_profit - coalesce(wr_net_loss, CAST(0 AS DECIMAL(7,2))))
|  |  group by: web_site_id
|  |  mem-estimate=10.00MB mem-reservation=2.00MB spill-buffer=64.00KB thread-reservation=0
|  |  tuple-ids=22 row-size=76B cardinality=33 cost=840742080
|  |  in pipelines: 25(GETNEXT)
|  |
|  35:HASH JOIN [INNER JOIN, BROADCAST]
|  |  hash-table-id=10
|  |  hash predicates: ws_sold_date_sk = d_date_sk
|  |  fk/pk conjuncts: ws_sold_date_sk = d_date_sk
|  |  mem-estimate=0B mem-reservation=0B spill-buffer=64.00KB thread-reservation=0
|  |  tuple-ids=16,17N,20,19,21,18 row-size=117B cardinality=210.19M cost=210185520
|  |  in pipelines: 25(GETNEXT), 27(OPEN)
|  |
|  |--F37:PLAN FRAGMENT [HASH(ws_item_sk,ws_order_number)] hosts=10 instances=10
|  |  |  Per-Instance Resources: mem-estimate=23.32MB mem-reservation=23.25MB thread-reservation=1
|  |  |  max-parallelism=10 segment-costs=[8165]
|  |  JOIN BUILD
|  |  |  join-table-id=10 plan-id=11 cohort-id=03
|  |  |  build expressions: d_date_sk
|  |  |  mem-estimate=23.25MB mem-reservation=23.25MB spill-buffer=64.00KB thread-reservation=0 cost=7305
|  |  |
|  |  61:EXCHANGE [BROADCAST]
|  |  |  mem-estimate=69.07KB mem-reservation=0B thread-reservation=0
|  |  |  tuple-ids=18 row-size=8B cardinality=7.30K cost=860
|  |  |  in pipelines: 27(GETNEXT)
|  |  |
|  |  F22:PLAN FRAGMENT [RANDOM] hosts=1 instances=1
|  |  Per-Instance Resources: mem-estimate=16.05MB mem-reservation=1.00MB thread-reservation=1
|  |  max-parallelism=1 segment-costs=[196755]
|  |  27:SCAN HDFS [tpcds_partitioned_parquet_snap.date_dim, RANDOM]
|  |     HDFS partitions=1/1 files=1 size=2.17MB
|  |     predicates: d_date <= DATE '1999-09-11', d_date >= DATE '1999-08-12'
|  |     stored statistics:
|  |       table: rows=73.05K size=2.17MB
|  |       columns: all
|  |     extrapolated-rows=disabled max-scan-range-rows=73.05K
|  |     parquet statistics predicates: d_date <= DATE '1999-09-11', d_date >= DATE '1999-08-12'
|  |     parquet dictionary predicates: d_date <= DATE '1999-09-11', d_date >= DATE '1999-08-12'
|  |     mem-estimate=16.00MB mem-reservation=1.00MB thread-reservation=0
|  |     tuple-ids=18 row-size=8B cardinality=7.30K cost=196669
|  |     in pipelines: 27(GETNEXT)
|  |
|  34:HASH JOIN [INNER JOIN, BROADCAST]
|  |  hash-table-id=11
|  |  hash predicates: ws_promo_sk = p_promo_sk
|  |  fk/pk conjuncts: ws_promo_sk = p_promo_sk
|  |  mem-estimate=0B mem-reservation=0B spill-buffer=64.00KB thread-reservation=0
|  |  tuple-ids=16,17N,20,19,21 row-size=109B cardinality=210.19M cost=212666624
|  |  in pipelines: 25(GETNEXT), 30(OPEN)
|  |
|  |--F38:PLAN FRAGMENT [HASH(ws_item_sk,ws_order_number)] hosts=10 instances=10
|  |  |  Per-Instance Resources: mem-estimate=24.30MB mem-reservation=24.25MB thread-reservation=1 runtime-filters-memory=1.00MB
|  |  |  max-parallelism=10 segment-costs=[2149]
|  |  JOIN BUILD
|  |  |  join-table-id=11 plan-id=12 cohort-id=03
|  |  |  build expressions: p_promo_sk
|  |  |  runtime filters: RF018[bloom] <- p_promo_sk, RF019[min_max] <- p_promo_sk
|  |  |  mem-estimate=23.25MB mem-reservation=23.25MB spill-buffer=64.00KB thread-reservation=0 cost=1779
|  |  |
|  |  60:EXCHANGE [BROADCAST]
|  |  |  mem-estimate=50.53KB mem-reservation=0B thread-reservation=0
|  |  |  tuple-ids=21 row-size=17B cardinality=1.78K cost=370
|  |  |  in pipelines: 30(GETNEXT)
|  |  |
|  |  F21:PLAN FRAGMENT [RANDOM] hosts=1 instances=1
|  |  Per-Instance Resources: mem-estimate=16.08MB mem-reservation=32.00KB thread-reservation=1
|  |  max-parallelism=1 segment-costs=[51867]
|  |  30:SCAN HDFS [tpcds_partitioned_parquet_snap.promotion, RANDOM]
|  |     HDFS partitions=1/1 files=1 size=23.20KB
|  |     predicates: p_channel_tv = 'N'
|  |     stored statistics:
|  |       table: rows=1.80K size=100.50KB
|  |       columns: all
|  |     extrapolated-rows=disabled max-scan-range-rows=1.80K
|  |     parquet statistics predicates: p_channel_tv = 'N'
|  |     parquet dictionary predicates: p_channel_tv = 'N'
|  |     mem-estimate=16.00MB mem-reservation=32.00KB thread-reservation=0
|  |     tuple-ids=21 row-size=17B cardinality=1.78K cost=51830
|  |     in pipelines: 30(GETNEXT)
|  |
|  33:HASH JOIN [INNER JOIN, BROADCAST]
|  |  hash-table-id=12
|  |  hash predicates: ws_web_site_sk = web_site_sk
|  |  fk/pk conjuncts: ws_web_site_sk = web_site_sk
|  |  mem-estimate=0B mem-reservation=0B spill-buffer=64.00KB thread-reservation=0
|  |  tuple-ids=16,17N,20,19 row-size=92B cardinality=212.67M cost=215888848
|  |  in pipelines: 25(GETNEXT), 28(OPEN)
|  |
|  |--F39:PLAN FRAGMENT [HASH(ws_item_sk,ws_order_number)] hosts=10 instances=10
|  |  |  Per-Instance Resources: mem-estimate=24.27MB mem-reservation=24.25MB thread-reservation=1 runtime-filters-memory=1.00MB
|  |  |  max-parallelism=10 segment-costs=[96]
|  |  JOIN BUILD
|  |  |  join-table-id=12 plan-id=13 cohort-id=03
|  |  |  build expressions: web_site_sk
|  |  |  runtime filters: RF020[bloom] <- web_site_sk, RF021[min_max] <- web_site_sk
|  |  |  mem-estimate=23.25MB mem-reservation=23.25MB spill-buffer=64.00KB thread-reservation=0 cost=66
|  |  |
|  |  59:EXCHANGE [BROADCAST]
|  |  |  mem-estimate=16.00KB mem-reservation=0B thread-reservation=0
|  |  |  tuple-ids=19 row-size=32B cardinality=66 cost=30
|  |  |  in pipelines: 28(GETNEXT)
|  |  |
|  |  F20:PLAN FRAGMENT [RANDOM] hosts=1 instances=1
|  |  Per-Instance Resources: mem-estimate=16.14MB mem-reservation=16.00KB thread-reservation=1
|  |  max-parallelism=1 segment-costs=[50006]
|  |  28:SCAN HDFS [tpcds_partitioned_parquet_snap.web_site, RANDOM]
|  |     HDFS partitions=1/1 files=1 size=11.78KB
|  |     stored statistics:
|  |       table: rows=66 size=17.88KB
|  |       columns: all
|  |     extrapolated-rows=disabled max-scan-range-rows=66
|  |     mem-estimate=16.00MB mem-reservation=16.00KB thread-reservation=0
|  |     tuple-ids=19 row-size=32B cardinality=66 cost=50003
|  |     in pipelines: 28(GETNEXT)
|  |
|  32:HASH JOIN [INNER JOIN, BROADCAST]
|  |  hash-table-id=13
|  |  hash predicates: ws_item_sk = i_item_sk
|  |  fk/pk conjuncts: ws_item_sk = i_item_sk
|  |  mem-estimate=0B mem-reservation=0B spill-buffer=128.00KB thread-reservation=0
|  |  tuple-ids=16,17N,20 row-size=60B cardinality=215.89M(filtered from 215.89M) cost=215888848
|  |  in pipelines: 25(GETNEXT), 29(OPEN)
|  |
|  |--F40:PLAN FRAGMENT [HASH(ws_item_sk,ws_order_number)] hosts=10 instances=10
|  |  |  Per-Instance Resources: mem-estimate=35.82MB mem-reservation=35.50MB thread-reservation=1 runtime-filters-memory=1.00MB
|  |  |  max-parallelism=10 segment-costs=[40220]
|  |  JOIN BUILD
|  |  |  join-table-id=13 plan-id=14 cohort-id=03
|  |  |  build expressions: i_item_sk
|  |  |  runtime filters: RF022[bloom] <- i_item_sk, RF023[min_max] <- i_item_sk
|  |  |  mem-estimate=34.50MB mem-reservation=34.50MB spill-buffer=128.00KB thread-reservation=0 cost=36000
|  |  |
|  |  58:EXCHANGE [BROADCAST]
|  |  |  mem-estimate=329.25KB mem-reservation=0B thread-reservation=0
|  |  |  tuple-ids=20 row-size=8B cardinality=36.00K cost=4220
|  |  |  in pipelines: 29(GETNEXT)
|  |  |
|  |  F19:PLAN FRAGMENT [RANDOM] hosts=4 instances=4
|  |  Per-Instance Resources: mem-estimate=16.05MB mem-reservation=512.00KB thread-reservation=1
|  |  max-parallelism=4 segment-costs=[563235]
|  |  29:SCAN HDFS [tpcds_partitioned_parquet_snap.item, RANDOM]
|  |     HDFS partitions=1/1 files=1 size=1.73MB
|  |     predicates: i_current_price > CAST(50 AS DECIMAL(3,0))
|  |     stored statistics:
|  |       table: rows=360.00K size=33.54MB
|  |       columns: all
|  |     extrapolated-rows=disabled max-scan-range-rows=101.54K
|  |     parquet statistics predicates: i_current_price > CAST(50 AS DECIMAL(3,0))
|  |     parquet dictionary predicates: i_current_price > CAST(50 AS DECIMAL(3,0))
|  |     mem-estimate=16.00MB mem-reservation=512.00KB thread-reservation=0
|  |     tuple-ids=20 row-size=8B cardinality=36.00K cost=562813
|  |     in pipelines: 29(GETNEXT)
|  |
|  31:HASH JOIN [LEFT OUTER JOIN, PARTITIONED]
|  |  hash-table-id=14
|  |  hash predicates: ws_item_sk = wr_item_sk, ws_order_number = wr_order_number
|  |  fk/pk conjuncts: ws_item_sk = wr_item_sk, ws_order_number = wr_order_number
|  |  mem-estimate=0B mem-reservation=0B spill-buffer=2.00MB thread-reservation=0
|  |  tuple-ids=16,17N row-size=52B cardinality=215.89M(filtered from 2.16G) cost=431777696
|  |  in pipelines: 25(GETNEXT), 26(OPEN)
|  |
|  |--F41:PLAN FRAGMENT [HASH(ws_item_sk,ws_order_number)] hosts=10 instances=120
|  |  |  Per-Instance Resources: mem-estimate=96.00MB mem-reservation=34.00MB thread-reservation=1
|  |  |  max-parallelism=220 segment-costs=[437067939]
|  |  JOIN BUILD
|  |  |  join-table-id=14 plan-id=15 cohort-id=03
|  |  |  build expressions: wr_item_sk, wr_order_number
|  |  |  mem-estimate=85.53MB mem-reservation=34.00MB spill-buffer=2.00MB thread-reservation=0 cost=432005376
|  |  |
|  |  57:EXCHANGE [HASH(wr_item_sk,wr_order_number)]
|  |  |  mem-estimate=10.47MB mem-reservation=0B thread-reservation=0
|  |  |  tuple-ids=17 row-size=20B cardinality=216.00M cost=5062563
|  |  |  in pipelines: 26(GETNEXT)
|  |  |
|  |  F17:PLAN FRAGMENT [RANDOM] hosts=10 instances=20 (adjusted from 120)
|  |  Per-Host Shared Resources: mem-estimate=1.00MB mem-reservation=1.00MB thread-reservation=0 runtime-filters-memory=1.00MB
|  |  Per-Instance Resources: mem-estimate=27.25MB mem-reservation=256.00KB thread-reservation=1
|  |  max-parallelism=20 segment-costs=[114981371]
|  |  26:SCAN HDFS [tpcds_partitioned_parquet_snap.web_returns, RANDOM]
|  |     HDFS partitions=2114/2114 files=2114 size=20.70MB
|  |     runtime filters: RF023[min_max] -> tpcds_partitioned_parquet_snap.web_returns.wr_item_sk, RF022[bloom] -> tpcds_partitioned_parquet_snap.web_returns.wr_item_sk
|  |     stored statistics:
|  |       table: rows=216.00M size=16.74GB
|  |       partitions: 2114/2114 rows=216.00M
|  |       columns: all
|  |     extrapolated-rows=disabled max-scan-range-rows=9.41M
|  |     mem-estimate=16.00MB mem-reservation=256.00KB thread-reservation=0
|  |     tuple-ids=17 row-size=20B cardinality=216.00M cost=109918808
|  |     in pipelines: 26(GETNEXT)
|  |
|  56:EXCHANGE [HASH(ws_item_sk,ws_order_number)]
|  |  mem-estimate=10.70MB mem-reservation=0B thread-reservation=0
|  |  tuple-ids=16 row-size=32B cardinality=215.89M(filtered from 2.16G) cost=7589843
|  |  in pipelines: 25(GETNEXT)
|  |
|  F16:PLAN FRAGMENT [RANDOM] hosts=10 instances=20 (adjusted from 120)
|  Per-Host Shared Resources: mem-estimate=3.00MB mem-reservation=3.00MB thread-reservation=0 runtime-filters-memory=3.00MB
|  Per-Instance Resources: mem-estimate=32.88MB mem-reservation=128.00KB thread-reservation=1
|  max-parallelism=20 segment-costs=[166288851]
|  25:SCAN HDFS [tpcds_partitioned_parquet_snap.web_sales, RANDOM]
|     HDFS partitions=1824/1824 files=1824 size=84.18MB
|     runtime filters: RF023[min_max] -> ws_item_sk, RF021[min_max] -> ws_web_site_sk, RF019[min_max] -> ws_promo_sk, RF022[bloom] -> ws_item_sk, RF020[bloom] -> ws_web_site_sk, RF018[bloom] -> ws_promo_sk
|     stored statistics:
|       table: rows=2.16G size=145.75GB
|       partitions: 1824/1824 rows=2.16G
|       columns: all
|     extrapolated-rows=disabled max-scan-range-rows=3.37M
|     mem-estimate=16.00MB mem-reservation=128.00KB thread-reservation=0
|     tuple-ids=16 row-size=32B cardinality=215.89M(filtered from 2.16G) cost=158699008
|     in pipelines: 25(GETNEXT)
|
|--55:AGGREGATE [FINALIZE]
|  |  output: sum:merge(cs_ext_sales_price), sum:merge(coalesce(cr_return_amount, 0)), sum:merge(cs_net_profit - coalesce(cr_net_loss, 0))
|  |  group by: cp_catalog_page_id
|  |  mem-estimate=10.00MB mem-reservation=1.94MB spill-buffer=64.00KB thread-reservation=0
|  |  tuple-ids=14 row-size=76B cardinality=36.00K cost=144000
|  |  in pipelines: 55(GETNEXT), 13(OPEN)
|  |
|  54:EXCHANGE [HASH(cp_catalog_page_id)]
|  |  mem-estimate=9.64MB mem-reservation=0B thread-reservation=0
|  |  tuple-ids=14 row-size=76B cardinality=36.00K cost=2813
|  |  in pipelines: 13(GETNEXT)
|  |
|  F10:PLAN FRAGMENT [HASH(cs_item_sk,cs_order_number)] hosts=10 instances=120
|  Per-Instance Resources: mem-estimate=58.55MB mem-reservation=5.00MB thread-reservation=1
|  max-parallelism=440 segment-costs=[4302873816, 2813] cpu-comparison-result=187 [max(150 (self) vs 187 (sum children))]
|  24:AGGREGATE [STREAMING]
|  |  output: sum(cs_ext_sales_price), sum(coalesce(cr_return_amount, CAST(0 AS DECIMAL(7,2)))), sum(cs_net_profit - coalesce(cr_net_loss, CAST(0 AS DECIMAL(7,2))))
|  |  group by: cp_catalog_page_id
|  |  mem-estimate=10.00MB mem-reservation=5.00MB spill-buffer=256.00KB thread-reservation=0
|  |  tuple-ids=14 row-size=76B cardinality=36.00K cost=1707017344
|  |  in pipelines: 13(GETNEXT)
|  |
|  23:HASH JOIN [INNER JOIN, BROADCAST]
|  |  hash-table-id=05
|  |  hash predicates: cs_catalog_page_sk = cp_catalog_page_sk
|  |  fk/pk conjuncts: cs_catalog_page_sk = cp_catalog_page_sk
|  |  mem-estimate=0B mem-reservation=0B spill-buffer=128.00KB thread-reservation=0
|  |  tuple-ids=8,9N,12,13,10,11 row-size=117B cardinality=426.75M cost=426754336
|  |  in pipelines: 13(GETNEXT), 16(OPEN)
|  |
|  |--F32:PLAN FRAGMENT [HASH(cs_item_sk,cs_order_number)] hosts=10 instances=10
|  |  |  Per-Instance Resources: mem-estimate=36.63MB mem-reservation=35.50MB thread-reservation=1 runtime-filters-memory=1.00MB
|  |  |  max-parallelism=10 segment-costs=[48660]
|  |  JOIN BUILD
|  |  |  join-table-id=05 plan-id=06 cohort-id=02
|  |  |  build expressions: cp_catalog_page_sk
|  |  |  runtime filters: RF008[bloom] <- cp_catalog_page_sk, RF009[min_max] <- cp_catalog_page_sk
|  |  |  mem-estimate=34.50MB mem-reservation=34.50MB spill-buffer=128.00KB thread-reservation=0 cost=36000
|  |  |
|  |  53:EXCHANGE [BROADCAST]
|  |  |  mem-estimate=1.13MB mem-reservation=0B thread-reservation=0
|  |  |  tuple-ids=11 row-size=32B cardinality=36.00K cost=12660
|  |  |  in pipelines: 16(GETNEXT)
|  |  |
|  |  F14:PLAN FRAGMENT [RANDOM] hosts=1 instances=1
|  |  Per-Instance Resources: mem-estimate=16.14MB mem-reservation=1.00MB thread-reservation=1
|  |  max-parallelism=1 segment-costs=[52391]
|  |  16:SCAN HDFS [tpcds_partitioned_parquet_snap.catalog_page, RANDOM]
|  |     HDFS partitions=1/1 files=1 size=739.17KB
|  |     stored statistics:
|  |       table: rows=36.00K size=2.24MB
|  |       columns: all
|  |     extrapolated-rows=disabled max-scan-range-rows=36.00K
|  |     mem-estimate=16.00MB mem-reservation=1.00MB thread-reservation=0
|  |     tuple-ids=11 row-size=32B cardinality=36.00K cost=51125
|  |     in pipelines: 16(GETNEXT)
|  |
|  22:HASH JOIN [INNER JOIN, BROADCAST]
|  |  hash-table-id=06
|  |  hash predicates: cs_sold_date_sk = d_date_sk
|  |  fk/pk conjuncts: cs_sold_date_sk = d_date_sk
|  |  mem-estimate=0B mem-reservation=0B spill-buffer=64.00KB thread-reservation=0
|  |  tuple-ids=8,9N,12,13,10 row-size=85B cardinality=426.75M cost=426754336
|  |  in pipelines: 13(GETNEXT), 15(OPEN)
|  |
|  |--F33:PLAN FRAGMENT [HASH(cs_item_sk,cs_order_number)] hosts=10 instances=10
|  |  |  Per-Instance Resources: mem-estimate=23.32MB mem-reservation=23.25MB thread-reservation=1
|  |  |  max-parallelism=10 segment-costs=[8165]
|  |  JOIN BUILD
|  |  |  join-table-id=06 plan-id=07 cohort-id=02
|  |  |  build expressions: d_date_sk
|  |  |  mem-estimate=23.25MB mem-reservation=23.25MB spill-buffer=64.00KB thread-reservation=0 cost=7305
|  |  |
|  |  52:EXCHANGE [BROADCAST]
|  |  |  mem-estimate=69.07KB mem-reservation=0B thread-reservation=0
|  |  |  tuple-ids=10 row-size=8B cardinality=7.30K cost=860
|  |  |  in pipelines: 15(GETNEXT)
|  |  |
|  |  F13:PLAN FRAGMENT [RANDOM] hosts=1 instances=1
|  |  Per-Instance Resources: mem-estimate=16.05MB mem-reservation=1.00MB thread-reservation=1
|  |  max-parallelism=1 segment-costs=[196755]
|  |  15:SCAN HDFS [tpcds_partitioned_parquet_snap.date_dim, RANDOM]
|  |     HDFS partitions=1/1 files=1 size=2.17MB
|  |     predicates: d_date <= DATE '1999-09-11', d_date >= DATE '1999-08-12'
|  |     stored statistics:
|  |       table: rows=73.05K size=2.17MB
|  |       columns: all
|  |     extrapolated-rows=disabled max-scan-range-rows=73.05K
|  |     parquet statistics predicates: d_date <= DATE '1999-09-11', d_date >= DATE '1999-08-12'
|  |     parquet dictionary predicates: d_date <= DATE '1999-09-11', d_date >= DATE '1999-08-12'
|  |     mem-estimate=16.00MB mem-reservation=1.00MB thread-reservation=0
|  |     tuple-ids=10 row-size=8B cardinality=7.30K cost=196669
|  |     in pipelines: 15(GETNEXT)
|  |
|  21:HASH JOIN [INNER JOIN, BROADCAST]
|  |  hash-table-id=07
|  |  hash predicates: cs_promo_sk = p_promo_sk
|  |  fk/pk conjuncts: cs_promo_sk = p_promo_sk
|  |  mem-estimate=0B mem-reservation=0B spill-buffer=64.00KB thread-reservation=0
|  |  tuple-ids=8,9N,12,13 row-size=77B cardinality=426.75M cost=431791904
|  |  in pipelines: 13(GETNEXT), 18(OPEN)
|  |
|  |--F34:PLAN FRAGMENT [HASH(cs_item_sk,cs_order_number)] hosts=10 instances=10
|  |  |  Per-Instance Resources: mem-estimate=24.30MB mem-reservation=24.25MB thread-reservation=1 runtime-filters-memory=1.00MB
|  |  |  max-parallelism=10 segment-costs=[2149]
|  |  JOIN BUILD
|  |  |  join-table-id=07 plan-id=08 cohort-id=02
|  |  |  build expressions: p_promo_sk
|  |  |  runtime filters: RF012[bloom] <- p_promo_sk, RF013[min_max] <- p_promo_sk
|  |  |  mem-estimate=23.25MB mem-reservation=23.25MB spill-buffer=64.00KB thread-reservation=0 cost=1779
|  |  |
|  |  51:EXCHANGE [BROADCAST]
|  |  |  mem-estimate=50.53KB mem-reservation=0B thread-reservation=0
|  |  |  tuple-ids=13 row-size=17B cardinality=1.78K cost=370
|  |  |  in pipelines: 18(GETNEXT)
|  |  |
|  |  F12:PLAN FRAGMENT [RANDOM] hosts=1 instances=1
|  |  Per-Instance Resources: mem-estimate=16.08MB mem-reservation=32.00KB thread-reservation=1
|  |  max-parallelism=1 segment-costs=[51867]
|  |  18:SCAN HDFS [tpcds_partitioned_parquet_snap.promotion, RANDOM]
|  |     HDFS partitions=1/1 files=1 size=23.20KB
|  |     predicates: p_channel_tv = 'N'
|  |     stored statistics:
|  |       table: rows=1.80K size=100.50KB
|  |       columns: all
|  |     extrapolated-rows=disabled max-scan-range-rows=1.80K
|  |     parquet statistics predicates: p_channel_tv = 'N'
|  |     parquet dictionary predicates: p_channel_tv = 'N'
|  |     mem-estimate=16.00MB mem-reservation=32.00KB thread-reservation=0
|  |     tuple-ids=13 row-size=17B cardinality=1.78K cost=51830
|  |     in pipelines: 18(GETNEXT)
|  |
|  20:HASH JOIN [INNER JOIN, BROADCAST]
|  |  hash-table-id=08
|  |  hash predicates: cs_item_sk = i_item_sk
|  |  fk/pk conjuncts: cs_item_sk = i_item_sk
|  |  mem-estimate=0B mem-reservation=0B spill-buffer=128.00KB thread-reservation=0
|  |  tuple-ids=8,9N,12 row-size=60B cardinality=431.79M cost=431791904
|  |  in pipelines: 13(GETNEXT), 17(OPEN)
|  |
|  |--F35:PLAN FRAGMENT [HASH(cs_item_sk,cs_order_number)] hosts=10 instances=10
|  |  |  Per-Instance Resources: mem-estimate=35.82MB mem-reservation=35.50MB thread-reservation=1 runtime-filters-memory=1.00MB
|  |  |  max-parallelism=10 segment-costs=[40220]
|  |  JOIN BUILD
|  |  |  join-table-id=08 plan-id=09 cohort-id=02
|  |  |  build expressions: i_item_sk
|  |  |  runtime filters: RF014[bloom] <- i_item_sk, RF015[min_max] <- i_item_sk
|  |  |  mem-estimate=34.50MB mem-reservation=34.50MB spill-buffer=128.00KB thread-reservation=0 cost=36000
|  |  |
|  |  50:EXCHANGE [BROADCAST]
|  |  |  mem-estimate=329.25KB mem-reservation=0B thread-reservation=0
|  |  |  tuple-ids=12 row-size=8B cardinality=36.00K cost=4220
|  |  |  in pipelines: 17(GETNEXT)
|  |  |
|  |  F11:PLAN FRAGMENT [RANDOM] hosts=4 instances=4
|  |  Per-Instance Resources: mem-estimate=16.05MB mem-reservation=512.00KB thread-reservation=1
|  |  max-parallelism=4 segment-costs=[563235]
|  |  17:SCAN HDFS [tpcds_partitioned_parquet_snap.item, RANDOM]
|  |     HDFS partitions=1/1 files=1 size=1.73MB
|  |     predicates: i_current_price > CAST(50 AS DECIMAL(3,0))
|  |     stored statistics:
|  |       table: rows=360.00K size=33.54MB
|  |       columns: all
|  |     extrapolated-rows=disabled max-scan-range-rows=101.54K
|  |     parquet statistics predicates: i_current_price > CAST(50 AS DECIMAL(3,0))
|  |     parquet dictionary predicates: i_current_price > CAST(50 AS DECIMAL(3,0))
|  |     mem-estimate=16.00MB mem-reservation=512.00KB thread-reservation=0
|  |     tuple-ids=12 row-size=8B cardinality=36.00K cost=562813
|  |     in pipelines: 17(GETNEXT)
|  |
|  19:HASH JOIN [LEFT OUTER JOIN, PARTITIONED]
|  |  hash-table-id=09
|  |  hash predicates: cs_item_sk = cr_item_sk, cs_order_number = cr_order_number
|  |  fk/pk conjuncts: cs_item_sk = cr_item_sk, cs_order_number = cr_order_number
|  |  mem-estimate=0B mem-reservation=0B spill-buffer=2.00MB thread-reservation=0
|  |  tuple-ids=8,9N row-size=52B cardinality=431.79M(filtered from 4.32G) cost=863583808
|  |  in pipelines: 13(GETNEXT), 14(OPEN)
|  |
|  |--F36:PLAN FRAGMENT [HASH(cs_item_sk,cs_order_number)] hosts=10 instances=120
|  |  |  Per-Instance Resources: mem-estimate=181.54MB mem-reservation=34.00MB thread-reservation=1
|  |  |  max-parallelism=440 segment-costs=[874159382]
|  |  JOIN BUILD
|  |  |  join-table-id=09 plan-id=10 cohort-id=02
|  |  |  build expressions: cr_item_sk, cr_order_number
|  |  |  mem-estimate=171.07MB mem-reservation=34.00MB spill-buffer=2.00MB thread-reservation=0 cost=864033984
|  |  |
|  |  49:EXCHANGE [HASH(cr_item_sk,cr_order_number)]
|  |  |  mem-estimate=10.47MB mem-reservation=0B thread-reservation=0
|  |  |  tuple-ids=9 row-size=20B cardinality=432.02M cost=10125398
|  |  |  in pipelines: 14(GETNEXT)
|  |  |
|  |  F09:PLAN FRAGMENT [RANDOM] hosts=10 instances=20 (adjusted from 120)
|  |  Per-Host Shared Resources: mem-estimate=1.00MB mem-reservation=1.00MB thread-reservation=0 runtime-filters-memory=1.00MB
|  |  Per-Instance Resources: mem-estimate=27.25MB mem-reservation=32.00KB thread-reservation=1
|  |  max-parallelism=20 segment-costs=[121563230]
|  |  14:SCAN HDFS [tpcds_partitioned_parquet_snap.catalog_returns, RANDOM]
|  |     HDFS partitions=2060/2060 files=2060 size=30.47MB
|  |     runtime filters: RF015[min_max] -> tpcds_partitioned_parquet_snap.catalog_returns.cr_item_sk, RF014[bloom] -> tpcds_partitioned_parquet_snap.catalog_returns.cr_item_sk
|  |     stored statistics:
|  |       table: rows=432.02M size=32.77GB
|  |       partitions: 2060/2060 rows=432.02M
|  |       columns: all
|  |     extrapolated-rows=disabled max-scan-range-rows=416.82K
|  |     mem-estimate=16.00MB mem-reservation=32.00KB thread-reservation=0
|  |     tuple-ids=9 row-size=20B cardinality=432.02M cost=111437832
|  |     in pipelines: 14(GETNEXT)
|  |
|  48:EXCHANGE [HASH(cs_item_sk,cs_order_number)]
|  |  mem-estimate=11.05MB mem-reservation=0B thread-reservation=0
|  |  tuple-ids=8 row-size=32B cardinality=431.79M(filtered from 4.32G) cost=15180184
|  |  in pipelines: 13(GETNEXT)
|  |
|  F08:PLAN FRAGMENT [RANDOM] hosts=10 instances=30 (adjusted from 120)
|  Per-Host Shared Resources: mem-estimate=3.00MB mem-reservation=3.00MB thread-reservation=0 runtime-filters-memory=3.00MB
|  Per-Instance Resources: mem-estimate=32.88MB mem-reservation=1.00MB thread-reservation=1
|  max-parallelism=30 segment-costs=[241732600]
|  13:SCAN HDFS [tpcds_partitioned_parquet_snap.catalog_sales, RANDOM]
|     HDFS partitions=1831/1831 files=1831 size=150.82MB
|     runtime filters: RF015[min_max] -> cs_item_sk, RF013[min_max] -> cs_promo_sk, RF009[min_max] -> cs_catalog_page_sk, RF014[bloom] -> cs_item_sk, RF012[bloom] -> cs_promo_sk, RF008[bloom] -> cs_catalog_page_sk
|     stored statistics:
|       table: rows=4.32G size=280.96GB
|       partitions: 1831/1831 rows=4.32G
|       columns: all
|     extrapolated-rows=disabled max-scan-range-rows=21.52M
|     mem-estimate=16.00MB mem-reservation=1.00MB thread-reservation=0
|     tuple-ids=8 row-size=32B cardinality=431.79M(filtered from 4.32G) cost=226552416
|     in pipelines: 13(GETNEXT)
|
47:AGGREGATE [FINALIZE]
|  output: sum:merge(ss_ext_sales_price), sum:merge(coalesce(sr_return_amt, 0)), sum:merge(ss_net_profit - coalesce(sr_net_loss, 0))
|  group by: s_store_id
|  mem-estimate=10.00MB mem-reservation=1.94MB spill-buffer=64.00KB thread-reservation=0
|  tuple-ids=6 row-size=76B cardinality=678 cost=2712
|  in pipelines: 47(GETNEXT), 01(OPEN)
|
46:EXCHANGE [HASH(s_store_id)]
|  mem-estimate=6.21MB mem-reservation=0B thread-reservation=0
|  tuple-ids=6 row-size=76B cardinality=678 cost=53
|  in pipelines: 01(GETNEXT)
|
F02:PLAN FRAGMENT [HASH(ss_item_sk,ss_ticket_number)] hosts=10 instances=120
Per-Instance Resources: mem-estimate=58.91MB mem-reservation=2.00MB thread-reservation=1
max-parallelism=870 segment-costs=[8605527592, 53] cpu-comparison-result=187 [max(160 (self) vs 187 (sum children))]
12:AGGREGATE [STREAMING]
|  output: sum(ss_ext_sales_price), sum(coalesce(sr_return_amt, CAST(0 AS DECIMAL(7,2)))), sum(ss_net_profit - coalesce(sr_net_loss, CAST(0 AS DECIMAL(7,2))))
|  group by: s_store_id
|  mem-estimate=10.00MB mem-reservation=2.00MB spill-buffer=64.00KB thread-reservation=0
|  tuple-ids=6 row-size=76B cardinality=678 cost=3413947392
|  in pipelines: 01(GETNEXT)
|
11:HASH JOIN [INNER JOIN, BROADCAST]
|  hash-table-id=00
|  hash predicates: ss_store_sk = s_store_sk
|  fk/pk conjuncts: ss_store_sk = s_store_sk
|  mem-estimate=0B mem-reservation=0B spill-buffer=64.00KB thread-reservation=0
|  tuple-ids=0,1N,4,5,2,3 row-size=117B cardinality=853.49M cost=853486848
|  in pipelines: 01(GETNEXT), 04(OPEN)
|
|--F27:PLAN FRAGMENT [HASH(ss_item_sk,ss_ticket_number)] hosts=10 instances=10
|  |  Per-Instance Resources: mem-estimate=24.33MB mem-reservation=24.25MB thread-reservation=1 runtime-filters-memory=1.00MB
|  |  max-parallelism=10 segment-costs=[1830]
|  JOIN BUILD
|  |  join-table-id=00 plan-id=01 cohort-id=01
|  |  build expressions: s_store_sk
|  |  runtime filters: RF000[bloom] <- s_store_sk, RF001[min_max] <- s_store_sk
|  |  mem-estimate=23.25MB mem-reservation=23.25MB spill-buffer=64.00KB thread-reservation=0 cost=1350
|  |
|  45:EXCHANGE [BROADCAST]
|  |  mem-estimate=78.19KB mem-reservation=0B thread-reservation=0
|  |  tuple-ids=3 row-size=32B cardinality=1.35K cost=480
|  |  in pipelines: 04(GETNEXT)
|  |
|  F06:PLAN FRAGMENT [RANDOM] hosts=1 instances=1
|  Per-Instance Resources: mem-estimate=16.14MB mem-reservation=16.00KB thread-reservation=1
|  max-parallelism=1 segment-costs=[50091]
|  04:SCAN HDFS [tpcds_partitioned_parquet_snap.store, RANDOM]
|     HDFS partitions=1/1 files=1 size=9.81KB
|     stored statistics:
|       table: rows=1.35K size=119.76KB
|       columns: all
|     extrapolated-rows=disabled max-scan-range-rows=1.35K
|     mem-estimate=16.00MB mem-reservation=16.00KB thread-reservation=0
|     tuple-ids=3 row-size=32B cardinality=1.35K cost=50043
|     in pipelines: 04(GETNEXT)
|
10:HASH JOIN [INNER JOIN, BROADCAST]
|  hash-table-id=01
|  hash predicates: ss_sold_date_sk = d_date_sk
|  fk/pk conjuncts: ss_sold_date_sk = d_date_sk
|  mem-estimate=0B mem-reservation=0B spill-buffer=64.00KB thread-reservation=0
|  tuple-ids=0,1N,4,5,2 row-size=85B cardinality=853.49M cost=853486848
|  in pipelines: 01(GETNEXT), 03(OPEN)
|
|--F28:PLAN FRAGMENT [HASH(ss_item_sk,ss_ticket_number)] hosts=10 instances=10
|  |  Per-Instance Resources: mem-estimate=24.32MB mem-reservation=24.25MB thread-reservation=1 runtime-filters-memory=1.00MB
|  |  max-parallelism=10 segment-costs=[8165]
|  JOIN BUILD
|  |  join-table-id=01 plan-id=02 cohort-id=01
|  |  build expressions: d_date_sk
|  |  runtime filters: RF002[bloom] <- d_date_sk
|  |  mem-estimate=23.25MB mem-reservation=23.25MB spill-buffer=64.00KB thread-reservation=0 cost=7305
|  |
|  44:EXCHANGE [BROADCAST]
|  |  mem-estimate=69.07KB mem-reservation=0B thread-reservation=0
|  |  tuple-ids=2 row-size=8B cardinality=7.30K cost=860
|  |  in pipelines: 03(GETNEXT)
|  |
|  F05:PLAN FRAGMENT [RANDOM] hosts=1 instances=1
|  Per-Instance Resources: mem-estimate=16.05MB mem-reservation=1.00MB thread-reservation=1
|  max-parallelism=1 segment-costs=[196755]
|  03:SCAN HDFS [tpcds_partitioned_parquet_snap.date_dim, RANDOM]
|     HDFS partitions=1/1 files=1 size=2.17MB
|     predicates: d_date <= DATE '1999-09-11', d_date >= DATE '1999-08-12'
|     stored statistics:
|       table: rows=73.05K size=2.17MB
|       columns: all
|     extrapolated-rows=disabled max-scan-range-rows=73.05K
|     parquet statistics predicates: d_date <= DATE '1999-09-11', d_date >= DATE '1999-08-12'
|     parquet dictionary predicates: d_date <= DATE '1999-09-11', d_date >= DATE '1999-08-12'
|     mem-estimate=16.00MB mem-reservation=1.00MB thread-reservation=0
|     tuple-ids=2 row-size=8B cardinality=7.30K cost=196669
|     in pipelines: 03(GETNEXT)
|
09:HASH JOIN [INNER JOIN, BROADCAST]
|  hash-table-id=02
|  hash predicates: ss_promo_sk = p_promo_sk
|  fk/pk conjuncts: ss_promo_sk = p_promo_sk
|  mem-estimate=0B mem-reservation=0B spill-buffer=64.00KB thread-reservation=0
|  tuple-ids=0,1N,4,5 row-size=77B cardinality=853.49M cost=863561728
|  in pipelines: 01(GETNEXT), 06(OPEN)
|
|--F29:PLAN FRAGMENT [HASH(ss_item_sk,ss_ticket_number)] hosts=10 instances=10
|  |  Per-Instance Resources: mem-estimate=24.30MB mem-reservation=24.25MB thread-reservation=1 runtime-filters-memory=1.00MB
|  |  max-parallelism=10 segment-costs=[2149]
|  JOIN BUILD
|  |  join-table-id=02 plan-id=03 cohort-id=01
|  |  build expressions: p_promo_sk
|  |  runtime filters: RF004[bloom] <- p_promo_sk, RF005[min_max] <- p_promo_sk
|  |  mem-estimate=23.25MB mem-reservation=23.25MB spill-buffer=64.00KB thread-reservation=0 cost=1779
|  |
|  43:EXCHANGE [BROADCAST]
|  |  mem-estimate=50.53KB mem-reservation=0B thread-reservation=0
|  |  tuple-ids=5 row-size=17B cardinality=1.78K cost=370
|  |  in pipelines: 06(GETNEXT)
|  |
|  F04:PLAN FRAGMENT [RANDOM] hosts=1 instances=1
|  Per-Instance Resources: mem-estimate=16.08MB mem-reservation=32.00KB thread-reservation=1
|  max-parallelism=1 segment-costs=[51867]
|  06:SCAN HDFS [tpcds_partitioned_parquet_snap.promotion, RANDOM]
|     HDFS partitions=1/1 files=1 size=23.20KB
|     predicates: p_channel_tv = 'N'
|     stored statistics:
|       table: rows=1.80K size=100.50KB
|       columns: all
|     extrapolated-rows=disabled max-scan-range-rows=1.80K
|     parquet statistics predicates: p_channel_tv = 'N'
|     parquet dictionary predicates: p_channel_tv = 'N'
|     mem-estimate=16.00MB mem-reservation=32.00KB thread-reservation=0
|     tuple-ids=5 row-size=17B cardinality=1.78K cost=51830
|     in pipelines: 06(GETNEXT)
|
08:HASH JOIN [INNER JOIN, BROADCAST]
|  hash-table-id=03
|  hash predicates: ss_item_sk = i_item_sk
|  fk/pk conjuncts: ss_item_sk = i_item_sk
|  mem-estimate=0B mem-reservation=0B spill-buffer=128.00KB thread-reservation=0
|  tuple-ids=0,1N,4 row-size=60B cardinality=863.56M(filtered from 863.56M) cost=863561728
|  in pipelines: 01(GETNEXT), 05(OPEN)
|
|--F30:PLAN FRAGMENT [HASH(ss_item_sk,ss_ticket_number)] hosts=10 instances=10
|  |  Per-Instance Resources: mem-estimate=35.82MB mem-reservation=35.50MB thread-reservation=1 runtime-filters-memory=1.00MB
|  |  max-parallelism=10 segment-costs=[40220]
|  JOIN BUILD
|  |  join-table-id=03 plan-id=04 cohort-id=01
|  |  build expressions: i_item_sk
|  |  runtime filters: RF006[bloom] <- i_item_sk, RF007[min_max] <- i_item_sk
|  |  mem-estimate=34.50MB mem-reservation=34.50MB spill-buffer=128.00KB thread-reservation=0 cost=36000
|  |
|  42:EXCHANGE [BROADCAST]
|  |  mem-estimate=329.25KB mem-reservation=0B thread-reservation=0
|  |  tuple-ids=4 row-size=8B cardinality=36.00K cost=4220
|  |  in pipelines: 05(GETNEXT)
|  |
|  F03:PLAN FRAGMENT [RANDOM] hosts=4 instances=4
|  Per-Instance Resources: mem-estimate=16.05MB mem-reservation=512.00KB thread-reservation=1
|  max-parallelism=4 segment-costs=[563235]
|  05:SCAN HDFS [tpcds_partitioned_parquet_snap.item, RANDOM]
|     HDFS partitions=1/1 files=1 size=1.73MB
|     predicates: i_current_price > CAST(50 AS DECIMAL(3,0))
|     stored statistics:
|       table: rows=360.00K size=33.54MB
|       columns: all
|     extrapolated-rows=disabled max-scan-range-rows=101.54K
|     parquet statistics predicates: i_current_price > CAST(50 AS DECIMAL(3,0))
|     parquet dictionary predicates: i_current_price > CAST(50 AS DECIMAL(3,0))
|     mem-estimate=16.00MB mem-reservation=512.00KB thread-reservation=0
|     tuple-ids=4 row-size=8B cardinality=36.00K cost=562813
|     in pipelines: 05(GETNEXT)
|
07:HASH JOIN [LEFT OUTER JOIN, PARTITIONED]
|  hash-table-id=04
|  hash predicates: ss_item_sk = sr_item_sk, ss_ticket_number = sr_ticket_number
|  fk/pk conjuncts: ss_item_sk = sr_item_sk, ss_ticket_number = sr_ticket_number
|  mem-estimate=0B mem-reservation=0B spill-buffer=2.00MB thread-reservation=0
|  tuple-ids=0,1N row-size=52B cardinality=863.56M(filtered from 8.64G) cost=1727123456
|  in pipelines: 01(GETNEXT), 02(OPEN)
|
|--F31:PLAN FRAGMENT [HASH(ss_item_sk,ss_ticket_number)] hosts=10 instances=120
|  |  Per-Instance Resources: mem-estimate=352.60MB mem-reservation=34.00MB thread-reservation=1
|  |  max-parallelism=870 segment-costs=[1748226948]
|  JOIN BUILD
|  |  join-table-id=04 plan-id=05 cohort-id=01
|  |  build expressions: sr_item_sk, sr_ticket_number
|  |  mem-estimate=342.13MB mem-reservation=34.00MB spill-buffer=2.00MB thread-reservation=0 cost=1727977216
|  |
|  41:EXCHANGE [HASH(sr_item_sk,sr_ticket_number)]
|  |  mem-estimate=10.47MB mem-reservation=0B thread-reservation=0
|  |  tuple-ids=1 row-size=20B cardinality=863.99M cost=20249732
|  |  in pipelines: 02(GETNEXT)
|  |
|  F01:PLAN FRAGMENT [RANDOM] hosts=10 instances=20 (adjusted from 120)
|  Per-Host Shared Resources: mem-estimate=1.00MB mem-reservation=1.00MB thread-reservation=0 runtime-filters-memory=1.00MB
|  Per-Instance Resources: mem-estimate=27.25MB mem-reservation=512.00KB thread-reservation=1
|  max-parallelism=20 segment-costs=[137324500]
|  02:SCAN HDFS [tpcds_partitioned_parquet_snap.store_returns, RANDOM]
|     HDFS partitions=2004/2004 files=2004 size=33.63MB
|     runtime filters: RF007[min_max] -> tpcds_partitioned_parquet_snap.store_returns.sr_item_sk, RF006[bloom] -> tpcds_partitioned_parquet_snap.store_returns.sr_item_sk
|     stored statistics:
|       table: rows=863.99M size=48.14GB
|       partitions: 2004/2004 rows=863.99M
|       columns: all
|     extrapolated-rows=disabled max-scan-range-rows=30.09M
|     mem-estimate=16.00MB mem-reservation=512.00KB thread-reservation=0
|     tuple-ids=1 row-size=20B cardinality=863.99M cost=117074768
|     in pipelines: 02(GETNEXT)
|
40:EXCHANGE [HASH(ss_item_sk,ss_ticket_number)]
|  mem-estimate=11.41MB mem-reservation=0B thread-reservation=0
|  tuple-ids=0 row-size=32B cardinality=863.56M(filtered from 8.64G) cost=30359592
|  in pipelines: 01(GETNEXT)
|
F00:PLAN FRAGMENT [RANDOM] hosts=10 instances=40 (adjusted from 120)
Per-Host Shared Resources: mem-estimate=4.00MB mem-reservation=4.00MB thread-reservation=0 runtime-filters-memory=4.00MB
Per-Instance Resources: mem-estimate=32.88MB mem-reservation=8.00MB thread-reservation=1
max-parallelism=40 segment-costs=[391557544]
01:SCAN HDFS [tpcds_partitioned_parquet_snap.store_sales, RANDOM]
   HDFS partitions=1824/1824 files=1824 size=199.33MB
   runtime filters: RF007[min_max] -> ss_item_sk, RF005[min_max] -> ss_promo_sk, RF001[min_max] -> ss_store_sk, RF006[bloom] -> ss_item_sk, RF004[bloom] -> ss_promo_sk, RF000[bloom] -> ss_store_sk, RF002[bloom] -> ss_sold_date_sk
   stored statistics:
     table: rows=8.64G size=389.90GB
     partitions: 1824/1824 rows=8.64G
     columns: all
   extrapolated-rows=disabled max-scan-range-rows=390.22M
   mem-estimate=16.00MB mem-reservation=8.00MB thread-reservation=0
   tuple-ids=0 row-size=32B cardinality=863.56M(filtered from 8.64G) cost=361197952
   in pipelines: 01(GETNEXT)
---- PARALLELPLANS
Max Per-Host Resource Reservation: Memory=1.79GB Threads=125
Per-Host Resource Estimates: Memory=11.17GB
F26:PLAN FRAGMENT [UNPARTITIONED] hosts=1 instances=1
|  Per-Instance Resources: mem-estimate=4.07MB mem-reservation=4.00MB thread-reservation=1
|  max-parallelism=1 segment-costs=[508] cpu-comparison-result=561 [max(1 (self) vs 561 (sum children))]
PLAN-ROOT SINK
|  output exprs: CASE valid_tid(26,27,28) WHEN 26 THEN channel WHEN 27 THEN channel WHEN 28 THEN NULL END, CASE valid_tid(26,27,28) WHEN 26 THEN id WHEN 27 THEN NULL WHEN 28 THEN NULL END, aggif(valid_tid(26,27,28) IN (26, 27, 28), CASE valid_tid(26,27,28) WHEN 26 THEN sum(sales) WHEN 27 THEN sum(sales) WHEN 28 THEN sum(sales) END), aggif(valid_tid(26,27,28) IN (26, 27, 28), CASE valid_tid(26,27,28) WHEN 26 THEN sum(`returns`) WHEN 27 THEN sum(`returns`) WHEN 28 THEN sum(`returns`) END), aggif(valid_tid(26,27,28) IN (26, 27, 28), CASE valid_tid(26,27,28) WHEN 26 THEN sum(profit) WHEN 27 THEN sum(profit) WHEN 28 THEN sum(profit) END)
|  mem-estimate=4.00MB mem-reservation=4.00MB spill-buffer=2.00MB thread-reservation=0 cost=500
|
66:MERGING-EXCHANGE [UNPARTITIONED]
|  order by: CASE valid_tid(26,27,28) WHEN 26 THEN channel WHEN 27 THEN channel WHEN 28 THEN NULL END ASC, CASE valid_tid(26,27,28) WHEN 26 THEN id WHEN 27 THEN NULL WHEN 28 THEN NULL END ASC
|  limit: 100
|  mem-estimate=74.92KB mem-reservation=0B thread-reservation=0
|  tuple-ids=30 row-size=72B cardinality=100 cost=8
|  in pipelines: 39(GETNEXT)
|
F25:PLAN FRAGMENT [HASH(CASE valid_tid(26,27,28) WHEN 26 THEN murmur_hash(channel) WHEN 27 THEN murmur_hash(channel) WHEN 28 THEN murmur_hash(NULL) END,CASE valid_tid(26,27,28) WHEN 26 THEN murmur_hash(id) WHEN 27 THEN murmur_hash(NULL) WHEN 28 THEN murmur_hash(NULL) END)] hosts=10 instances=10 (adjusted from 120)
Per-Instance Resources: mem-estimate=57.48MB mem-reservation=7.75MB thread-reservation=1
max-parallelism=10 segment-costs=[191750, 220290, 200, 8] cpu-comparison-result=561 [max(10 (self) vs 561 (sum children))]
39:TOP-N [LIMIT=100]
|  order by: CASE valid_tid(26,27,28) WHEN 26 THEN channel WHEN 27 THEN channel WHEN 28 THEN NULL END ASC, CASE valid_tid(26,27,28) WHEN 26 THEN id WHEN 27 THEN NULL WHEN 28 THEN NULL END ASC
|  mem-estimate=7.03KB mem-reservation=0B thread-reservation=0
|  tuple-ids=30 row-size=72B cardinality=100 cost=200
|  in pipelines: 39(GETNEXT), 38(OPEN)
|
38:AGGREGATE [FINALIZE]
|  output: aggif(valid_tid(26,27,28) IN (CAST(26 AS INT), CAST(27 AS INT), CAST(28 AS INT)), CASE valid_tid(26,27,28) WHEN CAST(26 AS INT) THEN sum(sales) WHEN CAST(27 AS INT) THEN sum(sales) WHEN CAST(28 AS INT) THEN sum(sales) END), aggif(valid_tid(26,27,28) IN (CAST(26 AS INT), CAST(27 AS INT), CAST(28 AS INT)), CASE valid_tid(26,27,28) WHEN CAST(26 AS INT) THEN sum(`returns`) WHEN CAST(27 AS INT) THEN sum(`returns`) WHEN CAST(28 AS INT) THEN sum(`returns`) END), aggif(valid_tid(26,27,28) IN (CAST(26 AS INT), CAST(27 AS INT), CAST(28 AS INT)), CASE valid_tid(26,27,28) WHEN CAST(26 AS INT) THEN sum(profit) WHEN CAST(27 AS INT) THEN sum(profit) WHEN CAST(28 AS INT) THEN sum(profit) END)
|  group by: CASE valid_tid(26,27,28) WHEN CAST(26 AS INT) THEN channel WHEN CAST(27 AS INT) THEN channel WHEN CAST(28 AS INT) THEN NULL END, CASE valid_tid(26,27,28) WHEN CAST(26 AS INT) THEN id WHEN CAST(27 AS INT) THEN NULL WHEN CAST(28 AS INT) THEN NULL END, CASE valid_tid(26,27,28) WHEN CAST(26 AS INT) THEN CAST(26 AS INT) WHEN CAST(27 AS INT) THEN CAST(27 AS INT) WHEN CAST(28 AS INT) THEN CAST(28 AS INT) END
|  mem-estimate=10.00MB mem-reservation=1.94MB spill-buffer=64.00KB thread-reservation=0
|  tuple-ids=29 row-size=76B cardinality=36.72K cost=220290
|  in pipelines: 38(GETNEXT), 65(OPEN)
|
65:AGGREGATE [FINALIZE]
|  Class 0
|    output: sum:merge(sales), sum:merge(`returns`), sum:merge(profit)
|    group by: channel, id
|  Class 1
|    output: sum:merge(sales), sum:merge(`returns`), sum:merge(profit)
|    group by: channel, NULL
|  Class 2
|    output: sum:merge(sales), sum:merge(`returns`), sum:merge(profit)
|    group by: NULL, NULL
|  mem-estimate=30.00MB mem-reservation=5.81MB thread-reservation=0
|  tuple-ids=26N,27N,28N row-size=216B cardinality=36.72K cost=183575
|  in pipelines: 65(GETNEXT), 47(OPEN), 55(OPEN), 63(OPEN)
|
64:EXCHANGE [HASH(CASE valid_tid(26,27,28) WHEN 26 THEN murmur_hash(channel) WHEN 27 THEN murmur_hash(channel) WHEN 28 THEN murmur_hash(NULL) END,CASE valid_tid(26,27,28) WHEN 26 THEN murmur_hash(id) WHEN 27 THEN murmur_hash(NULL) WHEN 28 THEN murmur_hash(NULL) END)]
|  mem-estimate=27.48MB mem-reservation=0B thread-reservation=0
|  tuple-ids=26N,27N,28N row-size=216B cardinality=36.72K cost=8175
|  in pipelines: 47(GETNEXT), 55(GETNEXT), 63(GETNEXT)
|
F24:PLAN FRAGMENT [RANDOM] hosts=10 instances=120
Per-Instance Resources: mem-estimate=58.54MB mem-reservation=7.94MB thread-reservation=1
max-parallelism=120 segment-costs=[2765, 146813, 135, 1101330, 8175] cpu-comparison-result=561 [max(120 (self) vs 561 (sum children))]
37:AGGREGATE [STREAMING]
|  Class 0
|    output: sum(sales), sum(returns), sum(profit)
|    group by: channel, id
|  Class 1
|    output: sum(sales), sum(returns), sum(profit)
|    group by: channel, NULL
|  Class 2
|    output: sum(sales), sum(returns), sum(profit)
|    group by: NULL, NULL
|  mem-estimate=30.00MB mem-reservation=6.00MB thread-reservation=0
|  tuple-ids=26N,27N,28N row-size=216B cardinality=36.72K cost=550665
|  in pipelines: 47(GETNEXT), 55(GETNEXT), 63(GETNEXT)
|
00:UNION
|  mem-estimate=0B mem-reservation=0B thread-reservation=0
|  tuple-ids=24 row-size=72B cardinality=36.71K cost=550665
|  in pipelines: 47(GETNEXT), 55(GETNEXT), 63(GETNEXT)
|
|--63:AGGREGATE [FINALIZE]
|  |  output: sum:merge(ws_ext_sales_price), sum:merge(coalesce(wr_return_amt, 0)), sum:merge(ws_net_profit - coalesce(wr_net_loss, 0))
|  |  group by: web_site_id
|  |  mem-estimate=10.00MB mem-reservation=1.94MB spill-buffer=64.00KB thread-reservation=0
|  |  tuple-ids=22 row-size=76B cardinality=33 cost=132
|  |  in pipelines: 63(GETNEXT), 25(OPEN)
|  |
|  62:EXCHANGE [HASH(web_site_id)]
|  |  mem-estimate=309.62KB mem-reservation=0B thread-reservation=0
|  |  tuple-ids=22 row-size=76B cardinality=33 cost=3
|  |  in pipelines: 25(GETNEXT)
|  |
|  F18:PLAN FRAGMENT [HASH(ws_item_sk,ws_order_number)] hosts=10 instances=120
|  Per-Instance Resources: mem-estimate=58.20MB mem-reservation=2.00MB thread-reservation=1
|  max-parallelism=220 segment-costs=[2134739459, 3] cpu-comparison-result=187 [max(140 (self) vs 187 (sum children))]
|  36:AGGREGATE [STREAMING]
|  |  output: sum(ws_ext_sales_price), sum(coalesce(wr_return_amt, CAST(0 AS DECIMAL(7,2)))), sum(ws_net_profit - coalesce(wr_net_loss, CAST(0 AS DECIMAL(7,2))))
|  |  group by: web_site_id
|  |  mem-estimate=10.00MB mem-reservation=2.00MB spill-buffer=64.00KB thread-reservation=0
|  |  tuple-ids=22 row-size=76B cardinality=33 cost=840742080
|  |  in pipelines: 25(GETNEXT)
|  |
|  35:HASH JOIN [INNER JOIN, BROADCAST]
|  |  hash-table-id=10
|  |  hash predicates: ws_sold_date_sk = d_date_sk
|  |  fk/pk conjuncts: ws_sold_date_sk = d_date_sk
|  |  mem-estimate=0B mem-reservation=0B spill-buffer=64.00KB thread-reservation=0
|  |  tuple-ids=16,17N,20,19,21,18 row-size=117B cardinality=210.19M cost=210185520
|  |  in pipelines: 25(GETNEXT), 27(OPEN)
|  |
|  |--F37:PLAN FRAGMENT [HASH(ws_item_sk,ws_order_number)] hosts=10 instances=10
|  |  |  Per-Instance Resources: mem-estimate=23.32MB mem-reservation=23.25MB thread-reservation=1
|  |  |  max-parallelism=10 segment-costs=[8165]
|  |  JOIN BUILD
|  |  |  join-table-id=10 plan-id=11 cohort-id=03
|  |  |  build expressions: d_date_sk
|  |  |  mem-estimate=23.25MB mem-reservation=23.25MB spill-buffer=64.00KB thread-reservation=0 cost=7305
|  |  |
|  |  61:EXCHANGE [BROADCAST]
|  |  |  mem-estimate=69.07KB mem-reservation=0B thread-reservation=0
|  |  |  tuple-ids=18 row-size=8B cardinality=7.30K cost=860
|  |  |  in pipelines: 27(GETNEXT)
|  |  |
|  |  F22:PLAN FRAGMENT [RANDOM] hosts=1 instances=1
|  |  Per-Instance Resources: mem-estimate=16.05MB mem-reservation=1.00MB thread-reservation=1
|  |  max-parallelism=1 segment-costs=[196755]
|  |  27:SCAN HDFS [tpcds_partitioned_parquet_snap.date_dim, RANDOM]
|  |     HDFS partitions=1/1 files=1 size=2.17MB
|  |     predicates: d_date <= DATE '1999-09-11', d_date >= DATE '1999-08-12'
|  |     stored statistics:
|  |       table: rows=73.05K size=2.17MB
|  |       columns: all
|  |     extrapolated-rows=disabled max-scan-range-rows=73.05K
|  |     parquet statistics predicates: d_date <= DATE '1999-09-11', d_date >= DATE '1999-08-12'
|  |     parquet dictionary predicates: d_date <= DATE '1999-09-11', d_date >= DATE '1999-08-12'
|  |     mem-estimate=16.00MB mem-reservation=1.00MB thread-reservation=0
|  |     tuple-ids=18 row-size=8B cardinality=7.30K cost=196669
|  |     in pipelines: 27(GETNEXT)
|  |
|  34:HASH JOIN [INNER JOIN, BROADCAST]
|  |  hash-table-id=11
|  |  hash predicates: ws_promo_sk = p_promo_sk
|  |  fk/pk conjuncts: ws_promo_sk = p_promo_sk
|  |  mem-estimate=0B mem-reservation=0B spill-buffer=64.00KB thread-reservation=0
|  |  tuple-ids=16,17N,20,19,21 row-size=109B cardinality=210.19M cost=212666624
|  |  in pipelines: 25(GETNEXT), 30(OPEN)
|  |
|  |--F38:PLAN FRAGMENT [HASH(ws_item_sk,ws_order_number)] hosts=10 instances=10
|  |  |  Per-Instance Resources: mem-estimate=24.30MB mem-reservation=24.25MB thread-reservation=1 runtime-filters-memory=1.00MB
|  |  |  max-parallelism=10 segment-costs=[2149]
|  |  JOIN BUILD
|  |  |  join-table-id=11 plan-id=12 cohort-id=03
|  |  |  build expressions: p_promo_sk
|  |  |  runtime filters: RF018[bloom] <- p_promo_sk, RF019[min_max] <- p_promo_sk
|  |  |  mem-estimate=23.25MB mem-reservation=23.25MB spill-buffer=64.00KB thread-reservation=0 cost=1779
|  |  |
|  |  60:EXCHANGE [BROADCAST]
|  |  |  mem-estimate=50.53KB mem-reservation=0B thread-reservation=0
|  |  |  tuple-ids=21 row-size=17B cardinality=1.78K cost=370
|  |  |  in pipelines: 30(GETNEXT)
|  |  |
|  |  F21:PLAN FRAGMENT [RANDOM] hosts=1 instances=1
|  |  Per-Instance Resources: mem-estimate=16.08MB mem-reservation=32.00KB thread-reservation=1
|  |  max-parallelism=1 segment-costs=[51867]
|  |  30:SCAN HDFS [tpcds_partitioned_parquet_snap.promotion, RANDOM]
|  |     HDFS partitions=1/1 files=1 size=23.20KB
|  |     predicates: p_channel_tv = 'N'
|  |     stored statistics:
|  |       table: rows=1.80K size=100.50KB
|  |       columns: all
|  |     extrapolated-rows=disabled max-scan-range-rows=1.80K
|  |     parquet statistics predicates: p_channel_tv = 'N'
|  |     parquet dictionary predicates: p_channel_tv = 'N'
|  |     mem-estimate=16.00MB mem-reservation=32.00KB thread-reservation=0
|  |     tuple-ids=21 row-size=17B cardinality=1.78K cost=51830
|  |     in pipelines: 30(GETNEXT)
|  |
|  33:HASH JOIN [INNER JOIN, BROADCAST]
|  |  hash-table-id=12
|  |  hash predicates: ws_web_site_sk = web_site_sk
|  |  fk/pk conjuncts: ws_web_site_sk = web_site_sk
|  |  mem-estimate=0B mem-reservation=0B spill-buffer=64.00KB thread-reservation=0
|  |  tuple-ids=16,17N,20,19 row-size=92B cardinality=212.67M cost=215888848
|  |  in pipelines: 25(GETNEXT), 28(OPEN)
|  |
|  |--F39:PLAN FRAGMENT [HASH(ws_item_sk,ws_order_number)] hosts=10 instances=10
|  |  |  Per-Instance Resources: mem-estimate=24.27MB mem-reservation=24.25MB thread-reservation=1 runtime-filters-memory=1.00MB
|  |  |  max-parallelism=10 segment-costs=[96]
|  |  JOIN BUILD
|  |  |  join-table-id=12 plan-id=13 cohort-id=03
|  |  |  build expressions: web_site_sk
|  |  |  runtime filters: RF020[bloom] <- web_site_sk, RF021[min_max] <- web_site_sk
|  |  |  mem-estimate=23.25MB mem-reservation=23.25MB spill-buffer=64.00KB thread-reservation=0 cost=66
|  |  |
|  |  59:EXCHANGE [BROADCAST]
|  |  |  mem-estimate=16.00KB mem-reservation=0B thread-reservation=0
|  |  |  tuple-ids=19 row-size=32B cardinality=66 cost=30
|  |  |  in pipelines: 28(GETNEXT)
|  |  |
|  |  F20:PLAN FRAGMENT [RANDOM] hosts=1 instances=1
|  |  Per-Instance Resources: mem-estimate=16.14MB mem-reservation=16.00KB thread-reservation=1
|  |  max-parallelism=1 segment-costs=[50006]
|  |  28:SCAN HDFS [tpcds_partitioned_parquet_snap.web_site, RANDOM]
|  |     HDFS partitions=1/1 files=1 size=11.78KB
|  |     stored statistics:
|  |       table: rows=66 size=17.88KB
|  |       columns: all
|  |     extrapolated-rows=disabled max-scan-range-rows=66
|  |     mem-estimate=16.00MB mem-reservation=16.00KB thread-reservation=0
|  |     tuple-ids=19 row-size=32B cardinality=66 cost=50003
|  |     in pipelines: 28(GETNEXT)
|  |
|  32:HASH JOIN [INNER JOIN, BROADCAST]
|  |  hash-table-id=13
|  |  hash predicates: ws_item_sk = i_item_sk
|  |  fk/pk conjuncts: ws_item_sk = i_item_sk
|  |  mem-estimate=0B mem-reservation=0B spill-buffer=128.00KB thread-reservation=0
|  |  tuple-ids=16,17N,20 row-size=60B cardinality=215.89M(filtered from 215.89M) cost=215888848
|  |  in pipelines: 25(GETNEXT), 29(OPEN)
|  |
|  |--F40:PLAN FRAGMENT [HASH(ws_item_sk,ws_order_number)] hosts=10 instances=10
|  |  |  Per-Instance Resources: mem-estimate=35.82MB mem-reservation=35.50MB thread-reservation=1 runtime-filters-memory=1.00MB
|  |  |  max-parallelism=10 segment-costs=[40220]
|  |  JOIN BUILD
|  |  |  join-table-id=13 plan-id=14 cohort-id=03
|  |  |  build expressions: i_item_sk
|  |  |  runtime filters: RF022[bloom] <- i_item_sk, RF023[min_max] <- i_item_sk
|  |  |  mem-estimate=34.50MB mem-reservation=34.50MB spill-buffer=128.00KB thread-reservation=0 cost=36000
|  |  |
|  |  58:EXCHANGE [BROADCAST]
|  |  |  mem-estimate=329.25KB mem-reservation=0B thread-reservation=0
|  |  |  tuple-ids=20 row-size=8B cardinality=36.00K cost=4220
|  |  |  in pipelines: 29(GETNEXT)
|  |  |
|  |  F19:PLAN FRAGMENT [RANDOM] hosts=4 instances=4
|  |  Per-Instance Resources: mem-estimate=16.05MB mem-reservation=512.00KB thread-reservation=1
|  |  max-parallelism=4 segment-costs=[563235]
|  |  29:SCAN HDFS [tpcds_partitioned_parquet_snap.item, RANDOM]
|  |     HDFS partitions=1/1 files=1 size=1.73MB
|  |     predicates: i_current_price > CAST(50 AS DECIMAL(3,0))
|  |     stored statistics:
|  |       table: rows=360.00K size=33.54MB
|  |       columns: all
|  |     extrapolated-rows=disabled max-scan-range-rows=101.54K
|  |     parquet statistics predicates: i_current_price > CAST(50 AS DECIMAL(3,0))
|  |     parquet dictionary predicates: i_current_price > CAST(50 AS DECIMAL(3,0))
|  |     mem-estimate=16.00MB mem-reservation=512.00KB thread-reservation=0
|  |     tuple-ids=20 row-size=8B cardinality=36.00K cost=562813
|  |     in pipelines: 29(GETNEXT)
|  |
|  31:HASH JOIN [LEFT OUTER JOIN, PARTITIONED]
|  |  hash-table-id=14
|  |  hash predicates: ws_item_sk = wr_item_sk, ws_order_number = wr_order_number
|  |  fk/pk conjuncts: ws_item_sk = wr_item_sk, ws_order_number = wr_order_number
|  |  mem-estimate=0B mem-reservation=0B spill-buffer=2.00MB thread-reservation=0
|  |  tuple-ids=16,17N row-size=52B cardinality=215.89M(filtered from 2.16G) cost=431777696
|  |  in pipelines: 25(GETNEXT), 26(OPEN)
|  |
|  |--F41:PLAN FRAGMENT [HASH(ws_item_sk,ws_order_number)] hosts=10 instances=120
|  |  |  Per-Instance Resources: mem-estimate=96.00MB mem-reservation=34.00MB thread-reservation=1
|  |  |  max-parallelism=220 segment-costs=[437067939]
|  |  JOIN BUILD
|  |  |  join-table-id=14 plan-id=15 cohort-id=03
|  |  |  build expressions: wr_item_sk, wr_order_number
|  |  |  mem-estimate=85.53MB mem-reservation=34.00MB spill-buffer=2.00MB thread-reservation=0 cost=432005376
|  |  |
|  |  57:EXCHANGE [HASH(wr_item_sk,wr_order_number)]
|  |  |  mem-estimate=10.47MB mem-reservation=0B thread-reservation=0
|  |  |  tuple-ids=17 row-size=20B cardinality=216.00M cost=5062563
|  |  |  in pipelines: 26(GETNEXT)
|  |  |
|  |  F17:PLAN FRAGMENT [RANDOM] hosts=10 instances=20 (adjusted from 120)
|  |  Per-Host Shared Resources: mem-estimate=1.00MB mem-reservation=1.00MB thread-reservation=0 runtime-filters-memory=1.00MB
|  |  Per-Instance Resources: mem-estimate=27.25MB mem-reservation=256.00KB thread-reservation=1
|  |  max-parallelism=20 segment-costs=[114981371]
|  |  26:SCAN HDFS [tpcds_partitioned_parquet_snap.web_returns, RANDOM]
|  |     HDFS partitions=2114/2114 files=2114 size=20.70MB
|  |     runtime filters: RF023[min_max] -> tpcds_partitioned_parquet_snap.web_returns.wr_item_sk, RF022[bloom] -> tpcds_partitioned_parquet_snap.web_returns.wr_item_sk
|  |     stored statistics:
|  |       table: rows=216.00M size=16.74GB
|  |       partitions: 2114/2114 rows=216.00M
|  |       columns: all
|  |     extrapolated-rows=disabled max-scan-range-rows=9.41M
|  |     mem-estimate=16.00MB mem-reservation=256.00KB thread-reservation=0
|  |     tuple-ids=17 row-size=20B cardinality=216.00M cost=109918808
|  |     in pipelines: 26(GETNEXT)
|  |
|  56:EXCHANGE [HASH(ws_item_sk,ws_order_number)]
|  |  mem-estimate=10.70MB mem-reservation=0B thread-reservation=0
|  |  tuple-ids=16 row-size=32B cardinality=215.89M(filtered from 2.16G) cost=7589843
|  |  in pipelines: 25(GETNEXT)
|  |
|  F16:PLAN FRAGMENT [RANDOM] hosts=10 instances=20 (adjusted from 120)
|  Per-Host Shared Resources: mem-estimate=3.00MB mem-reservation=3.00MB thread-reservation=0 runtime-filters-memory=3.00MB
|  Per-Instance Resources: mem-estimate=32.88MB mem-reservation=128.00KB thread-reservation=1
|  max-parallelism=20 segment-costs=[166288851]
|  25:SCAN HDFS [tpcds_partitioned_parquet_snap.web_sales, RANDOM]
|     HDFS partitions=1824/1824 files=1824 size=84.18MB
|     runtime filters: RF023[min_max] -> ws_item_sk, RF021[min_max] -> ws_web_site_sk, RF019[min_max] -> ws_promo_sk, RF022[bloom] -> ws_item_sk, RF020[bloom] -> ws_web_site_sk, RF018[bloom] -> ws_promo_sk
|     stored statistics:
|       table: rows=2.16G size=145.75GB
|       partitions: 1824/1824 rows=2.16G
|       columns: all
|     extrapolated-rows=disabled max-scan-range-rows=3.37M
|     mem-estimate=16.00MB mem-reservation=128.00KB thread-reservation=0
|     tuple-ids=16 row-size=32B cardinality=215.89M(filtered from 2.16G) cost=158699008
|     in pipelines: 25(GETNEXT)
|
|--55:AGGREGATE [FINALIZE]
|  |  output: sum:merge(cs_ext_sales_price), sum:merge(coalesce(cr_return_amount, 0)), sum:merge(cs_net_profit - coalesce(cr_net_loss, 0))
|  |  group by: cp_catalog_page_id
|  |  mem-estimate=10.00MB mem-reservation=1.94MB spill-buffer=64.00KB thread-reservation=0
|  |  tuple-ids=14 row-size=76B cardinality=36.00K cost=144000
|  |  in pipelines: 55(GETNEXT), 13(OPEN)
|  |
|  54:EXCHANGE [HASH(cp_catalog_page_id)]
|  |  mem-estimate=9.64MB mem-reservation=0B thread-reservation=0
|  |  tuple-ids=14 row-size=76B cardinality=36.00K cost=2813
|  |  in pipelines: 13(GETNEXT)
|  |
|  F10:PLAN FRAGMENT [HASH(cs_item_sk,cs_order_number)] hosts=10 instances=120
|  Per-Instance Resources: mem-estimate=58.55MB mem-reservation=5.00MB thread-reservation=1
|  max-parallelism=440 segment-costs=[4302873816, 2813] cpu-comparison-result=187 [max(150 (self) vs 187 (sum children))]
|  24:AGGREGATE [STREAMING]
|  |  output: sum(cs_ext_sales_price), sum(coalesce(cr_return_amount, CAST(0 AS DECIMAL(7,2)))), sum(cs_net_profit - coalesce(cr_net_loss, CAST(0 AS DECIMAL(7,2))))
|  |  group by: cp_catalog_page_id
|  |  mem-estimate=10.00MB mem-reservation=5.00MB spill-buffer=256.00KB thread-reservation=0
|  |  tuple-ids=14 row-size=76B cardinality=36.00K cost=1707017344
|  |  in pipelines: 13(GETNEXT)
|  |
|  23:HASH JOIN [INNER JOIN, BROADCAST]
|  |  hash-table-id=05
|  |  hash predicates: cs_catalog_page_sk = cp_catalog_page_sk
|  |  fk/pk conjuncts: cs_catalog_page_sk = cp_catalog_page_sk
|  |  mem-estimate=0B mem-reservation=0B spill-buffer=128.00KB thread-reservation=0
|  |  tuple-ids=8,9N,12,13,10,11 row-size=117B cardinality=426.75M cost=426754336
|  |  in pipelines: 13(GETNEXT), 16(OPEN)
|  |
|  |--F32:PLAN FRAGMENT [HASH(cs_item_sk,cs_order_number)] hosts=10 instances=10
|  |  |  Per-Instance Resources: mem-estimate=36.63MB mem-reservation=35.50MB thread-reservation=1 runtime-filters-memory=1.00MB
|  |  |  max-parallelism=10 segment-costs=[48660]
|  |  JOIN BUILD
|  |  |  join-table-id=05 plan-id=06 cohort-id=02
|  |  |  build expressions: cp_catalog_page_sk
|  |  |  runtime filters: RF008[bloom] <- cp_catalog_page_sk, RF009[min_max] <- cp_catalog_page_sk
|  |  |  mem-estimate=34.50MB mem-reservation=34.50MB spill-buffer=128.00KB thread-reservation=0 cost=36000
|  |  |
|  |  53:EXCHANGE [BROADCAST]
|  |  |  mem-estimate=1.13MB mem-reservation=0B thread-reservation=0
|  |  |  tuple-ids=11 row-size=32B cardinality=36.00K cost=12660
|  |  |  in pipelines: 16(GETNEXT)
|  |  |
|  |  F14:PLAN FRAGMENT [RANDOM] hosts=1 instances=1
|  |  Per-Instance Resources: mem-estimate=16.14MB mem-reservation=1.00MB thread-reservation=1
|  |  max-parallelism=1 segment-costs=[52391]
|  |  16:SCAN HDFS [tpcds_partitioned_parquet_snap.catalog_page, RANDOM]
|  |     HDFS partitions=1/1 files=1 size=739.17KB
|  |     stored statistics:
|  |       table: rows=36.00K size=2.24MB
|  |       columns: all
|  |     extrapolated-rows=disabled max-scan-range-rows=36.00K
|  |     mem-estimate=16.00MB mem-reservation=1.00MB thread-reservation=0
|  |     tuple-ids=11 row-size=32B cardinality=36.00K cost=51125
|  |     in pipelines: 16(GETNEXT)
|  |
|  22:HASH JOIN [INNER JOIN, BROADCAST]
|  |  hash-table-id=06
|  |  hash predicates: cs_sold_date_sk = d_date_sk
|  |  fk/pk conjuncts: cs_sold_date_sk = d_date_sk
|  |  mem-estimate=0B mem-reservation=0B spill-buffer=64.00KB thread-reservation=0
|  |  tuple-ids=8,9N,12,13,10 row-size=85B cardinality=426.75M cost=426754336
|  |  in pipelines: 13(GETNEXT), 15(OPEN)
|  |
|  |--F33:PLAN FRAGMENT [HASH(cs_item_sk,cs_order_number)] hosts=10 instances=10
|  |  |  Per-Instance Resources: mem-estimate=23.32MB mem-reservation=23.25MB thread-reservation=1
|  |  |  max-parallelism=10 segment-costs=[8165]
|  |  JOIN BUILD
|  |  |  join-table-id=06 plan-id=07 cohort-id=02
|  |  |  build expressions: d_date_sk
|  |  |  mem-estimate=23.25MB mem-reservation=23.25MB spill-buffer=64.00KB thread-reservation=0 cost=7305
|  |  |
|  |  52:EXCHANGE [BROADCAST]
|  |  |  mem-estimate=69.07KB mem-reservation=0B thread-reservation=0
|  |  |  tuple-ids=10 row-size=8B cardinality=7.30K cost=860
|  |  |  in pipelines: 15(GETNEXT)
|  |  |
|  |  F13:PLAN FRAGMENT [RANDOM] hosts=1 instances=1
|  |  Per-Instance Resources: mem-estimate=16.05MB mem-reservation=1.00MB thread-reservation=1
|  |  max-parallelism=1 segment-costs=[196755]
|  |  15:SCAN HDFS [tpcds_partitioned_parquet_snap.date_dim, RANDOM]
|  |     HDFS partitions=1/1 files=1 size=2.17MB
|  |     predicates: d_date <= DATE '1999-09-11', d_date >= DATE '1999-08-12'
|  |     stored statistics:
|  |       table: rows=73.05K size=2.17MB
|  |       columns: all
|  |     extrapolated-rows=disabled max-scan-range-rows=73.05K
|  |     parquet statistics predicates: d_date <= DATE '1999-09-11', d_date >= DATE '1999-08-12'
|  |     parquet dictionary predicates: d_date <= DATE '1999-09-11', d_date >= DATE '1999-08-12'
|  |     mem-estimate=16.00MB mem-reservation=1.00MB thread-reservation=0
|  |     tuple-ids=10 row-size=8B cardinality=7.30K cost=196669
|  |     in pipelines: 15(GETNEXT)
|  |
|  21:HASH JOIN [INNER JOIN, BROADCAST]
|  |  hash-table-id=07
|  |  hash predicates: cs_promo_sk = p_promo_sk
|  |  fk/pk conjuncts: cs_promo_sk = p_promo_sk
|  |  mem-estimate=0B mem-reservation=0B spill-buffer=64.00KB thread-reservation=0
|  |  tuple-ids=8,9N,12,13 row-size=77B cardinality=426.75M cost=431791904
|  |  in pipelines: 13(GETNEXT), 18(OPEN)
|  |
|  |--F34:PLAN FRAGMENT [HASH(cs_item_sk,cs_order_number)] hosts=10 instances=10
|  |  |  Per-Instance Resources: mem-estimate=24.30MB mem-reservation=24.25MB thread-reservation=1 runtime-filters-memory=1.00MB
|  |  |  max-parallelism=10 segment-costs=[2149]
|  |  JOIN BUILD
|  |  |  join-table-id=07 plan-id=08 cohort-id=02
|  |  |  build expressions: p_promo_sk
|  |  |  runtime filters: RF012[bloom] <- p_promo_sk, RF013[min_max] <- p_promo_sk
|  |  |  mem-estimate=23.25MB mem-reservation=23.25MB spill-buffer=64.00KB thread-reservation=0 cost=1779
|  |  |
|  |  51:EXCHANGE [BROADCAST]
|  |  |  mem-estimate=50.53KB mem-reservation=0B thread-reservation=0
|  |  |  tuple-ids=13 row-size=17B cardinality=1.78K cost=370
|  |  |  in pipelines: 18(GETNEXT)
|  |  |
|  |  F12:PLAN FRAGMENT [RANDOM] hosts=1 instances=1
|  |  Per-Instance Resources: mem-estimate=16.08MB mem-reservation=32.00KB thread-reservation=1
|  |  max-parallelism=1 segment-costs=[51867]
|  |  18:SCAN HDFS [tpcds_partitioned_parquet_snap.promotion, RANDOM]
|  |     HDFS partitions=1/1 files=1 size=23.20KB
|  |     predicates: p_channel_tv = 'N'
|  |     stored statistics:
|  |       table: rows=1.80K size=100.50KB
|  |       columns: all
|  |     extrapolated-rows=disabled max-scan-range-rows=1.80K
|  |     parquet statistics predicates: p_channel_tv = 'N'
|  |     parquet dictionary predicates: p_channel_tv = 'N'
|  |     mem-estimate=16.00MB mem-reservation=32.00KB thread-reservation=0
|  |     tuple-ids=13 row-size=17B cardinality=1.78K cost=51830
|  |     in pipelines: 18(GETNEXT)
|  |
|  20:HASH JOIN [INNER JOIN, BROADCAST]
|  |  hash-table-id=08
|  |  hash predicates: cs_item_sk = i_item_sk
|  |  fk/pk conjuncts: cs_item_sk = i_item_sk
|  |  mem-estimate=0B mem-reservation=0B spill-buffer=128.00KB thread-reservation=0
|  |  tuple-ids=8,9N,12 row-size=60B cardinality=431.79M cost=431791904
|  |  in pipelines: 13(GETNEXT), 17(OPEN)
|  |
|  |--F35:PLAN FRAGMENT [HASH(cs_item_sk,cs_order_number)] hosts=10 instances=10
|  |  |  Per-Instance Resources: mem-estimate=35.82MB mem-reservation=35.50MB thread-reservation=1 runtime-filters-memory=1.00MB
|  |  |  max-parallelism=10 segment-costs=[40220]
|  |  JOIN BUILD
|  |  |  join-table-id=08 plan-id=09 cohort-id=02
|  |  |  build expressions: i_item_sk
|  |  |  runtime filters: RF014[bloom] <- i_item_sk, RF015[min_max] <- i_item_sk
|  |  |  mem-estimate=34.50MB mem-reservation=34.50MB spill-buffer=128.00KB thread-reservation=0 cost=36000
|  |  |
|  |  50:EXCHANGE [BROADCAST]
|  |  |  mem-estimate=329.25KB mem-reservation=0B thread-reservation=0
|  |  |  tuple-ids=12 row-size=8B cardinality=36.00K cost=4220
|  |  |  in pipelines: 17(GETNEXT)
|  |  |
|  |  F11:PLAN FRAGMENT [RANDOM] hosts=4 instances=4
|  |  Per-Instance Resources: mem-estimate=16.05MB mem-reservation=512.00KB thread-reservation=1
|  |  max-parallelism=4 segment-costs=[563235]
|  |  17:SCAN HDFS [tpcds_partitioned_parquet_snap.item, RANDOM]
|  |     HDFS partitions=1/1 files=1 size=1.73MB
|  |     predicates: i_current_price > CAST(50 AS DECIMAL(3,0))
|  |     stored statistics:
|  |       table: rows=360.00K size=33.54MB
|  |       columns: all
|  |     extrapolated-rows=disabled max-scan-range-rows=101.54K
|  |     parquet statistics predicates: i_current_price > CAST(50 AS DECIMAL(3,0))
|  |     parquet dictionary predicates: i_current_price > CAST(50 AS DECIMAL(3,0))
|  |     mem-estimate=16.00MB mem-reservation=512.00KB thread-reservation=0
|  |     tuple-ids=12 row-size=8B cardinality=36.00K cost=562813
|  |     in pipelines: 17(GETNEXT)
|  |
|  19:HASH JOIN [LEFT OUTER JOIN, PARTITIONED]
|  |  hash-table-id=09
|  |  hash predicates: cs_item_sk = cr_item_sk, cs_order_number = cr_order_number
|  |  fk/pk conjuncts: cs_item_sk = cr_item_sk, cs_order_number = cr_order_number
|  |  mem-estimate=0B mem-reservation=0B spill-buffer=2.00MB thread-reservation=0
|  |  tuple-ids=8,9N row-size=52B cardinality=431.79M(filtered from 4.32G) cost=863583808
|  |  in pipelines: 13(GETNEXT), 14(OPEN)
|  |
|  |--F36:PLAN FRAGMENT [HASH(cs_item_sk,cs_order_number)] hosts=10 instances=120
|  |  |  Per-Instance Resources: mem-estimate=181.54MB mem-reservation=34.00MB thread-reservation=1
|  |  |  max-parallelism=440 segment-costs=[874159382]
|  |  JOIN BUILD
|  |  |  join-table-id=09 plan-id=10 cohort-id=02
|  |  |  build expressions: cr_item_sk, cr_order_number
|  |  |  mem-estimate=171.07MB mem-reservation=34.00MB spill-buffer=2.00MB thread-reservation=0 cost=864033984
|  |  |
|  |  49:EXCHANGE [HASH(cr_item_sk,cr_order_number)]
|  |  |  mem-estimate=10.47MB mem-reservation=0B thread-reservation=0
|  |  |  tuple-ids=9 row-size=20B cardinality=432.02M cost=10125398
|  |  |  in pipelines: 14(GETNEXT)
|  |  |
|  |  F09:PLAN FRAGMENT [RANDOM] hosts=10 instances=20 (adjusted from 120)
|  |  Per-Host Shared Resources: mem-estimate=1.00MB mem-reservation=1.00MB thread-reservation=0 runtime-filters-memory=1.00MB
|  |  Per-Instance Resources: mem-estimate=27.25MB mem-reservation=32.00KB thread-reservation=1
|  |  max-parallelism=20 segment-costs=[121563230]
|  |  14:SCAN HDFS [tpcds_partitioned_parquet_snap.catalog_returns, RANDOM]
|  |     HDFS partitions=2060/2060 files=2060 size=30.47MB
|  |     runtime filters: RF015[min_max] -> tpcds_partitioned_parquet_snap.catalog_returns.cr_item_sk, RF014[bloom] -> tpcds_partitioned_parquet_snap.catalog_returns.cr_item_sk
|  |     stored statistics:
|  |       table: rows=432.02M size=32.77GB
|  |       partitions: 2060/2060 rows=432.02M
|  |       columns: all
|  |     extrapolated-rows=disabled max-scan-range-rows=416.82K
|  |     mem-estimate=16.00MB mem-reservation=32.00KB thread-reservation=0
|  |     tuple-ids=9 row-size=20B cardinality=432.02M cost=111437832
|  |     in pipelines: 14(GETNEXT)
|  |
|  48:EXCHANGE [HASH(cs_item_sk,cs_order_number)]
|  |  mem-estimate=11.05MB mem-reservation=0B thread-reservation=0
|  |  tuple-ids=8 row-size=32B cardinality=431.79M(filtered from 4.32G) cost=15180184
|  |  in pipelines: 13(GETNEXT)
|  |
|  F08:PLAN FRAGMENT [RANDOM] hosts=10 instances=30 (adjusted from 120)
|  Per-Host Shared Resources: mem-estimate=3.00MB mem-reservation=3.00MB thread-reservation=0 runtime-filters-memory=3.00MB
|  Per-Instance Resources: mem-estimate=32.88MB mem-reservation=1.00MB thread-reservation=1
|  max-parallelism=30 segment-costs=[241732600]
|  13:SCAN HDFS [tpcds_partitioned_parquet_snap.catalog_sales, RANDOM]
|     HDFS partitions=1831/1831 files=1831 size=150.82MB
|     runtime filters: RF015[min_max] -> cs_item_sk, RF013[min_max] -> cs_promo_sk, RF009[min_max] -> cs_catalog_page_sk, RF014[bloom] -> cs_item_sk, RF012[bloom] -> cs_promo_sk, RF008[bloom] -> cs_catalog_page_sk
|     stored statistics:
|       table: rows=4.32G size=280.96GB
|       partitions: 1831/1831 rows=4.32G
|       columns: all
|     extrapolated-rows=disabled max-scan-range-rows=21.52M
|     mem-estimate=16.00MB mem-reservation=1.00MB thread-reservation=0
|     tuple-ids=8 row-size=32B cardinality=431.79M(filtered from 4.32G) cost=226552416
|     in pipelines: 13(GETNEXT)
|
47:AGGREGATE [FINALIZE]
|  output: sum:merge(ss_ext_sales_price), sum:merge(coalesce(sr_return_amt, 0)), sum:merge(ss_net_profit - coalesce(sr_net_loss, 0))
|  group by: s_store_id
|  mem-estimate=10.00MB mem-reservation=1.94MB spill-buffer=64.00KB thread-reservation=0
|  tuple-ids=6 row-size=76B cardinality=678 cost=2712
|  in pipelines: 47(GETNEXT), 01(OPEN)
|
46:EXCHANGE [HASH(s_store_id)]
|  mem-estimate=6.21MB mem-reservation=0B thread-reservation=0
|  tuple-ids=6 row-size=76B cardinality=678 cost=53
|  in pipelines: 01(GETNEXT)
|
F02:PLAN FRAGMENT [HASH(ss_item_sk,ss_ticket_number)] hosts=10 instances=120
Per-Instance Resources: mem-estimate=58.91MB mem-reservation=2.00MB thread-reservation=1
max-parallelism=870 segment-costs=[8605527592, 53] cpu-comparison-result=187 [max(160 (self) vs 187 (sum children))]
12:AGGREGATE [STREAMING]
|  output: sum(ss_ext_sales_price), sum(coalesce(sr_return_amt, CAST(0 AS DECIMAL(7,2)))), sum(ss_net_profit - coalesce(sr_net_loss, CAST(0 AS DECIMAL(7,2))))
|  group by: s_store_id
|  mem-estimate=10.00MB mem-reservation=2.00MB spill-buffer=64.00KB thread-reservation=0
|  tuple-ids=6 row-size=76B cardinality=678 cost=3413947392
|  in pipelines: 01(GETNEXT)
|
11:HASH JOIN [INNER JOIN, BROADCAST]
|  hash-table-id=00
|  hash predicates: ss_store_sk = s_store_sk
|  fk/pk conjuncts: ss_store_sk = s_store_sk
|  mem-estimate=0B mem-reservation=0B spill-buffer=64.00KB thread-reservation=0
|  tuple-ids=0,1N,4,5,2,3 row-size=117B cardinality=853.49M cost=853486848
|  in pipelines: 01(GETNEXT), 04(OPEN)
|
|--F27:PLAN FRAGMENT [HASH(ss_item_sk,ss_ticket_number)] hosts=10 instances=10
|  |  Per-Instance Resources: mem-estimate=24.33MB mem-reservation=24.25MB thread-reservation=1 runtime-filters-memory=1.00MB
|  |  max-parallelism=10 segment-costs=[1830]
|  JOIN BUILD
|  |  join-table-id=00 plan-id=01 cohort-id=01
|  |  build expressions: s_store_sk
|  |  runtime filters: RF000[bloom] <- s_store_sk, RF001[min_max] <- s_store_sk
|  |  mem-estimate=23.25MB mem-reservation=23.25MB spill-buffer=64.00KB thread-reservation=0 cost=1350
|  |
|  45:EXCHANGE [BROADCAST]
|  |  mem-estimate=78.19KB mem-reservation=0B thread-reservation=0
|  |  tuple-ids=3 row-size=32B cardinality=1.35K cost=480
|  |  in pipelines: 04(GETNEXT)
|  |
|  F06:PLAN FRAGMENT [RANDOM] hosts=1 instances=1
|  Per-Instance Resources: mem-estimate=16.14MB mem-reservation=16.00KB thread-reservation=1
|  max-parallelism=1 segment-costs=[50091]
|  04:SCAN HDFS [tpcds_partitioned_parquet_snap.store, RANDOM]
|     HDFS partitions=1/1 files=1 size=9.81KB
|     stored statistics:
|       table: rows=1.35K size=119.76KB
|       columns: all
|     extrapolated-rows=disabled max-scan-range-rows=1.35K
|     mem-estimate=16.00MB mem-reservation=16.00KB thread-reservation=0
|     tuple-ids=3 row-size=32B cardinality=1.35K cost=50043
|     in pipelines: 04(GETNEXT)
|
10:HASH JOIN [INNER JOIN, BROADCAST]
|  hash-table-id=01
|  hash predicates: ss_sold_date_sk = d_date_sk
|  fk/pk conjuncts: ss_sold_date_sk = d_date_sk
|  mem-estimate=0B mem-reservation=0B spill-buffer=64.00KB thread-reservation=0
|  tuple-ids=0,1N,4,5,2 row-size=85B cardinality=853.49M cost=853486848
|  in pipelines: 01(GETNEXT), 03(OPEN)
|
|--F28:PLAN FRAGMENT [HASH(ss_item_sk,ss_ticket_number)] hosts=10 instances=10
|  |  Per-Instance Resources: mem-estimate=24.32MB mem-reservation=24.25MB thread-reservation=1 runtime-filters-memory=1.00MB
|  |  max-parallelism=10 segment-costs=[8165]
|  JOIN BUILD
|  |  join-table-id=01 plan-id=02 cohort-id=01
|  |  build expressions: d_date_sk
|  |  runtime filters: RF002[bloom] <- d_date_sk
|  |  mem-estimate=23.25MB mem-reservation=23.25MB spill-buffer=64.00KB thread-reservation=0 cost=7305
|  |
|  44:EXCHANGE [BROADCAST]
|  |  mem-estimate=69.07KB mem-reservation=0B thread-reservation=0
|  |  tuple-ids=2 row-size=8B cardinality=7.30K cost=860
|  |  in pipelines: 03(GETNEXT)
|  |
|  F05:PLAN FRAGMENT [RANDOM] hosts=1 instances=1
|  Per-Instance Resources: mem-estimate=16.05MB mem-reservation=1.00MB thread-reservation=1
|  max-parallelism=1 segment-costs=[196755]
|  03:SCAN HDFS [tpcds_partitioned_parquet_snap.date_dim, RANDOM]
|     HDFS partitions=1/1 files=1 size=2.17MB
|     predicates: d_date <= DATE '1999-09-11', d_date >= DATE '1999-08-12'
|     stored statistics:
|       table: rows=73.05K size=2.17MB
|       columns: all
|     extrapolated-rows=disabled max-scan-range-rows=73.05K
|     parquet statistics predicates: d_date <= DATE '1999-09-11', d_date >= DATE '1999-08-12'
|     parquet dictionary predicates: d_date <= DATE '1999-09-11', d_date >= DATE '1999-08-12'
|     mem-estimate=16.00MB mem-reservation=1.00MB thread-reservation=0
|     tuple-ids=2 row-size=8B cardinality=7.30K cost=196669
|     in pipelines: 03(GETNEXT)
|
09:HASH JOIN [INNER JOIN, BROADCAST]
|  hash-table-id=02
|  hash predicates: ss_promo_sk = p_promo_sk
|  fk/pk conjuncts: ss_promo_sk = p_promo_sk
|  mem-estimate=0B mem-reservation=0B spill-buffer=64.00KB thread-reservation=0
|  tuple-ids=0,1N,4,5 row-size=77B cardinality=853.49M cost=863561728
|  in pipelines: 01(GETNEXT), 06(OPEN)
|
|--F29:PLAN FRAGMENT [HASH(ss_item_sk,ss_ticket_number)] hosts=10 instances=10
|  |  Per-Instance Resources: mem-estimate=24.30MB mem-reservation=24.25MB thread-reservation=1 runtime-filters-memory=1.00MB
|  |  max-parallelism=10 segment-costs=[2149]
|  JOIN BUILD
|  |  join-table-id=02 plan-id=03 cohort-id=01
|  |  build expressions: p_promo_sk
|  |  runtime filters: RF004[bloom] <- p_promo_sk, RF005[min_max] <- p_promo_sk
|  |  mem-estimate=23.25MB mem-reservation=23.25MB spill-buffer=64.00KB thread-reservation=0 cost=1779
|  |
|  43:EXCHANGE [BROADCAST]
|  |  mem-estimate=50.53KB mem-reservation=0B thread-reservation=0
|  |  tuple-ids=5 row-size=17B cardinality=1.78K cost=370
|  |  in pipelines: 06(GETNEXT)
|  |
|  F04:PLAN FRAGMENT [RANDOM] hosts=1 instances=1
|  Per-Instance Resources: mem-estimate=16.08MB mem-reservation=32.00KB thread-reservation=1
|  max-parallelism=1 segment-costs=[51867]
|  06:SCAN HDFS [tpcds_partitioned_parquet_snap.promotion, RANDOM]
|     HDFS partitions=1/1 files=1 size=23.20KB
|     predicates: p_channel_tv = 'N'
|     stored statistics:
|       table: rows=1.80K size=100.50KB
|       columns: all
|     extrapolated-rows=disabled max-scan-range-rows=1.80K
|     parquet statistics predicates: p_channel_tv = 'N'
|     parquet dictionary predicates: p_channel_tv = 'N'
|     mem-estimate=16.00MB mem-reservation=32.00KB thread-reservation=0
|     tuple-ids=5 row-size=17B cardinality=1.78K cost=51830
|     in pipelines: 06(GETNEXT)
|
08:HASH JOIN [INNER JOIN, BROADCAST]
|  hash-table-id=03
|  hash predicates: ss_item_sk = i_item_sk
|  fk/pk conjuncts: ss_item_sk = i_item_sk
|  mem-estimate=0B mem-reservation=0B spill-buffer=128.00KB thread-reservation=0
|  tuple-ids=0,1N,4 row-size=60B cardinality=863.56M(filtered from 863.56M) cost=863561728
|  in pipelines: 01(GETNEXT), 05(OPEN)
|
|--F30:PLAN FRAGMENT [HASH(ss_item_sk,ss_ticket_number)] hosts=10 instances=10
|  |  Per-Instance Resources: mem-estimate=35.82MB mem-reservation=35.50MB thread-reservation=1 runtime-filters-memory=1.00MB
|  |  max-parallelism=10 segment-costs=[40220]
|  JOIN BUILD
|  |  join-table-id=03 plan-id=04 cohort-id=01
|  |  build expressions: i_item_sk
|  |  runtime filters: RF006[bloom] <- i_item_sk, RF007[min_max] <- i_item_sk
|  |  mem-estimate=34.50MB mem-reservation=34.50MB spill-buffer=128.00KB thread-reservation=0 cost=36000
|  |
|  42:EXCHANGE [BROADCAST]
|  |  mem-estimate=329.25KB mem-reservation=0B thread-reservation=0
|  |  tuple-ids=4 row-size=8B cardinality=36.00K cost=4220
|  |  in pipelines: 05(GETNEXT)
|  |
|  F03:PLAN FRAGMENT [RANDOM] hosts=4 instances=4
|  Per-Instance Resources: mem-estimate=16.05MB mem-reservation=512.00KB thread-reservation=1
|  max-parallelism=4 segment-costs=[563235]
|  05:SCAN HDFS [tpcds_partitioned_parquet_snap.item, RANDOM]
|     HDFS partitions=1/1 files=1 size=1.73MB
|     predicates: i_current_price > CAST(50 AS DECIMAL(3,0))
|     stored statistics:
|       table: rows=360.00K size=33.54MB
|       columns: all
|     extrapolated-rows=disabled max-scan-range-rows=101.54K
|     parquet statistics predicates: i_current_price > CAST(50 AS DECIMAL(3,0))
|     parquet dictionary predicates: i_current_price > CAST(50 AS DECIMAL(3,0))
|     mem-estimate=16.00MB mem-reservation=512.00KB thread-reservation=0
|     tuple-ids=4 row-size=8B cardinality=36.00K cost=562813
|     in pipelines: 05(GETNEXT)
|
07:HASH JOIN [LEFT OUTER JOIN, PARTITIONED]
|  hash-table-id=04
|  hash predicates: ss_item_sk = sr_item_sk, ss_ticket_number = sr_ticket_number
|  fk/pk conjuncts: ss_item_sk = sr_item_sk, ss_ticket_number = sr_ticket_number
|  mem-estimate=0B mem-reservation=0B spill-buffer=2.00MB thread-reservation=0
|  tuple-ids=0,1N row-size=52B cardinality=863.56M(filtered from 8.64G) cost=1727123456
|  in pipelines: 01(GETNEXT), 02(OPEN)
|
|--F31:PLAN FRAGMENT [HASH(ss_item_sk,ss_ticket_number)] hosts=10 instances=120
|  |  Per-Instance Resources: mem-estimate=352.60MB mem-reservation=34.00MB thread-reservation=1
|  |  max-parallelism=870 segment-costs=[1748226948]
|  JOIN BUILD
|  |  join-table-id=04 plan-id=05 cohort-id=01
|  |  build expressions: sr_item_sk, sr_ticket_number
|  |  mem-estimate=342.13MB mem-reservation=34.00MB spill-buffer=2.00MB thread-reservation=0 cost=1727977216
|  |
|  41:EXCHANGE [HASH(sr_item_sk,sr_ticket_number)]
|  |  mem-estimate=10.47MB mem-reservation=0B thread-reservation=0
|  |  tuple-ids=1 row-size=20B cardinality=863.99M cost=20249732
|  |  in pipelines: 02(GETNEXT)
|  |
|  F01:PLAN FRAGMENT [RANDOM] hosts=10 instances=20 (adjusted from 120)
|  Per-Host Shared Resources: mem-estimate=1.00MB mem-reservation=1.00MB thread-reservation=0 runtime-filters-memory=1.00MB
|  Per-Instance Resources: mem-estimate=27.25MB mem-reservation=512.00KB thread-reservation=1
|  max-parallelism=20 segment-costs=[137324500]
|  02:SCAN HDFS [tpcds_partitioned_parquet_snap.store_returns, RANDOM]
|     HDFS partitions=2004/2004 files=2004 size=33.63MB
|     runtime filters: RF007[min_max] -> tpcds_partitioned_parquet_snap.store_returns.sr_item_sk, RF006[bloom] -> tpcds_partitioned_parquet_snap.store_returns.sr_item_sk
|     stored statistics:
|       table: rows=863.99M size=48.14GB
|       partitions: 2004/2004 rows=863.99M
|       columns: all
|     extrapolated-rows=disabled max-scan-range-rows=30.09M
|     mem-estimate=16.00MB mem-reservation=512.00KB thread-reservation=0
|     tuple-ids=1 row-size=20B cardinality=863.99M cost=117074768
|     in pipelines: 02(GETNEXT)
|
40:EXCHANGE [HASH(ss_item_sk,ss_ticket_number)]
|  mem-estimate=11.41MB mem-reservation=0B thread-reservation=0
|  tuple-ids=0 row-size=32B cardinality=863.56M(filtered from 8.64G) cost=30359592
|  in pipelines: 01(GETNEXT)
|
F00:PLAN FRAGMENT [RANDOM] hosts=10 instances=40 (adjusted from 120)
Per-Host Shared Resources: mem-estimate=4.00MB mem-reservation=4.00MB thread-reservation=0 runtime-filters-memory=4.00MB
Per-Instance Resources: mem-estimate=32.88MB mem-reservation=8.00MB thread-reservation=1
max-parallelism=40 segment-costs=[391557544]
01:SCAN HDFS [tpcds_partitioned_parquet_snap.store_sales, RANDOM]
   HDFS partitions=1824/1824 files=1824 size=199.33MB
   runtime filters: RF007[min_max] -> ss_item_sk, RF005[min_max] -> ss_promo_sk, RF001[min_max] -> ss_store_sk, RF006[bloom] -> ss_item_sk, RF004[bloom] -> ss_promo_sk, RF000[bloom] -> ss_store_sk, RF002[bloom] -> ss_sold_date_sk
   stored statistics:
     table: rows=8.64G size=389.90GB
     partitions: 1824/1824 rows=8.64G
     columns: all
   extrapolated-rows=disabled max-scan-range-rows=390.22M
   mem-estimate=16.00MB mem-reservation=8.00MB thread-reservation=0
   tuple-ids=0 row-size=32B cardinality=863.56M(filtered from 8.64G) cost=361197952
   in pipelines: 01(GETNEXT)
====
